======================================================
Start Time  : Wed Apr 15 02:09:24 PM EDT 2026
Submit Dir  : /users/sphill86/ocean_dynamics_2
Job ID/Name : 13557337 / ocean_latent_ode
Partition   : GPU
======================================================
=== Stage: split ===
Low drift floats:    140
Depth observations:  1,121,134

Region distribution:
region
tropics               86
northeast_atlantic    24
subpolar              16
subtropical_west       6
subtropical_east       5
northwest_atlantic     3
Name: count, dtype: int64

O2 floats: 34 / 140
  Region 'northwest_atlantic' has only 3 remaining floats — assigning all to train
  Region 'subtropical_east' has only 4 remaining floats — assigning all to train

Float counts by split:
  train :  96 floats  (21 with O2)
  test  :  25 floats  (7 with O2)
  probe :  19 floats  (6 with O2)

Row counts by split:
split
train    733358
test     224767
probe    163009
Name: count, dtype: int64

Float counts by region and split:
split               probe  test  train
region                                
northeast_atlantic      4     4     16
northwest_atlantic      0     0      3
subpolar                3     3     10
subtropical_east        1     0      4
subtropical_west        2     1      3
tropics                 9    17     60
Split complete.
=== Stage: encoder ===
Using device: cuda
Low drift floats:    140
Depth observations:  1,121,134

Region distribution:
region
tropics               86
northeast_atlantic    24
subpolar              16
subtropical_west       6
subtropical_east       5
northwest_atlantic     3
Name: count, dtype: int64

O2 floats: 34 / 140
  Region 'northwest_atlantic' has only 3 remaining floats — assigning all to train
  Region 'subtropical_east' has only 4 remaining floats — assigning all to train

Float counts by split:
  train :  96 floats  (21 with O2)
  test  :  25 floats  (7 with O2)
  probe :  19 floats  (6 with O2)

Row counts by split:
split
train    733358
test     224767
probe    163009
Name: count, dtype: int64

Float counts by region and split:
split               probe  test  train
region                                
northeast_atlantic      4     4     16
northwest_atlantic      0     0      3
subpolar                3     3     10
subtropical_east        1     0      4
subtropical_west        2     1      3
tropics                 9    17     60
Epoch   1/100  train=20.4044  val=0.7273  time=8.1s
Saved autoencoder to checkpoints/autoencoder_best.pt
  -> saved checkpoint (val=0.7273)
Epoch   2/100  train=0.4199  val=0.1362  time=7.9s
Saved autoencoder to checkpoints/autoencoder_best.pt
  -> saved checkpoint (val=0.1362)
Epoch   3/100  train=0.1325  val=0.0935  time=8.3s
Saved autoencoder to checkpoints/autoencoder_best.pt
  -> saved checkpoint (val=0.0935)
Epoch   4/100  train=0.1014  val=0.0822  time=8.1s
Saved autoencoder to checkpoints/autoencoder_best.pt
  -> saved checkpoint (val=0.0822)
Epoch   5/100  train=0.0883  val=0.0714  time=8.0s
Saved autoencoder to checkpoints/autoencoder_best.pt
  -> saved checkpoint (val=0.0714)
Epoch   6/100  train=0.0786  val=0.0657  time=8.2s
Saved autoencoder to checkpoints/autoencoder_best.pt
  -> saved checkpoint (val=0.0657)
Epoch   7/100  train=0.0723  val=0.0693  time=8.0s
Epoch   8/100  train=0.0691  val=0.0635  time=8.1s
Saved autoencoder to checkpoints/autoencoder_best.pt
  -> saved checkpoint (val=0.0635)
Epoch   9/100  train=0.0653  val=0.0631  time=8.1s
Saved autoencoder to checkpoints/autoencoder_best.pt
  -> saved checkpoint (val=0.0631)
Epoch  10/100  train=0.0637  val=0.0611  time=8.2s
Saved autoencoder to checkpoints/autoencoder_best.pt
  -> saved checkpoint (val=0.0611)
Epoch  11/100  train=0.0619  val=0.0601  time=8.1s
Saved autoencoder to checkpoints/autoencoder_best.pt
  -> saved checkpoint (val=0.0601)
Epoch  12/100  train=0.0610  val=0.0581  time=8.1s
Saved autoencoder to checkpoints/autoencoder_best.pt
  -> saved checkpoint (val=0.0581)
Epoch  13/100  train=0.0595  val=0.0554  time=8.1s
Saved autoencoder to checkpoints/autoencoder_best.pt
  -> saved checkpoint (val=0.0554)
Epoch  14/100  train=0.0573  val=0.0559  time=8.0s
Epoch  15/100  train=0.0563  val=0.0518  time=7.8s
Saved autoencoder to checkpoints/autoencoder_best.pt
  -> saved checkpoint (val=0.0518)
Epoch  16/100  train=0.0549  val=0.0540  time=8.2s
Epoch  17/100  train=0.0545  val=0.0510  time=8.0s
Saved autoencoder to checkpoints/autoencoder_best.pt
  -> saved checkpoint (val=0.0510)
Epoch  18/100  train=0.0527  val=0.0510  time=8.0s
Saved autoencoder to checkpoints/autoencoder_best.pt
  -> saved checkpoint (val=0.0510)
Epoch  19/100  train=0.0514  val=0.0490  time=8.2s
Saved autoencoder to checkpoints/autoencoder_best.pt
  -> saved checkpoint (val=0.0490)
Epoch  20/100  train=0.0510  val=0.0481  time=8.0s
Saved autoencoder to checkpoints/autoencoder_best.pt
  -> saved checkpoint (val=0.0481)
Epoch  21/100  train=0.0499  val=0.0489  time=7.9s
Epoch  22/100  train=0.0493  val=0.0487  time=8.1s
Epoch  23/100  train=0.0486  val=0.0473  time=7.9s
Saved autoencoder to checkpoints/autoencoder_best.pt
  -> saved checkpoint (val=0.0473)
Epoch  24/100  train=0.0471  val=0.0458  time=8.0s
Saved autoencoder to checkpoints/autoencoder_best.pt
  -> saved checkpoint (val=0.0458)
Epoch  25/100  train=0.0470  val=0.0497  time=8.2s
Epoch  26/100  train=0.0463  val=0.0450  time=8.0s
Saved autoencoder to checkpoints/autoencoder_best.pt
  -> saved checkpoint (val=0.0450)
Epoch  27/100  train=0.0451  val=0.0462  time=8.1s
Epoch  28/100  train=0.0449  val=0.0451  time=8.1s
Epoch  29/100  train=0.0448  val=0.0451  time=7.9s
Epoch  30/100  train=0.0433  val=0.0435  time=7.8s
Saved autoencoder to checkpoints/autoencoder_best.pt
  -> saved checkpoint (val=0.0435)
Epoch  31/100  train=0.0427  val=0.0434  time=8.1s
Saved autoencoder to checkpoints/autoencoder_best.pt
  -> saved checkpoint (val=0.0434)
Epoch  32/100  train=0.0423  val=0.0431  time=8.0s
Saved autoencoder to checkpoints/autoencoder_best.pt
  -> saved checkpoint (val=0.0431)
Epoch  33/100  train=0.0428  val=0.0432  time=8.0s
Epoch  34/100  train=0.0415  val=0.0437  time=8.3s
Epoch  35/100  train=0.0412  val=0.0436  time=8.2s
Epoch  36/100  train=0.0412  val=0.0422  time=8.1s
Saved autoencoder to checkpoints/autoencoder_best.pt
  -> saved checkpoint (val=0.0422)
Epoch  37/100  train=0.0418  val=0.0444  time=8.2s
Epoch  38/100  train=0.0402  val=0.0423  time=8.5s
Epoch  39/100  train=0.0403  val=0.0449  time=8.4s
Epoch  40/100  train=0.0396  val=0.0413  time=8.2s
Saved autoencoder to checkpoints/autoencoder_best.pt
  -> saved checkpoint (val=0.0413)
Epoch  41/100  train=0.0401  val=0.0443  time=8.3s
Epoch  42/100  train=0.0393  val=0.0416  time=8.1s
Epoch  43/100  train=0.0400  val=0.0414  time=8.1s
Epoch  44/100  train=0.0392  val=0.0430  time=8.2s
Epoch  45/100  train=0.0390  val=0.0436  time=8.0s
Epoch  46/100  train=0.0386  val=0.0415  time=8.0s
Epoch  47/100  train=0.0387  val=0.0507  time=8.1s
Epoch  48/100  train=0.0391  val=0.0397  time=8.0s
Saved autoencoder to checkpoints/autoencoder_best.pt
  -> saved checkpoint (val=0.0397)
Epoch  49/100  train=0.0385  val=0.0419  time=8.0s
Epoch  50/100  train=0.0376  val=0.0400  time=8.2s
Epoch  51/100  train=0.0374  val=0.0398  time=8.0s
Epoch  52/100  train=0.0383  val=0.0459  time=8.0s
Epoch  53/100  train=0.0367  val=0.0458  time=8.1s
Epoch  54/100  train=0.0370  val=0.0394  time=8.0s
Saved autoencoder to checkpoints/autoencoder_best.pt
  -> saved checkpoint (val=0.0394)
Epoch  55/100  train=0.0367  val=0.0454  time=8.0s
Epoch  56/100  train=0.0376  val=0.0456  time=8.3s
Epoch  57/100  train=0.0365  val=0.0427  time=8.1s
Epoch  58/100  train=0.0361  val=0.0414  time=8.0s
Epoch  59/100  train=0.0361  val=0.0387  time=8.0s
Saved autoencoder to checkpoints/autoencoder_best.pt
  -> saved checkpoint (val=0.0387)
Epoch  60/100  train=0.0348  val=0.0378  time=8.3s
Saved autoencoder to checkpoints/autoencoder_best.pt
  -> saved checkpoint (val=0.0378)
Epoch  61/100  train=0.0353  val=0.0400  time=8.3s
Epoch  62/100  train=0.0354  val=0.0376  time=8.2s
Saved autoencoder to checkpoints/autoencoder_best.pt
  -> saved checkpoint (val=0.0376)
Epoch  63/100  train=0.0353  val=0.0408  time=8.5s
Epoch  64/100  train=0.0339  val=0.0359  time=8.3s
Saved autoencoder to checkpoints/autoencoder_best.pt
  -> saved checkpoint (val=0.0359)
Epoch  65/100  train=0.0350  val=0.0380  time=8.4s
Epoch  66/100  train=0.0346  val=0.0390  time=8.6s
Epoch  67/100  train=0.0341  val=0.0398  time=8.2s
Epoch  68/100  train=0.0342  val=0.0387  time=8.2s
Epoch  69/100  train=0.0329  val=0.0374  time=8.5s
Epoch  70/100  train=0.0337  val=0.0345  time=8.3s
Saved autoencoder to checkpoints/autoencoder_best.pt
  -> saved checkpoint (val=0.0345)
Epoch  71/100  train=0.0327  val=0.0345  time=8.3s
Saved autoencoder to checkpoints/autoencoder_best.pt
  -> saved checkpoint (val=0.0345)
Epoch  72/100  train=0.0346  val=0.0371  time=8.6s
Epoch  73/100  train=0.0324  val=0.0341  time=8.3s
Saved autoencoder to checkpoints/autoencoder_best.pt
  -> saved checkpoint (val=0.0341)
Epoch  74/100  train=0.0320  val=0.0338  time=8.1s
Saved autoencoder to checkpoints/autoencoder_best.pt
  -> saved checkpoint (val=0.0338)
Epoch  75/100  train=0.0322  val=0.0370  time=8.0s
Epoch  76/100  train=0.0330  val=0.0353  time=8.4s
Epoch  77/100  train=0.0323  val=0.0332  time=8.1s
Saved autoencoder to checkpoints/autoencoder_best.pt
  -> saved checkpoint (val=0.0332)
Epoch  78/100  train=0.0314  val=0.0338  time=8.3s
Epoch  79/100  train=0.0317  val=0.0371  time=8.4s
Epoch  80/100  train=0.0315  val=0.0332  time=8.2s
Epoch  81/100  train=0.0308  val=0.0355  time=8.2s
Epoch  82/100  train=0.0312  val=0.0322  time=8.4s
Saved autoencoder to checkpoints/autoencoder_best.pt
  -> saved checkpoint (val=0.0322)
Epoch  83/100  train=0.0305  val=0.0348  time=8.1s
Epoch  84/100  train=0.0317  val=0.0341  time=8.4s
Epoch  85/100  train=0.0306  val=0.0433  time=8.3s
Epoch  86/100  train=0.0307  val=0.0320  time=8.3s
Saved autoencoder to checkpoints/autoencoder_best.pt
  -> saved checkpoint (val=0.0320)
Epoch  87/100  train=0.0300  val=0.0318  time=7.9s
Saved autoencoder to checkpoints/autoencoder_best.pt
  -> saved checkpoint (val=0.0318)
Epoch  88/100  train=0.0306  val=0.0361  time=8.3s
Epoch  89/100  train=0.0303  val=0.0305  time=8.0s
Saved autoencoder to checkpoints/autoencoder_best.pt
  -> saved checkpoint (val=0.0305)
Epoch  90/100  train=0.0297  val=0.0327  time=8.3s
Epoch  91/100  train=0.0304  val=0.0326  time=8.4s
Epoch  92/100  train=0.0304  val=0.0329  time=8.4s
Epoch  93/100  train=0.0296  val=0.0317  time=8.1s
Epoch  94/100  train=0.0299  val=0.0320  time=8.4s
Epoch  95/100  train=0.0281  val=0.0308  time=8.3s
Epoch  96/100  train=0.0296  val=0.0305  time=8.1s
Epoch  97/100  train=0.0283  val=0.0341  time=8.1s
Epoch  98/100  train=0.0290  val=0.0325  time=8.2s
Epoch  99/100  train=0.0283  val=0.0294  time=8.0s
Saved autoencoder to checkpoints/autoencoder_best.pt
  -> saved checkpoint (val=0.0294)
Epoch 100/100  train=0.0287  val=0.0302  time=8.0s

Encoder training complete. Best val loss: 0.0294
Losses saved to: results/encoder_losses.csv
=== Stage: encode ===
Low drift floats:    140
Depth observations:  1,121,134

Region distribution:
region
tropics               86
northeast_atlantic    24
subpolar              16
subtropical_west       6
subtropical_east       5
northwest_atlantic     3
Name: count, dtype: int64

O2 floats: 34 / 140
  Region 'northwest_atlantic' has only 3 remaining floats — assigning all to train
  Region 'subtropical_east' has only 4 remaining floats — assigning all to train

Float counts by split:
  train :  96 floats  (21 with O2)
  test  :  25 floats  (7 with O2)
  probe :  19 floats  (6 with O2)

Row counts by split:
split
train    733358
test     224767
probe    163009
Name: count, dtype: int64

Float counts by region and split:
split               probe  test  train
region                                
northeast_atlantic      4     4     16
northwest_atlantic      0     0      3
subpolar                3     3     10
subtropical_east        1     0      4
subtropical_west        2     1      3
tropics                 9    17     60
Latent train: 10046 casts
Latent val:   3079 casts
Latent probe: 2233 casts
Saved latent cycles to checkpoints/latent_cycles.pt
=== Stage: ode_curriculum ===
Using device: cuda
Loading latent cycles from checkpoints/latent_cycles.pt

Curriculum schedule:
  Phase 1: window=10 (100 days)  epochs=150
  Total epochs: 150

============================================================
Phase 1/1 — window=10 (100 days)  epochs=150
============================================================
Building train windows...
Train windows: 4614
Building val windows...
Val windows: 1434
  [1/1] Epoch   1/150  (global 1)  train=50.1938  val=11.2583  lr=1.00e-04  time=2.5s
  -> saved checkpoint (val=11.2583)
  [1/1] Epoch   2/150  (global 2)  train=4.7749  val=2.6641  lr=1.00e-04  time=2.4s
  -> saved checkpoint (val=2.6641)
  [1/1] Epoch   3/150  (global 3)  train=1.6279  val=1.4077  lr=1.00e-04  time=2.4s
  -> saved checkpoint (val=1.4077)
  [1/1] Epoch   4/150  (global 4)  train=0.8687  val=0.9546  lr=9.99e-05  time=2.4s
  -> saved checkpoint (val=0.9546)
  [1/1] Epoch   5/150  (global 5)  train=0.6150  val=0.7701  lr=9.98e-05  time=2.4s
  -> saved checkpoint (val=0.7701)
  [1/1] Epoch   6/150  (global 6)  train=0.4883  val=0.6354  lr=9.97e-05  time=2.8s
  -> saved checkpoint (val=0.6354)
  [1/1] Epoch   7/150  (global 7)  train=0.4054  val=0.5207  lr=9.96e-05  time=2.4s
  -> saved checkpoint (val=0.5207)
  [1/1] Epoch   8/150  (global 8)  train=0.3557  val=0.4670  lr=9.95e-05  time=2.4s
  -> saved checkpoint (val=0.4670)
  [1/1] Epoch   9/150  (global 9)  train=0.3060  val=0.3940  lr=9.93e-05  time=2.4s
  -> saved checkpoint (val=0.3940)
  [1/1] Epoch  10/150  (global 10)  train=0.2745  val=0.3344  lr=9.91e-05  time=2.4s
  -> saved checkpoint (val=0.3344)
  [1/1] Epoch  11/150  (global 11)  train=0.2483  val=0.3051  lr=9.89e-05  time=2.4s
  -> saved checkpoint (val=0.3051)
  [1/1] Epoch  12/150  (global 12)  train=0.2340  val=0.2948  lr=9.87e-05  time=2.4s
  -> saved checkpoint (val=0.2948)
  [1/1] Epoch  13/150  (global 13)  train=0.2185  val=0.2658  lr=9.84e-05  time=2.8s
  -> saved checkpoint (val=0.2658)
  [1/1] Epoch  14/150  (global 14)  train=0.2080  val=0.2503  lr=9.82e-05  time=2.4s
  -> saved checkpoint (val=0.2503)
  [1/1] Epoch  15/150  (global 15)  train=0.1984  val=0.2480  lr=9.79e-05  time=2.4s
  -> saved checkpoint (val=0.2480)
  [1/1] Epoch  16/150  (global 16)  train=0.1915  val=0.2153  lr=9.76e-05  time=2.5s
  -> saved checkpoint (val=0.2153)
  [1/1] Epoch  17/150  (global 17)  train=0.1847  val=0.2136  lr=9.72e-05  time=3.0s
  -> saved checkpoint (val=0.2136)
  [1/1] Epoch  18/150  (global 18)  train=0.1793  val=0.2041  lr=9.69e-05  time=2.4s
  -> saved checkpoint (val=0.2041)
  [1/1] Epoch  19/150  (global 19)  train=0.1755  val=0.1944  lr=9.65e-05  time=2.4s
  -> saved checkpoint (val=0.1944)
  [1/1] Epoch  20/150  (global 20)  train=0.1748  val=0.1949  lr=9.61e-05  time=2.4s
  [1/1] Epoch  21/150  (global 21)  train=0.1695  val=0.1783  lr=9.57e-05  time=2.5s
  -> saved checkpoint (val=0.1783)
  [1/1] Epoch  22/150  (global 22)  train=0.1683  val=0.1758  lr=9.53e-05  time=3.1s
  -> saved checkpoint (val=0.1758)
  [1/1] Epoch  23/150  (global 23)  train=0.1644  val=0.1810  lr=9.48e-05  time=3.1s
  [1/1] Epoch  24/150  (global 24)  train=0.1607  val=0.1662  lr=9.44e-05  time=3.1s
  -> saved checkpoint (val=0.1662)
  [1/1] Epoch  25/150  (global 25)  train=0.1590  val=0.1636  lr=9.39e-05  time=3.1s
  -> saved checkpoint (val=0.1636)
  [1/1] Epoch  26/150  (global 26)  train=0.1581  val=0.1630  lr=9.34e-05  time=3.1s
  -> saved checkpoint (val=0.1630)
  [1/1] Epoch  27/150  (global 27)  train=0.1543  val=0.1666  lr=9.28e-05  time=3.1s
  [1/1] Epoch  28/150  (global 28)  train=0.1547  val=0.1693  lr=9.23e-05  time=3.1s
  [1/1] Epoch  29/150  (global 29)  train=0.1529  val=0.1604  lr=9.17e-05  time=3.1s
  -> saved checkpoint (val=0.1604)
  [1/1] Epoch  30/150  (global 30)  train=0.1530  val=0.1718  lr=9.11e-05  time=3.1s
  [1/1] Epoch  31/150  (global 31)  train=0.1497  val=0.1662  lr=9.05e-05  time=3.0s
  [1/1] Epoch  32/150  (global 32)  train=0.1497  val=0.1622  lr=8.99e-05  time=3.0s
  [1/1] Epoch  33/150  (global 33)  train=0.1476  val=0.1637  lr=8.93e-05  time=3.0s
  [1/1] Epoch  34/150  (global 34)  train=0.1465  val=0.1624  lr=8.86e-05  time=2.8s
  [1/1] Epoch  35/150  (global 35)  train=0.1455  val=0.1589  lr=8.80e-05  time=2.4s
  -> saved checkpoint (val=0.1589)
  [1/1] Epoch  36/150  (global 36)  train=0.1456  val=0.1566  lr=8.73e-05  time=2.4s
  -> saved checkpoint (val=0.1566)
  [1/1] Epoch  37/150  (global 37)  train=0.1443  val=0.1603  lr=8.66e-05  time=2.4s
  [1/1] Epoch  38/150  (global 38)  train=0.1434  val=0.1589  lr=8.59e-05  time=2.4s
  [1/1] Epoch  39/150  (global 39)  train=0.1445  val=0.1581  lr=8.51e-05  time=2.4s
  [1/1] Epoch  40/150  (global 40)  train=0.1427  val=0.1498  lr=8.44e-05  time=2.4s
  -> saved checkpoint (val=0.1498)
  [1/1] Epoch  41/150  (global 41)  train=0.1424  val=0.1491  lr=8.36e-05  time=2.4s
  -> saved checkpoint (val=0.1491)
  [1/1] Epoch  42/150  (global 42)  train=0.1414  val=0.1492  lr=8.28e-05  time=2.4s
  [1/1] Epoch  43/150  (global 43)  train=0.1402  val=0.1536  lr=8.21e-05  time=2.4s
  [1/1] Epoch  44/150  (global 44)  train=0.1419  val=0.1518  lr=8.12e-05  time=2.4s
  [1/1] Epoch  45/150  (global 45)  train=0.1403  val=0.1511  lr=8.04e-05  time=2.4s
  [1/1] Epoch  46/150  (global 46)  train=0.1396  val=0.1510  lr=7.96e-05  time=2.4s
  [1/1] Epoch  47/150  (global 47)  train=0.1394  val=0.1518  lr=7.88e-05  time=2.4s
  [1/1] Epoch  48/150  (global 48)  train=0.1385  val=0.1475  lr=7.79e-05  time=2.4s
  -> saved checkpoint (val=0.1475)
  [1/1] Epoch  49/150  (global 49)  train=0.1383  val=0.1475  lr=7.70e-05  time=2.8s
  [1/1] Epoch  50/150  (global 50)  train=0.1373  val=0.1526  lr=7.61e-05  time=2.8s
  [1/1] Epoch  51/150  (global 51)  train=0.1389  val=0.1498  lr=7.53e-05  time=2.4s
  [1/1] Epoch  52/150  (global 52)  train=0.1375  val=0.1468  lr=7.43e-05  time=2.4s
  -> saved checkpoint (val=0.1468)
  [1/1] Epoch  53/150  (global 53)  train=0.1373  val=0.1457  lr=7.34e-05  time=2.6s
  -> saved checkpoint (val=0.1457)
  [1/1] Epoch  54/150  (global 54)  train=0.1364  val=0.1491  lr=7.25e-05  time=2.4s
  [1/1] Epoch  55/150  (global 55)  train=0.1364  val=0.1478  lr=7.16e-05  time=2.4s
  [1/1] Epoch  56/150  (global 56)  train=0.1355  val=0.1494  lr=7.06e-05  time=2.4s
  [1/1] Epoch  57/150  (global 57)  train=0.1357  val=0.1434  lr=6.97e-05  time=2.4s
  -> saved checkpoint (val=0.1434)
  [1/1] Epoch  58/150  (global 58)  train=0.1354  val=0.1428  lr=6.87e-05  time=2.4s
  -> saved checkpoint (val=0.1428)
  [1/1] Epoch  59/150  (global 59)  train=0.1345  val=0.1438  lr=6.78e-05  time=3.1s
  [1/1] Epoch  60/150  (global 60)  train=0.1344  val=0.1401  lr=6.68e-05  time=3.1s
  -> saved checkpoint (val=0.1401)
  [1/1] Epoch  61/150  (global 61)  train=0.1340  val=0.1466  lr=6.58e-05  time=3.1s
  [1/1] Epoch  62/150  (global 62)  train=0.1345  val=0.1490  lr=6.48e-05  time=2.5s
  [1/1] Epoch  63/150  (global 63)  train=0.1685  val=0.1464  lr=6.38e-05  time=2.4s
  [1/1] Epoch  64/150  (global 64)  train=0.1342  val=0.1462  lr=6.28e-05  time=2.4s
  [1/1] Epoch  65/150  (global 65)  train=0.1333  val=0.1420  lr=6.18e-05  time=2.4s
  [1/1] Epoch  66/150  (global 66)  train=0.1337  val=0.1394  lr=6.08e-05  time=2.8s
  -> saved checkpoint (val=0.1394)
  [1/1] Epoch  67/150  (global 67)  train=0.1323  val=0.1436  lr=5.98e-05  time=2.9s
  [1/1] Epoch  68/150  (global 68)  train=0.1325  val=0.1421  lr=5.88e-05  time=2.9s
  [1/1] Epoch  69/150  (global 69)  train=0.1329  val=0.1428  lr=5.77e-05  time=2.9s
  [1/1] Epoch  70/150  (global 70)  train=0.1325  val=0.1429  lr=5.67e-05  time=2.7s
  [1/1] Epoch  71/150  (global 71)  train=0.1318  val=0.1488  lr=5.57e-05  time=2.7s
  [1/1] Epoch  72/150  (global 72)  train=0.1313  val=0.1457  lr=5.46e-05  time=3.0s
  [1/1] Epoch  73/150  (global 73)  train=0.1314  val=0.1439  lr=5.36e-05  time=2.9s
  [1/1] Epoch  74/150  (global 74)  train=0.1315  val=0.1450  lr=5.26e-05  time=2.9s
  [1/1] Epoch  75/150  (global 75)  train=0.1317  val=0.1474  lr=5.15e-05  time=2.9s
  [1/1] Epoch  76/150  (global 76)  train=0.1311  val=0.1443  lr=5.05e-05  time=2.9s
  [1/1] Epoch  77/150  (global 77)  train=0.1305  val=0.1420  lr=4.95e-05  time=2.8s
  [1/1] Epoch  78/150  (global 78)  train=0.1316  val=0.1456  lr=4.84e-05  time=2.7s
  [1/1] Epoch  79/150  (global 79)  train=0.1305  val=0.1443  lr=4.74e-05  time=3.0s
  [1/1] Epoch  80/150  (global 80)  train=0.1299  val=0.1419  lr=4.64e-05  time=2.9s
  [1/1] Epoch  81/150  (global 81)  train=0.1318  val=0.1409  lr=4.53e-05  time=2.9s
  [1/1] Epoch  82/150  (global 82)  train=0.1296  val=0.1442  lr=4.43e-05  time=2.9s
  [1/1] Epoch  83/150  (global 83)  train=0.1326  val=0.1441  lr=4.33e-05  time=2.9s
  [1/1] Epoch  84/150  (global 84)  train=0.1300  val=0.1412  lr=4.22e-05  time=2.8s
  [1/1] Epoch  85/150  (global 85)  train=0.1297  val=0.1413  lr=4.12e-05  time=2.4s
  [1/1] Epoch  86/150  (global 86)  train=0.1290  val=0.1464  lr=4.02e-05  time=2.7s
  [1/1] Epoch  87/150  (global 87)  train=0.1291  val=0.1480  lr=3.92e-05  time=3.1s
  [1/1] Epoch  88/150  (global 88)  train=0.1290  val=0.1407  lr=3.82e-05  time=3.0s
  [1/1] Epoch  89/150  (global 89)  train=0.1285  val=0.1432  lr=3.72e-05  time=3.0s
  [1/1] Epoch  90/150  (global 90)  train=0.1286  val=0.1425  lr=3.62e-05  time=3.1s
  [1/1] Epoch  91/150  (global 91)  train=0.1292  val=0.1431  lr=3.52e-05  time=2.8s
  [1/1] Epoch  92/150  (global 92)  train=0.1283  val=0.1412  lr=3.42e-05  time=2.7s
  [1/1] Epoch  93/150  (global 93)  train=0.1283  val=0.1422  lr=3.32e-05  time=2.7s
  [1/1] Epoch  94/150  (global 94)  train=0.1284  val=0.1420  lr=3.23e-05  time=2.6s
  [1/1] Epoch  95/150  (global 95)  train=0.1284  val=0.1425  lr=3.13e-05  time=2.4s
  [1/1] Epoch  96/150  (global 96)  train=0.1279  val=0.1415  lr=3.04e-05  time=2.9s
  [1/1] Epoch  97/150  (global 97)  train=0.1276  val=0.1421  lr=2.94e-05  time=3.1s
  [1/1] Epoch  98/150  (global 98)  train=0.1275  val=0.1424  lr=2.85e-05  time=3.1s
  [1/1] Epoch  99/150  (global 99)  train=0.1276  val=0.1446  lr=2.76e-05  time=3.1s
  [1/1] Epoch 100/150  (global 100)  train=0.1276  val=0.1414  lr=2.67e-05  time=2.8s
  [1/1] Epoch 101/150  (global 101)  train=0.1279  val=0.1411  lr=2.57e-05  time=2.4s
  [1/1] Epoch 102/150  (global 102)  train=0.1272  val=0.1418  lr=2.49e-05  time=2.4s
  [1/1] Epoch 103/150  (global 103)  train=0.1275  val=0.1425  lr=2.40e-05  time=2.4s
  [1/1] Epoch 104/150  (global 104)  train=0.1275  val=0.1399  lr=2.31e-05  time=2.4s
  [1/1] Epoch 105/150  (global 105)  train=0.1272  val=0.1411  lr=2.22e-05  time=2.4s
  [1/1] Epoch 106/150  (global 106)  train=0.1287  val=0.1406  lr=2.14e-05  time=2.4s
  [1/1] Epoch 107/150  (global 107)  train=0.1284  val=0.1405  lr=2.06e-05  time=2.4s
  [1/1] Epoch 108/150  (global 108)  train=0.1269  val=0.1381  lr=1.98e-05  time=2.4s
  -> saved checkpoint (val=0.1381)
  [1/1] Epoch 109/150  (global 109)  train=0.1267  val=0.1395  lr=1.89e-05  time=2.4s
  [1/1] Epoch 110/150  (global 110)  train=0.1269  val=0.1389  lr=1.82e-05  time=2.5s
  [1/1] Epoch 111/150  (global 111)  train=0.1274  val=0.1388  lr=1.74e-05  time=2.7s
  [1/1] Epoch 112/150  (global 112)  train=0.1287  val=0.1396  lr=1.66e-05  time=2.7s
  [1/1] Epoch 113/150  (global 113)  train=0.1264  val=0.1387  lr=1.59e-05  time=2.9s
  [1/1] Epoch 114/150  (global 114)  train=0.1262  val=0.1395  lr=1.51e-05  time=2.9s
  [1/1] Epoch 115/150  (global 115)  train=0.1268  val=0.1380  lr=1.44e-05  time=2.9s
  -> saved checkpoint (val=0.1380)
  [1/1] Epoch 116/150  (global 116)  train=0.1298  val=0.1388  lr=1.37e-05  time=2.9s
  [1/1] Epoch 117/150  (global 117)  train=0.1307  val=0.1384  lr=1.30e-05  time=2.9s
  [1/1] Epoch 118/150  (global 118)  train=0.1271  val=0.1376  lr=1.24e-05  time=2.9s
  -> saved checkpoint (val=0.1376)
  [1/1] Epoch 119/150  (global 119)  train=0.1281  val=0.1376  lr=1.17e-05  time=2.9s
  [1/1] Epoch 120/150  (global 120)  train=0.1259  val=0.1393  lr=1.11e-05  time=2.9s
  [1/1] Epoch 121/150  (global 121)  train=0.1261  val=0.1380  lr=1.05e-05  time=2.9s
  [1/1] Epoch 122/150  (global 122)  train=0.1258  val=0.1372  lr=9.85e-06  time=2.9s
  -> saved checkpoint (val=0.1372)
  [1/1] Epoch 123/150  (global 123)  train=0.1266  val=0.1371  lr=9.27e-06  time=2.9s
  -> saved checkpoint (val=0.1371)
  [1/1] Epoch 124/150  (global 124)  train=0.1260  val=0.1374  lr=8.71e-06  time=2.9s
  [1/1] Epoch 125/150  (global 125)  train=0.1272  val=0.1371  lr=8.16e-06  time=2.9s
  [1/1] Epoch 126/150  (global 126)  train=0.1262  val=0.1370  lr=7.63e-06  time=2.9s
  -> saved checkpoint (val=0.1370)
  [1/1] Epoch 127/150  (global 127)  train=0.1260  val=0.1362  lr=7.12e-06  time=2.9s
  -> saved checkpoint (val=0.1362)
  [1/1] Epoch 128/150  (global 128)  train=0.1258  val=0.1371  lr=6.63e-06  time=2.9s
  [1/1] Epoch 129/150  (global 129)  train=0.1258  val=0.1372  lr=6.16e-06  time=2.9s
  [1/1] Epoch 130/150  (global 130)  train=0.1255  val=0.1371  lr=5.71e-06  time=2.9s
  [1/1] Epoch 131/150  (global 131)  train=0.1260  val=0.1366  lr=5.28e-06  time=2.9s
  [1/1] Epoch 132/150  (global 132)  train=0.1255  val=0.1365  lr=4.87e-06  time=2.9s
  [1/1] Epoch 133/150  (global 133)  train=0.1260  val=0.1358  lr=4.48e-06  time=2.9s
  -> saved checkpoint (val=0.1358)
  [1/1] Epoch 134/150  (global 134)  train=0.1255  val=0.1360  lr=4.10e-06  time=2.9s
  [1/1] Epoch 135/150  (global 135)  train=0.1254  val=0.1354  lr=3.75e-06  time=2.9s
  -> saved checkpoint (val=0.1354)
  [1/1] Epoch 136/150  (global 136)  train=0.1256  val=0.1360  lr=3.42e-06  time=2.8s
  [1/1] Epoch 137/150  (global 137)  train=0.1255  val=0.1362  lr=3.11e-06  time=2.9s
  [1/1] Epoch 138/150  (global 138)  train=0.1254  val=0.1362  lr=2.82e-06  time=2.9s
  [1/1] Epoch 139/150  (global 139)  train=0.1261  val=0.1356  lr=2.56e-06  time=2.9s
  [1/1] Epoch 140/150  (global 140)  train=0.1256  val=0.1361  lr=2.31e-06  time=2.9s
  [1/1] Epoch 141/150  (global 141)  train=0.1252  val=0.1365  lr=2.08e-06  time=2.9s
  [1/1] Epoch 142/150  (global 142)  train=0.2663  val=0.1359  lr=1.88e-06  time=2.9s
  [1/1] Epoch 143/150  (global 143)  train=0.1252  val=0.1361  lr=1.69e-06  time=2.9s
  [1/1] Epoch 144/150  (global 144)  train=0.1253  val=0.1359  lr=1.53e-06  time=2.9s
  [1/1] Epoch 145/150  (global 145)  train=0.1255  val=0.1363  lr=1.39e-06  time=2.9s
  [1/1] Epoch 146/150  (global 146)  train=0.1254  val=0.1357  lr=1.27e-06  time=2.9s
  [1/1] Epoch 147/150  (global 147)  train=0.1260  val=0.1361  lr=1.17e-06  time=2.9s
  [1/1] Epoch 148/150  (global 148)  train=0.1265  val=0.1358  lr=1.10e-06  time=2.9s
  [1/1] Epoch 149/150  (global 149)  train=0.1258  val=0.1359  lr=1.04e-06  time=2.9s
  [1/1] Epoch 150/150  (global 150)  train=0.1252  val=0.1359  lr=1.01e-06  time=2.9s

Curriculum ODE training complete. Best val loss: 0.1354
Losses saved to: results/node_curriculum_losses.csv
=== Stage: gru ===
Using device: cuda
Loading latent cycles from checkpoints/latent_cycles.pt
Building train windows...
Train windows: 4183
Building val windows...
Val windows: 1313
Epoch   1/150  train=1.1284  val=0.7405  time=1.7s
  -> saved checkpoint (val=0.7405)
Epoch   2/150  train=0.8312  val=0.5244  time=1.7s
  -> saved checkpoint (val=0.5244)
Epoch   3/150  train=0.6417  val=0.3945  time=1.7s
  -> saved checkpoint (val=0.3945)
Epoch   4/150  train=0.5274  val=0.3231  time=1.3s
  -> saved checkpoint (val=0.3231)
Epoch   5/150  train=0.4629  val=0.2776  time=1.3s
  -> saved checkpoint (val=0.2776)
Epoch   6/150  train=0.4205  val=0.2431  time=1.3s
  -> saved checkpoint (val=0.2431)
Epoch   7/150  train=0.3881  val=0.2162  time=1.3s
  -> saved checkpoint (val=0.2162)
Epoch   8/150  train=0.3584  val=0.1947  time=1.3s
  -> saved checkpoint (val=0.1947)
Epoch   9/150  train=0.3337  val=0.1783  time=1.3s
  -> saved checkpoint (val=0.1783)
Epoch  10/150  train=0.3141  val=0.1652  time=1.3s
  -> saved checkpoint (val=0.1652)
Epoch  11/150  train=0.3007  val=0.1553  time=1.3s
  -> saved checkpoint (val=0.1553)
Epoch  12/150  train=0.2836  val=0.1487  time=1.3s
  -> saved checkpoint (val=0.1487)
Epoch  13/150  train=0.2727  val=0.1447  time=1.3s
  -> saved checkpoint (val=0.1447)
Epoch  14/150  train=0.2625  val=0.1408  time=1.3s
  -> saved checkpoint (val=0.1408)
Epoch  15/150  train=0.2545  val=0.1378  time=1.3s
  -> saved checkpoint (val=0.1378)
Epoch  16/150  train=0.2493  val=0.1358  time=1.3s
  -> saved checkpoint (val=0.1358)
Epoch  17/150  train=0.2410  val=0.1327  time=1.4s
  -> saved checkpoint (val=0.1327)
Epoch  18/150  train=0.2371  val=0.1313  time=1.3s
  -> saved checkpoint (val=0.1313)
Epoch  19/150  train=0.2303  val=0.1300  time=1.3s
  -> saved checkpoint (val=0.1300)
Epoch  20/150  train=0.2291  val=0.1290  time=1.3s
  -> saved checkpoint (val=0.1290)
Epoch  21/150  train=0.2218  val=0.1261  time=1.3s
  -> saved checkpoint (val=0.1261)
Epoch  22/150  train=0.2193  val=0.1250  time=1.3s
  -> saved checkpoint (val=0.1250)
Epoch  23/150  train=0.2148  val=0.1240  time=1.3s
  -> saved checkpoint (val=0.1240)
Epoch  24/150  train=0.2127  val=0.1228  time=1.3s
  -> saved checkpoint (val=0.1228)
Epoch  25/150  train=0.2078  val=0.1205  time=1.3s
  -> saved checkpoint (val=0.1205)
Epoch  26/150  train=0.2058  val=0.1209  time=1.3s
Epoch  27/150  train=0.2036  val=0.1180  time=1.3s
  -> saved checkpoint (val=0.1180)
Epoch  28/150  train=0.2021  val=0.1176  time=1.3s
  -> saved checkpoint (val=0.1176)
Epoch  29/150  train=0.1988  val=0.1155  time=1.3s
  -> saved checkpoint (val=0.1155)
Epoch  30/150  train=0.1960  val=0.1155  time=1.3s
  -> saved checkpoint (val=0.1155)
Epoch  31/150  train=0.1935  val=0.1123  time=1.3s
  -> saved checkpoint (val=0.1123)
Epoch  32/150  train=0.1928  val=0.1126  time=1.3s
Epoch  33/150  train=0.1888  val=0.1126  time=1.3s
Epoch  34/150  train=0.1869  val=0.1107  time=1.5s
  -> saved checkpoint (val=0.1107)
Epoch  35/150  train=0.1854  val=0.1084  time=1.7s
  -> saved checkpoint (val=0.1084)
Epoch  36/150  train=0.2010  val=0.1086  time=1.7s
Epoch  37/150  train=0.1813  val=0.1094  time=1.5s
Epoch  38/150  train=0.1800  val=0.1055  time=1.3s
  -> saved checkpoint (val=0.1055)
Epoch  39/150  train=0.1761  val=0.1065  time=1.5s
Epoch  40/150  train=0.1742  val=0.1051  time=1.7s
  -> saved checkpoint (val=0.1051)
Epoch  41/150  train=0.1715  val=0.1043  time=1.6s
  -> saved checkpoint (val=0.1043)
Epoch  42/150  train=0.1693  val=0.1026  time=1.3s
  -> saved checkpoint (val=0.1026)
Epoch  43/150  train=0.1675  val=0.1007  time=1.3s
  -> saved checkpoint (val=0.1007)
Epoch  44/150  train=0.1648  val=0.1018  time=1.3s
Epoch  45/150  train=0.1624  val=0.1009  time=1.3s
Epoch  46/150  train=0.1610  val=0.1000  time=1.3s
  -> saved checkpoint (val=0.1000)
Epoch  47/150  train=0.1600  val=0.0999  time=1.3s
  -> saved checkpoint (val=0.0999)
Epoch  48/150  train=0.1574  val=0.1006  time=1.3s
Epoch  49/150  train=0.1553  val=0.0972  time=1.3s
  -> saved checkpoint (val=0.0972)
Epoch  50/150  train=0.1538  val=0.0957  time=1.3s
  -> saved checkpoint (val=0.0957)
Epoch  51/150  train=0.1520  val=0.0970  time=1.3s
Epoch  52/150  train=0.1517  val=0.0947  time=1.3s
  -> saved checkpoint (val=0.0947)
Epoch  53/150  train=0.1492  val=0.0960  time=1.3s
Epoch  54/150  train=0.1481  val=0.0947  time=1.3s
  -> saved checkpoint (val=0.0947)
Epoch  55/150  train=0.1465  val=0.0958  time=1.3s
Epoch  56/150  train=0.1458  val=0.0946  time=1.3s
  -> saved checkpoint (val=0.0946)
Epoch  57/150  train=0.1446  val=0.0960  time=1.3s
Epoch  58/150  train=0.1434  val=0.0951  time=1.3s
Epoch  59/150  train=0.1438  val=0.0940  time=1.3s
  -> saved checkpoint (val=0.0940)
Epoch  60/150  train=0.1419  val=0.0927  time=1.6s
  -> saved checkpoint (val=0.0927)
Epoch  61/150  train=0.1405  val=0.0934  time=1.7s
Epoch  62/150  train=0.1402  val=0.0941  time=1.7s
Epoch  63/150  train=0.1391  val=0.0922  time=1.7s
  -> saved checkpoint (val=0.0922)
Epoch  64/150  train=0.1384  val=0.0921  time=1.7s
  -> saved checkpoint (val=0.0921)
Epoch  65/150  train=0.1375  val=0.0913  time=1.7s
  -> saved checkpoint (val=0.0913)
Epoch  66/150  train=0.1373  val=0.0923  time=1.7s
Epoch  67/150  train=0.1363  val=0.0911  time=1.7s
  -> saved checkpoint (val=0.0911)
Epoch  68/150  train=0.1356  val=0.0904  time=1.7s
  -> saved checkpoint (val=0.0904)
Epoch  69/150  train=0.1344  val=0.0913  time=1.7s
Epoch  70/150  train=0.1339  val=0.0893  time=1.7s
  -> saved checkpoint (val=0.0893)
Epoch  71/150  train=0.1331  val=0.0911  time=1.7s
Epoch  72/150  train=0.1339  val=0.0883  time=1.7s
  -> saved checkpoint (val=0.0883)
Epoch  73/150  train=0.1332  val=0.0896  time=1.7s
Epoch  74/150  train=0.1314  val=0.0891  time=1.7s
Epoch  75/150  train=0.1318  val=0.0896  time=1.4s
Epoch  76/150  train=0.1323  val=0.0889  time=1.6s
Epoch  77/150  train=0.1320  val=0.0891  time=1.7s
Epoch  78/150  train=0.1295  val=0.0871  time=1.7s
  -> saved checkpoint (val=0.0871)
Epoch  79/150  train=0.1296  val=0.0865  time=1.7s
  -> saved checkpoint (val=0.0865)
Epoch  80/150  train=0.1286  val=0.0862  time=1.3s
  -> saved checkpoint (val=0.0862)
Epoch  81/150  train=0.1285  val=0.0865  time=1.3s
Epoch  82/150  train=0.1279  val=0.0859  time=1.4s
  -> saved checkpoint (val=0.0859)
Epoch  83/150  train=0.1273  val=0.0858  time=1.4s
  -> saved checkpoint (val=0.0858)
Epoch  84/150  train=0.1284  val=0.0868  time=1.4s
Epoch  85/150  train=0.1270  val=0.0856  time=1.4s
  -> saved checkpoint (val=0.0856)
Epoch  86/150  train=0.1260  val=0.0851  time=1.3s
  -> saved checkpoint (val=0.0851)
Epoch  87/150  train=0.1271  val=0.0838  time=1.3s
  -> saved checkpoint (val=0.0838)
Epoch  88/150  train=0.1268  val=0.0845  time=1.8s
Epoch  89/150  train=0.1258  val=0.0844  time=1.8s
Epoch  90/150  train=0.1247  val=0.0845  time=1.7s
Epoch  91/150  train=0.1264  val=0.0839  time=1.4s
Epoch  92/150  train=0.1241  val=0.0837  time=1.7s
  -> saved checkpoint (val=0.0837)
Epoch  93/150  train=0.1247  val=0.0841  time=1.7s
Epoch  94/150  train=0.1235  val=0.0827  time=1.7s
  -> saved checkpoint (val=0.0827)
Epoch  95/150  train=0.1227  val=0.0826  time=1.7s
  -> saved checkpoint (val=0.0826)
Epoch  96/150  train=0.1230  val=0.0828  time=1.7s
Epoch  97/150  train=0.1225  val=0.0835  time=1.7s
Epoch  98/150  train=0.1222  val=0.0830  time=1.7s
Epoch  99/150  train=0.1226  val=0.0814  time=1.3s
  -> saved checkpoint (val=0.0814)
Epoch 100/150  train=0.1218  val=0.0814  time=1.3s
Epoch 101/150  train=0.1210  val=0.0813  time=1.4s
  -> saved checkpoint (val=0.0813)
Epoch 102/150  train=0.1212  val=0.0817  time=1.5s
Epoch 103/150  train=0.1347  val=0.0802  time=1.4s
  -> saved checkpoint (val=0.0802)
Epoch 104/150  train=0.1234  val=0.0809  time=1.4s
Epoch 105/150  train=0.1206  val=0.0806  time=1.7s
Epoch 106/150  train=0.1203  val=0.0797  time=1.5s
  -> saved checkpoint (val=0.0797)
Epoch 107/150  train=0.1207  val=0.0805  time=1.7s
Epoch 108/150  train=0.1199  val=0.0800  time=1.7s
Epoch 109/150  train=0.1196  val=0.0789  time=1.7s
  -> saved checkpoint (val=0.0789)
Epoch 110/150  train=0.1190  val=0.0808  time=1.7s
Epoch 111/150  train=0.1188  val=0.0789  time=1.7s
Epoch 112/150  train=0.1214  val=0.0808  time=1.7s
Epoch 113/150  train=0.1181  val=0.0793  time=1.7s
Epoch 114/150  train=0.1188  val=0.0782  time=1.7s
  -> saved checkpoint (val=0.0782)
Epoch 115/150  train=0.1184  val=0.0791  time=1.4s
Epoch 116/150  train=0.1189  val=0.0777  time=1.3s
  -> saved checkpoint (val=0.0777)
Epoch 117/150  train=0.1196  val=0.0766  time=1.3s
  -> saved checkpoint (val=0.0766)
Epoch 118/150  train=0.1183  val=0.0798  time=1.3s
Epoch 119/150  train=0.1182  val=0.0779  time=1.6s
Epoch 120/150  train=0.1190  val=0.0794  time=1.7s
Epoch 121/150  train=0.1177  val=0.0799  time=1.7s
Epoch 122/150  train=0.1178  val=0.0772  time=1.7s
Epoch 123/150  train=0.1171  val=0.0783  time=1.7s
Epoch 124/150  train=0.1168  val=0.0775  time=1.7s
Epoch 125/150  train=0.1164  val=0.0769  time=1.7s
Epoch 126/150  train=0.1168  val=0.0771  time=1.4s
Epoch 127/150  train=0.1165  val=0.0768  time=1.3s
Epoch 128/150  train=0.1160  val=0.0772  time=1.3s
Epoch 129/150  train=0.1184  val=0.0778  time=1.3s
Epoch 130/150  train=0.1164  val=0.0778  time=1.3s
Epoch 131/150  train=0.1161  val=0.0791  time=1.3s
Epoch 132/150  train=0.1167  val=0.0769  time=1.2s
Epoch 133/150  train=0.1160  val=0.0776  time=1.3s
Epoch 134/150  train=0.1163  val=0.0768  time=1.2s
Epoch 135/150  train=0.1156  val=0.0759  time=1.2s
  -> saved checkpoint (val=0.0759)
Epoch 136/150  train=0.1144  val=0.0761  time=1.2s
Epoch 137/150  train=0.1157  val=0.0766  time=1.2s
Epoch 138/150  train=0.1139  val=0.0760  time=1.4s
Epoch 139/150  train=0.1138  val=0.0773  time=1.3s
Epoch 140/150  train=0.1136  val=0.0757  time=1.2s
  -> saved checkpoint (val=0.0757)
Epoch 141/150  train=0.1143  val=0.0765  time=1.2s
Epoch 142/150  train=0.1144  val=0.0766  time=1.3s
Epoch 143/150  train=0.1132  val=0.0751  time=1.2s
  -> saved checkpoint (val=0.0751)
Epoch 144/150  train=0.1133  val=0.0752  time=1.2s
Epoch 145/150  train=0.1128  val=0.0752  time=1.2s
Epoch 146/150  train=0.1132  val=0.0760  time=1.2s
Epoch 147/150  train=0.1121  val=0.0749  time=1.2s
  -> saved checkpoint (val=0.0749)
Epoch 148/150  train=0.1122  val=0.0755  time=1.2s
Epoch 149/150  train=0.1128  val=0.0742  time=1.2s
  -> saved checkpoint (val=0.0742)
Epoch 150/150  train=0.1123  val=0.0755  time=1.2s

GRU training complete. Best val loss: 0.0742
Losses saved to: results/gru_losses.csv
=== Stage: probe ===
Low drift floats:    140
Depth observations:  1,121,134

Region distribution:
region
tropics               86
northeast_atlantic    24
subpolar              16
subtropical_west       6
subtropical_east       5
northwest_atlantic     3
Name: count, dtype: int64

O2 floats: 34 / 140
  Region 'northwest_atlantic' has only 3 remaining floats — assigning all to train
  Region 'subtropical_east' has only 4 remaining floats — assigning all to train

Float counts by split:
  train :  96 floats  (21 with O2)
  test  :  25 floats  (7 with O2)
  probe :  19 floats  (6 with O2)

Row counts by split:
split
train    733358
test     224767
probe    163009
Name: count, dtype: int64

Float counts by region and split:
split               probe  test  train
region                                
northeast_atlantic      4     4     16
northwest_atlantic      0     0      3
subpolar                3     3     10
subtropical_east        1     0      4
subtropical_west        2     1      3
tropics                 9    17     60
Probe casts: 2233
Using device: cuda
Computing oxygen normalization stats...
Oxygen stats — mean: 0.10, std: 0.20
Building probe windows...
Probe windows: 1082
Epoch   1/120  train=92.2781  val=87.7369  lr=3.00e-05  time=5.5s
  -> saved checkpoint (val=87.7369)
Epoch   2/120  train=75.6842  val=71.0909  lr=3.00e-05  time=5.1s
  -> saved checkpoint (val=71.0909)
Epoch   3/120  train=60.4098  val=57.1008  lr=3.00e-05  time=5.3s
  -> saved checkpoint (val=57.1008)
Epoch   4/120  train=47.9933  val=45.2744  lr=3.00e-05  time=5.3s
  -> saved checkpoint (val=45.2744)
Epoch   5/120  train=37.6026  val=35.6067  lr=2.99e-05  time=5.2s
  -> saved checkpoint (val=35.6067)
Epoch   6/120  train=29.7536  val=27.7062  lr=2.99e-05  time=5.1s
  -> saved checkpoint (val=27.7062)
Epoch   7/120  train=22.9744  val=21.2644  lr=2.98e-05  time=5.2s
  -> saved checkpoint (val=21.2644)
Epoch   8/120  train=17.3422  val=16.1658  lr=2.98e-05  time=5.2s
  -> saved checkpoint (val=16.1658)
Epoch   9/120  train=13.3047  val=12.2125  lr=2.97e-05  time=5.1s
  -> saved checkpoint (val=12.2125)
Epoch  10/120  train=9.7297  val=9.2108  lr=2.96e-05  time=5.2s
  -> saved checkpoint (val=9.2108)
Epoch  11/120  train=7.3155  val=7.0342  lr=2.95e-05  time=5.3s
  -> saved checkpoint (val=7.0342)
Epoch  12/120  train=5.4711  val=5.4006  lr=2.94e-05  time=5.0s
  -> saved checkpoint (val=5.4006)
Epoch  13/120  train=4.1584  val=4.1974  lr=2.93e-05  time=5.0s
  -> saved checkpoint (val=4.1974)
Epoch  14/120  train=3.2053  val=3.3171  lr=2.92e-05  time=5.0s
  -> saved checkpoint (val=3.3171)
Epoch  15/120  train=2.4896  val=2.6902  lr=2.90e-05  time=5.1s
  -> saved checkpoint (val=2.6902)
Epoch  16/120  train=1.9783  val=2.2528  lr=2.89e-05  time=5.0s
  -> saved checkpoint (val=2.2528)
Epoch  17/120  train=1.5987  val=1.9542  lr=2.87e-05  time=5.2s
  -> saved checkpoint (val=1.9542)
Epoch  18/120  train=1.3656  val=1.7530  lr=2.86e-05  time=5.3s
  -> saved checkpoint (val=1.7530)
Epoch  19/120  train=1.2026  val=1.6199  lr=2.84e-05  time=5.3s
  -> saved checkpoint (val=1.6199)
Epoch  20/120  train=1.0971  val=1.5337  lr=2.82e-05  time=5.2s
  -> saved checkpoint (val=1.5337)
Epoch  21/120  train=1.0007  val=1.4778  lr=2.81e-05  time=5.2s
  -> saved checkpoint (val=1.4778)
Epoch  22/120  train=0.9546  val=1.4426  lr=2.79e-05  time=5.1s
  -> saved checkpoint (val=1.4426)
Epoch  23/120  train=0.9403  val=1.4203  lr=2.77e-05  time=5.3s
  -> saved checkpoint (val=1.4203)
Epoch  24/120  train=0.9517  val=1.4064  lr=2.74e-05  time=5.2s
  -> saved checkpoint (val=1.4064)
Epoch  25/120  train=0.9566  val=1.3978  lr=2.72e-05  time=5.2s
  -> saved checkpoint (val=1.3978)
Epoch  26/120  train=0.9489  val=1.3924  lr=2.70e-05  time=5.1s
  -> saved checkpoint (val=1.3924)
Epoch  27/120  train=0.8997  val=1.3889  lr=2.68e-05  time=5.1s
  -> saved checkpoint (val=1.3889)
Epoch  28/120  train=0.9897  val=1.3866  lr=2.65e-05  time=5.1s
  -> saved checkpoint (val=1.3866)
Epoch  29/120  train=0.9072  val=1.3850  lr=2.63e-05  time=5.3s
  -> saved checkpoint (val=1.3850)
Epoch  30/120  train=0.8936  val=1.3838  lr=2.60e-05  time=5.3s
  -> saved checkpoint (val=1.3838)
Epoch  31/120  train=0.9071  val=1.3828  lr=2.58e-05  time=5.1s
  -> saved checkpoint (val=1.3828)
Epoch  32/120  train=0.8829  val=1.3821  lr=2.55e-05  time=5.2s
  -> saved checkpoint (val=1.3821)
Epoch  33/120  train=0.8895  val=1.3813  lr=2.52e-05  time=5.2s
  -> saved checkpoint (val=1.3813)
Epoch  34/120  train=0.9084  val=1.3806  lr=2.49e-05  time=5.1s
  -> saved checkpoint (val=1.3806)
Epoch  35/120  train=0.8627  val=1.3799  lr=2.46e-05  time=4.8s
  -> saved checkpoint (val=1.3799)
Epoch  36/120  train=0.9185  val=1.3793  lr=2.43e-05  time=5.0s
  -> saved checkpoint (val=1.3793)
Epoch  37/120  train=0.9157  val=1.3786  lr=2.40e-05  time=5.1s
  -> saved checkpoint (val=1.3786)
Epoch  38/120  train=0.8675  val=1.3780  lr=2.37e-05  time=5.3s
  -> saved checkpoint (val=1.3780)
Epoch  39/120  train=0.8649  val=1.3773  lr=2.34e-05  time=5.2s
  -> saved checkpoint (val=1.3773)
Epoch  40/120  train=0.9223  val=1.3767  lr=2.31e-05  time=5.1s
  -> saved checkpoint (val=1.3767)
Epoch  41/120  train=0.8830  val=1.3760  lr=2.28e-05  time=5.1s
  -> saved checkpoint (val=1.3760)
Epoch  42/120  train=0.9534  val=1.3754  lr=2.24e-05  time=5.3s
  -> saved checkpoint (val=1.3754)
Epoch  43/120  train=0.9155  val=1.3747  lr=2.21e-05  time=5.2s
  -> saved checkpoint (val=1.3747)
Epoch  44/120  train=0.8925  val=1.3740  lr=2.17e-05  time=5.1s
  -> saved checkpoint (val=1.3740)
Epoch  45/120  train=0.8956  val=1.3733  lr=2.14e-05  time=5.3s
  -> saved checkpoint (val=1.3733)
Epoch  46/120  train=0.8732  val=1.3726  lr=2.10e-05  time=5.1s
  -> saved checkpoint (val=1.3726)
Epoch  47/120  train=0.8725  val=1.3719  lr=2.07e-05  time=5.2s
  -> saved checkpoint (val=1.3719)
Epoch  48/120  train=0.8726  val=1.3711  lr=2.03e-05  time=5.3s
  -> saved checkpoint (val=1.3711)
Epoch  49/120  train=0.9355  val=1.3704  lr=2.00e-05  time=5.2s
  -> saved checkpoint (val=1.3704)
Epoch  50/120  train=0.8940  val=1.3696  lr=1.96e-05  time=4.7s
  -> saved checkpoint (val=1.3696)
Epoch  51/120  train=0.8872  val=1.3686  lr=1.93e-05  time=4.6s
  -> saved checkpoint (val=1.3686)
Epoch  52/120  train=0.8892  val=1.3677  lr=1.89e-05  time=4.6s
  -> saved checkpoint (val=1.3677)
Epoch  53/120  train=0.8646  val=1.3668  lr=1.85e-05  time=4.6s
  -> saved checkpoint (val=1.3668)
Epoch  54/120  train=0.8982  val=1.3658  lr=1.81e-05  time=4.6s
  -> saved checkpoint (val=1.3658)
Epoch  55/120  train=0.8977  val=1.3648  lr=1.78e-05  time=4.7s
  -> saved checkpoint (val=1.3648)
Epoch  56/120  train=0.9243  val=1.3637  lr=1.74e-05  time=4.6s
  -> saved checkpoint (val=1.3637)
Epoch  57/120  train=0.9233  val=1.3626  lr=1.70e-05  time=5.0s
  -> saved checkpoint (val=1.3626)
Epoch  58/120  train=0.9056  val=1.3613  lr=1.66e-05  time=5.1s
  -> saved checkpoint (val=1.3613)
Epoch  59/120  train=0.9201  val=1.3600  lr=1.63e-05  time=5.3s
  -> saved checkpoint (val=1.3600)
Epoch  60/120  train=0.8855  val=1.3587  lr=1.59e-05  time=5.2s
  -> saved checkpoint (val=1.3587)
Epoch  61/120  train=0.8937  val=1.3574  lr=1.55e-05  time=5.2s
  -> saved checkpoint (val=1.3574)
Epoch  62/120  train=0.9230  val=1.3561  lr=1.51e-05  time=5.1s
  -> saved checkpoint (val=1.3561)
Epoch  63/120  train=0.9067  val=1.3548  lr=1.47e-05  time=5.1s
  -> saved checkpoint (val=1.3548)
Epoch  64/120  train=0.8411  val=1.3536  lr=1.44e-05  time=5.1s
  -> saved checkpoint (val=1.3536)
Epoch  65/120  train=0.9082  val=1.3524  lr=1.40e-05  time=5.1s
  -> saved checkpoint (val=1.3524)
Epoch  66/120  train=0.9108  val=1.3512  lr=1.36e-05  time=5.1s
  -> saved checkpoint (val=1.3512)
Epoch  67/120  train=0.8626  val=1.3500  lr=1.32e-05  time=5.3s
  -> saved checkpoint (val=1.3500)
Epoch  68/120  train=0.8808  val=1.3488  lr=1.29e-05  time=5.1s
  -> saved checkpoint (val=1.3488)
Epoch  69/120  train=0.8965  val=1.3477  lr=1.25e-05  time=5.1s
  -> saved checkpoint (val=1.3477)
Epoch  70/120  train=0.8643  val=1.3466  lr=1.21e-05  time=5.1s
  -> saved checkpoint (val=1.3466)
Epoch  71/120  train=0.8904  val=1.3454  lr=1.17e-05  time=5.1s
  -> saved checkpoint (val=1.3454)
Epoch  72/120  train=0.8741  val=1.3444  lr=1.14e-05  time=5.1s
  -> saved checkpoint (val=1.3444)
Epoch  73/120  train=0.8824  val=1.3433  lr=1.10e-05  time=5.1s
  -> saved checkpoint (val=1.3433)
Epoch  74/120  train=0.8944  val=1.3422  lr=1.07e-05  time=5.2s
  -> saved checkpoint (val=1.3422)
Epoch  75/120  train=0.8706  val=1.3412  lr=1.03e-05  time=5.0s
  -> saved checkpoint (val=1.3412)
Epoch  76/120  train=0.8917  val=1.3403  lr=9.95e-06  time=5.0s
  -> saved checkpoint (val=1.3403)
Epoch  77/120  train=0.9186  val=1.3394  lr=9.60e-06  time=5.2s
  -> saved checkpoint (val=1.3394)
Epoch  78/120  train=0.8491  val=1.3387  lr=9.26e-06  time=4.9s
  -> saved checkpoint (val=1.3387)
Epoch  79/120  train=0.8822  val=1.3380  lr=8.92e-06  time=4.6s
  -> saved checkpoint (val=1.3380)
Epoch  80/120  train=0.9043  val=1.3375  lr=8.58e-06  time=5.2s
  -> saved checkpoint (val=1.3375)
Epoch  81/120  train=0.8602  val=1.3369  lr=8.25e-06  time=5.1s
  -> saved checkpoint (val=1.3369)
Epoch  82/120  train=0.8473  val=1.3364  lr=7.92e-06  time=5.2s
  -> saved checkpoint (val=1.3364)
Epoch  83/120  train=0.8547  val=1.3358  lr=7.60e-06  time=5.0s
  -> saved checkpoint (val=1.3358)
Epoch  84/120  train=0.8990  val=1.3352  lr=7.29e-06  time=5.0s
  -> saved checkpoint (val=1.3352)
Epoch  85/120  train=0.8432  val=1.3347  lr=6.98e-06  time=5.0s
  -> saved checkpoint (val=1.3347)
Epoch  86/120  train=0.8627  val=1.3343  lr=6.67e-06  time=5.2s
  -> saved checkpoint (val=1.3343)
Epoch  87/120  train=0.8897  val=1.3338  lr=6.37e-06  time=5.2s
  -> saved checkpoint (val=1.3338)
Epoch  88/120  train=0.8784  val=1.3335  lr=6.08e-06  time=5.2s
  -> saved checkpoint (val=1.3335)
Epoch  89/120  train=0.8623  val=1.3331  lr=5.80e-06  time=5.1s
  -> saved checkpoint (val=1.3331)
Epoch  90/120  train=0.9160  val=1.3327  lr=5.52e-06  time=5.0s
  -> saved checkpoint (val=1.3327)
Epoch  91/120  train=0.8586  val=1.3323  lr=5.25e-06  time=5.1s
  -> saved checkpoint (val=1.3323)
Epoch  92/120  train=0.9297  val=1.3320  lr=4.98e-06  time=5.1s
  -> saved checkpoint (val=1.3320)
Epoch  93/120  train=0.9136  val=1.3317  lr=4.72e-06  time=5.1s
  -> saved checkpoint (val=1.3317)
Epoch  94/120  train=0.8751  val=1.3314  lr=4.47e-06  time=5.0s
  -> saved checkpoint (val=1.3314)
Epoch  95/120  train=0.8481  val=1.3311  lr=4.23e-06  time=5.3s
  -> saved checkpoint (val=1.3311)
Epoch  96/120  train=0.8514  val=1.3309  lr=4.00e-06  time=5.2s
  -> saved checkpoint (val=1.3309)
Epoch  97/120  train=0.8494  val=1.3306  lr=3.77e-06  time=5.2s
  -> saved checkpoint (val=1.3306)
Epoch  98/120  train=0.8880  val=1.3304  lr=3.55e-06  time=5.2s
  -> saved checkpoint (val=1.3304)
Epoch  99/120  train=0.9110  val=1.3302  lr=3.34e-06  time=5.3s
  -> saved checkpoint (val=1.3302)
Epoch 100/120  train=0.8842  val=1.3300  lr=3.14e-06  time=5.3s
  -> saved checkpoint (val=1.3300)
Epoch 101/120  train=0.8653  val=1.3298  lr=2.94e-06  time=5.2s
  -> saved checkpoint (val=1.3298)
Epoch 102/120  train=0.8555  val=1.3296  lr=2.76e-06  time=5.3s
  -> saved checkpoint (val=1.3296)
Epoch 103/120  train=0.8639  val=1.3294  lr=2.58e-06  time=5.1s
  -> saved checkpoint (val=1.3294)
Epoch 104/120  train=0.8583  val=1.3293  lr=2.41e-06  time=5.0s
  -> saved checkpoint (val=1.3293)
Epoch 105/120  train=0.8568  val=1.3291  lr=2.25e-06  time=5.2s
  -> saved checkpoint (val=1.3291)
Epoch 106/120  train=0.8801  val=1.3290  lr=2.10e-06  time=5.0s
  -> saved checkpoint (val=1.3290)
Epoch 107/120  train=0.8698  val=1.3289  lr=1.96e-06  time=5.0s
  -> saved checkpoint (val=1.3289)
Epoch 108/120  train=0.9203  val=1.3287  lr=1.83e-06  time=5.0s
  -> saved checkpoint (val=1.3287)
Epoch 109/120  train=0.9133  val=1.3286  lr=1.71e-06  time=5.2s
  -> saved checkpoint (val=1.3286)
Epoch 110/120  train=0.8649  val=1.3285  lr=1.60e-06  time=5.0s
  -> saved checkpoint (val=1.3285)
Epoch 111/120  train=0.8812  val=1.3284  lr=1.49e-06  time=5.0s
  -> saved checkpoint (val=1.3284)
Epoch 112/120  train=0.8485  val=1.3283  lr=1.40e-06  time=5.2s
  -> saved checkpoint (val=1.3283)
Epoch 113/120  train=0.8587  val=1.3282  lr=1.32e-06  time=5.1s
  -> saved checkpoint (val=1.3282)
Epoch 114/120  train=0.8516  val=1.3281  lr=1.24e-06  time=5.1s
  -> saved checkpoint (val=1.3281)
Epoch 115/120  train=0.9055  val=1.3281  lr=1.18e-06  time=5.0s
  -> saved checkpoint (val=1.3281)
Epoch 116/120  train=0.8764  val=1.3280  lr=1.12e-06  time=5.0s
  -> saved checkpoint (val=1.3280)
Epoch 117/120  train=0.8587  val=1.3279  lr=1.08e-06  time=5.1s
  -> saved checkpoint (val=1.3279)
Epoch 118/120  train=0.8774  val=1.3278  lr=1.04e-06  time=5.4s
  -> saved checkpoint (val=1.3278)
Epoch 119/120  train=0.8564  val=1.3278  lr=1.02e-06  time=5.2s
  -> saved checkpoint (val=1.3278)
Epoch 120/120  train=0.8538  val=1.3277  lr=1.00e-06  time=5.2s
  -> saved checkpoint (val=1.3277)

Probe training complete. Best val loss: 1.3277
Losses saved to: results/probe_losses.csv
=== Stage: probe_baseline ===
Low drift floats:    140
Depth observations:  1,121,134

Region distribution:
region
tropics               86
northeast_atlantic    24
subpolar              16
subtropical_west       6
subtropical_east       5
northwest_atlantic     3
Name: count, dtype: int64

O2 floats: 34 / 140
  Region 'northwest_atlantic' has only 3 remaining floats — assigning all to train
  Region 'subtropical_east' has only 4 remaining floats — assigning all to train

Float counts by split:
  train :  96 floats  (21 with O2)
  test  :  25 floats  (7 with O2)
  probe :  19 floats  (6 with O2)

Row counts by split:
split
train    733358
test     224767
probe    163009
Name: count, dtype: int64

Float counts by region and split:
split               probe  test  train
region                                
northeast_atlantic      4     4     16
northwest_atlantic      0     0      3
subpolar                3     3     10
subtropical_east        1     0      4
subtropical_west        2     1      3
tropics                 9    17     60
Probe casts: 2233
Using device: cuda
Computing oxygen normalization stats...
Oxygen stats — mean: 0.10, std: 0.20
Building probe windows...
Probe windows: 1082
Epoch   1/100  train=89.7147  val=4.5687  time=4.7s
  -> saved checkpoint (val=4.5687)
Epoch   2/100  train=15.5736  val=13.7347  time=4.8s
Epoch   3/100  train=4.7546  val=1.8334  time=4.7s
  -> saved checkpoint (val=1.8334)
Epoch   4/100  train=1.4403  val=1.9057  time=4.7s
Epoch   5/100  train=1.0501  val=1.3341  time=4.8s
  -> saved checkpoint (val=1.3341)
Epoch   6/100  train=0.8957  val=1.3561  time=4.6s
Epoch   7/100  train=0.8966  val=1.3405  time=4.6s
Epoch   8/100  train=0.8439  val=1.3334  time=4.6s
  -> saved checkpoint (val=1.3334)
Epoch   9/100  train=0.8640  val=1.3292  time=4.6s
  -> saved checkpoint (val=1.3292)
Epoch  10/100  train=0.8361  val=1.3274  time=4.6s
  -> saved checkpoint (val=1.3274)
Epoch  11/100  train=0.8031  val=1.3255  time=4.7s
  -> saved checkpoint (val=1.3255)
Epoch  12/100  train=0.8824  val=1.3242  time=4.7s
  -> saved checkpoint (val=1.3242)
Epoch  13/100  train=0.8350  val=1.3222  time=4.8s
  -> saved checkpoint (val=1.3222)
Epoch  14/100  train=0.8482  val=1.3204  time=4.8s
  -> saved checkpoint (val=1.3204)
Epoch  15/100  train=0.9037  val=1.3193  time=5.0s
  -> saved checkpoint (val=1.3193)
Epoch  16/100  train=0.8677  val=1.3169  time=4.7s
  -> saved checkpoint (val=1.3169)
Epoch  17/100  train=0.9654  val=1.3147  time=4.7s
  -> saved checkpoint (val=1.3147)
Epoch  18/100  train=0.8470  val=1.3126  time=4.7s
  -> saved checkpoint (val=1.3126)
Epoch  19/100  train=0.8787  val=1.3107  time=4.6s
  -> saved checkpoint (val=1.3107)
Epoch  20/100  train=0.8264  val=1.3085  time=5.1s
  -> saved checkpoint (val=1.3085)
Epoch  21/100  train=0.8271  val=1.3065  time=4.8s
  -> saved checkpoint (val=1.3065)
Epoch  22/100  train=0.8445  val=1.3044  time=4.6s
  -> saved checkpoint (val=1.3044)
Epoch  23/100  train=0.9005  val=1.3027  time=4.7s
  -> saved checkpoint (val=1.3027)
Epoch  24/100  train=0.8064  val=1.3001  time=4.8s
  -> saved checkpoint (val=1.3001)
Epoch  25/100  train=0.8391  val=1.2980  time=5.0s
  -> saved checkpoint (val=1.2980)
Epoch  26/100  train=0.8348  val=1.2959  time=4.6s
  -> saved checkpoint (val=1.2959)
Epoch  27/100  train=0.8125  val=1.2937  time=4.7s
  -> saved checkpoint (val=1.2937)
Epoch  28/100  train=0.8267  val=1.2923  time=4.7s
  -> saved checkpoint (val=1.2923)
Epoch  29/100  train=0.8867  val=1.2893  time=4.7s
  -> saved checkpoint (val=1.2893)
Epoch  30/100  train=0.8645  val=1.2870  time=4.7s
  -> saved checkpoint (val=1.2870)
Epoch  31/100  train=0.8342  val=1.2848  time=4.7s
  -> saved checkpoint (val=1.2848)
Epoch  32/100  train=0.8640  val=1.2828  time=4.7s
  -> saved checkpoint (val=1.2828)
Epoch  33/100  train=0.8688  val=1.2803  time=4.6s
  -> saved checkpoint (val=1.2803)
Epoch  34/100  train=0.8082  val=1.2781  time=4.7s
  -> saved checkpoint (val=1.2781)
Epoch  35/100  train=0.8383  val=1.2756  time=4.9s
  -> saved checkpoint (val=1.2756)
Epoch  36/100  train=0.8151  val=1.2744  time=4.7s
  -> saved checkpoint (val=1.2744)
Epoch  37/100  train=0.8223  val=1.2713  time=4.7s
  -> saved checkpoint (val=1.2713)
Epoch  38/100  train=0.8238  val=1.2689  time=4.7s
  -> saved checkpoint (val=1.2689)
Epoch  39/100  train=0.8158  val=1.2668  time=4.7s
  -> saved checkpoint (val=1.2668)
Epoch  40/100  train=0.7283  val=1.2645  time=4.7s
  -> saved checkpoint (val=1.2645)
Epoch  41/100  train=0.8100  val=1.2627  time=4.7s
  -> saved checkpoint (val=1.2627)
Epoch  42/100  train=0.7816  val=1.2613  time=4.7s
  -> saved checkpoint (val=1.2613)
Epoch  43/100  train=0.7914  val=1.2582  time=4.7s
  -> saved checkpoint (val=1.2582)
Epoch  44/100  train=0.8626  val=1.2559  time=4.9s
  -> saved checkpoint (val=1.2559)
Epoch  45/100  train=0.8442  val=1.2538  time=4.7s
  -> saved checkpoint (val=1.2538)
Epoch  46/100  train=0.8354  val=1.2526  time=4.8s
  -> saved checkpoint (val=1.2526)
Epoch  47/100  train=0.8119  val=1.2492  time=4.8s
  -> saved checkpoint (val=1.2492)
Epoch  48/100  train=0.8132  val=1.2470  time=4.7s
  -> saved checkpoint (val=1.2470)
Epoch  49/100  train=0.8377  val=1.2453  time=4.7s
  -> saved checkpoint (val=1.2453)
Epoch  50/100  train=0.8019  val=1.2429  time=4.7s
  -> saved checkpoint (val=1.2429)
Epoch  51/100  train=0.7692  val=1.2424  time=4.8s
  -> saved checkpoint (val=1.2424)
Epoch  52/100  train=0.8608  val=1.2399  time=4.9s
  -> saved checkpoint (val=1.2399)
Epoch  53/100  train=0.7523  val=1.2374  time=4.8s
  -> saved checkpoint (val=1.2374)
Epoch  54/100  train=0.7909  val=1.2356  time=5.1s
  -> saved checkpoint (val=1.2356)
Epoch  55/100  train=0.8312  val=1.2339  time=4.9s
  -> saved checkpoint (val=1.2339)
Epoch  56/100  train=0.7977  val=1.2322  time=4.9s
  -> saved checkpoint (val=1.2322)
Epoch  57/100  train=0.7396  val=1.2331  time=4.8s
Epoch  58/100  train=0.7831  val=1.2282  time=4.8s
  -> saved checkpoint (val=1.2282)
Epoch  59/100  train=0.7690  val=1.2271  time=4.8s
  -> saved checkpoint (val=1.2271)
Epoch  60/100  train=0.7670  val=1.2251  time=4.8s
  -> saved checkpoint (val=1.2251)
Epoch  61/100  train=0.8332  val=1.2232  time=4.8s
  -> saved checkpoint (val=1.2232)
Epoch  62/100  train=0.7762  val=1.2230  time=4.8s
  -> saved checkpoint (val=1.2230)
Epoch  63/100  train=0.7827  val=1.2228  time=4.8s
  -> saved checkpoint (val=1.2228)
Epoch  64/100  train=0.8067  val=1.2185  time=5.0s
  -> saved checkpoint (val=1.2185)
Epoch  65/100  train=0.7584  val=1.2169  time=4.7s
  -> saved checkpoint (val=1.2169)
Epoch  66/100  train=0.8018  val=1.2165  time=4.8s
  -> saved checkpoint (val=1.2165)
Epoch  67/100  train=0.7928  val=1.2142  time=4.8s
  -> saved checkpoint (val=1.2142)
Epoch  68/100  train=0.8156  val=1.2128  time=4.8s
  -> saved checkpoint (val=1.2128)
Epoch  69/100  train=0.7645  val=1.2112  time=4.8s
  -> saved checkpoint (val=1.2112)
Epoch  70/100  train=0.7798  val=1.2128  time=4.7s
Epoch  71/100  train=0.7404  val=1.2096  time=4.7s
  -> saved checkpoint (val=1.2096)
Epoch  72/100  train=0.7701  val=1.2071  time=4.6s
  -> saved checkpoint (val=1.2071)
Epoch  73/100  train=0.7646  val=1.2056  time=4.7s
  -> saved checkpoint (val=1.2056)
Epoch  74/100  train=0.7730  val=1.2055  time=4.9s
  -> saved checkpoint (val=1.2055)
Epoch  75/100  train=0.7482  val=1.2056  time=4.7s
Epoch  76/100  train=0.7545  val=1.2032  time=4.7s
  -> saved checkpoint (val=1.2032)
Epoch  77/100  train=0.7980  val=1.2015  time=4.7s
  -> saved checkpoint (val=1.2015)
Epoch  78/100  train=0.7740  val=1.1993  time=4.7s
  -> saved checkpoint (val=1.1993)
Epoch  79/100  train=0.7900  val=1.1984  time=4.7s
  -> saved checkpoint (val=1.1984)
Epoch  80/100  train=0.7867  val=1.2000  time=4.7s
Epoch  81/100  train=0.7587  val=1.2004  time=4.7s
Epoch  82/100  train=0.7922  val=1.1948  time=4.7s
  -> saved checkpoint (val=1.1948)
Epoch  83/100  train=0.7528  val=1.1936  time=4.7s
  -> saved checkpoint (val=1.1936)
Epoch  84/100  train=0.7419  val=1.1932  time=4.9s
  -> saved checkpoint (val=1.1932)
Epoch  85/100  train=0.7529  val=1.1928  time=4.7s
  -> saved checkpoint (val=1.1928)
Epoch  86/100  train=0.7979  val=1.1961  time=4.7s
Epoch  87/100  train=0.8023  val=1.1898  time=4.7s
  -> saved checkpoint (val=1.1898)
Epoch  88/100  train=0.7097  val=1.1938  time=4.6s
Epoch  89/100  train=0.7241  val=1.1909  time=4.7s
Epoch  90/100  train=0.7447  val=1.1941  time=4.7s
Epoch  91/100  train=0.7486  val=1.1868  time=4.8s
  -> saved checkpoint (val=1.1868)
Epoch  92/100  train=0.7762  val=1.1850  time=4.7s
  -> saved checkpoint (val=1.1850)
Epoch  93/100  train=0.7537  val=1.1846  time=4.9s
  -> saved checkpoint (val=1.1846)
Epoch  94/100  train=0.7410  val=1.1832  time=4.6s
  -> saved checkpoint (val=1.1832)
Epoch  95/100  train=0.7653  val=1.1822  time=4.6s
  -> saved checkpoint (val=1.1822)
Epoch  96/100  train=0.7339  val=1.1815  time=4.7s
  -> saved checkpoint (val=1.1815)
Epoch  97/100  train=0.7777  val=1.1820  time=4.6s
Epoch  98/100  train=0.7400  val=1.1796  time=4.6s
  -> saved checkpoint (val=1.1796)
Epoch  99/100  train=0.7874  val=1.1789  time=4.6s
  -> saved checkpoint (val=1.1789)
Epoch 100/100  train=0.7515  val=1.1779  time=4.7s
  -> saved checkpoint (val=1.1779)

Baseline training complete. Best val loss: 1.1779
Checkpoint saved to: checkpoints/probe_baseline_best.pt
=== Stage: gru_probe ===
Low drift floats:    140
Depth observations:  1,121,134

Region distribution:
region
tropics               86
northeast_atlantic    24
subpolar              16
subtropical_west       6
subtropical_east       5
northwest_atlantic     3
Name: count, dtype: int64

O2 floats: 34 / 140
  Region 'northwest_atlantic' has only 3 remaining floats — assigning all to train
  Region 'subtropical_east' has only 4 remaining floats — assigning all to train

Float counts by split:
  train :  96 floats  (21 with O2)
  test  :  25 floats  (7 with O2)
  probe :  19 floats  (6 with O2)

Row counts by split:
split
train    733358
test     224767
probe    163009
Name: count, dtype: int64

Float counts by region and split:
split               probe  test  train
region                                
northeast_atlantic      4     4     16
northwest_atlantic      0     0      3
subpolar                3     3     10
subtropical_east        1     0      4
subtropical_west        2     1      3
tropics                 9    17     60
Probe casts: 2233
Using device: cuda
Computing oxygen normalization stats...
Oxygen stats — mean: 0.10, std: 0.20
Building probe windows...
Probe windows: 1082
Epoch   1/100  train=75.0876  val=11.7618  time=5.0s
  -> saved checkpoint (val=11.7618)
Epoch   2/100  train=8.7047  val=1.9689  time=4.9s
  -> saved checkpoint (val=1.9689)
Epoch   3/100  train=2.4147  val=1.3382  time=4.7s
  -> saved checkpoint (val=1.3382)
Epoch   4/100  train=1.0010  val=1.2826  time=4.9s
  -> saved checkpoint (val=1.2826)
Epoch   5/100  train=0.7891  val=1.1429  time=4.8s
  -> saved checkpoint (val=1.1429)
Epoch   6/100  train=0.6870  val=1.0554  time=4.7s
  -> saved checkpoint (val=1.0554)
Epoch   7/100  train=0.6608  val=1.0130  time=4.7s
  -> saved checkpoint (val=1.0130)
Epoch   8/100  train=0.7005  val=0.9800  time=4.7s
  -> saved checkpoint (val=0.9800)
Epoch   9/100  train=0.6457  val=0.9545  time=4.7s
  -> saved checkpoint (val=0.9545)
Epoch  10/100  train=0.6053  val=0.9327  time=4.7s
  -> saved checkpoint (val=0.9327)
Epoch  11/100  train=0.6452  val=0.9178  time=4.9s
  -> saved checkpoint (val=0.9178)
Epoch  12/100  train=0.5732  val=0.9049  time=4.8s
  -> saved checkpoint (val=0.9049)
Epoch  13/100  train=0.5761  val=0.8944  time=4.8s
  -> saved checkpoint (val=0.8944)
Epoch  14/100  train=0.5634  val=0.8808  time=5.0s
  -> saved checkpoint (val=0.8808)
Epoch  15/100  train=0.5888  val=0.8585  time=4.8s
  -> saved checkpoint (val=0.8585)
Epoch  16/100  train=0.5835  val=0.8467  time=4.9s
  -> saved checkpoint (val=0.8467)
Epoch  17/100  train=0.5224  val=0.8257  time=5.0s
  -> saved checkpoint (val=0.8257)
Epoch  18/100  train=0.5663  val=0.8176  time=4.8s
  -> saved checkpoint (val=0.8176)
Epoch  19/100  train=0.5133  val=0.8135  time=4.8s
  -> saved checkpoint (val=0.8135)
Epoch  20/100  train=0.5056  val=0.8111  time=4.7s
  -> saved checkpoint (val=0.8111)
Epoch  21/100  train=0.4884  val=0.7985  time=4.7s
  -> saved checkpoint (val=0.7985)
Epoch  22/100  train=0.5100  val=0.7961  time=4.8s
  -> saved checkpoint (val=0.7961)
Epoch  23/100  train=0.5201  val=0.7873  time=4.8s
  -> saved checkpoint (val=0.7873)
Epoch  24/100  train=0.5116  val=0.7857  time=4.7s
  -> saved checkpoint (val=0.7857)
Epoch  25/100  train=0.5129  val=0.7680  time=4.8s
  -> saved checkpoint (val=0.7680)
Epoch  26/100  train=0.5223  val=0.7621  time=5.0s
  -> saved checkpoint (val=0.7621)
Epoch  27/100  train=0.5047  val=0.7582  time=4.9s
  -> saved checkpoint (val=0.7582)
Epoch  28/100  train=0.4988  val=0.7587  time=4.8s
Epoch  29/100  train=0.4690  val=0.7600  time=5.1s
Epoch  30/100  train=0.4875  val=0.7447  time=4.7s
  -> saved checkpoint (val=0.7447)
Epoch  31/100  train=0.4968  val=0.8035  time=4.9s
Epoch  32/100  train=0.5009  val=0.7463  time=4.9s
Epoch  33/100  train=0.4650  val=0.7341  time=4.9s
  -> saved checkpoint (val=0.7341)
Epoch  34/100  train=0.4590  val=0.7357  time=4.9s
Epoch  35/100  train=0.4654  val=0.7265  time=4.8s
  -> saved checkpoint (val=0.7265)
Epoch  36/100  train=0.4768  val=0.7357  time=5.0s
Epoch  37/100  train=0.4803  val=0.7260  time=4.9s
  -> saved checkpoint (val=0.7260)
Epoch  38/100  train=0.4688  val=0.7261  time=4.8s
Epoch  39/100  train=0.4652  val=0.7277  time=4.8s
Epoch  40/100  train=0.4592  val=0.7192  time=4.9s
  -> saved checkpoint (val=0.7192)
Epoch  41/100  train=0.4755  val=0.7201  time=4.9s
Epoch  42/100  train=0.4548  val=0.7255  time=5.0s
Epoch  43/100  train=0.4846  val=0.7111  time=4.9s
  -> saved checkpoint (val=0.7111)
Epoch  44/100  train=0.4555  val=0.7074  time=4.9s
  -> saved checkpoint (val=0.7074)
Epoch  45/100  train=0.4686  val=0.7084  time=4.9s
Epoch  46/100  train=0.4516  val=0.7167  time=4.9s
Epoch  47/100  train=0.4715  val=0.7085  time=4.8s
Epoch  48/100  train=0.5092  val=0.7040  time=5.0s
  -> saved checkpoint (val=0.7040)
Epoch  49/100  train=0.4795  val=0.7029  time=4.9s
  -> saved checkpoint (val=0.7029)
Epoch  50/100  train=0.4180  val=0.7119  time=4.8s
Epoch  51/100  train=0.4692  val=0.6973  time=4.8s
  -> saved checkpoint (val=0.6973)
Epoch  52/100  train=0.4732  val=0.6942  time=4.9s
  -> saved checkpoint (val=0.6942)
Epoch  53/100  train=0.4436  val=0.7001  time=4.9s
Epoch  54/100  train=0.4667  val=0.7032  time=4.9s
Epoch  55/100  train=0.4289  val=0.6959  time=4.8s
Epoch  56/100  train=0.4537  val=0.6953  time=4.9s
Epoch  57/100  train=0.4301  val=0.6957  time=4.8s
Epoch  58/100  train=0.4521  val=0.6993  time=4.7s
Epoch  59/100  train=0.4534  val=0.6919  time=5.1s
  -> saved checkpoint (val=0.6919)
Epoch  60/100  train=0.4649  val=0.6958  time=5.1s
Epoch  61/100  train=0.4448  val=0.6936  time=4.9s
Epoch  62/100  train=0.4409  val=0.6934  time=4.9s
Epoch  63/100  train=0.4630  val=0.6902  time=4.7s
  -> saved checkpoint (val=0.6902)
Epoch  64/100  train=0.4383  val=0.6877  time=4.9s
  -> saved checkpoint (val=0.6877)
Epoch  65/100  train=0.4352  val=0.6922  time=4.5s
Epoch  66/100  train=0.4340  val=0.6904  time=4.6s
Epoch  67/100  train=0.4623  val=0.6901  time=4.5s
Epoch  68/100  train=0.4388  val=0.6915  time=4.5s
Epoch  69/100  train=0.4354  val=0.6858  time=4.5s
  -> saved checkpoint (val=0.6858)
Epoch  70/100  train=0.4279  val=0.6860  time=4.5s
Epoch  71/100  train=0.4171  val=0.6958  time=4.5s
Epoch  72/100  train=0.4538  val=0.6951  time=4.5s
Epoch  73/100  train=0.4368  val=0.6853  time=4.6s
  -> saved checkpoint (val=0.6853)
Epoch  74/100  train=0.4524  val=0.6864  time=4.5s
Epoch  75/100  train=0.4343  val=0.6902  time=4.8s
Epoch  76/100  train=0.4468  val=0.6958  time=4.8s
Epoch  77/100  train=0.4702  val=0.6827  time=4.8s
  -> saved checkpoint (val=0.6827)
Epoch  78/100  train=0.4418  val=0.6846  time=4.8s
Epoch  79/100  train=0.4182  val=0.6866  time=4.8s
Epoch  80/100  train=0.4494  val=0.6827  time=4.8s
Epoch  81/100  train=0.4338  val=0.6852  time=4.8s
Epoch  82/100  train=0.4336  val=0.6910  time=4.8s
Epoch  83/100  train=0.4420  val=0.6870  time=4.8s
Epoch  84/100  train=0.4367  val=0.6851  time=4.8s
Epoch  85/100  train=0.4491  val=0.6802  time=4.9s
  -> saved checkpoint (val=0.6802)
Epoch  86/100  train=0.4440  val=0.6828  time=4.7s
Epoch  87/100  train=0.4457  val=0.6839  time=4.8s
Epoch  88/100  train=0.4382  val=0.6844  time=4.8s
Epoch  89/100  train=0.4318  val=0.6860  time=4.7s
Epoch  90/100  train=0.4333  val=0.6856  time=4.7s
Epoch  91/100  train=0.4270  val=0.6858  time=4.8s
Epoch  92/100  train=0.4463  val=0.6834  time=4.8s
Epoch  93/100  train=0.4423  val=0.6791  time=4.7s
  -> saved checkpoint (val=0.6791)
Epoch  94/100  train=0.4355  val=0.6856  time=4.6s
Epoch  95/100  train=0.4361  val=0.6811  time=4.6s
Epoch  96/100  train=0.4657  val=0.6799  time=4.8s
Epoch  97/100  train=0.4497  val=0.6804  time=4.8s
Epoch  98/100  train=0.4228  val=0.6799  time=4.8s
Epoch  99/100  train=0.5079  val=0.6777  time=4.8s
  -> saved checkpoint (val=0.6777)
Epoch 100/100  train=0.4261  val=0.6841  time=4.8s

GRU probe training complete. Best val loss: 0.6777
Losses saved to: results/gru_probe_losses.csv
=== Stage: extrapolation ===
Using device: cuda
Loading latent cycles from checkpoints/latent_cycles.pt
Val windows (horizon=100): 18

Evaluating: ode
  horizon=5 (50 days)...
  -> final step MSE: 0.0837
  horizon=10 (100 days)...
  -> final step MSE: 0.1571
  horizon=15 (150 days)...
  -> final step MSE: 0.2826
  horizon=20 (200 days)...
  -> final step MSE: 0.4794
  horizon=30 (300 days)...
  -> final step MSE: 1.6455
  horizon=40 (400 days)...
  -> final step MSE: 3.8624
  horizon=50 (500 days)...
  -> final step MSE: 4.7932
  horizon=100 (1000 days)...
  -> final step MSE: 22.3431

Evaluating: gru
  horizon=5 (50 days)...
  -> final step MSE: 0.0494
  horizon=10 (100 days)...
  -> final step MSE: 0.0491
  horizon=15 (150 days)...
  -> final step MSE: 0.0529
  horizon=20 (200 days)...
  -> final step MSE: 0.0454
  horizon=30 (300 days)...
  -> final step MSE: 0.0570
  horizon=40 (400 days)...
  -> final step MSE: 0.0609
  horizon=50 (500 days)...
  -> final step MSE: 0.0980
  horizon=100 (1000 days)...
  -> final step MSE: 0.1044

Results saved to results/extrapolation_results.csv

=== Extrapolation Summary (final step MSE) ===
model         depth_only       gru        ode
horizon_days                                 
50                0.0274  0.049404   0.083658
100               0.0274  0.049093   0.157117
150               0.0274  0.052873   0.282608
200               0.0274  0.045410   0.479444
300               0.0274  0.056977   1.645548
400               0.0274  0.060864   3.862387
500               0.0274  0.097962   4.793163
1000              0.0274  0.104426  22.343147
======================================================
End Time : Wed Apr 15 03:00:54 PM EDT 2026
======================================================
