======================================================
Start Time  : Mon Mar 23 11:01:11 PM EDT 2026
Submit Dir  : /users/sphill86/ocean_dynamics_2
Job ID/Name : 10482806 / ocean_latent_ode
Partition   : GPU
======================================================
=== Stage: split ===
Loading low-drift float list...
Loading interpolated profiles...
Duplicate rows removed: 0

Low drift floats:    174
Depth observations:  1,251,804

Region distribution:
region
tropics               77
northeast_atlantic    37
subpolar              23
northwest_atlantic    18
subtropical_west      10
subtropical_east       9
Name: count, dtype: int64

O2 floats: 174 / 174

Float counts by split:
  train : 115 floats  (115 with O2)
  test  :  34 floats  (34 with O2)
  probe :  25 floats  (25 with O2)

Row counts by split:
split
train    840303
test     270173
probe    141328
Name: count, dtype: int64

Float counts by region and split:
split               probe  test  train
region                                
northeast_atlantic      5     7     25
northwest_atlantic      3     4     11
subpolar                4     4     15
subtropical_east        2     2      5
subtropical_west        2     2      6
tropics                 9    15     53
Split complete.
=== Stage: encoder ===
Using device: cuda
Loading low-drift float list...
Loading interpolated profiles...
Duplicate rows removed: 0

Low drift floats:    174
Depth observations:  1,251,804

Region distribution:
region
tropics               77
northeast_atlantic    37
subpolar              23
northwest_atlantic    18
subtropical_west      10
subtropical_east       9
Name: count, dtype: int64

O2 floats: 174 / 174

Float counts by split:
  train : 115 floats  (115 with O2)
  test  :  34 floats  (34 with O2)
  probe :  25 floats  (25 with O2)

Row counts by split:
split
train    840303
test     270173
probe    141328
Name: count, dtype: int64

Float counts by region and split:
split               probe  test  train
region                                
northeast_atlantic      5     7     25
northwest_atlantic      3     4     11
subpolar                4     4     15
subtropical_east        2     2      5
subtropical_west        2     2      6
tropics                 9    15     53
Epoch   1/40  train=0.9860  val=0.0153  time=8.1s
Saved autoencoder to checkpoints/autoencoder_best.pt
  -> saved checkpoint (val=0.0153)
Epoch   2/40  train=0.0120  val=0.0116  time=7.9s
Saved autoencoder to checkpoints/autoencoder_best.pt
  -> saved checkpoint (val=0.0116)
Epoch   3/40  train=0.0105  val=0.0126  time=8.0s
Epoch   4/40  train=0.0103  val=0.0105  time=7.8s
Saved autoencoder to checkpoints/autoencoder_best.pt
  -> saved checkpoint (val=0.0105)
Epoch   5/40  train=0.0111  val=0.0126  time=7.9s
Epoch   6/40  train=0.0105  val=0.0101  time=7.9s
Saved autoencoder to checkpoints/autoencoder_best.pt
  -> saved checkpoint (val=0.0101)
Epoch   7/40  train=0.0121  val=0.0129  time=8.0s
Epoch   8/40  train=0.0119  val=0.0107  time=7.9s
Epoch   9/40  train=0.0122  val=0.0103  time=7.9s
Epoch  10/40  train=0.0165  val=0.0084  time=7.9s
Saved autoencoder to checkpoints/autoencoder_best.pt
  -> saved checkpoint (val=0.0084)
Epoch  11/40  train=0.0119  val=0.0305  time=8.0s
Epoch  12/40  train=0.0089  val=0.0084  time=7.8s
Saved autoencoder to checkpoints/autoencoder_best.pt
  -> saved checkpoint (val=0.0084)
Epoch  13/40  train=0.0122  val=0.0125  time=7.9s
Epoch  14/40  train=0.0112  val=0.0115  time=7.8s
Epoch  15/40  train=0.0126  val=0.0146  time=8.0s
Epoch  16/40  train=0.0129  val=0.0091  time=7.9s
Epoch  17/40  train=0.0081  val=0.0147  time=7.7s
Epoch  18/40  train=0.0114  val=0.0074  time=7.7s
Saved autoencoder to checkpoints/autoencoder_best.pt
  -> saved checkpoint (val=0.0074)
Epoch  19/40  train=0.0112  val=0.0119  time=7.9s
Epoch  20/40  train=0.0081  val=0.0065  time=7.8s
Saved autoencoder to checkpoints/autoencoder_best.pt
  -> saved checkpoint (val=0.0065)
Epoch  21/40  train=0.0103  val=0.0065  time=7.8s
Saved autoencoder to checkpoints/autoencoder_best.pt
  -> saved checkpoint (val=0.0065)
Epoch  22/40  train=0.0061  val=0.0063  time=7.8s
Saved autoencoder to checkpoints/autoencoder_best.pt
  -> saved checkpoint (val=0.0063)
Epoch  23/40  train=0.0105  val=0.0069  time=8.1s
Epoch  24/40  train=0.0073  val=0.0080  time=7.8s
Epoch  25/40  train=0.0080  val=0.0072  time=7.8s
Epoch  26/40  train=0.0070  val=0.0082  time=7.7s
Epoch  27/40  train=0.0095  val=0.0199  time=8.0s
Epoch  28/40  train=0.0073  val=0.0076  time=7.9s
Epoch  29/40  train=0.0076  val=0.0059  time=7.9s
Saved autoencoder to checkpoints/autoencoder_best.pt
  -> saved checkpoint (val=0.0059)
Epoch  30/40  train=0.0061  val=0.0073  time=7.9s
Epoch  31/40  train=0.0073  val=0.0067  time=8.0s
Epoch  32/40  train=0.0061  val=0.0056  time=7.8s
Saved autoencoder to checkpoints/autoencoder_best.pt
  -> saved checkpoint (val=0.0056)
Epoch  33/40  train=0.0073  val=0.0057  time=7.8s
Epoch  34/40  train=0.0062  val=0.0056  time=7.9s
Epoch  35/40  train=0.0053  val=0.0082  time=8.1s
Epoch  36/40  train=0.0071  val=0.0059  time=7.9s
Epoch  37/40  train=0.0046  val=0.0053  time=7.9s
Saved autoencoder to checkpoints/autoencoder_best.pt
  -> saved checkpoint (val=0.0053)
Epoch  38/40  train=0.0055  val=0.0085  time=7.8s
Epoch  39/40  train=0.0047  val=0.0052  time=7.9s
Saved autoencoder to checkpoints/autoencoder_best.pt
  -> saved checkpoint (val=0.0052)
Epoch  40/40  train=0.0060  val=0.0048  time=7.8s
Saved autoencoder to checkpoints/autoencoder_best.pt
  -> saved checkpoint (val=0.0048)

Encoder training complete. Best val loss: 0.0048
Losses saved to: results/encoder_losses.csv
=== Stage: encode ===
Loading low-drift float list...
Loading interpolated profiles...
Duplicate rows removed: 0

Low drift floats:    174
Depth observations:  1,251,804

Region distribution:
region
tropics               77
northeast_atlantic    37
subpolar              23
northwest_atlantic    18
subtropical_west      10
subtropical_east       9
Name: count, dtype: int64

O2 floats: 174 / 174

Float counts by split:
  train : 115 floats  (115 with O2)
  test  :  34 floats  (34 with O2)
  probe :  25 floats  (25 with O2)

Row counts by split:
split
train    840303
test     270173
probe    141328
Name: count, dtype: int64

Float counts by region and split:
split               probe  test  train
region                                
northeast_atlantic      5     7     25
northwest_atlantic      3     4     11
subpolar                4     4     15
subtropical_east        2     2      5
subtropical_west        2     2      6
tropics                 9    15     53
Latent train: 11511 casts
Latent val:   3701 casts
Latent probe: 1936 casts
Saved latent cycles to checkpoints/latent_cycles.pt
=== Stage: ode ===
Using device: cuda
Loading latent cycles from checkpoints/latent_cycles.pt
Building train windows...
Train windows: 1742
Building val windows...
Val windows: 627
Epoch   1/15  train=57.9370  val=13.1618  lr=5.00e-04  time=9.2s
  -> saved checkpoint (val=13.1618)
Epoch   2/15  train=4.3960  val=8.5385  lr=4.95e-04  time=8.6s
  -> saved checkpoint (val=8.5385)
Epoch   3/15  train=2.8189  val=6.7208  lr=4.78e-04  time=8.4s
  -> saved checkpoint (val=6.7208)
Epoch   4/15  train=2.2898  val=5.3772  lr=4.52e-04  time=8.3s
  -> saved checkpoint (val=5.3772)
Epoch   5/15  train=2.0154  val=4.6838  lr=4.17e-04  time=8.3s
  -> saved checkpoint (val=4.6838)
Epoch   6/15  train=1.8502  val=4.2797  lr=3.75e-04  time=8.2s
  -> saved checkpoint (val=4.2797)
Epoch   7/15  train=1.7290  val=3.9628  lr=3.28e-04  time=8.3s
  -> saved checkpoint (val=3.9628)
Epoch   8/15  train=1.6410  val=3.5868  lr=2.77e-04  time=8.3s
  -> saved checkpoint (val=3.5868)
Epoch   9/15  train=1.5625  val=3.5308  lr=2.24e-04  time=8.3s
  -> saved checkpoint (val=3.5308)
Epoch  10/15  train=1.5119  val=3.3154  lr=1.73e-04  time=8.3s
  -> saved checkpoint (val=3.3154)
Epoch  11/15  train=1.4676  val=3.2733  lr=1.26e-04  time=8.3s
  -> saved checkpoint (val=3.2733)
Epoch  12/15  train=1.4416  val=3.2126  lr=8.36e-05  time=8.3s
  -> saved checkpoint (val=3.2126)
Epoch  13/15  train=1.4220  val=3.1744  lr=4.87e-05  time=8.3s
  -> saved checkpoint (val=3.1744)
Epoch  14/15  train=1.4107  val=3.1359  lr=2.26e-05  time=8.3s
  -> saved checkpoint (val=3.1359)
Epoch  15/15  train=1.3998  val=3.1437  lr=6.45e-06  time=8.2s

NODE training complete. Best val loss: 3.1359
Losses saved to: results/node_losses.csv
=== Stage: gru ===
Using device: cuda
Loading latent cycles from checkpoints/latent_cycles.pt
Building train windows...
Train windows: 1742
Building val windows...
Val windows: 627
Epoch   1/15  train=24.5288  val=10.1246  time=0.9s
  -> saved checkpoint (val=10.1246)
Epoch   2/15  train=11.3224  val=4.2588  time=0.9s
  -> saved checkpoint (val=4.2588)
Epoch   3/15  train=6.3747  val=2.8374  time=0.9s
  -> saved checkpoint (val=2.8374)
Epoch   4/15  train=4.4289  val=2.2085  time=0.9s
  -> saved checkpoint (val=2.2085)
Epoch   5/15  train=3.4208  val=2.0641  time=0.9s
  -> saved checkpoint (val=2.0641)
Epoch   6/15  train=2.8946  val=1.9822  time=0.9s
  -> saved checkpoint (val=1.9822)
Epoch   7/15  train=2.5731  val=1.8600  time=0.9s
  -> saved checkpoint (val=1.8600)
Epoch   8/15  train=2.3379  val=1.7833  time=0.9s
  -> saved checkpoint (val=1.7833)
Epoch   9/15  train=2.1547  val=1.7634  time=0.9s
  -> saved checkpoint (val=1.7634)
Epoch  10/15  train=1.9611  val=1.7986  time=0.9s
Epoch  11/15  train=1.8191  val=1.7347  time=0.9s
  -> saved checkpoint (val=1.7347)
Epoch  12/15  train=1.6850  val=1.7202  time=0.9s
  -> saved checkpoint (val=1.7202)
Epoch  13/15  train=1.5607  val=1.7227  time=0.9s
Epoch  14/15  train=1.4619  val=1.6768  time=0.9s
  -> saved checkpoint (val=1.6768)
Epoch  15/15  train=1.3731  val=2.0157  time=0.9s

GRU training complete. Best val loss: 1.6768
Losses saved to: results/gru_losses.csv
=== Stage: probe ===
Loading low-drift float list...
Loading interpolated profiles...
Duplicate rows removed: 0

Low drift floats:    174
Depth observations:  1,251,804

Region distribution:
region
tropics               77
northeast_atlantic    37
subpolar              23
northwest_atlantic    18
subtropical_west      10
subtropical_east       9
Name: count, dtype: int64

O2 floats: 174 / 174

Float counts by split:
  train : 115 floats  (115 with O2)
  test  :  34 floats  (34 with O2)
  probe :  25 floats  (25 with O2)

Row counts by split:
split
train    840303
test     270173
probe    141328
Name: count, dtype: int64

Float counts by region and split:
split               probe  test  train
region                                
northeast_atlantic      5     7     25
northwest_atlantic      3     4     11
subpolar                4     4     15
subtropical_east        2     2      5
subtropical_west        2     2      6
tropics                 9    15     53
Probe casts: 1936
Using device: cuda
Building probe windows...
Probe windows: 97
Epoch   1/100  train=0.6101  val=0.1938  lr=1.00e-04  time=0.6s
  -> saved checkpoint (val=0.1938)
Epoch   2/100  train=0.3550  val=0.4307  lr=1.00e-04  time=0.5s
Epoch   3/100  train=0.2368  val=0.0617  lr=9.99e-05  time=0.5s
  -> saved checkpoint (val=0.0617)
Epoch   4/100  train=0.0746  val=0.2548  lr=9.98e-05  time=0.5s
Epoch   5/100  train=0.1880  val=0.1552  lr=9.96e-05  time=0.5s
Epoch   6/100  train=0.0688  val=0.0590  lr=9.94e-05  time=0.5s
  -> saved checkpoint (val=0.0590)
Epoch   7/100  train=0.0614  val=0.1199  lr=9.91e-05  time=0.5s
Epoch   8/100  train=0.0928  val=0.0608  lr=9.88e-05  time=0.5s
Epoch   9/100  train=0.0355  val=0.0680  lr=9.84e-05  time=0.5s
Epoch  10/100  train=0.0456  val=0.0890  lr=9.80e-05  time=0.5s
Epoch  11/100  train=0.0464  val=0.0475  lr=9.76e-05  time=0.5s
  -> saved checkpoint (val=0.0475)
Epoch  12/100  train=0.0279  val=0.0500  lr=9.71e-05  time=0.5s
Epoch  13/100  train=0.0351  val=0.0453  lr=9.65e-05  time=0.5s
  -> saved checkpoint (val=0.0453)
Epoch  14/100  train=0.0254  val=0.0427  lr=9.59e-05  time=0.5s
  -> saved checkpoint (val=0.0427)
Epoch  15/100  train=0.0213  val=0.0530  lr=9.53e-05  time=0.5s
Epoch  16/100  train=0.0233  val=0.0425  lr=9.46e-05  time=0.5s
  -> saved checkpoint (val=0.0425)
Epoch  17/100  train=0.0184  val=0.0372  lr=9.39e-05  time=0.5s
  -> saved checkpoint (val=0.0372)
Epoch  18/100  train=0.0213  val=0.0368  lr=9.31e-05  time=0.5s
  -> saved checkpoint (val=0.0368)
Epoch  19/100  train=0.0193  val=0.0376  lr=9.23e-05  time=0.5s
Epoch  20/100  train=0.0214  val=0.0407  lr=9.14e-05  time=0.5s
Epoch  21/100  train=0.0171  val=0.0362  lr=9.05e-05  time=0.5s
  -> saved checkpoint (val=0.0362)
Epoch  22/100  train=0.0201  val=0.0350  lr=8.96e-05  time=0.5s
  -> saved checkpoint (val=0.0350)
Epoch  23/100  train=0.0205  val=0.0348  lr=8.86e-05  time=0.5s
  -> saved checkpoint (val=0.0348)
Epoch  24/100  train=0.0193  val=0.0359  lr=8.76e-05  time=0.5s
Epoch  25/100  train=0.0175  val=0.0361  lr=8.66e-05  time=0.5s
Epoch  26/100  train=0.0177  val=0.0348  lr=8.55e-05  time=0.5s
  -> saved checkpoint (val=0.0348)
Epoch  27/100  train=0.0211  val=0.0343  lr=8.44e-05  time=0.5s
  -> saved checkpoint (val=0.0343)
Epoch  28/100  train=0.0194  val=0.0350  lr=8.32e-05  time=0.5s
Epoch  29/100  train=0.0168  val=0.0357  lr=8.21e-05  time=0.5s
Epoch  30/100  train=0.0186  val=0.0349  lr=8.08e-05  time=0.5s
Epoch  31/100  train=0.0178  val=0.0341  lr=7.96e-05  time=0.5s
  -> saved checkpoint (val=0.0341)
Epoch  32/100  train=0.0182  val=0.0343  lr=7.83e-05  time=0.5s
Epoch  33/100  train=0.0161  val=0.0351  lr=7.70e-05  time=0.5s
Epoch  34/100  train=0.0179  val=0.0348  lr=7.57e-05  time=0.5s
Epoch  35/100  train=0.0179  val=0.0343  lr=7.43e-05  time=0.5s
Epoch  36/100  train=0.0171  val=0.0341  lr=7.30e-05  time=0.5s
Epoch  37/100  train=0.0181  val=0.0345  lr=7.16e-05  time=0.5s
Epoch  38/100  train=0.0161  val=0.0346  lr=7.02e-05  time=0.5s
Epoch  39/100  train=0.0173  val=0.0345  lr=6.87e-05  time=0.5s
Epoch  40/100  train=0.0180  val=0.0341  lr=6.73e-05  time=0.5s
  -> saved checkpoint (val=0.0341)
Epoch  41/100  train=0.0172  val=0.0344  lr=6.58e-05  time=0.5s
Epoch  42/100  train=0.0158  val=0.0346  lr=6.43e-05  time=0.5s
Epoch  43/100  train=0.0185  val=0.0341  lr=6.28e-05  time=0.5s
Epoch  44/100  train=0.0170  val=0.0338  lr=6.13e-05  time=0.5s
  -> saved checkpoint (val=0.0338)
Epoch  45/100  train=0.0200  val=0.0342  lr=5.98e-05  time=0.5s
Epoch  46/100  train=0.0175  val=0.0345  lr=5.82e-05  time=0.5s
Epoch  47/100  train=0.0177  val=0.0342  lr=5.67e-05  time=0.5s
Epoch  48/100  train=0.0156  val=0.0338  lr=5.52e-05  time=0.5s
  -> saved checkpoint (val=0.0338)
Epoch  49/100  train=0.0154  val=0.0339  lr=5.36e-05  time=0.5s
Epoch  50/100  train=0.0149  val=0.0343  lr=5.21e-05  time=0.5s
Epoch  51/100  train=0.0173  val=0.0344  lr=5.05e-05  time=0.5s
Epoch  52/100  train=0.0172  val=0.0337  lr=4.89e-05  time=0.5s
  -> saved checkpoint (val=0.0337)
Epoch  53/100  train=0.0164  val=0.0336  lr=4.74e-05  time=0.5s
  -> saved checkpoint (val=0.0336)
Epoch  54/100  train=0.0151  val=0.0339  lr=4.58e-05  time=0.5s
Epoch  55/100  train=0.0168  val=0.0343  lr=4.43e-05  time=0.5s
Epoch  56/100  train=0.0143  val=0.0342  lr=4.28e-05  time=0.5s
Epoch  57/100  train=0.0324  val=0.0333  lr=4.12e-05  time=0.5s
  -> saved checkpoint (val=0.0333)
Epoch  58/100  train=0.0172  val=0.0331  lr=3.97e-05  time=0.5s
  -> saved checkpoint (val=0.0331)
Epoch  59/100  train=0.0167  val=0.0332  lr=3.82e-05  time=0.5s
Epoch  60/100  train=0.0170  val=0.0347  lr=3.67e-05  time=0.5s
Epoch  61/100  train=0.0173  val=0.0351  lr=3.52e-05  time=0.5s
Epoch  62/100  train=0.0166  val=0.0338  lr=3.37e-05  time=0.5s
Epoch  63/100  train=0.0191  val=0.0331  lr=3.23e-05  time=0.5s
Epoch  64/100  train=0.0180  val=0.0330  lr=3.08e-05  time=0.5s
  -> saved checkpoint (val=0.0330)
Epoch  65/100  train=0.0167  val=0.0332  lr=2.94e-05  time=0.5s
Epoch  66/100  train=0.0175  val=0.0337  lr=2.80e-05  time=0.5s
Epoch  67/100  train=0.0157  val=0.0341  lr=2.67e-05  time=0.5s
Epoch  68/100  train=0.0163  val=0.0341  lr=2.53e-05  time=0.5s
Epoch  69/100  train=0.0187  val=0.0337  lr=2.40e-05  time=0.5s
Epoch  70/100  train=0.0150  val=0.0333  lr=2.27e-05  time=0.5s
Epoch  71/100  train=0.0181  val=0.0332  lr=2.14e-05  time=0.5s
Epoch  72/100  train=0.0165  val=0.0333  lr=2.02e-05  time=0.5s
Epoch  73/100  train=0.0152  val=0.0335  lr=1.89e-05  time=0.5s
Epoch  74/100  train=0.0141  val=0.0337  lr=1.78e-05  time=0.5s
Epoch  75/100  train=0.0179  val=0.0337  lr=1.66e-05  time=0.5s
Epoch  76/100  train=0.0172  val=0.0337  lr=1.55e-05  time=0.5s
Epoch  77/100  train=0.0155  val=0.0337  lr=1.44e-05  time=0.5s
Epoch  78/100  train=0.0142  val=0.0336  lr=1.34e-05  time=0.5s
Epoch  79/100  train=0.0167  val=0.0336  lr=1.24e-05  time=0.5s
Epoch  80/100  train=0.0146  val=0.0335  lr=1.14e-05  time=0.5s
Epoch  81/100  train=0.0174  val=0.0335  lr=1.05e-05  time=0.5s
Epoch  82/100  train=0.0162  val=0.0335  lr=9.56e-06  time=0.5s
Epoch  83/100  train=0.0157  val=0.0335  lr=8.71e-06  time=0.5s
Epoch  84/100  train=0.0145  val=0.0335  lr=7.89e-06  time=0.5s
Epoch  85/100  train=0.0169  val=0.0336  lr=7.12e-06  time=0.5s
Epoch  86/100  train=0.0146  val=0.0336  lr=6.40e-06  time=0.5s
Epoch  87/100  train=0.0151  val=0.0336  lr=5.71e-06  time=0.5s
Epoch  88/100  train=0.0156  val=0.0336  lr=5.07e-06  time=0.5s
Epoch  89/100  train=0.0159  val=0.0336  lr=4.48e-06  time=0.5s
Epoch  90/100  train=0.0171  val=0.0336  lr=3.93e-06  time=0.5s
Epoch  91/100  train=0.0164  val=0.0336  lr=3.42e-06  time=0.5s
Epoch  92/100  train=0.0164  val=0.0335  lr=2.97e-06  time=0.5s
Epoch  93/100  train=0.0176  val=0.0335  lr=2.56e-06  time=0.5s
Epoch  94/100  train=0.0144  val=0.0335  lr=2.19e-06  time=0.5s
Epoch  95/100  train=0.0206  val=0.0335  lr=1.88e-06  time=0.5s
Epoch  96/100  train=0.0168  val=0.0334  lr=1.61e-06  time=0.5s
Epoch  97/100  train=0.0162  val=0.0334  lr=1.39e-06  time=0.5s
Epoch  98/100  train=0.0170  val=0.0334  lr=1.22e-06  time=0.5s
Epoch  99/100  train=0.0140  val=0.0334  lr=1.10e-06  time=0.5s
Epoch 100/100  train=0.0154  val=0.0334  lr=1.02e-06  time=0.5s

Probe training complete. Best val loss: 0.0330
Losses saved to: results/probe_losses.csv
=== Stage: probe_baseline ===
Loading low-drift float list...
Loading interpolated profiles...
Duplicate rows removed: 0

Low drift floats:    174
Depth observations:  1,251,804

Region distribution:
region
tropics               77
northeast_atlantic    37
subpolar              23
northwest_atlantic    18
subtropical_west      10
subtropical_east       9
Name: count, dtype: int64

O2 floats: 174 / 174

Float counts by split:
  train : 115 floats  (115 with O2)
  test  :  34 floats  (34 with O2)
  probe :  25 floats  (25 with O2)

Row counts by split:
split
train    840303
test     270173
probe    141328
Name: count, dtype: int64

Float counts by region and split:
split               probe  test  train
region                                
northeast_atlantic      5     7     25
northwest_atlantic      3     4     11
subpolar                4     4     15
subtropical_east        2     2      5
subtropical_west        2     2      6
tropics                 9    15     53
Probe casts: 1936
Using device: cuda
Building probe windows...
Probe windows: 97
Epoch   1/100  train=211.9334  val=113.7221  time=0.4s
  -> saved checkpoint (val=113.7221)
Epoch   2/100  train=179.0455  val=34.1409  time=0.4s
  -> saved checkpoint (val=34.1409)
Epoch   3/100  train=36.4735  val=219.9595  time=0.4s
Epoch   4/100  train=121.3097  val=4.0788  time=0.4s
  -> saved checkpoint (val=4.0788)
Epoch   5/100  train=53.2574  val=81.7270  time=0.4s
Epoch   6/100  train=32.1249  val=25.2346  time=0.4s
Epoch   7/100  train=36.8408  val=26.9759  time=0.4s
Epoch   8/100  train=10.6762  val=27.7619  time=0.4s
Epoch   9/100  train=25.6463  val=4.3956  time=0.4s
Epoch  10/100  train=5.4424  val=19.6004  time=0.4s
Epoch  11/100  train=11.2323  val=0.6180  time=0.4s
  -> saved checkpoint (val=0.6180)
Epoch  12/100  train=6.1503  val=10.2393  time=0.4s
Epoch  13/100  train=3.5884  val=3.6054  time=0.4s
Epoch  14/100  train=4.3869  val=1.8497  time=0.4s
Epoch  15/100  train=1.0244  val=4.7678  time=0.4s
Epoch  16/100  train=3.0085  val=0.1286  time=0.4s
  -> saved checkpoint (val=0.1286)
Epoch  17/100  train=1.7522  val=2.0879  time=0.4s
Epoch  18/100  train=0.8291  val=2.2863  time=0.4s
Epoch  19/100  train=1.5688  val=0.0459  time=0.4s
  -> saved checkpoint (val=0.0459)
Epoch  20/100  train=0.6961  val=1.0021  time=0.4s
Epoch  21/100  train=0.4246  val=0.8459  time=0.4s
Epoch  22/100  train=0.4962  val=0.0630  time=0.4s
Epoch  23/100  train=0.2377  val=0.2429  time=0.4s
Epoch  24/100  train=0.1349  val=0.3108  time=0.4s
Epoch  25/100  train=0.1382  val=0.0860  time=0.4s
Epoch  26/100  train=0.1239  val=0.0474  time=0.4s
Epoch  27/100  train=0.0638  val=0.1389  time=0.4s
Epoch  28/100  train=0.0540  val=0.1048  time=0.4s
Epoch  29/100  train=0.0656  val=0.0578  time=0.4s
Epoch  30/100  train=0.0524  val=0.0496  time=0.4s
Epoch  31/100  train=0.0386  val=0.0568  time=0.4s
Epoch  32/100  train=0.0383  val=0.0667  time=0.4s
Epoch  33/100  train=0.0295  val=0.0482  time=0.4s
Epoch  34/100  train=0.0278  val=0.0438  time=0.4s
  -> saved checkpoint (val=0.0438)
Epoch  35/100  train=0.0242  val=0.0434  time=0.4s
  -> saved checkpoint (val=0.0434)
Epoch  36/100  train=0.0232  val=0.0414  time=0.4s
  -> saved checkpoint (val=0.0414)
Epoch  37/100  train=0.0221  val=0.0452  time=0.4s
Epoch  38/100  train=0.0232  val=0.0397  time=0.4s
  -> saved checkpoint (val=0.0397)
Epoch  39/100  train=0.0212  val=0.0404  time=0.4s
Epoch  40/100  train=0.0218  val=0.0382  time=0.4s
  -> saved checkpoint (val=0.0382)
Epoch  41/100  train=0.0217  val=0.0374  time=0.4s
  -> saved checkpoint (val=0.0374)
Epoch  42/100  train=0.0197  val=0.0396  time=0.4s
Epoch  43/100  train=0.0170  val=0.0374  time=0.4s
  -> saved checkpoint (val=0.0374)
Epoch  44/100  train=0.0189  val=0.0405  time=0.4s
Epoch  45/100  train=0.0194  val=0.0359  time=0.4s
  -> saved checkpoint (val=0.0359)
Epoch  46/100  train=0.0193  val=0.0370  time=0.4s
Epoch  47/100  train=0.0176  val=0.0362  time=0.4s
Epoch  48/100  train=0.0191  val=0.0357  time=0.4s
  -> saved checkpoint (val=0.0357)
Epoch  49/100  train=0.0231  val=0.0368  time=0.4s
Epoch  50/100  train=0.0162  val=0.0356  time=0.4s
  -> saved checkpoint (val=0.0356)
Epoch  51/100  train=0.0165  val=0.0374  time=0.4s
Epoch  52/100  train=0.0177  val=0.0357  time=0.4s
Epoch  53/100  train=0.0199  val=0.0365  time=0.4s
Epoch  54/100  train=0.0179  val=0.0360  time=0.4s
Epoch  55/100  train=0.0194  val=0.0365  time=0.4s
Epoch  56/100  train=0.0206  val=0.0358  time=0.4s
Epoch  57/100  train=0.0180  val=0.0360  time=0.4s
Epoch  58/100  train=0.0179  val=0.0361  time=0.4s
Epoch  59/100  train=0.0207  val=0.0357  time=0.4s
Epoch  60/100  train=0.0172  val=0.0358  time=0.4s
Epoch  61/100  train=0.0179  val=0.0355  time=0.4s
  -> saved checkpoint (val=0.0355)
Epoch  62/100  train=0.0186  val=0.0360  time=0.4s
Epoch  63/100  train=0.0142  val=0.0350  time=0.4s
  -> saved checkpoint (val=0.0350)
Epoch  64/100  train=0.0177  val=0.0365  time=0.4s
Epoch  65/100  train=0.0194  val=0.0351  time=0.4s
Epoch  66/100  train=0.0179  val=0.0363  time=0.4s
Epoch  67/100  train=0.0197  val=0.0350  time=0.4s
  -> saved checkpoint (val=0.0350)
Epoch  68/100  train=0.0154  val=0.0360  time=0.4s
Epoch  69/100  train=0.0199  val=0.0349  time=0.4s
  -> saved checkpoint (val=0.0349)
Epoch  70/100  train=0.0182  val=0.0361  time=0.4s
Epoch  71/100  train=0.0189  val=0.0348  time=0.4s
  -> saved checkpoint (val=0.0348)
Epoch  72/100  train=0.0187  val=0.0358  time=0.4s
Epoch  73/100  train=0.0188  val=0.0347  time=0.4s
  -> saved checkpoint (val=0.0347)
Epoch  74/100  train=0.0212  val=0.0364  time=0.4s
Epoch  75/100  train=0.0198  val=0.0348  time=0.4s
Epoch  76/100  train=0.0181  val=0.0357  time=0.4s
Epoch  77/100  train=0.0170  val=0.0346  time=0.4s
  -> saved checkpoint (val=0.0346)
Epoch  78/100  train=0.0180  val=0.0360  time=0.4s
Epoch  79/100  train=0.0174  val=0.0345  time=0.4s
  -> saved checkpoint (val=0.0345)
Epoch  80/100  train=0.0181  val=0.0360  time=0.4s
Epoch  81/100  train=0.0185  val=0.0345  time=0.4s
  -> saved checkpoint (val=0.0345)
Epoch  82/100  train=0.0165  val=0.0359  time=0.4s
Epoch  83/100  train=0.0171  val=0.0345  time=0.4s
Epoch  84/100  train=0.0148  val=0.0360  time=0.4s
Epoch  85/100  train=0.0187  val=0.0346  time=0.4s
Epoch  86/100  train=0.0160  val=0.0362  time=0.4s
Epoch  87/100  train=0.0171  val=0.0346  time=0.4s
Epoch  88/100  train=0.0171  val=0.0353  time=0.4s
Epoch  89/100  train=0.0153  val=0.0349  time=0.4s
Epoch  90/100  train=0.0166  val=0.0352  time=0.4s
Epoch  91/100  train=0.0162  val=0.0346  time=0.4s
Epoch  92/100  train=0.0177  val=0.0349  time=0.4s
Epoch  93/100  train=0.0183  val=0.0347  time=0.4s
Epoch  94/100  train=0.0183  val=0.0353  time=0.4s
Epoch  95/100  train=0.0149  val=0.0345  time=0.4s
  -> saved checkpoint (val=0.0345)
Epoch  96/100  train=0.0138  val=0.0363  time=0.4s
Epoch  97/100  train=0.0175  val=0.0346  time=0.4s
Epoch  98/100  train=0.0181  val=0.0359  time=0.4s
Epoch  99/100  train=0.0187  val=0.0348  time=0.4s
Epoch 100/100  train=0.0194  val=0.0345  time=0.4s

Baseline training complete. Best val loss: 0.0345
Checkpoint saved to: checkpoints/probe_baseline_best.pt
=== Stage: gru_probe ===
Loading low-drift float list...
Loading interpolated profiles...
Duplicate rows removed: 0

Low drift floats:    174
Depth observations:  1,251,804

Region distribution:
region
tropics               77
northeast_atlantic    37
subpolar              23
northwest_atlantic    18
subtropical_west      10
subtropical_east       9
Name: count, dtype: int64

O2 floats: 174 / 174

Float counts by split:
  train : 115 floats  (115 with O2)
  test  :  34 floats  (34 with O2)
  probe :  25 floats  (25 with O2)

Row counts by split:
split
train    840303
test     270173
probe    141328
Name: count, dtype: int64

Float counts by region and split:
split               probe  test  train
region                                
northeast_atlantic      5     7     25
northwest_atlantic      3     4     11
subpolar                4     4     15
subtropical_east        2     2      5
subtropical_west        2     2      6
tropics                 9    15     53
Probe casts: 1936
Using device: cuda
Building probe windows...
Probe windows: 97
Epoch   1/100  train=5.4631  val=1.8426  time=0.4s
  -> saved checkpoint (val=1.8426)
Epoch   2/100  train=2.8986  val=0.1164  time=0.4s
  -> saved checkpoint (val=0.1164)
Epoch   3/100  train=1.5801  val=1.2337  time=0.4s
Epoch   4/100  train=0.5825  val=1.4206  time=0.4s
Epoch   5/100  train=0.7775  val=0.1983  time=0.4s
Epoch   6/100  train=0.5087  val=0.3056  time=0.4s
Epoch   7/100  train=0.1826  val=0.4308  time=0.4s
Epoch   8/100  train=0.2371  val=0.1136  time=0.4s
  -> saved checkpoint (val=0.1136)
Epoch   9/100  train=0.1853  val=0.1219  time=0.4s
Epoch  10/100  train=0.0693  val=0.1736  time=0.4s
Epoch  11/100  train=0.0934  val=0.0800  time=0.4s
  -> saved checkpoint (val=0.0800)
Epoch  12/100  train=0.0794  val=0.0454  time=0.4s
  -> saved checkpoint (val=0.0454)
Epoch  13/100  train=0.0422  val=0.0980  time=0.4s
Epoch  14/100  train=0.0467  val=0.0775  time=0.4s
Epoch  15/100  train=0.0510  val=0.0321  time=0.4s
  -> saved checkpoint (val=0.0321)
Epoch  16/100  train=0.0345  val=0.0410  time=0.4s
Epoch  17/100  train=0.0268  val=0.0674  time=0.4s
Epoch  18/100  train=0.0289  val=0.0402  time=0.4s
Epoch  19/100  train=0.0277  val=0.0351  time=0.4s
Epoch  20/100  train=0.0234  val=0.0346  time=0.4s
Epoch  21/100  train=0.0213  val=0.0343  time=0.4s
Epoch  22/100  train=0.0189  val=0.0415  time=0.4s
Epoch  23/100  train=0.0196  val=0.0326  time=0.4s
Epoch  24/100  train=0.0182  val=0.0334  time=0.4s
Epoch  25/100  train=0.0159  val=0.0316  time=0.4s
  -> saved checkpoint (val=0.0316)
Epoch  26/100  train=0.0158  val=0.0308  time=0.4s
  -> saved checkpoint (val=0.0308)
Epoch  27/100  train=0.0169  val=0.0334  time=0.4s
Epoch  28/100  train=0.0157  val=0.0309  time=0.4s
Epoch  29/100  train=0.0171  val=0.0321  time=0.4s
Epoch  30/100  train=0.0163  val=0.0311  time=0.4s
Epoch  31/100  train=0.0143  val=0.0320  time=0.4s
Epoch  32/100  train=0.0166  val=0.0309  time=0.4s
Epoch  33/100  train=0.0148  val=0.0317  time=0.4s
Epoch  34/100  train=0.0152  val=0.0312  time=0.4s
Epoch  35/100  train=0.0160  val=0.0321  time=0.4s
Epoch  36/100  train=0.0149  val=0.0308  time=0.4s
Epoch  37/100  train=0.0143  val=0.0330  time=0.4s
Epoch  38/100  train=0.0160  val=0.0307  time=0.4s
  -> saved checkpoint (val=0.0307)
Epoch  39/100  train=0.0153  val=0.0336  time=0.4s
Epoch  40/100  train=0.0149  val=0.0303  time=0.4s
  -> saved checkpoint (val=0.0303)
Epoch  41/100  train=0.0134  val=0.0327  time=0.4s
Epoch  42/100  train=0.0136  val=0.0307  time=0.4s
Epoch  43/100  train=0.0133  val=0.0341  time=0.4s
Epoch  44/100  train=0.0144  val=0.0308  time=0.4s
Epoch  45/100  train=0.0153  val=0.0338  time=0.4s
Epoch  46/100  train=0.0160  val=0.0303  time=0.4s
  -> saved checkpoint (val=0.0303)
Epoch  47/100  train=0.0157  val=0.0320  time=0.4s
Epoch  48/100  train=0.0143  val=0.0303  time=0.4s
Epoch  49/100  train=0.0131  val=0.0339  time=0.4s
Epoch  50/100  train=0.0142  val=0.0305  time=0.4s
Epoch  51/100  train=0.0152  val=0.0330  time=0.4s
Epoch  52/100  train=0.0143  val=0.0304  time=0.4s
Epoch  53/100  train=0.0130  val=0.0323  time=0.4s
Epoch  54/100  train=0.0145  val=0.0305  time=0.4s
Epoch  55/100  train=0.0137  val=0.0309  time=0.4s
Epoch  56/100  train=0.0113  val=0.0317  time=0.4s
Epoch  57/100  train=0.0145  val=0.0309  time=0.4s
Epoch  58/100  train=0.0132  val=0.0316  time=0.4s
Epoch  59/100  train=0.0153  val=0.0307  time=0.4s
Epoch  60/100  train=0.0141  val=0.0315  time=0.4s
Epoch  61/100  train=0.0153  val=0.0300  time=0.4s
  -> saved checkpoint (val=0.0300)
Epoch  62/100  train=0.0148  val=0.0311  time=0.4s
Epoch  63/100  train=0.0148  val=0.0302  time=0.4s
Epoch  64/100  train=0.0138  val=0.0315  time=0.4s
Epoch  65/100  train=0.0139  val=0.0314  time=0.4s
Epoch  66/100  train=0.0149  val=0.0305  time=0.4s
Epoch  67/100  train=0.0143  val=0.0310  time=0.4s
Epoch  68/100  train=0.0123  val=0.0310  time=0.4s
Epoch  69/100  train=0.0144  val=0.0302  time=0.4s
Epoch  70/100  train=0.0148  val=0.0325  time=0.4s
Epoch  71/100  train=0.0130  val=0.0299  time=0.4s
  -> saved checkpoint (val=0.0299)
Epoch  72/100  train=0.0164  val=0.0320  time=0.4s
Epoch  73/100  train=0.0114  val=0.0307  time=0.4s
Epoch  74/100  train=0.0123  val=0.0312  time=0.4s
Epoch  75/100  train=0.0148  val=0.0315  time=0.4s
Epoch  76/100  train=0.0131  val=0.0308  time=0.4s
Epoch  77/100  train=0.0129  val=0.0310  time=0.4s
Epoch  78/100  train=0.0131  val=0.0301  time=0.4s
Epoch  79/100  train=0.0133  val=0.0315  time=0.4s
Epoch  80/100  train=0.0155  val=0.0306  time=0.4s
Epoch  81/100  train=0.0153  val=0.0300  time=0.4s
Epoch  82/100  train=0.0150  val=0.0317  time=0.4s
Epoch  83/100  train=0.0133  val=0.0306  time=0.4s
Epoch  84/100  train=0.0131  val=0.0304  time=0.4s
Epoch  85/100  train=0.0137  val=0.0319  time=0.4s
Epoch  86/100  train=0.0134  val=0.0305  time=0.4s
Epoch  87/100  train=0.0150  val=0.0300  time=0.4s
Epoch  88/100  train=0.0155  val=0.0326  time=0.4s
Epoch  89/100  train=0.0129  val=0.0299  time=0.4s
Epoch  90/100  train=0.0132  val=0.0313  time=0.4s
Epoch  91/100  train=0.0134  val=0.0307  time=0.4s
Epoch  92/100  train=0.0107  val=0.0302  time=0.4s
Epoch  93/100  train=0.0125  val=0.0315  time=0.4s
Epoch  94/100  train=0.0124  val=0.0312  time=0.4s
Epoch  95/100  train=0.0130  val=0.0304  time=0.4s
Epoch  96/100  train=0.0170  val=0.0301  time=0.4s
Epoch  97/100  train=0.0135  val=0.0350  time=0.4s
Epoch  98/100  train=0.0154  val=0.0299  time=0.4s
Epoch  99/100  train=0.0146  val=0.0300  time=0.4s
Epoch 100/100  train=0.0137  val=0.0347  time=0.4s

GRU probe training complete. Best val loss: 0.0299
Losses saved to: results/gru_probe_losses.csv
=== Stage: finetune ===
Loading low-drift float list...
Loading interpolated profiles...
Duplicate rows removed: 0

Low drift floats:    174
Depth observations:  1,251,804

Region distribution:
region
tropics               77
northeast_atlantic    37
subpolar              23
northwest_atlantic    18
subtropical_west      10
subtropical_east       9
Name: count, dtype: int64

O2 floats: 174 / 174

Float counts by split:
  train : 115 floats  (115 with O2)
  test  :  34 floats  (34 with O2)
  probe :  25 floats  (25 with O2)

Row counts by split:
split
train    840303
test     270173
probe    141328
Name: count, dtype: int64

Float counts by region and split:
split               probe  test  train
region                                
northeast_atlantic      5     7     25
northwest_atlantic      3     4     11
subpolar                4     4     15
subtropical_east        2     2      5
subtropical_west        2     2      6
tropics                 9    15     53
Using device: cuda
Loading pretrained checkpoints...
  Loaded pretrained probe head.
Building joint windows...
Joint windows: 2163
Epoch   1/100  loss=126.3269  ts_raw=0.0096  ts_evo=0.0359  oxy=252.5986  lr=1.00e-04  time=10.9s
  -> saved checkpoint (val=126.3269)
Epoch   2/100  loss=126.2224  ts_raw=0.0096  ts_evo=0.0355  oxy=252.3901  lr=1.00e-04  time=11.0s
  -> saved checkpoint (val=126.2224)
Epoch   3/100  loss=126.1456  ts_raw=0.0097  ts_evo=0.0352  oxy=252.2366  lr=9.99e-05  time=11.2s
  -> saved checkpoint (val=126.1456)
Epoch   4/100  loss=126.1297  ts_raw=0.0099  ts_evo=0.0351  oxy=252.2045  lr=9.98e-05  time=11.0s
  -> saved checkpoint (val=126.1297)
Epoch   5/100  loss=126.1637  ts_raw=0.0096  ts_evo=0.0304  oxy=252.2777  lr=9.96e-05  time=11.0s
Epoch   6/100  loss=126.2836  ts_raw=0.0097  ts_evo=0.0328  oxy=252.5150  lr=9.94e-05  time=11.3s
Epoch   7/100  loss=126.1343  ts_raw=0.0097  ts_evo=0.0374  oxy=252.2119  lr=9.91e-05  time=11.2s
Epoch   8/100  loss=126.2344  ts_raw=0.0096  ts_evo=0.0305  oxy=252.4191  lr=9.88e-05  time=11.3s
Epoch   9/100  loss=126.1470  ts_raw=0.0097  ts_evo=0.0297  oxy=252.2450  lr=9.84e-05  time=11.3s
Epoch  10/100  loss=126.0858  ts_raw=0.0099  ts_evo=0.0319  oxy=252.1200  lr=9.80e-05  time=11.6s
  -> saved checkpoint (val=126.0858)
Epoch  11/100  loss=126.1453  ts_raw=0.0098  ts_evo=0.0308  oxy=252.2403  lr=9.76e-05  time=11.3s
Epoch  12/100  loss=126.2263  ts_raw=0.0099  ts_evo=0.0355  oxy=252.3973  lr=9.71e-05  time=11.4s
Epoch  13/100  loss=126.1491  ts_raw=0.0100  ts_evo=0.0291  oxy=252.2492  lr=9.65e-05  time=11.7s
Epoch  14/100  loss=126.1155  ts_raw=0.0100  ts_evo=0.0280  oxy=252.1829  lr=9.59e-05  time=11.5s
Epoch  15/100  loss=126.1927  ts_raw=0.0101  ts_evo=0.0289  oxy=252.3364  lr=9.53e-05  time=11.4s
Epoch  16/100  loss=126.0964  ts_raw=0.0103  ts_evo=0.0288  oxy=252.1435  lr=9.46e-05  time=11.5s
Epoch  17/100  loss=126.0798  ts_raw=0.0106  ts_evo=0.0392  oxy=252.0991  lr=9.39e-05  time=11.8s
  -> saved checkpoint (val=126.0798)
Epoch  18/100  loss=126.1812  ts_raw=0.0103  ts_evo=0.0304  oxy=252.3115  lr=9.31e-05  time=11.5s
Epoch  19/100  loss=126.0787  ts_raw=0.0105  ts_evo=0.0300  oxy=252.1064  lr=9.23e-05  time=11.5s
  -> saved checkpoint (val=126.0787)
Epoch  20/100  loss=126.0396  ts_raw=0.0107  ts_evo=0.0378  oxy=252.0200  lr=9.14e-05  time=11.9s
  -> saved checkpoint (val=126.0396)
Epoch  21/100  loss=126.1707  ts_raw=0.0110  ts_evo=0.0342  oxy=252.2854  lr=9.05e-05  time=11.6s
Epoch  22/100  loss=126.0768  ts_raw=0.0107  ts_evo=0.0277  oxy=252.1044  lr=8.96e-05  time=11.5s
Epoch  23/100  loss=126.1869  ts_raw=0.0111  ts_evo=0.0395  oxy=252.3121  lr=8.86e-05  time=11.6s
Epoch  24/100  loss=126.1756  ts_raw=0.0114  ts_evo=0.0441  oxy=252.2843  lr=8.76e-05  time=11.7s
Epoch  25/100  loss=126.3474  ts_raw=0.0120  ts_evo=0.0505  oxy=252.6203  lr=8.66e-05  time=11.7s
Epoch  26/100  loss=126.1367  ts_raw=0.0107  ts_evo=0.0309  oxy=252.2211  lr=8.55e-05  time=11.5s
Epoch  27/100  loss=126.0511  ts_raw=0.0109  ts_evo=0.0308  oxy=252.0495  lr=8.44e-05  time=11.9s
Epoch  28/100  loss=126.0048  ts_raw=0.0112  ts_evo=0.0351  oxy=251.9521  lr=8.32e-05  time=12.3s
  -> saved checkpoint (val=126.0048)
Epoch  29/100  loss=126.0018  ts_raw=0.0113  ts_evo=0.0352  oxy=251.9457  lr=8.21e-05  time=11.4s
  -> saved checkpoint (val=126.0018)
Epoch  30/100  loss=126.0378  ts_raw=0.0116  ts_evo=0.0294  oxy=252.0230  lr=8.08e-05  time=11.6s
Epoch  31/100  loss=125.9385  ts_raw=0.0115  ts_evo=0.0333  oxy=251.8207  lr=7.96e-05  time=11.9s
  -> saved checkpoint (val=125.9385)
Epoch  32/100  loss=125.9191  ts_raw=0.0115  ts_evo=0.0318  oxy=251.7834  lr=7.83e-05  time=11.6s
  -> saved checkpoint (val=125.9191)
Epoch  33/100  loss=125.9039  ts_raw=0.0113  ts_evo=0.0361  oxy=251.7492  lr=7.70e-05  time=11.6s
  -> saved checkpoint (val=125.9039)
Epoch  34/100  loss=125.9633  ts_raw=0.0118  ts_evo=0.0341  oxy=251.8688  lr=7.57e-05  time=11.8s
Epoch  35/100  loss=125.9685  ts_raw=0.0116  ts_evo=0.0338  oxy=251.8800  lr=7.43e-05  time=11.7s
Epoch  36/100  loss=126.0119  ts_raw=0.0115  ts_evo=0.0315  oxy=251.9693  lr=7.30e-05  time=11.7s
Epoch  37/100  loss=126.5023  ts_raw=0.0138  ts_evo=0.0809  oxy=252.8961  lr=7.16e-05  time=12.0s
Epoch  38/100  loss=126.1854  ts_raw=0.0120  ts_evo=0.0337  oxy=252.3130  lr=7.02e-05  time=11.9s
Epoch  39/100  loss=126.0538  ts_raw=0.0120  ts_evo=0.0303  oxy=252.0534  lr=6.87e-05  time=11.7s
Epoch  40/100  loss=126.2120  ts_raw=0.0122  ts_evo=0.0338  oxy=252.3658  lr=6.73e-05  time=11.6s
Epoch  41/100  loss=126.2785  ts_raw=0.0127  ts_evo=0.0364  oxy=252.4950  lr=6.58e-05  time=11.6s
Epoch  42/100  loss=125.9887  ts_raw=0.0121  ts_evo=0.0302  oxy=251.9229  lr=6.43e-05  time=11.9s
Epoch  43/100  loss=126.0456  ts_raw=0.0122  ts_evo=0.0328  oxy=252.0340  lr=6.28e-05  time=11.7s
Epoch  44/100  loss=125.8723  ts_raw=0.0123  ts_evo=0.0371  oxy=251.6829  lr=6.13e-05  time=11.8s
  -> saved checkpoint (val=125.8723)
Epoch  45/100  loss=126.3958  ts_raw=0.0126  ts_evo=0.0635  oxy=252.7029  lr=5.98e-05  time=11.8s
Epoch  46/100  loss=126.0618  ts_raw=0.0127  ts_evo=0.0326  oxy=252.0655  lr=5.82e-05  time=11.6s
Epoch  47/100  loss=125.9691  ts_raw=0.0127  ts_evo=0.0336  oxy=251.8792  lr=5.67e-05  time=11.7s
Epoch  48/100  loss=125.9212  ts_raw=0.0123  ts_evo=0.0325  oxy=251.7853  lr=5.52e-05  time=11.7s
Epoch  49/100  loss=125.8650  ts_raw=0.0123  ts_evo=0.0339  oxy=251.6716  lr=5.36e-05  time=11.9s
  -> saved checkpoint (val=125.8650)
Epoch  50/100  loss=125.8241  ts_raw=0.0121  ts_evo=0.0335  oxy=251.5906  lr=5.21e-05  time=11.7s
  -> saved checkpoint (val=125.8241)
Epoch  51/100  loss=125.8215  ts_raw=0.0125  ts_evo=0.0361  oxy=251.5820  lr=5.05e-05  time=11.6s
  -> saved checkpoint (val=125.8215)
Epoch  52/100  loss=125.7961  ts_raw=0.0122  ts_evo=0.0351  oxy=251.5327  lr=4.89e-05  time=11.9s
  -> saved checkpoint (val=125.7961)
Epoch  53/100  loss=125.7686  ts_raw=0.0121  ts_evo=0.0348  oxy=251.4781  lr=4.74e-05  time=11.6s
  -> saved checkpoint (val=125.7686)
Epoch  54/100  loss=126.2295  ts_raw=0.0127  ts_evo=0.0328  oxy=252.4006  lr=4.58e-05  time=11.5s
Epoch  55/100  loss=125.9451  ts_raw=0.0121  ts_evo=0.0305  oxy=251.8355  lr=4.43e-05  time=11.5s
Epoch  56/100  loss=125.8019  ts_raw=0.0120  ts_evo=0.0309  oxy=251.5489  lr=4.28e-05  time=11.8s
Epoch  57/100  loss=125.7558  ts_raw=0.0120  ts_evo=0.0345  oxy=251.4531  lr=4.12e-05  time=11.7s
  -> saved checkpoint (val=125.7558)
Epoch  58/100  loss=125.7793  ts_raw=0.0123  ts_evo=0.0372  oxy=251.4969  lr=3.97e-05  time=11.5s
Epoch  59/100  loss=125.9652  ts_raw=0.0119  ts_evo=0.0376  oxy=251.8689  lr=3.82e-05  time=11.8s
Epoch  60/100  loss=125.7550  ts_raw=0.0120  ts_evo=0.0344  oxy=251.4517  lr=3.67e-05  time=11.6s
  -> saved checkpoint (val=125.7550)
Epoch  61/100  loss=125.7266  ts_raw=0.0120  ts_evo=0.0346  oxy=251.3946  lr=3.52e-05  time=11.6s
  -> saved checkpoint (val=125.7266)
Epoch  62/100  loss=125.7935  ts_raw=0.0120  ts_evo=0.0391  oxy=251.5239  lr=3.37e-05  time=11.5s
Epoch  63/100  loss=125.8046  ts_raw=0.0119  ts_evo=0.0336  oxy=251.5518  lr=3.23e-05  time=11.8s
Epoch  64/100  loss=125.7626  ts_raw=0.0120  ts_evo=0.0355  oxy=251.4657  lr=3.08e-05  time=11.6s
Epoch  65/100  loss=125.7895  ts_raw=0.0119  ts_evo=0.0343  oxy=251.5207  lr=2.94e-05  time=11.7s
Epoch  66/100  loss=125.7263  ts_raw=0.0120  ts_evo=0.0333  oxy=251.3954  lr=2.80e-05  time=11.9s
  -> saved checkpoint (val=125.7263)
Epoch  67/100  loss=125.7515  ts_raw=0.0121  ts_evo=0.0342  oxy=251.4445  lr=2.67e-05  time=11.7s
Epoch  68/100  loss=125.7287  ts_raw=0.0120  ts_evo=0.0336  oxy=251.3998  lr=2.53e-05  time=11.6s
Epoch  69/100  loss=125.7416  ts_raw=0.0121  ts_evo=0.0357  oxy=251.4233  lr=2.40e-05  time=11.6s
Epoch  70/100  loss=125.7529  ts_raw=0.0122  ts_evo=0.0372  oxy=251.4443  lr=2.27e-05  time=11.8s
Epoch  71/100  loss=125.7547  ts_raw=0.0121  ts_evo=0.0365  oxy=251.4486  lr=2.14e-05  time=11.6s
Epoch  72/100  loss=125.7482  ts_raw=0.0121  ts_evo=0.0367  oxy=251.4355  lr=2.02e-05  time=11.6s
Epoch  73/100  loss=125.7496  ts_raw=0.0121  ts_evo=0.0361  oxy=251.4389  lr=1.89e-05  time=11.8s
Epoch  74/100  loss=125.7505  ts_raw=0.0121  ts_evo=0.0358  oxy=251.4410  lr=1.78e-05  time=11.5s
Epoch  75/100  loss=125.7597  ts_raw=0.0121  ts_evo=0.0356  oxy=251.4595  lr=1.66e-05  time=11.5s
Epoch  76/100  loss=125.7640  ts_raw=0.0122  ts_evo=0.0365  oxy=251.4672  lr=1.55e-05  time=11.5s
Epoch  77/100  loss=125.7697  ts_raw=0.0120  ts_evo=0.0355  oxy=251.4800  lr=1.44e-05  time=11.6s
Epoch  78/100  loss=125.7791  ts_raw=0.0121  ts_evo=0.0365  oxy=251.4975  lr=1.34e-05  time=11.5s
Epoch  79/100  loss=125.7619  ts_raw=0.0121  ts_evo=0.0361  oxy=251.4634  lr=1.24e-05  time=11.6s
Epoch  80/100  loss=125.7596  ts_raw=0.0121  ts_evo=0.0361  oxy=251.4589  lr=1.14e-05  time=11.8s
Epoch  81/100  loss=125.7566  ts_raw=0.0121  ts_evo=0.0360  oxy=251.4530  lr=1.05e-05  time=11.6s
Epoch  82/100  loss=125.7545  ts_raw=0.0121  ts_evo=0.0359  oxy=251.4490  lr=9.56e-06  time=11.6s
Epoch  83/100  loss=125.7583  ts_raw=0.0121  ts_evo=0.0359  oxy=251.4566  lr=8.71e-06  time=11.6s
Epoch  84/100  loss=125.7597  ts_raw=0.0121  ts_evo=0.0361  oxy=251.4591  lr=7.89e-06  time=11.8s
Epoch  85/100  loss=125.7615  ts_raw=0.0121  ts_evo=0.0360  oxy=251.4628  lr=7.12e-06  time=11.6s
Epoch  86/100  loss=125.7674  ts_raw=0.0121  ts_evo=0.0360  oxy=251.4746  lr=6.40e-06  time=11.6s
Epoch  87/100  loss=125.7619  ts_raw=0.0121  ts_evo=0.0359  oxy=251.4638  lr=5.71e-06  time=11.7s
Epoch  88/100  loss=125.7642  ts_raw=0.0121  ts_evo=0.0363  oxy=251.4679  lr=5.07e-06  time=11.4s
Epoch  89/100  loss=125.7652  ts_raw=0.0121  ts_evo=0.0362  oxy=251.4700  lr=4.48e-06  time=11.5s
Epoch  90/100  loss=125.7618  ts_raw=0.0121  ts_evo=0.0357  oxy=251.4636  lr=3.93e-06  time=11.6s
Epoch  91/100  loss=125.7631  ts_raw=0.0121  ts_evo=0.0358  oxy=251.4663  lr=3.42e-06  time=11.8s
Epoch  92/100  loss=125.7613  ts_raw=0.0121  ts_evo=0.0357  oxy=251.4626  lr=2.97e-06  time=11.6s
Epoch  93/100  loss=125.7631  ts_raw=0.0121  ts_evo=0.0356  oxy=251.4664  lr=2.56e-06  time=11.6s
Epoch  94/100  loss=125.7628  ts_raw=0.0121  ts_evo=0.0357  oxy=251.4656  lr=2.19e-06  time=11.8s
Epoch  95/100  loss=125.7624  ts_raw=0.0121  ts_evo=0.0357  oxy=251.4648  lr=1.88e-06  time=11.6s
Epoch  96/100  loss=125.7621  ts_raw=0.0121  ts_evo=0.0357  oxy=251.4644  lr=1.61e-06  time=11.6s
Epoch  97/100  loss=125.7622  ts_raw=0.0121  ts_evo=0.0357  oxy=251.4647  lr=1.39e-06  time=11.5s
Epoch  98/100  loss=125.7632  ts_raw=0.0121  ts_evo=0.0357  oxy=251.4666  lr=1.22e-06  time=11.6s
Epoch  99/100  loss=125.7635  ts_raw=0.0121  ts_evo=0.0357  oxy=251.4671  lr=1.10e-06  time=11.4s
Epoch 100/100  loss=125.7628  ts_raw=0.0121  ts_evo=0.0357  oxy=251.4658  lr=1.02e-06  time=11.3s

Finetuning complete. Best val loss: 125.7263
Losses saved to: results/finetune_losses.csv
=== Stage: extrapolation ===
Using device: cuda
Loading latent cycles from checkpoints/latent_cycles.pt
Val windows (horizon=100): 10

Evaluating: ode
  horizon=5 (50 days)...
  -> final step MSE: 1.8748
  horizon=10 (100 days)...
  -> final step MSE: 2.7940
  horizon=15 (150 days)...
  -> final step MSE: 3.6887
  horizon=20 (200 days)...
  -> final step MSE: 4.4707
  horizon=30 (300 days)...
  -> final step MSE: 8.1075
  horizon=40 (400 days)...
  -> final step MSE: 12.9798
  horizon=50 (500 days)...
  -> final step MSE: 15.8728
  horizon=100 (1000 days)...
  -> final step MSE: 102.1228

Evaluating: gru
  horizon=5 (50 days)...
  -> final step MSE: 1.8504
  horizon=10 (100 days)...
  -> final step MSE: 1.5810
  horizon=15 (150 days)...
  -> final step MSE: 1.6232
  horizon=20 (200 days)...
  -> final step MSE: 1.4842
  horizon=30 (300 days)...
  -> final step MSE: 1.5291
  horizon=40 (400 days)...
  -> final step MSE: 1.7353
  horizon=50 (500 days)...
  -> final step MSE: 1.6781
  horizon=100 (1000 days)...
  -> final step MSE: 2.4439

Results saved to results/extrapolation_results.csv

=== Extrapolation Summary (final step MSE) ===
model         depth_only       gru         ode
horizon_days                                  
50                0.0274  1.850383    1.874795
100               0.0274  1.580982    2.794026
150               0.0274  1.623204    3.688667
200               0.0274  1.484178    4.470703
300               0.0274  1.529147    8.107513
400               0.0274  1.735289   12.979793
500               0.0274  1.678129   15.872794
1000              0.0274  2.443927  102.122818
======================================================
End Time : Mon Mar 23 11:31:26 PM EDT 2026
======================================================
