======================================================
Start Time  : Wed Mar 25 04:35:44 PM EDT 2026
Submit Dir  : /users/sphill86/ocean_dynamics_2
Job ID/Name : 10527939 / ocean_latent_ode
Partition   : GPU
======================================================
=== Stage: finetune ===
Low drift floats:    140
Depth observations:  1,121,134

Region distribution:
region
tropics               86
northeast_atlantic    24
subpolar              16
subtropical_west       6
subtropical_east       5
northwest_atlantic     3
Name: count, dtype: int64

O2 floats: 140 / 140
  Region 'northwest_atlantic' has only 2 remaining floats — assigning all to train
  Region 'subtropical_east' has only 4 remaining floats — assigning all to train

Float counts by split:
  train :  94 floats  (94 with O2)
  test  :  25 floats  (25 with O2)
  probe :  21 floats  (21 with O2)

Row counts by split:
split
train    830156
probe    146219
test     144759
Name: count, dtype: int64

Float counts by region and split:
split               probe  test  train
region                                
northeast_atlantic      4     4     16
northwest_atlantic      1     0      2
subpolar                3     3     10
subtropical_east        1     0      4
subtropical_west        2     1      3
tropics                10    17     59
Using device: cuda
Loading pretrained checkpoints...
  Loaded pretrained probe head.
Building joint windows...
Joint windows: 6486
Computing oxygen normalization stats...
Oxygen stats — mean: 149.03, std: 82.37
Epoch   1/150  loss=0.0980  ts_raw=0.0233  ts_evo=0.0457  oxy=0.1037  lr=1.00e-04  time=125.0s
  -> saved checkpoint (val=0.0980)
Epoch   2/150  loss=0.0871  ts_raw=0.0223  ts_evo=0.0385  oxy=0.0910  lr=1.00e-04  time=122.7s
  -> saved checkpoint (val=0.0871)
Epoch   3/150  loss=0.0929  ts_raw=0.0219  ts_evo=0.0436  oxy=0.0983  lr=1.00e-04  time=129.6s
Epoch   4/150  loss=0.0813  ts_raw=0.0216  ts_evo=0.0351  oxy=0.0843  lr=9.99e-05  time=129.3s
  -> saved checkpoint (val=0.0813)
Epoch   5/150  loss=0.0836  ts_raw=0.0215  ts_evo=0.0359  oxy=0.0883  lr=9.98e-05  time=132.2s
Epoch   6/150  loss=0.0772  ts_raw=0.0212  ts_evo=0.0335  oxy=0.0786  lr=9.97e-05  time=112.4s
  -> saved checkpoint (val=0.0772)
Epoch   7/150  loss=0.0750  ts_raw=0.0211  ts_evo=0.0326  oxy=0.0753  lr=9.96e-05  time=90.0s
  -> saved checkpoint (val=0.0750)
Epoch   8/150  loss=0.0756  ts_raw=0.0210  ts_evo=0.0313  oxy=0.0780  lr=9.95e-05  time=90.6s
Epoch   9/150  loss=0.0767  ts_raw=0.0209  ts_evo=0.0305  oxy=0.0811  lr=9.93e-05  time=90.3s
Epoch  10/150  loss=0.0718  ts_raw=0.0208  ts_evo=0.0307  oxy=0.0712  lr=9.91e-05  time=90.5s
  -> saved checkpoint (val=0.0718)
Epoch  11/150  loss=0.0719  ts_raw=0.0208  ts_evo=0.0304  oxy=0.0719  lr=9.89e-05  time=90.9s
Epoch  12/150  loss=0.0706  ts_raw=0.0208  ts_evo=0.0315  oxy=0.0682  lr=9.87e-05  time=91.2s
  -> saved checkpoint (val=0.0706)
Epoch  13/150  loss=0.0728  ts_raw=0.0208  ts_evo=0.0325  oxy=0.0716  lr=9.84e-05  time=91.4s
Epoch  14/150  loss=0.0719  ts_raw=0.0207  ts_evo=0.0299  oxy=0.0723  lr=9.82e-05  time=91.2s
Epoch  15/150  loss=0.0715  ts_raw=0.0208  ts_evo=0.0297  oxy=0.0718  lr=9.79e-05  time=91.5s
Epoch  16/150  loss=0.0687  ts_raw=0.0206  ts_evo=0.0291  oxy=0.0672  lr=9.76e-05  time=91.9s
  -> saved checkpoint (val=0.0687)
Epoch  17/150  loss=0.0692  ts_raw=0.0206  ts_evo=0.0291  oxy=0.0680  lr=9.72e-05  time=92.0s
Epoch  18/150  loss=0.0682  ts_raw=0.0206  ts_evo=0.0288  oxy=0.0664  lr=9.69e-05  time=92.5s
  -> saved checkpoint (val=0.0682)
Epoch  19/150  loss=0.0687  ts_raw=0.0206  ts_evo=0.0294  oxy=0.0668  lr=9.65e-05  time=92.3s
Epoch  20/150  loss=0.0722  ts_raw=0.0206  ts_evo=0.0283  oxy=0.0750  lr=9.61e-05  time=93.0s
Epoch  21/150  loss=0.0671  ts_raw=0.0205  ts_evo=0.0288  oxy=0.0643  lr=9.57e-05  time=92.8s
  -> saved checkpoint (val=0.0671)
Epoch  22/150  loss=0.0684  ts_raw=0.0205  ts_evo=0.0282  oxy=0.0676  lr=9.53e-05  time=93.1s
Epoch  23/150  loss=0.0659  ts_raw=0.0205  ts_evo=0.0283  oxy=0.0625  lr=9.48e-05  time=92.8s
  -> saved checkpoint (val=0.0659)
Epoch  24/150  loss=0.0669  ts_raw=0.0206  ts_evo=0.0290  oxy=0.0637  lr=9.44e-05  time=93.2s
Epoch  25/150  loss=0.0698  ts_raw=0.0205  ts_evo=0.0315  oxy=0.0672  lr=9.39e-05  time=93.5s
Epoch  26/150  loss=0.0643  ts_raw=0.0204  ts_evo=0.0277  oxy=0.0601  lr=9.34e-05  time=93.1s
  -> saved checkpoint (val=0.0643)
Epoch  27/150  loss=0.0643  ts_raw=0.0204  ts_evo=0.0279  oxy=0.0598  lr=9.28e-05  time=92.9s
  -> saved checkpoint (val=0.0643)
Epoch  28/150  loss=0.0642  ts_raw=0.0204  ts_evo=0.0277  oxy=0.0598  lr=9.23e-05  time=93.1s
  -> saved checkpoint (val=0.0642)
Epoch  29/150  loss=0.0686  ts_raw=0.0204  ts_evo=0.0280  oxy=0.0684  lr=9.17e-05  time=93.2s
Epoch  30/150  loss=0.0638  ts_raw=0.0204  ts_evo=0.0285  oxy=0.0584  lr=9.11e-05  time=92.5s
  -> saved checkpoint (val=0.0638)
Epoch  31/150  loss=0.0623  ts_raw=0.0203  ts_evo=0.0271  oxy=0.0569  lr=9.05e-05  time=91.6s
  -> saved checkpoint (val=0.0623)
Epoch  32/150  loss=0.0679  ts_raw=0.0204  ts_evo=0.0276  oxy=0.0675  lr=8.99e-05  time=91.6s
Epoch  33/150  loss=0.0726  ts_raw=0.0203  ts_evo=0.0277  oxy=0.0768  lr=8.93e-05  time=92.5s
Epoch  34/150  loss=0.0633  ts_raw=0.0203  ts_evo=0.0263  oxy=0.0597  lr=8.86e-05  time=91.8s
Epoch  35/150  loss=0.0631  ts_raw=0.0203  ts_evo=0.0289  oxy=0.0566  lr=8.80e-05  time=92.1s
Epoch  36/150  loss=0.0608  ts_raw=0.0203  ts_evo=0.0264  oxy=0.0546  lr=8.73e-05  time=93.4s
  -> saved checkpoint (val=0.0608)
Epoch  37/150  loss=0.0687  ts_raw=0.0203  ts_evo=0.0275  oxy=0.0694  lr=8.66e-05  time=92.8s
Epoch  38/150  loss=0.0611  ts_raw=0.0203  ts_evo=0.0277  oxy=0.0541  lr=8.59e-05  time=91.9s
Epoch  39/150  loss=0.0645  ts_raw=0.0203  ts_evo=0.0269  oxy=0.0615  lr=8.51e-05  time=91.5s
Epoch  40/150  loss=0.0620  ts_raw=0.0204  ts_evo=0.0269  oxy=0.0564  lr=8.44e-05  time=91.2s
Epoch  41/150  loss=0.0645  ts_raw=0.0203  ts_evo=0.0265  oxy=0.0618  lr=8.36e-05  time=92.1s
Epoch  42/150  loss=0.0609  ts_raw=0.0203  ts_evo=0.0257  oxy=0.0556  lr=8.28e-05  time=91.8s
Epoch  43/150  loss=0.0603  ts_raw=0.0203  ts_evo=0.0257  oxy=0.0544  lr=8.21e-05  time=91.7s
  -> saved checkpoint (val=0.0603)
Epoch  44/150  loss=0.0615  ts_raw=0.0203  ts_evo=0.0264  oxy=0.0561  lr=8.12e-05  time=91.9s
Epoch  45/150  loss=0.0602  ts_raw=0.0202  ts_evo=0.0263  oxy=0.0536  lr=8.04e-05  time=92.6s
  -> saved checkpoint (val=0.0602)
Epoch  46/150  loss=0.0613  ts_raw=0.0202  ts_evo=0.0267  oxy=0.0556  lr=7.96e-05  time=91.4s
Epoch  47/150  loss=0.0618  ts_raw=0.0202  ts_evo=0.0269  oxy=0.0562  lr=7.88e-05  time=91.0s
Epoch  48/150  loss=0.0615  ts_raw=0.0202  ts_evo=0.0261  oxy=0.0565  lr=7.79e-05  time=90.3s
Epoch  49/150  loss=0.0608  ts_raw=0.0203  ts_evo=0.0262  oxy=0.0549  lr=7.70e-05  time=87.1s
Epoch  50/150  loss=0.0611  ts_raw=0.0202  ts_evo=0.0263  oxy=0.0554  lr=7.61e-05  time=87.0s
Epoch  51/150  loss=0.0646  ts_raw=0.0203  ts_evo=0.0312  oxy=0.0573  lr=7.53e-05  time=92.2s
Epoch  52/150  loss=0.0606  ts_raw=0.0202  ts_evo=0.0275  oxy=0.0533  lr=7.43e-05  time=97.4s
Epoch  53/150  loss=0.0609  ts_raw=0.0202  ts_evo=0.0269  oxy=0.0546  lr=7.34e-05  time=98.7s
Epoch  54/150  loss=0.1279  ts_raw=0.0213  ts_evo=0.0858  oxy=0.1273  lr=7.25e-05  time=96.4s
Epoch  55/150  loss=0.0676  ts_raw=0.0203  ts_evo=0.0314  oxy=0.0632  lr=7.16e-05  time=89.0s
Epoch  56/150  loss=0.0638  ts_raw=0.0202  ts_evo=0.0288  oxy=0.0583  lr=7.06e-05  time=100.0s
Epoch  57/150  loss=0.0629  ts_raw=0.0202  ts_evo=0.0279  oxy=0.0577  lr=6.97e-05  time=101.0s
Epoch  58/150  loss=0.0620  ts_raw=0.0202  ts_evo=0.0273  oxy=0.0563  lr=6.87e-05  time=102.1s
Epoch  59/150  loss=0.0698  ts_raw=0.0202  ts_evo=0.0269  oxy=0.0724  lr=6.78e-05  time=102.8s
Epoch  60/150  loss=0.0622  ts_raw=0.0201  ts_evo=0.0266  oxy=0.0576  lr=6.68e-05  time=103.3s
Epoch  61/150  loss=0.0593  ts_raw=0.0201  ts_evo=0.0264  oxy=0.0520  lr=6.58e-05  time=104.0s
  -> saved checkpoint (val=0.0593)
Epoch  62/150  loss=0.0613  ts_raw=0.0202  ts_evo=0.0264  oxy=0.0560  lr=6.48e-05  time=104.3s
Epoch  63/150  loss=0.0592  ts_raw=0.0202  ts_evo=0.0261  oxy=0.0520  lr=6.38e-05  time=105.0s
  -> saved checkpoint (val=0.0592)
Epoch  64/150  loss=0.0586  ts_raw=0.0201  ts_evo=0.0260  oxy=0.0510  lr=6.28e-05  time=105.1s
  -> saved checkpoint (val=0.0586)
Epoch  65/150  loss=0.0595  ts_raw=0.0202  ts_evo=0.0266  oxy=0.0521  lr=6.18e-05  time=104.8s
Epoch  66/150  loss=0.0586  ts_raw=0.0201  ts_evo=0.0261  oxy=0.0509  lr=6.08e-05  time=105.3s
  -> saved checkpoint (val=0.0586)
Epoch  67/150  loss=0.0586  ts_raw=0.0201  ts_evo=0.0257  oxy=0.0512  lr=5.98e-05  time=105.1s
Epoch  68/150  loss=0.0610  ts_raw=0.0201  ts_evo=0.0258  oxy=0.0559  lr=5.88e-05  time=104.6s
Epoch  69/150  loss=0.0584  ts_raw=0.0201  ts_evo=0.0263  oxy=0.0504  lr=5.77e-05  time=104.7s
  -> saved checkpoint (val=0.0584)
Epoch  70/150  loss=0.0588  ts_raw=0.0201  ts_evo=0.0259  oxy=0.0515  lr=5.67e-05  time=104.0s
Epoch  71/150  loss=0.0615  ts_raw=0.0201  ts_evo=0.0253  oxy=0.0576  lr=5.57e-05  time=104.3s
Epoch  72/150  loss=0.0599  ts_raw=0.0201  ts_evo=0.0255  oxy=0.0540  lr=5.46e-05  time=104.2s
Epoch  73/150  loss=0.0579  ts_raw=0.0201  ts_evo=0.0258  oxy=0.0498  lr=5.36e-05  time=103.8s
  -> saved checkpoint (val=0.0579)
Epoch  74/150  loss=0.0594  ts_raw=0.0201  ts_evo=0.0257  oxy=0.0530  lr=5.26e-05  time=103.9s
Epoch  75/150  loss=0.0577  ts_raw=0.0201  ts_evo=0.0253  oxy=0.0499  lr=5.15e-05  time=103.4s
  -> saved checkpoint (val=0.0577)
Epoch  76/150  loss=0.0591  ts_raw=0.0201  ts_evo=0.0253  oxy=0.0528  lr=5.05e-05  time=103.5s
Epoch  77/150  loss=0.0578  ts_raw=0.0201  ts_evo=0.0259  oxy=0.0496  lr=4.95e-05  time=103.3s
Epoch  78/150  loss=0.0598  ts_raw=0.0201  ts_evo=0.0254  oxy=0.0540  lr=4.84e-05  time=103.6s
Epoch  79/150  loss=0.0572  ts_raw=0.0201  ts_evo=0.0253  oxy=0.0489  lr=4.74e-05  time=104.0s
  -> saved checkpoint (val=0.0572)
Epoch  80/150  loss=0.0577  ts_raw=0.0201  ts_evo=0.0252  oxy=0.0501  lr=4.64e-05  time=103.3s
Epoch  81/150  loss=0.0584  ts_raw=0.0200  ts_evo=0.0256  oxy=0.0512  lr=4.53e-05  time=103.2s
Epoch  82/150  loss=0.0578  ts_raw=0.0201  ts_evo=0.0253  oxy=0.0501  lr=4.43e-05  time=103.5s
Epoch  83/150  loss=0.0573  ts_raw=0.0201  ts_evo=0.0254  oxy=0.0489  lr=4.33e-05  time=103.4s
Epoch  84/150  loss=0.0566  ts_raw=0.0200  ts_evo=0.0251  oxy=0.0480  lr=4.22e-05  time=103.4s
  -> saved checkpoint (val=0.0566)
Epoch  85/150  loss=0.0566  ts_raw=0.0200  ts_evo=0.0250  oxy=0.0481  lr=4.12e-05  time=103.8s
Epoch  86/150  loss=0.0584  ts_raw=0.0200  ts_evo=0.0253  oxy=0.0515  lr=4.02e-05  time=103.7s
Epoch  87/150  loss=0.0578  ts_raw=0.0200  ts_evo=0.0253  oxy=0.0503  lr=3.92e-05  time=103.6s
Epoch  88/150  loss=0.0632  ts_raw=0.0201  ts_evo=0.0259  oxy=0.0605  lr=3.82e-05  time=103.3s
Epoch  89/150  loss=0.0575  ts_raw=0.0200  ts_evo=0.0254  oxy=0.0495  lr=3.72e-05  time=103.6s
Epoch  90/150  loss=0.0587  ts_raw=0.0200  ts_evo=0.0254  oxy=0.0520  lr=3.62e-05  time=103.6s
Epoch  91/150  loss=0.0578  ts_raw=0.0201  ts_evo=0.0256  oxy=0.0498  lr=3.52e-05  time=103.2s
Epoch  92/150  loss=0.0564  ts_raw=0.0200  ts_evo=0.0251  oxy=0.0475  lr=3.42e-05  time=103.2s
  -> saved checkpoint (val=0.0564)
Epoch  93/150  loss=0.0593  ts_raw=0.0200  ts_evo=0.0253  oxy=0.0533  lr=3.32e-05  time=103.0s
Epoch  94/150  loss=0.0574  ts_raw=0.0200  ts_evo=0.0252  oxy=0.0495  lr=3.23e-05  time=103.0s
Epoch  95/150  loss=0.0567  ts_raw=0.0200  ts_evo=0.0251  oxy=0.0482  lr=3.13e-05  time=102.7s
Epoch  96/150  loss=0.0566  ts_raw=0.0200  ts_evo=0.0253  oxy=0.0479  lr=3.04e-05  time=102.4s
Epoch  97/150  loss=0.0564  ts_raw=0.0200  ts_evo=0.0252  oxy=0.0477  lr=2.94e-05  time=102.5s
Epoch  98/150  loss=0.0577  ts_raw=0.0200  ts_evo=0.0254  oxy=0.0502  lr=2.85e-05  time=102.9s
Epoch  99/150  loss=0.0570  ts_raw=0.0200  ts_evo=0.0253  oxy=0.0486  lr=2.76e-05  time=102.8s
Epoch 100/150  loss=0.0565  ts_raw=0.0200  ts_evo=0.0249  oxy=0.0481  lr=2.67e-05  time=102.7s
Epoch 101/150  loss=0.0562  ts_raw=0.0200  ts_evo=0.0251  oxy=0.0472  lr=2.57e-05  time=102.5s
  -> saved checkpoint (val=0.0562)
Epoch 102/150  loss=0.0563  ts_raw=0.0200  ts_evo=0.0253  oxy=0.0473  lr=2.49e-05  time=102.0s
Epoch 103/150  loss=0.0560  ts_raw=0.0200  ts_evo=0.0250  oxy=0.0471  lr=2.40e-05  time=100.7s
  -> saved checkpoint (val=0.0560)
Epoch 104/150  loss=0.0565  ts_raw=0.0200  ts_evo=0.0252  oxy=0.0477  lr=2.31e-05  time=100.7s
Epoch 105/150  loss=0.0580  ts_raw=0.0200  ts_evo=0.0252  oxy=0.0508  lr=2.22e-05  time=101.0s
Epoch 106/150  loss=0.0559  ts_raw=0.0200  ts_evo=0.0252  oxy=0.0467  lr=2.14e-05  time=100.7s
  -> saved checkpoint (val=0.0559)
Epoch 107/150  loss=0.0562  ts_raw=0.0200  ts_evo=0.0253  oxy=0.0471  lr=2.06e-05  time=100.8s
Epoch 108/150  loss=0.0565  ts_raw=0.0200  ts_evo=0.0250  oxy=0.0480  lr=1.98e-05  time=100.6s
Epoch 109/150  loss=0.0559  ts_raw=0.0200  ts_evo=0.0250  oxy=0.0467  lr=1.89e-05  time=100.9s
  -> saved checkpoint (val=0.0559)
Epoch 110/150  loss=0.0567  ts_raw=0.0200  ts_evo=0.0250  oxy=0.0484  lr=1.82e-05  time=101.0s
Epoch 111/150  loss=0.0561  ts_raw=0.0200  ts_evo=0.0250  oxy=0.0473  lr=1.74e-05  time=100.9s
Epoch 112/150  loss=0.0560  ts_raw=0.0200  ts_evo=0.0250  oxy=0.0469  lr=1.66e-05  time=101.1s
Epoch 113/150  loss=0.0567  ts_raw=0.0200  ts_evo=0.0248  oxy=0.0486  lr=1.59e-05  time=100.9s
Epoch 114/150  loss=0.0556  ts_raw=0.0200  ts_evo=0.0251  oxy=0.0461  lr=1.51e-05  time=101.2s
  -> saved checkpoint (val=0.0556)
Epoch 115/150  loss=0.0555  ts_raw=0.0200  ts_evo=0.0249  oxy=0.0462  lr=1.44e-05  time=101.0s
  -> saved checkpoint (val=0.0555)
Epoch 116/150  loss=0.0556  ts_raw=0.0200  ts_evo=0.0249  oxy=0.0464  lr=1.37e-05  time=101.4s
Epoch 117/150  loss=0.0554  ts_raw=0.0200  ts_evo=0.0250  oxy=0.0460  lr=1.30e-05  time=100.9s
  -> saved checkpoint (val=0.0554)
Epoch 118/150  loss=0.0556  ts_raw=0.0200  ts_evo=0.0249  oxy=0.0464  lr=1.24e-05  time=100.3s
Epoch 119/150  loss=0.0553  ts_raw=0.0200  ts_evo=0.0249  oxy=0.0458  lr=1.17e-05  time=100.7s
  -> saved checkpoint (val=0.0553)
Epoch 120/150  loss=0.0554  ts_raw=0.0200  ts_evo=0.0250  oxy=0.0458  lr=1.11e-05  time=100.7s
Epoch 121/150  loss=0.0553  ts_raw=0.0200  ts_evo=0.0249  oxy=0.0457  lr=1.05e-05  time=100.8s
  -> saved checkpoint (val=0.0553)
Epoch 122/150  loss=0.0553  ts_raw=0.0200  ts_evo=0.0249  oxy=0.0457  lr=9.85e-06  time=100.9s
Epoch 123/150  loss=0.0559  ts_raw=0.0200  ts_evo=0.0249  oxy=0.0470  lr=9.27e-06  time=100.7s
Epoch 124/150  loss=0.0556  ts_raw=0.0200  ts_evo=0.0250  oxy=0.0462  lr=8.71e-06  time=100.7s
Epoch 125/150  loss=0.0552  ts_raw=0.0200  ts_evo=0.0249  oxy=0.0456  lr=8.16e-06  time=100.8s
  -> saved checkpoint (val=0.0552)
Epoch 126/150  loss=0.0554  ts_raw=0.0200  ts_evo=0.0249  oxy=0.0461  lr=7.63e-06  time=100.9s
Epoch 127/150  loss=0.0552  ts_raw=0.0199  ts_evo=0.0249  oxy=0.0456  lr=7.12e-06  time=100.6s
Epoch 128/150  loss=0.0558  ts_raw=0.0200  ts_evo=0.0250  oxy=0.0467  lr=6.63e-06  time=100.9s
Epoch 129/150  loss=0.0551  ts_raw=0.0199  ts_evo=0.0249  oxy=0.0455  lr=6.16e-06  time=100.8s
  -> saved checkpoint (val=0.0551)
Epoch 130/150  loss=0.0556  ts_raw=0.0199  ts_evo=0.0249  oxy=0.0464  lr=5.71e-06  time=100.8s
Epoch 131/150  loss=0.0551  ts_raw=0.0199  ts_evo=0.0248  oxy=0.0454  lr=5.28e-06  time=101.2s
  -> saved checkpoint (val=0.0551)
Epoch 132/150  loss=0.0550  ts_raw=0.0199  ts_evo=0.0248  oxy=0.0453  lr=4.87e-06  time=100.8s
  -> saved checkpoint (val=0.0550)
Epoch 133/150  loss=0.0551  ts_raw=0.0199  ts_evo=0.0249  oxy=0.0455  lr=4.48e-06  time=101.0s
Epoch 134/150  loss=0.0553  ts_raw=0.0199  ts_evo=0.0248  oxy=0.0459  lr=4.10e-06  time=100.8s
Epoch 135/150  loss=0.0550  ts_raw=0.0199  ts_evo=0.0248  oxy=0.0453  lr=3.75e-06  time=101.2s
  -> saved checkpoint (val=0.0550)
Epoch 136/150  loss=0.0552  ts_raw=0.0199  ts_evo=0.0248  oxy=0.0457  lr=3.42e-06  time=101.8s
Epoch 137/150  loss=0.0551  ts_raw=0.0199  ts_evo=0.0249  oxy=0.0454  lr=3.11e-06  time=102.3s
Epoch 138/150  loss=0.0550  ts_raw=0.0199  ts_evo=0.0248  oxy=0.0453  lr=2.82e-06  time=102.0s
Epoch 139/150  loss=0.0551  ts_raw=0.0199  ts_evo=0.0248  oxy=0.0455  lr=2.56e-06  time=102.0s
Epoch 140/150  loss=0.0550  ts_raw=0.0199  ts_evo=0.0248  oxy=0.0453  lr=2.31e-06  time=101.9s
  -> saved checkpoint (val=0.0550)
Epoch 141/150  loss=0.0552  ts_raw=0.0199  ts_evo=0.0248  oxy=0.0458  lr=2.08e-06  time=101.8s
Epoch 142/150  loss=0.0551  ts_raw=0.0199  ts_evo=0.0248  oxy=0.0455  lr=1.88e-06  time=102.3s
Epoch 143/150  loss=0.0551  ts_raw=0.0199  ts_evo=0.0248  oxy=0.0454  lr=1.69e-06  time=101.9s
Epoch 144/150  loss=0.0550  ts_raw=0.0199  ts_evo=0.0248  oxy=0.0452  lr=1.53e-06  time=102.0s
  -> saved checkpoint (val=0.0550)
Epoch 145/150  loss=0.0550  ts_raw=0.0199  ts_evo=0.0248  oxy=0.0453  lr=1.39e-06  time=101.9s
Epoch 146/150  loss=0.0550  ts_raw=0.0199  ts_evo=0.0248  oxy=0.0453  lr=1.27e-06  time=102.2s
Epoch 147/150  loss=0.0550  ts_raw=0.0199  ts_evo=0.0248  oxy=0.0453  lr=1.17e-06  time=102.0s
Epoch 148/150  loss=0.0550  ts_raw=0.0199  ts_evo=0.0248  oxy=0.0453  lr=1.10e-06  time=101.8s
Epoch 149/150  loss=0.0549  ts_raw=0.0199  ts_evo=0.0248  oxy=0.0452  lr=1.04e-06  time=101.9s
  -> saved checkpoint (val=0.0549)
Epoch 150/150  loss=0.0550  ts_raw=0.0199  ts_evo=0.0248  oxy=0.0452  lr=1.01e-06  time=101.9s

Finetuning complete. Best val loss: 0.0549
Losses saved to: results/finetune_losses.csv
=== Stage: extrapolation ===
Using device: cuda
Loading latent cycles from checkpoints/latent_cycles.pt
Val windows (horizon=100): 9

Evaluating: ode
  horizon=5 (50 days)...
  -> final step MSE: 0.1200
  horizon=10 (100 days)...
  -> final step MSE: 0.1413
  horizon=15 (150 days)...
  -> final step MSE: 0.2068
  horizon=20 (200 days)...
  -> final step MSE: 0.2207
  horizon=30 (300 days)...
  -> final step MSE: 0.2065
  horizon=40 (400 days)...
  -> final step MSE: 0.2206
  horizon=50 (500 days)...
  -> final step MSE: 0.2100
  horizon=100 (1000 days)...
  -> final step MSE: 0.2544

Evaluating: gru
  horizon=5 (50 days)...
  -> final step MSE: 0.1163
  horizon=10 (100 days)...
  -> final step MSE: 0.1062
  horizon=15 (150 days)...
  -> final step MSE: 0.1473
  horizon=20 (200 days)...
  -> final step MSE: 0.2170
  horizon=30 (300 days)...
  -> final step MSE: 0.2942
  horizon=40 (400 days)...
  -> final step MSE: 0.2429
  horizon=50 (500 days)...
  -> final step MSE: 0.1799
  horizon=100 (1000 days)...
  -> final step MSE: 0.3994

Results saved to results/extrapolation_results.csv

=== Extrapolation Summary (final step MSE) ===
model         depth_only       gru       ode
horizon_days                                
50                0.0274  0.116328  0.119971
100               0.0274  0.106166  0.141330
150               0.0274  0.147318  0.206826
200               0.0274  0.217045  0.220711
300               0.0274  0.294151  0.206536
400               0.0274  0.242851  0.220552
500               0.0274  0.179870  0.209955
1000              0.0274  0.399411  0.254438
======================================================
End Time : Wed Mar 25 08:47:24 PM EDT 2026
======================================================
