======================================================
Start Time  : Tue Mar 17 04:22:48 PM EDT 2026
Submit Dir  : /users/sphill86/ocean_dynamics_2
Job ID/Name : 10337890 / ocean_latent_ode
Partition   : GPU
======================================================
=== Stage: gru ===
Using device: cuda
Loading latent cycles from checkpoints/latent_cycles.pt
Building train windows...
Train windows: 4991
Building val windows...
Val windows: 1065
Epoch   1/40  train=1.0444  val=0.1228  time=1.5s
  -> saved checkpoint (val=0.1228)
Epoch   2/40  train=0.1347  val=0.0730  time=0.7s
  -> saved checkpoint (val=0.0730)
Epoch   3/40  train=0.0828  val=0.0684  time=0.7s
  -> saved checkpoint (val=0.0684)
Epoch   4/40  train=0.0672  val=0.0642  time=0.7s
  -> saved checkpoint (val=0.0642)
Epoch   5/40  train=0.0596  val=0.0619  time=0.7s
  -> saved checkpoint (val=0.0619)
Epoch   6/40  train=0.0559  val=0.0590  time=0.7s
  -> saved checkpoint (val=0.0590)
Epoch   7/40  train=0.0525  val=0.0574  time=0.7s
  -> saved checkpoint (val=0.0574)
Epoch   8/40  train=0.0505  val=0.0578  time=0.7s
Epoch   9/40  train=0.0480  val=0.0550  time=0.7s
  -> saved checkpoint (val=0.0550)
Epoch  10/40  train=0.0473  val=0.0531  time=0.7s
  -> saved checkpoint (val=0.0531)
Epoch  11/40  train=0.0461  val=0.0560  time=0.7s
Epoch  12/40  train=0.0450  val=0.0569  time=0.7s
Epoch  13/40  train=0.0444  val=0.0565  time=0.7s
Epoch  14/40  train=0.0450  val=0.0579  time=0.7s
Epoch  15/40  train=0.0436  val=0.0544  time=0.7s
Epoch  16/40  train=0.0426  val=0.0588  time=0.7s
Epoch  17/40  train=0.0427  val=0.0559  time=0.7s
Epoch  18/40  train=0.0422  val=0.0562  time=0.7s
Epoch  19/40  train=0.0417  val=0.0582  time=0.7s
Epoch  20/40  train=0.0411  val=0.0571  time=0.7s
Epoch  21/40  train=0.0410  val=0.0558  time=0.7s
Epoch  22/40  train=0.0411  val=0.0564  time=0.7s
Epoch  23/40  train=0.0407  val=0.0582  time=0.7s
Epoch  24/40  train=0.0402  val=0.0553  time=0.7s
Epoch  25/40  train=0.0396  val=0.0586  time=0.7s
Epoch  26/40  train=0.0392  val=0.0572  time=0.7s
Epoch  27/40  train=0.0395  val=0.0598  time=0.7s
Epoch  28/40  train=0.0390  val=0.0588  time=0.7s
Epoch  29/40  train=0.0389  val=0.0550  time=0.7s
Epoch  30/40  train=0.0389  val=0.0573  time=0.7s
Epoch  31/40  train=0.0384  val=0.0543  time=0.7s
Epoch  32/40  train=0.0388  val=0.0570  time=0.7s
Epoch  33/40  train=0.0382  val=0.0533  time=0.7s
Epoch  34/40  train=0.0382  val=0.0560  time=0.7s
Epoch  35/40  train=0.0376  val=0.0535  time=0.7s
Epoch  36/40  train=0.0373  val=0.0537  time=0.7s
Epoch  37/40  train=0.0376  val=0.0553  time=0.7s
Epoch  38/40  train=0.0373  val=0.0571  time=0.7s
Epoch  39/40  train=0.0375  val=0.0574  time=0.7s
Epoch  40/40  train=0.0365  val=0.0548  time=0.7s

GRU training complete. Best val loss: 0.0531
Losses saved to: results/gru_losses.csv
=== Stage: gru_probe ===
Low drift floats:    140
Depth observations:  1121134

Region distribution:
region
tropics               86
northeast_atlantic    24
subpolar              16
subtropical_west       6
subtropical_east       5
northwest_atlantic     3
Name: count, dtype: int64

O2 floats: 34 / 140
  Region 'northwest_atlantic' has only 3 remaining floats — assigning all to train
  Region 'subtropical_east' has only 4 remaining floats — assigning all to train

Float counts by split:
  train :  95 floats  (16 with O2)
  test  :  25 floats  (6 with O2)
  probe :  20 floats  (12 with O2)

Row counts by split:
split
train    752849
probe    206371
test     161914
Name: count, dtype: int64

Float counts by region and split:
split               probe  test  train
region                                
northeast_atlantic      4     4     16
northwest_atlantic      0     0      3
subpolar                3     3     10
subtropical_east        1     0      4
subtropical_west        2     1      3
tropics                10    17     59
Probe casts: 2827
Using device: cuda
Building probe windows...
Probe windows: 1377
Epoch   1/100  train=2.4983  val=0.1282  time=7.0s
  -> saved checkpoint (val=0.1282)
Epoch   2/100  train=0.0702  val=0.0348  time=6.4s
  -> saved checkpoint (val=0.0348)
Epoch   3/100  train=0.0322  val=0.0237  time=6.3s
  -> saved checkpoint (val=0.0237)
Epoch   4/100  train=0.0302  val=0.0225  time=6.4s
  -> saved checkpoint (val=0.0225)
Epoch   5/100  train=0.0290  val=0.0217  time=6.5s
  -> saved checkpoint (val=0.0217)
Epoch   6/100  train=0.0294  val=0.0213  time=6.4s
  -> saved checkpoint (val=0.0213)
Epoch   7/100  train=0.0280  val=0.0208  time=6.3s
  -> saved checkpoint (val=0.0208)
Epoch   8/100  train=0.0280  val=0.0208  time=6.3s
  -> saved checkpoint (val=0.0208)
Epoch   9/100  train=0.0264  val=0.0193  time=6.3s
  -> saved checkpoint (val=0.0193)
Epoch  10/100  train=0.0265  val=0.0192  time=6.4s
  -> saved checkpoint (val=0.0192)
Epoch  11/100  train=0.0314  val=0.0346  time=6.3s
Epoch  12/100  train=0.0282  val=0.0185  time=6.5s
  -> saved checkpoint (val=0.0185)
Epoch  13/100  train=0.0275  val=0.0191  time=6.4s
Epoch  14/100  train=0.0262  val=0.0193  time=6.4s
Epoch  15/100  train=0.0272  val=0.0183  time=6.3s
  -> saved checkpoint (val=0.0183)
Epoch  16/100  train=0.0270  val=0.0204  time=6.3s
Epoch  17/100  train=0.0265  val=0.0180  time=6.3s
  -> saved checkpoint (val=0.0180)
Epoch  18/100  train=0.0268  val=0.0180  time=6.3s
Epoch  19/100  train=0.0249  val=0.0194  time=6.5s
Epoch  20/100  train=0.0267  val=0.0226  time=6.4s
Epoch  21/100  train=0.0298  val=0.0223  time=6.4s
Epoch  22/100  train=0.0262  val=0.0178  time=6.4s
  -> saved checkpoint (val=0.0178)
Epoch  23/100  train=0.0259  val=0.0177  time=6.4s
  -> saved checkpoint (val=0.0177)
Epoch  24/100  train=0.0261  val=0.0193  time=6.4s
Epoch  25/100  train=0.0265  val=0.0189  time=6.3s
Epoch  26/100  train=0.0335  val=0.0258  time=6.5s
Epoch  27/100  train=0.0441  val=0.0378  time=6.4s
Epoch  28/100  train=0.0292  val=0.0190  time=6.4s
Epoch  29/100  train=0.0310  val=0.0212  time=6.4s
Epoch  30/100  train=0.0270  val=0.0178  time=6.4s
Epoch  31/100  train=0.0256  val=0.0188  time=6.4s
Epoch  32/100  train=0.0269  val=0.0206  time=6.4s
Epoch  33/100  train=0.0306  val=0.0219  time=6.5s
Epoch  34/100  train=0.0288  val=0.0176  time=6.3s
  -> saved checkpoint (val=0.0176)
Epoch  35/100  train=0.0780  val=0.0254  time=6.4s
Epoch  36/100  train=0.0334  val=0.0179  time=6.4s
Epoch  37/100  train=0.0278  val=0.0429  time=6.4s
Epoch  38/100  train=0.0488  val=0.0347  time=6.4s
Epoch  39/100  train=0.0401  val=0.0235  time=6.4s
Epoch  40/100  train=0.0388  val=0.0277  time=6.4s
Epoch  41/100  train=0.0326  val=0.0370  time=6.5s
Epoch  42/100  train=0.0353  val=0.0201  time=6.4s
Epoch  43/100  train=0.0356  val=0.0194  time=6.4s
Epoch  44/100  train=0.0274  val=0.0362  time=6.4s
Epoch  45/100  train=0.0292  val=0.0379  time=6.4s
Epoch  46/100  train=0.0425  val=0.0195  time=6.3s
Epoch  47/100  train=0.0310  val=0.0230  time=6.5s
Epoch  48/100  train=0.0389  val=0.1878  time=6.3s
Epoch  49/100  train=0.0974  val=0.0215  time=6.3s
Epoch  50/100  train=0.0313  val=0.0180  time=6.3s
Epoch  51/100  train=0.0340  val=0.0233  time=6.3s
Epoch  52/100  train=0.0349  val=0.1041  time=6.3s
Epoch  53/100  train=0.0445  val=0.0619  time=6.3s
Epoch  54/100  train=0.0413  val=0.0356  time=6.3s
Epoch  55/100  train=0.0477  val=0.0910  time=6.5s
Epoch  56/100  train=0.0503  val=0.0265  time=6.4s
Epoch  57/100  train=0.0312  val=0.0259  time=6.4s
Epoch  58/100  train=0.0859  val=0.0268  time=6.4s
Epoch  59/100  train=0.0984  val=0.0673  time=6.4s
Epoch  60/100  train=0.0409  val=0.0494  time=6.4s
Epoch  61/100  train=0.0367  val=0.0247  time=6.4s
Epoch  62/100  train=0.1071  val=0.0463  time=6.5s
Epoch  63/100  train=0.0364  val=0.0179  time=6.4s
Epoch  64/100  train=0.0283  val=0.0176  time=6.3s
  -> saved checkpoint (val=0.0176)
Epoch  65/100  train=0.0380  val=0.0182  time=6.3s
Epoch  66/100  train=0.0433  val=0.4101  time=6.3s
Epoch  67/100  train=0.0599  val=0.0172  time=6.4s
  -> saved checkpoint (val=0.0172)
Epoch  68/100  train=0.0336  val=0.0179  time=6.4s
Epoch  69/100  train=0.0276  val=0.0250  time=6.5s
Epoch  70/100  train=0.0393  val=0.0645  time=6.4s
Epoch  71/100  train=0.0416  val=0.0343  time=6.4s
Epoch  72/100  train=0.0415  val=0.0185  time=6.3s
Epoch  73/100  train=0.0413  val=0.1205  time=6.3s
Epoch  74/100  train=0.0355  val=0.0182  time=6.3s
Epoch  75/100  train=0.0371  val=0.0190  time=6.4s
Epoch  76/100  train=0.0281  val=0.0201  time=6.5s
Epoch  77/100  train=0.0300  val=0.0607  time=6.4s
Epoch  78/100  train=0.0588  val=0.0291  time=6.3s
Epoch  79/100  train=0.0448  val=0.0287  time=6.4s
Epoch  80/100  train=0.0437  val=0.0300  time=6.3s
Epoch  81/100  train=0.0326  val=0.0208  time=6.3s
Epoch  82/100  train=0.0875  val=0.0826  time=6.3s
Epoch  83/100  train=0.1139  val=0.0245  time=6.5s
Epoch  84/100  train=0.0398  val=0.0678  time=6.4s
Epoch  85/100  train=0.0425  val=0.0338  time=6.3s
Epoch  86/100  train=0.0427  val=0.0197  time=6.3s
Epoch  87/100  train=0.0271  val=0.0289  time=6.3s
Epoch  88/100  train=0.0338  val=0.0307  time=6.3s
Epoch  89/100  train=0.0320  val=0.0169  time=6.5s
  -> saved checkpoint (val=0.0169)
Epoch  90/100  train=0.0329  val=0.0768  time=6.3s
Epoch  91/100  train=0.0477  val=0.0262  time=6.3s
Epoch  92/100  train=0.0382  val=0.0186  time=6.3s
Epoch  93/100  train=0.0458  val=0.0218  time=6.3s
Epoch  94/100  train=0.0356  val=0.0227  time=6.3s
Epoch  95/100  train=0.0358  val=0.0176  time=6.4s
Epoch  96/100  train=0.0269  val=0.0227  time=6.3s
Epoch  97/100  train=0.0273  val=0.0197  time=6.5s
Epoch  98/100  train=0.0303  val=0.0189  time=6.3s
Epoch  99/100  train=0.0343  val=0.0218  time=6.3s
Epoch 100/100  train=0.0339  val=0.0189  time=6.3s

GRU probe training complete. Best val loss: 0.0169
Losses saved to: results/gru_probe_losses.csv
======================================================
End Time : Tue Mar 17 04:34:34 PM EDT 2026
======================================================
