======================================================
Start Time  : Tue Apr 14 11:01:47 PM EDT 2026
Submit Dir  : /users/sphill86/ocean_dynamics_2
Job ID/Name : 12488238 / ocean_latent_ode
Partition   : GPU
======================================================
=== Stage: split ===
Low drift floats:    140
Depth observations:  1,121,134

Region distribution:
region
tropics               86
northeast_atlantic    24
subpolar              16
subtropical_west       6
subtropical_east       5
northwest_atlantic     3
Name: count, dtype: int64

O2 floats: 34 / 140
  Region 'northwest_atlantic' has only 3 remaining floats — assigning all to train
  Region 'subtropical_east' has only 4 remaining floats — assigning all to train

Float counts by split:
  train :  96 floats  (21 with O2)
  test  :  25 floats  (7 with O2)
  probe :  19 floats  (6 with O2)

Row counts by split:
split
train    733358
test     224767
probe    163009
Name: count, dtype: int64

Float counts by region and split:
split               probe  test  train
region                                
northeast_atlantic      4     4     16
northwest_atlantic      0     0      3
subpolar                3     3     10
subtropical_east        1     0      4
subtropical_west        2     1      3
tropics                 9    17     60
Split complete.
=== Stage: encoder ===
Using device: cuda
Low drift floats:    140
Depth observations:  1,121,134

Region distribution:
region
tropics               86
northeast_atlantic    24
subpolar              16
subtropical_west       6
subtropical_east       5
northwest_atlantic     3
Name: count, dtype: int64

O2 floats: 34 / 140
  Region 'northwest_atlantic' has only 3 remaining floats — assigning all to train
  Region 'subtropical_east' has only 4 remaining floats — assigning all to train

Float counts by split:
  train :  96 floats  (21 with O2)
  test  :  25 floats  (7 with O2)
  probe :  19 floats  (6 with O2)

Row counts by split:
split
train    733358
test     224767
probe    163009
Name: count, dtype: int64

Float counts by region and split:
split               probe  test  train
region                                
northeast_atlantic      4     4     16
northwest_atlantic      0     0      3
subpolar                3     3     10
subtropical_east        1     0      4
subtropical_west        2     1      3
tropics                 9    17     60
Epoch   1/80  train=26.1128  val=0.1176  time=9.9s
Saved autoencoder to checkpoints/autoencoder_best.pt
  -> saved checkpoint (val=0.1176)
Epoch   2/80  train=0.1077  val=0.0743  time=5.8s
Saved autoencoder to checkpoints/autoencoder_best.pt
  -> saved checkpoint (val=0.0743)
Epoch   3/80  train=0.0830  val=0.0669  time=5.8s
Saved autoencoder to checkpoints/autoencoder_best.pt
  -> saved checkpoint (val=0.0669)
Epoch   4/80  train=0.0742  val=0.0601  time=6.0s
Saved autoencoder to checkpoints/autoencoder_best.pt
  -> saved checkpoint (val=0.0601)
Epoch   5/80  train=0.0647  val=0.0560  time=5.8s
Saved autoencoder to checkpoints/autoencoder_best.pt
  -> saved checkpoint (val=0.0560)
Epoch   6/80  train=0.0559  val=0.0511  time=5.7s
Saved autoencoder to checkpoints/autoencoder_best.pt
  -> saved checkpoint (val=0.0511)
Epoch   7/80  train=0.0511  val=0.0493  time=5.8s
Saved autoencoder to checkpoints/autoencoder_best.pt
  -> saved checkpoint (val=0.0493)
Epoch   8/80  train=0.0486  val=0.0495  time=5.9s
Epoch   9/80  train=0.0471  val=0.0441  time=5.8s
Saved autoencoder to checkpoints/autoencoder_best.pt
  -> saved checkpoint (val=0.0441)
Epoch  10/80  train=0.0451  val=0.0492  time=5.8s
Epoch  11/80  train=0.0429  val=0.0433  time=5.7s
Saved autoencoder to checkpoints/autoencoder_best.pt
  -> saved checkpoint (val=0.0433)
Epoch  12/80  train=0.0433  val=0.0416  time=5.9s
Saved autoencoder to checkpoints/autoencoder_best.pt
  -> saved checkpoint (val=0.0416)
Epoch  13/80  train=0.0415  val=0.0430  time=5.7s
Epoch  14/80  train=0.0396  val=0.0409  time=5.7s
Saved autoencoder to checkpoints/autoencoder_best.pt
  -> saved checkpoint (val=0.0409)
Epoch  15/80  train=0.0393  val=0.0424  time=5.8s
Epoch  16/80  train=0.0380  val=0.0393  time=5.9s
Saved autoencoder to checkpoints/autoencoder_best.pt
  -> saved checkpoint (val=0.0393)
Epoch  17/80  train=0.0392  val=0.0394  time=5.8s
Epoch  18/80  train=0.0384  val=0.0395  time=5.7s
Epoch  19/80  train=0.0379  val=0.0366  time=5.8s
Saved autoencoder to checkpoints/autoencoder_best.pt
  -> saved checkpoint (val=0.0366)
Epoch  20/80  train=0.0348  val=0.0377  time=5.9s
Epoch  21/80  train=0.0352  val=0.0367  time=5.7s
Epoch  22/80  train=0.0348  val=0.0348  time=5.8s
Saved autoencoder to checkpoints/autoencoder_best.pt
  -> saved checkpoint (val=0.0348)
Epoch  23/80  train=0.0350  val=0.0343  time=5.9s
Saved autoencoder to checkpoints/autoencoder_best.pt
  -> saved checkpoint (val=0.0343)
Epoch  24/80  train=0.0368  val=0.0355  time=6.0s
Epoch  25/80  train=0.0330  val=0.0361  time=5.9s
Epoch  26/80  train=0.0354  val=0.0355  time=5.8s
Epoch  27/80  train=0.0346  val=0.0357  time=5.8s
Epoch  28/80  train=0.0328  val=0.0348  time=5.9s
Epoch  29/80  train=0.0349  val=0.0324  time=5.8s
Saved autoencoder to checkpoints/autoencoder_best.pt
  -> saved checkpoint (val=0.0324)
Epoch  30/80  train=0.0312  val=0.0350  time=5.7s
Epoch  31/80  train=0.0336  val=0.0330  time=5.7s
Epoch  32/80  train=0.0325  val=0.0376  time=5.8s
Epoch  33/80  train=0.0368  val=0.0337  time=5.8s
Epoch  34/80  train=0.0293  val=0.0310  time=5.7s
Saved autoencoder to checkpoints/autoencoder_best.pt
  -> saved checkpoint (val=0.0310)
Epoch  35/80  train=0.0294  val=0.0455  time=5.7s
Epoch  36/80  train=0.0308  val=0.0457  time=5.8s
Epoch  37/80  train=0.0316  val=0.0353  time=5.8s
Epoch  38/80  train=0.0284  val=0.0325  time=5.7s
Epoch  39/80  train=0.0313  val=0.0337  time=5.7s
Epoch  40/80  train=0.0298  val=0.0313  time=5.8s
Epoch  41/80  train=0.0282  val=0.0331  time=5.9s
Epoch  42/80  train=0.0289  val=0.0347  time=5.7s
Epoch  43/80  train=0.0292  val=0.0331  time=5.7s
Epoch  44/80  train=0.0313  val=0.0290  time=5.7s
Saved autoencoder to checkpoints/autoencoder_best.pt
  -> saved checkpoint (val=0.0290)
Epoch  45/80  train=0.0277  val=0.0294  time=5.9s
Epoch  46/80  train=0.0262  val=0.0328  time=5.7s
Epoch  47/80  train=0.0273  val=0.0290  time=5.7s
Saved autoencoder to checkpoints/autoencoder_best.pt
  -> saved checkpoint (val=0.0290)
Epoch  48/80  train=0.0276  val=0.0301  time=5.7s
Epoch  49/80  train=0.0262  val=0.0372  time=5.8s
Epoch  50/80  train=0.0266  val=0.0325  time=5.8s
Epoch  51/80  train=0.0253  val=0.0313  time=5.7s
Epoch  52/80  train=0.0258  val=0.0271  time=5.7s
Saved autoencoder to checkpoints/autoencoder_best.pt
  -> saved checkpoint (val=0.0271)
Epoch  53/80  train=0.0264  val=0.0295  time=5.9s
Epoch  54/80  train=0.0251  val=0.0285  time=5.7s
Epoch  55/80  train=0.0258  val=0.0314  time=5.7s
Epoch  56/80  train=0.0248  val=0.0291  time=5.7s
Epoch  57/80  train=0.0232  val=0.0272  time=5.9s
Epoch  58/80  train=0.0245  val=0.0281  time=5.7s
Epoch  59/80  train=0.0247  val=0.0301  time=5.7s
Epoch  60/80  train=0.0234  val=0.0284  time=5.7s
Epoch  61/80  train=0.0245  val=0.0291  time=5.9s
Epoch  62/80  train=0.0226  val=0.0295  time=5.8s
Epoch  63/80  train=0.0249  val=0.0441  time=5.8s
Epoch  64/80  train=0.0240  val=0.0291  time=5.7s
Epoch  65/80  train=0.0219  val=0.0303  time=5.9s
Epoch  66/80  train=0.0218  val=0.0340  time=5.7s
Epoch  67/80  train=0.0229  val=0.0257  time=5.7s
Saved autoencoder to checkpoints/autoencoder_best.pt
  -> saved checkpoint (val=0.0257)
Epoch  68/80  train=0.0225  val=0.0337  time=5.8s
Epoch  69/80  train=0.0211  val=0.0283  time=5.9s
Epoch  70/80  train=0.0234  val=0.0288  time=5.8s
Epoch  71/80  train=0.0214  val=0.0276  time=5.7s
Epoch  72/80  train=0.0207  val=0.0298  time=5.7s
Epoch  73/80  train=0.0226  val=0.0283  time=5.9s
Epoch  74/80  train=0.0210  val=0.0300  time=5.8s
Epoch  75/80  train=0.0211  val=0.0301  time=5.7s
Epoch  76/80  train=0.0209  val=0.0310  time=5.7s
Epoch  77/80  train=0.0201  val=0.0314  time=5.9s
Epoch  78/80  train=0.0207  val=0.0286  time=5.8s
Epoch  79/80  train=0.0207  val=0.0303  time=5.8s
Epoch  80/80  train=0.0200  val=0.0270  time=5.7s

Encoder training complete. Best val loss: 0.0257
Losses saved to: results/encoder_losses.csv
=== Stage: encode ===
Low drift floats:    140
Depth observations:  1,121,134

Region distribution:
region
tropics               86
northeast_atlantic    24
subpolar              16
subtropical_west       6
subtropical_east       5
northwest_atlantic     3
Name: count, dtype: int64

O2 floats: 34 / 140
  Region 'northwest_atlantic' has only 3 remaining floats — assigning all to train
  Region 'subtropical_east' has only 4 remaining floats — assigning all to train

Float counts by split:
  train :  96 floats  (21 with O2)
  test  :  25 floats  (7 with O2)
  probe :  19 floats  (6 with O2)

Row counts by split:
split
train    733358
test     224767
probe    163009
Name: count, dtype: int64

Float counts by region and split:
split               probe  test  train
region                                
northeast_atlantic      4     4     16
northwest_atlantic      0     0      3
subpolar                3     3     10
subtropical_east        1     0      4
subtropical_west        2     1      3
tropics                 9    17     60
Latent train: 10046 casts
Latent val:   3079 casts
Latent probe: 2233 casts
Saved latent cycles to checkpoints/latent_cycles.pt
=== Stage: ode_curriculum ===
Using device: cuda
Loading latent cycles from checkpoints/latent_cycles.pt

Curriculum schedule:
  Phase 1: window=10 (100 days)  epochs=100
  Total epochs: 100

============================================================
Phase 1/1 — window=10 (100 days)  epochs=100
============================================================
Building train windows...
Train windows: 4614
Building val windows...
Val windows: 1434
  [1/1] Epoch   1/100  (global 1)  train=1.1256  val=0.1797  lr=5.00e-04  time=5.5s
  -> saved checkpoint (val=0.1797)
  [1/1] Epoch   2/100  (global 2)  train=0.2001  val=0.1464  lr=5.00e-04  time=4.2s
  -> saved checkpoint (val=0.1464)
  [1/1] Epoch   3/100  (global 3)  train=0.1724  val=0.1492  lr=5.00e-04  time=4.2s
  [1/1] Epoch   4/100  (global 4)  train=0.1625  val=0.1643  lr=4.99e-04  time=4.2s
  [1/1] Epoch   5/100  (global 5)  train=0.1570  val=0.1392  lr=4.98e-04  time=4.2s
  -> saved checkpoint (val=0.1392)
  [1/1] Epoch   6/100  (global 6)  train=0.1533  val=0.1510  lr=4.97e-04  time=4.2s
  [1/1] Epoch   7/100  (global 7)  train=0.1443  val=0.1793  lr=4.96e-04  time=4.2s
  [1/1] Epoch   8/100  (global 8)  train=0.1458  val=0.1358  lr=4.94e-04  time=4.2s
  -> saved checkpoint (val=0.1358)
  [1/1] Epoch   9/100  (global 9)  train=0.1350  val=0.1463  lr=4.92e-04  time=4.2s
  [1/1] Epoch  10/100  (global 10)  train=0.1299  val=0.1218  lr=4.90e-04  time=4.2s
  -> saved checkpoint (val=0.1218)
  [1/1] Epoch  11/100  (global 11)  train=0.1277  val=0.1520  lr=4.88e-04  time=4.2s
  [1/1] Epoch  12/100  (global 12)  train=0.1266  val=0.1816  lr=4.85e-04  time=4.2s
  [1/1] Epoch  13/100  (global 13)  train=0.1320  val=0.1480  lr=4.82e-04  time=4.3s
  [1/1] Epoch  14/100  (global 14)  train=0.1194  val=0.1266  lr=4.79e-04  time=4.3s
  [1/1] Epoch  15/100  (global 15)  train=0.1198  val=0.1911  lr=4.76e-04  time=4.3s
  [1/1] Epoch  16/100  (global 16)  train=0.1166  val=0.2204  lr=4.73e-04  time=4.3s
  [1/1] Epoch  17/100  (global 17)  train=0.1163  val=0.1329  lr=4.69e-04  time=4.3s
  [1/1] Epoch  18/100  (global 18)  train=0.1187  val=0.3150  lr=4.65e-04  time=4.3s
  [1/1] Epoch  19/100  (global 19)  train=0.1141  val=0.1748  lr=4.61e-04  time=4.3s
  [1/1] Epoch  20/100  (global 20)  train=0.1125  val=0.1167  lr=4.57e-04  time=4.4s
  -> saved checkpoint (val=0.1167)
  [1/1] Epoch  21/100  (global 21)  train=0.1108  val=0.1930  lr=4.52e-04  time=4.4s
  [1/1] Epoch  22/100  (global 22)  train=0.1092  val=0.1678  lr=4.48e-04  time=4.4s
  [1/1] Epoch  23/100  (global 23)  train=0.1094  val=0.1280  lr=4.43e-04  time=4.4s
  [1/1] Epoch  24/100  (global 24)  train=0.1082  val=0.2025  lr=4.38e-04  time=4.4s
  [1/1] Epoch  25/100  (global 25)  train=0.1102  val=0.1863  lr=4.32e-04  time=4.4s
  [1/1] Epoch  26/100  (global 26)  train=0.1054  val=0.1695  lr=4.27e-04  time=4.4s
  [1/1] Epoch  27/100  (global 27)  train=0.1043  val=0.3222  lr=4.21e-04  time=4.4s
  [1/1] Epoch  28/100  (global 28)  train=0.1042  val=0.1469  lr=4.15e-04  time=4.4s
  [1/1] Epoch  29/100  (global 29)  train=0.1038  val=0.1311  lr=4.10e-04  time=4.4s
  [1/1] Epoch  30/100  (global 30)  train=0.1037  val=0.2451  lr=4.03e-04  time=4.4s
  [1/1] Epoch  31/100  (global 31)  train=0.1037  val=0.1608  lr=3.97e-04  time=4.4s
  [1/1] Epoch  32/100  (global 32)  train=0.1035  val=0.3950  lr=3.91e-04  time=4.4s
  [1/1] Epoch  33/100  (global 33)  train=0.1022  val=0.1539  lr=3.84e-04  time=4.4s
  [1/1] Epoch  34/100  (global 34)  train=0.1027  val=0.1773  lr=3.78e-04  time=4.4s
  [1/1] Epoch  35/100  (global 35)  train=0.1020  val=0.2723  lr=3.71e-04  time=4.4s
  [1/1] Epoch  36/100  (global 36)  train=0.1025  val=0.3127  lr=3.64e-04  time=4.4s
  [1/1] Epoch  37/100  (global 37)  train=0.1021  val=0.2238  lr=3.57e-04  time=4.4s
  [1/1] Epoch  38/100  (global 38)  train=0.1015  val=0.2676  lr=3.50e-04  time=4.4s
  [1/1] Epoch  39/100  (global 39)  train=0.1005  val=0.1491  lr=3.42e-04  time=4.4s
  [1/1] Epoch  40/100  (global 40)  train=0.0999  val=0.3253  lr=3.35e-04  time=4.4s
  [1/1] Epoch  41/100  (global 41)  train=0.1012  val=0.1838  lr=3.28e-04  time=4.4s
  [1/1] Epoch  42/100  (global 42)  train=0.0996  val=0.2500  lr=3.20e-04  time=4.4s
  [1/1] Epoch  43/100  (global 43)  train=0.0997  val=0.2464  lr=3.13e-04  time=4.4s
  [1/1] Epoch  44/100  (global 44)  train=0.0987  val=0.2142  lr=3.05e-04  time=4.4s
  [1/1] Epoch  45/100  (global 45)  train=0.0982  val=0.4092  lr=2.97e-04  time=4.4s
  [1/1] Epoch  46/100  (global 46)  train=0.0987  val=0.1392  lr=2.90e-04  time=4.4s
  [1/1] Epoch  47/100  (global 47)  train=0.0977  val=0.1185  lr=2.82e-04  time=4.4s
  [1/1] Epoch  48/100  (global 48)  train=0.0979  val=0.1074  lr=2.74e-04  time=4.4s
  -> saved checkpoint (val=0.1074)
  [1/1] Epoch  49/100  (global 49)  train=0.1271  val=0.1237  lr=2.66e-04  time=4.4s
  [1/1] Epoch  50/100  (global 50)  train=0.0962  val=0.4031  lr=2.58e-04  time=4.4s
  [1/1] Epoch  51/100  (global 51)  train=0.0973  val=0.1920  lr=2.51e-04  time=4.4s
  [1/1] Epoch  52/100  (global 52)  train=0.0972  val=0.3812  lr=2.43e-04  time=4.4s
  [1/1] Epoch  53/100  (global 53)  train=0.0952  val=0.2785  lr=2.35e-04  time=4.4s
  [1/1] Epoch  54/100  (global 54)  train=0.0956  val=0.1430  lr=2.27e-04  time=4.4s
  [1/1] Epoch  55/100  (global 55)  train=0.0949  val=0.4095  lr=2.19e-04  time=4.4s
  [1/1] Epoch  56/100  (global 56)  train=0.0952  val=0.4228  lr=2.11e-04  time=4.4s
  [1/1] Epoch  57/100  (global 57)  train=0.0949  val=0.2083  lr=2.04e-04  time=4.4s
  [1/1] Epoch  58/100  (global 58)  train=0.0941  val=0.1999  lr=1.96e-04  time=4.4s
  [1/1] Epoch  59/100  (global 59)  train=0.0947  val=0.1004  lr=1.88e-04  time=4.4s
  -> saved checkpoint (val=0.1004)
  [1/1] Epoch  60/100  (global 60)  train=0.0941  val=0.4729  lr=1.81e-04  time=4.4s
  [1/1] Epoch  61/100  (global 61)  train=0.0934  val=0.2139  lr=1.73e-04  time=4.4s
  [1/1] Epoch  62/100  (global 62)  train=0.0939  val=0.2261  lr=1.66e-04  time=4.4s
  [1/1] Epoch  63/100  (global 63)  train=0.0932  val=0.2190  lr=1.59e-04  time=4.4s
  [1/1] Epoch  64/100  (global 64)  train=0.0930  val=0.2622  lr=1.51e-04  time=4.4s
  [1/1] Epoch  65/100  (global 65)  train=0.0931  val=0.1911  lr=1.44e-04  time=4.4s
  [1/1] Epoch  66/100  (global 66)  train=0.0930  val=0.2752  lr=1.37e-04  time=4.4s
  [1/1] Epoch  67/100  (global 67)  train=0.0927  val=0.2812  lr=1.30e-04  time=4.3s
  [1/1] Epoch  68/100  (global 68)  train=0.0920  val=0.2373  lr=1.23e-04  time=4.4s
  [1/1] Epoch  69/100  (global 69)  train=0.0915  val=0.1919  lr=1.17e-04  time=4.4s
  [1/1] Epoch  70/100  (global 70)  train=0.0913  val=0.3286  lr=1.10e-04  time=4.4s
  [1/1] Epoch  71/100  (global 71)  train=0.0913  val=0.2044  lr=1.04e-04  time=4.4s
  [1/1] Epoch  72/100  (global 72)  train=0.0910  val=0.2919  lr=9.76e-05  time=4.4s
  [1/1] Epoch  73/100  (global 73)  train=0.0909  val=0.2615  lr=9.15e-05  time=4.4s
  [1/1] Epoch  74/100  (global 74)  train=0.0904  val=0.2077  lr=8.55e-05  time=4.4s
  [1/1] Epoch  75/100  (global 75)  train=0.0905  val=0.3365  lr=7.97e-05  time=4.4s
  [1/1] Epoch  76/100  (global 76)  train=0.0907  val=0.3574  lr=7.41e-05  time=4.4s
  [1/1] Epoch  77/100  (global 77)  train=0.0898  val=0.3331  lr=6.86e-05  time=4.4s
  [1/1] Epoch  78/100  (global 78)  train=0.0892  val=0.4617  lr=6.33e-05  time=4.4s
  [1/1] Epoch  79/100  (global 79)  train=0.0898  val=0.3132  lr=5.83e-05  time=4.4s
  [1/1] Epoch  80/100  (global 80)  train=0.0894  val=0.2977  lr=5.34e-05  time=4.4s
  [1/1] Epoch  81/100  (global 81)  train=0.0893  val=0.3781  lr=4.87e-05  time=4.4s
  [1/1] Epoch  82/100  (global 82)  train=0.0886  val=0.2776  lr=4.41e-05  time=4.4s
  [1/1] Epoch  83/100  (global 83)  train=0.0891  val=0.2984  lr=3.98e-05  time=4.4s
  [1/1] Epoch  84/100  (global 84)  train=0.0888  val=0.3443  lr=3.57e-05  time=4.4s
  [1/1] Epoch  85/100  (global 85)  train=0.0884  val=0.3574  lr=3.19e-05  time=4.4s
  [1/1] Epoch  86/100  (global 86)  train=0.0884  val=0.3314  lr=2.82e-05  time=4.4s
  [1/1] Epoch  87/100  (global 87)  train=0.0881  val=0.3440  lr=2.47e-05  time=4.4s
  [1/1] Epoch  88/100  (global 88)  train=0.0878  val=0.3501  lr=2.15e-05  time=4.4s
  [1/1] Epoch  89/100  (global 89)  train=0.0880  val=0.3568  lr=1.85e-05  time=4.4s
  [1/1] Epoch  90/100  (global 90)  train=0.0879  val=0.3213  lr=1.58e-05  time=4.4s
  [1/1] Epoch  91/100  (global 91)  train=0.0881  val=0.3713  lr=1.32e-05  time=4.4s
  [1/1] Epoch  92/100  (global 92)  train=0.0874  val=0.3389  lr=1.09e-05  time=4.4s
  [1/1] Epoch  93/100  (global 93)  train=0.0874  val=0.3431  lr=8.84e-06  time=4.4s
  [1/1] Epoch  94/100  (global 94)  train=0.0874  val=0.3479  lr=7.01e-06  time=4.4s
  [1/1] Epoch  95/100  (global 95)  train=0.0891  val=0.3375  lr=5.42e-06  time=4.4s
  [1/1] Epoch  96/100  (global 96)  train=0.0873  val=0.3414  lr=4.07e-06  time=4.4s
  [1/1] Epoch  97/100  (global 97)  train=0.0873  val=0.3417  lr=2.97e-06  time=4.4s
  [1/1] Epoch  98/100  (global 98)  train=0.0872  val=0.3447  lr=2.11e-06  time=4.4s
  [1/1] Epoch  99/100  (global 99)  train=0.0871  val=0.3489  lr=1.49e-06  time=4.4s
  [1/1] Epoch 100/100  (global 100)  train=0.0873  val=0.3474  lr=1.12e-06  time=4.4s

Curriculum ODE training complete. Best val loss: 0.1004
Losses saved to: results/node_curriculum_losses.csv
=== Stage: gru ===
Using device: cuda
Loading latent cycles from checkpoints/latent_cycles.pt
Building train windows...
Train windows: 3993
Building val windows...
Val windows: 1252
Epoch   1/100  train=0.3805  val=0.1636  time=1.9s
  -> saved checkpoint (val=0.1636)
Epoch   2/100  train=0.2016  val=0.1457  time=1.9s
  -> saved checkpoint (val=0.1457)
Epoch   3/100  train=0.1647  val=0.1348  time=1.9s
  -> saved checkpoint (val=0.1348)
Epoch   4/100  train=0.1377  val=0.1299  time=1.9s
  -> saved checkpoint (val=0.1299)
Epoch   5/100  train=0.1269  val=0.1251  time=1.9s
  -> saved checkpoint (val=0.1251)
Epoch   6/100  train=0.1215  val=0.1252  time=1.9s
Epoch   7/100  train=0.1158  val=0.1217  time=1.9s
  -> saved checkpoint (val=0.1217)
Epoch   8/100  train=0.1163  val=0.1295  time=1.9s
Epoch   9/100  train=0.1136  val=0.1176  time=1.9s
  -> saved checkpoint (val=0.1176)
Epoch  10/100  train=0.1111  val=0.1172  time=1.9s
  -> saved checkpoint (val=0.1172)
Epoch  11/100  train=0.1119  val=0.1152  time=1.9s
  -> saved checkpoint (val=0.1152)
Epoch  12/100  train=0.1095  val=0.1140  time=1.9s
  -> saved checkpoint (val=0.1140)
Epoch  13/100  train=0.1073  val=0.1142  time=1.9s
Epoch  14/100  train=0.1107  val=0.1124  time=1.9s
  -> saved checkpoint (val=0.1124)
Epoch  15/100  train=0.1060  val=0.1128  time=1.9s
Epoch  16/100  train=0.1043  val=0.1115  time=1.9s
  -> saved checkpoint (val=0.1115)
Epoch  17/100  train=0.1052  val=0.1083  time=1.9s
  -> saved checkpoint (val=0.1083)
Epoch  18/100  train=0.1036  val=0.1068  time=1.9s
  -> saved checkpoint (val=0.1068)
Epoch  19/100  train=0.1030  val=0.1085  time=1.9s
Epoch  20/100  train=0.1020  val=0.1090  time=1.9s
Epoch  21/100  train=0.1069  val=0.1080  time=1.9s
Epoch  22/100  train=0.1014  val=0.1081  time=1.9s
Epoch  23/100  train=0.1026  val=0.1097  time=1.9s
Epoch  24/100  train=0.1074  val=0.1044  time=1.9s
  -> saved checkpoint (val=0.1044)
Epoch  25/100  train=0.1021  val=0.1044  time=1.9s
Epoch  26/100  train=0.1024  val=0.1106  time=1.9s
Epoch  27/100  train=0.1011  val=0.1087  time=1.9s
Epoch  28/100  train=0.1008  val=0.1071  time=1.9s
Epoch  29/100  train=0.0985  val=0.1061  time=1.9s
Epoch  30/100  train=0.1001  val=0.1064  time=1.9s
Epoch  31/100  train=0.0990  val=0.1069  time=1.9s
Epoch  32/100  train=0.0970  val=0.1091  time=1.9s
Epoch  33/100  train=0.0969  val=0.1095  time=1.9s
Epoch  34/100  train=0.0984  val=0.1097  time=1.9s
Epoch  35/100  train=0.0995  val=0.1120  time=1.9s
Epoch  36/100  train=0.0980  val=0.1080  time=1.9s
Epoch  37/100  train=0.0957  val=0.1061  time=1.9s
Epoch  38/100  train=0.0973  val=0.1060  time=1.9s
Epoch  39/100  train=0.0955  val=0.1076  time=1.9s
Epoch  40/100  train=0.0971  val=0.1064  time=1.9s
Epoch  41/100  train=0.0948  val=0.1067  time=1.9s
Epoch  42/100  train=0.0938  val=0.1065  time=1.9s
Epoch  43/100  train=0.0963  val=0.1113  time=1.9s
Epoch  44/100  train=0.0962  val=0.1083  time=1.9s
Epoch  45/100  train=0.0968  val=0.1072  time=1.9s
Epoch  46/100  train=0.0926  val=0.1066  time=1.9s
Epoch  47/100  train=0.0944  val=0.1083  time=1.9s
Epoch  48/100  train=0.0977  val=0.1090  time=1.9s
Epoch  49/100  train=0.0948  val=0.1077  time=1.9s
Epoch  50/100  train=0.0958  val=0.1112  time=1.9s
Epoch  51/100  train=0.0942  val=0.1136  time=1.9s
Epoch  52/100  train=0.0944  val=0.1035  time=1.9s
  -> saved checkpoint (val=0.1035)
Epoch  53/100  train=0.0925  val=0.1092  time=1.9s
Epoch  54/100  train=0.0914  val=0.1078  time=1.9s
Epoch  55/100  train=0.0912  val=0.1092  time=1.9s
Epoch  56/100  train=0.0914  val=0.1107  time=1.9s
Epoch  57/100  train=0.0918  val=0.1078  time=1.9s
Epoch  58/100  train=0.0890  val=0.1042  time=1.9s
Epoch  59/100  train=0.0919  val=0.1074  time=1.9s
Epoch  60/100  train=0.0886  val=0.1090  time=1.9s
Epoch  61/100  train=0.0930  val=0.1074  time=1.9s
Epoch  62/100  train=0.0855  val=0.1068  time=1.9s
Epoch  63/100  train=0.0936  val=0.1056  time=1.9s
Epoch  64/100  train=0.0885  val=0.1072  time=1.9s
Epoch  65/100  train=0.0877  val=0.1098  time=1.9s
Epoch  66/100  train=0.0900  val=0.1132  time=1.9s
Epoch  67/100  train=0.0915  val=0.1065  time=1.9s
Epoch  68/100  train=0.0846  val=0.1049  time=1.9s
Epoch  69/100  train=0.0937  val=0.1076  time=1.9s
Epoch  70/100  train=0.0845  val=0.1043  time=1.9s
Epoch  71/100  train=0.0865  val=0.1079  time=1.9s
Epoch  72/100  train=0.0878  val=0.1084  time=1.9s
Epoch  73/100  train=0.0906  val=0.1086  time=1.9s
Epoch  74/100  train=0.0891  val=0.1110  time=1.9s
Epoch  75/100  train=0.0842  val=0.1071  time=1.9s
Epoch  76/100  train=0.0829  val=0.1060  time=1.9s
Epoch  77/100  train=0.0862  val=0.1095  time=1.9s
Epoch  78/100  train=0.0847  val=0.1082  time=1.9s
Epoch  79/100  train=0.0886  val=0.1101  time=1.9s
Epoch  80/100  train=0.0845  val=0.1081  time=1.9s
Epoch  81/100  train=0.0806  val=0.1067  time=1.9s
Epoch  82/100  train=0.0835  val=0.1127  time=1.9s
Epoch  83/100  train=0.0887  val=0.1081  time=1.9s
Epoch  84/100  train=0.0844  val=0.1078  time=1.9s
Epoch  85/100  train=0.0827  val=0.1115  time=1.9s
Epoch  86/100  train=0.0829  val=0.1115  time=1.9s
Epoch  87/100  train=0.0817  val=0.1063  time=1.9s
Epoch  88/100  train=0.0828  val=0.1083  time=1.9s
Epoch  89/100  train=0.0816  val=0.1070  time=1.9s
Epoch  90/100  train=0.0854  val=0.1031  time=1.9s
  -> saved checkpoint (val=0.1031)
Epoch  91/100  train=0.0819  val=0.1070  time=1.9s
Epoch  92/100  train=0.0823  val=0.1043  time=1.9s
Epoch  93/100  train=0.0808  val=0.1040  time=1.9s
Epoch  94/100  train=0.0850  val=0.1078  time=1.9s
Epoch  95/100  train=0.0816  val=0.1112  time=1.9s
Epoch  96/100  train=0.0836  val=0.1071  time=1.9s
Epoch  97/100  train=0.0851  val=0.1047  time=1.9s
Epoch  98/100  train=0.0803  val=0.1048  time=1.9s
Epoch  99/100  train=0.0831  val=0.1064  time=1.9s
Epoch 100/100  train=0.0823  val=0.1043  time=1.9s

GRU training complete. Best val loss: 0.1031
Losses saved to: results/gru_losses.csv
=== Stage: probe ===
Low drift floats:    140
Depth observations:  1,121,134

Region distribution:
region
tropics               86
northeast_atlantic    24
subpolar              16
subtropical_west       6
subtropical_east       5
northwest_atlantic     3
Name: count, dtype: int64

O2 floats: 34 / 140
  Region 'northwest_atlantic' has only 3 remaining floats — assigning all to train
  Region 'subtropical_east' has only 4 remaining floats — assigning all to train

Float counts by split:
  train :  96 floats  (21 with O2)
  test  :  25 floats  (7 with O2)
  probe :  19 floats  (6 with O2)

Row counts by split:
split
train    733358
test     224767
probe    163009
Name: count, dtype: int64

Float counts by region and split:
split               probe  test  train
region                                
northeast_atlantic      4     4     16
northwest_atlantic      0     0      3
subpolar                3     3     10
subtropical_east        1     0      4
subtropical_west        2     1      3
tropics                 9    17     60
Probe casts: 2233
Using device: cuda
Computing oxygen normalization stats...
Oxygen stats — mean: 0.10, std: 0.20
Building probe windows...
Probe windows: 1082
Epoch   1/100  train=0.9091  val=1.1998  lr=1.00e-04  time=6.1s
  -> saved checkpoint (val=1.1998)
Epoch   2/100  train=0.7991  val=1.1736  lr=1.00e-04  time=4.2s
  -> saved checkpoint (val=1.1736)
Epoch   3/100  train=0.7700  val=1.1639  lr=9.99e-05  time=4.3s
  -> saved checkpoint (val=1.1639)
Epoch   4/100  train=0.7624  val=1.1562  lr=9.98e-05  time=4.2s
  -> saved checkpoint (val=1.1562)
Epoch   5/100  train=0.7546  val=1.1498  lr=9.96e-05  time=4.2s
  -> saved checkpoint (val=1.1498)
Epoch   6/100  train=0.7537  val=1.1405  lr=9.94e-05  time=4.2s
  -> saved checkpoint (val=1.1405)
Epoch   7/100  train=0.7719  val=1.1337  lr=9.91e-05  time=4.3s
  -> saved checkpoint (val=1.1337)
Epoch   8/100  train=0.6719  val=1.1254  lr=9.88e-05  time=4.2s
  -> saved checkpoint (val=1.1254)
Epoch   9/100  train=0.7194  val=1.1179  lr=9.84e-05  time=4.2s
  -> saved checkpoint (val=1.1179)
Epoch  10/100  train=0.6934  val=1.1111  lr=9.80e-05  time=4.3s
  -> saved checkpoint (val=1.1111)
Epoch  11/100  train=0.7160  val=1.1038  lr=9.76e-05  time=4.2s
  -> saved checkpoint (val=1.1038)
Epoch  12/100  train=0.8022  val=1.0975  lr=9.71e-05  time=4.2s
  -> saved checkpoint (val=1.0975)
Epoch  13/100  train=0.8460  val=1.0917  lr=9.65e-05  time=4.2s
  -> saved checkpoint (val=1.0917)
Epoch  14/100  train=0.6998  val=1.0859  lr=9.59e-05  time=4.2s
  -> saved checkpoint (val=1.0859)
Epoch  15/100  train=0.7648  val=1.0789  lr=9.53e-05  time=4.3s
  -> saved checkpoint (val=1.0789)
Epoch  16/100  train=0.6904  val=1.0690  lr=9.46e-05  time=4.3s
  -> saved checkpoint (val=1.0690)
Epoch  17/100  train=0.6608  val=1.0457  lr=9.39e-05  time=4.3s
  -> saved checkpoint (val=1.0457)
Epoch  18/100  train=0.6633  val=1.0366  lr=9.31e-05  time=4.2s
  -> saved checkpoint (val=1.0366)
Epoch  19/100  train=0.6876  val=1.0285  lr=9.23e-05  time=4.2s
  -> saved checkpoint (val=1.0285)
Epoch  20/100  train=0.7088  val=1.0232  lr=9.14e-05  time=4.2s
  -> saved checkpoint (val=1.0232)
Epoch  21/100  train=0.6711  val=1.0141  lr=9.05e-05  time=4.3s
  -> saved checkpoint (val=1.0141)
Epoch  22/100  train=0.6830  val=1.0053  lr=8.96e-05  time=4.3s
  -> saved checkpoint (val=1.0053)
Epoch  23/100  train=0.7323  val=0.9977  lr=8.86e-05  time=4.3s
  -> saved checkpoint (val=0.9977)
Epoch  24/100  train=0.6444  val=0.9881  lr=8.76e-05  time=4.3s
  -> saved checkpoint (val=0.9881)
Epoch  25/100  train=0.6830  val=0.9846  lr=8.66e-05  time=4.3s
  -> saved checkpoint (val=0.9846)
Epoch  26/100  train=0.6800  val=0.9747  lr=8.55e-05  time=4.2s
  -> saved checkpoint (val=0.9747)
Epoch  27/100  train=0.6533  val=0.9695  lr=8.44e-05  time=4.3s
  -> saved checkpoint (val=0.9695)
Epoch  28/100  train=0.6833  val=0.9640  lr=8.32e-05  time=4.3s
  -> saved checkpoint (val=0.9640)
Epoch  29/100  train=0.6332  val=0.9614  lr=8.21e-05  time=4.4s
  -> saved checkpoint (val=0.9614)
Epoch  30/100  train=0.7183  val=0.9516  lr=8.08e-05  time=4.3s
  -> saved checkpoint (val=0.9516)
Epoch  31/100  train=0.6366  val=0.9487  lr=7.96e-05  time=4.2s
  -> saved checkpoint (val=0.9487)
Epoch  32/100  train=0.6454  val=0.9428  lr=7.83e-05  time=4.2s
  -> saved checkpoint (val=0.9428)
Epoch  33/100  train=0.6096  val=0.9351  lr=7.70e-05  time=4.2s
  -> saved checkpoint (val=0.9351)
Epoch  34/100  train=0.6435  val=0.9300  lr=7.57e-05  time=4.2s
  -> saved checkpoint (val=0.9300)
Epoch  35/100  train=0.5973  val=0.9252  lr=7.43e-05  time=4.3s
  -> saved checkpoint (val=0.9252)
Epoch  36/100  train=0.6077  val=0.9215  lr=7.30e-05  time=4.2s
  -> saved checkpoint (val=0.9215)
Epoch  37/100  train=0.6235  val=0.9163  lr=7.16e-05  time=4.2s
  -> saved checkpoint (val=0.9163)
Epoch  38/100  train=0.6372  val=0.9106  lr=7.02e-05  time=4.2s
  -> saved checkpoint (val=0.9106)
Epoch  39/100  train=0.5915  val=0.9069  lr=6.87e-05  time=4.2s
  -> saved checkpoint (val=0.9069)
Epoch  40/100  train=0.6213  val=0.9045  lr=6.73e-05  time=4.2s
  -> saved checkpoint (val=0.9045)
Epoch  41/100  train=0.5936  val=0.9007  lr=6.58e-05  time=4.2s
  -> saved checkpoint (val=0.9007)
Epoch  42/100  train=0.5973  val=0.8951  lr=6.43e-05  time=4.3s
  -> saved checkpoint (val=0.8951)
Epoch  43/100  train=0.6613  val=0.8908  lr=6.28e-05  time=4.2s
  -> saved checkpoint (val=0.8908)
Epoch  44/100  train=0.6197  val=0.8874  lr=6.13e-05  time=4.2s
  -> saved checkpoint (val=0.8874)
Epoch  45/100  train=0.6008  val=0.8831  lr=5.98e-05  time=4.2s
  -> saved checkpoint (val=0.8831)
Epoch  46/100  train=0.6417  val=0.8805  lr=5.82e-05  time=4.2s
  -> saved checkpoint (val=0.8805)
Epoch  47/100  train=0.5935  val=0.8769  lr=5.67e-05  time=4.2s
  -> saved checkpoint (val=0.8769)
Epoch  48/100  train=0.6215  val=0.8735  lr=5.52e-05  time=4.3s
  -> saved checkpoint (val=0.8735)
Epoch  49/100  train=0.5929  val=0.8716  lr=5.36e-05  time=4.2s
  -> saved checkpoint (val=0.8716)
Epoch  50/100  train=0.5773  val=0.8681  lr=5.21e-05  time=4.2s
  -> saved checkpoint (val=0.8681)
Epoch  51/100  train=0.5518  val=0.8667  lr=5.05e-05  time=4.2s
  -> saved checkpoint (val=0.8667)
Epoch  52/100  train=0.5970  val=0.8644  lr=4.89e-05  time=4.2s
  -> saved checkpoint (val=0.8644)
Epoch  53/100  train=0.5926  val=0.8609  lr=4.74e-05  time=4.2s
  -> saved checkpoint (val=0.8609)
Epoch  54/100  train=0.5798  val=0.8622  lr=4.58e-05  time=4.2s
Epoch  55/100  train=0.6441  val=0.8557  lr=4.43e-05  time=4.3s
  -> saved checkpoint (val=0.8557)
Epoch  56/100  train=0.5389  val=0.8550  lr=4.28e-05  time=4.2s
  -> saved checkpoint (val=0.8550)
Epoch  57/100  train=0.7822  val=0.8518  lr=4.12e-05  time=4.2s
  -> saved checkpoint (val=0.8518)
Epoch  58/100  train=0.6216  val=0.8493  lr=3.97e-05  time=4.2s
  -> saved checkpoint (val=0.8493)
Epoch  59/100  train=0.5577  val=0.8470  lr=3.82e-05  time=4.2s
  -> saved checkpoint (val=0.8470)
Epoch  60/100  train=0.5839  val=0.8457  lr=3.67e-05  time=4.2s
  -> saved checkpoint (val=0.8457)
Epoch  61/100  train=0.5947  val=0.8437  lr=3.52e-05  time=4.3s
  -> saved checkpoint (val=0.8437)
Epoch  62/100  train=0.5723  val=0.8418  lr=3.37e-05  time=4.2s
  -> saved checkpoint (val=0.8418)
Epoch  63/100  train=0.5735  val=0.8405  lr=3.23e-05  time=4.2s
  -> saved checkpoint (val=0.8405)
Epoch  64/100  train=0.5673  val=0.8395  lr=3.08e-05  time=4.2s
  -> saved checkpoint (val=0.8395)
Epoch  65/100  train=0.5645  val=0.8388  lr=2.94e-05  time=4.2s
  -> saved checkpoint (val=0.8388)
Epoch  66/100  train=0.5906  val=0.8371  lr=2.80e-05  time=4.2s
  -> saved checkpoint (val=0.8371)
Epoch  67/100  train=0.5896  val=0.8384  lr=2.67e-05  time=4.3s
Epoch  68/100  train=0.5631  val=0.8361  lr=2.53e-05  time=4.2s
  -> saved checkpoint (val=0.8361)
Epoch  69/100  train=0.5599  val=0.8341  lr=2.40e-05  time=4.2s
  -> saved checkpoint (val=0.8341)
Epoch  70/100  train=0.5474  val=0.8344  lr=2.27e-05  time=4.2s
Epoch  71/100  train=0.6052  val=0.8335  lr=2.14e-05  time=4.2s
  -> saved checkpoint (val=0.8335)
Epoch  72/100  train=0.5856  val=0.8331  lr=2.02e-05  time=4.2s
  -> saved checkpoint (val=0.8331)
Epoch  73/100  train=0.5832  val=0.8310  lr=1.89e-05  time=4.2s
  -> saved checkpoint (val=0.8310)
Epoch  74/100  train=0.5424  val=0.8302  lr=1.78e-05  time=4.3s
  -> saved checkpoint (val=0.8302)
Epoch  75/100  train=0.5546  val=0.8297  lr=1.66e-05  time=4.2s
  -> saved checkpoint (val=0.8297)
Epoch  76/100  train=0.5917  val=0.8290  lr=1.55e-05  time=4.2s
  -> saved checkpoint (val=0.8290)
Epoch  77/100  train=0.5731  val=0.8283  lr=1.44e-05  time=4.2s
  -> saved checkpoint (val=0.8283)
Epoch  78/100  train=0.5337  val=0.8280  lr=1.34e-05  time=4.2s
  -> saved checkpoint (val=0.8280)
Epoch  79/100  train=0.5562  val=0.8274  lr=1.24e-05  time=4.2s
  -> saved checkpoint (val=0.8274)
Epoch  80/100  train=0.5792  val=0.8269  lr=1.14e-05  time=4.2s
  -> saved checkpoint (val=0.8269)
Epoch  81/100  train=0.5837  val=0.8266  lr=1.05e-05  time=4.3s
  -> saved checkpoint (val=0.8266)
Epoch  82/100  train=0.5577  val=0.8262  lr=9.56e-06  time=4.2s
  -> saved checkpoint (val=0.8262)
Epoch  83/100  train=0.5584  val=0.8258  lr=8.71e-06  time=4.2s
  -> saved checkpoint (val=0.8258)
Epoch  84/100  train=0.5747  val=0.8254  lr=7.89e-06  time=4.2s
  -> saved checkpoint (val=0.8254)
Epoch  85/100  train=0.5556  val=0.8251  lr=7.12e-06  time=4.2s
  -> saved checkpoint (val=0.8251)
Epoch  86/100  train=0.5689  val=0.8249  lr=6.40e-06  time=4.2s
  -> saved checkpoint (val=0.8249)
Epoch  87/100  train=0.5899  val=0.8247  lr=5.71e-06  time=4.3s
  -> saved checkpoint (val=0.8247)
Epoch  88/100  train=0.5777  val=0.8246  lr=5.07e-06  time=4.2s
  -> saved checkpoint (val=0.8246)
Epoch  89/100  train=0.5688  val=0.8244  lr=4.48e-06  time=4.2s
  -> saved checkpoint (val=0.8244)
Epoch  90/100  train=0.5682  val=0.8241  lr=3.93e-06  time=4.2s
  -> saved checkpoint (val=0.8241)
Epoch  91/100  train=0.5451  val=0.8239  lr=3.42e-06  time=4.2s
  -> saved checkpoint (val=0.8239)
Epoch  92/100  train=0.5953  val=0.8238  lr=2.97e-06  time=4.2s
  -> saved checkpoint (val=0.8238)
Epoch  93/100  train=0.5562  val=0.8237  lr=2.56e-06  time=4.2s
  -> saved checkpoint (val=0.8237)
Epoch  94/100  train=0.5835  val=0.8236  lr=2.19e-06  time=4.3s
  -> saved checkpoint (val=0.8236)
Epoch  95/100  train=0.5508  val=0.8236  lr=1.88e-06  time=4.2s
  -> saved checkpoint (val=0.8236)
Epoch  96/100  train=0.5726  val=0.8235  lr=1.61e-06  time=4.2s
  -> saved checkpoint (val=0.8235)
Epoch  97/100  train=0.5308  val=0.8234  lr=1.39e-06  time=4.2s
  -> saved checkpoint (val=0.8234)
Epoch  98/100  train=0.5695  val=0.8234  lr=1.22e-06  time=4.2s
  -> saved checkpoint (val=0.8234)
Epoch  99/100  train=0.5464  val=0.8234  lr=1.10e-06  time=4.2s
  -> saved checkpoint (val=0.8234)
Epoch 100/100  train=0.6654  val=0.8233  lr=1.02e-06  time=4.3s
  -> saved checkpoint (val=0.8233)

Probe training complete. Best val loss: 0.8233
Losses saved to: results/probe_losses.csv
=== Stage: probe_baseline ===
Low drift floats:    140
Depth observations:  1,121,134

Region distribution:
region
tropics               86
northeast_atlantic    24
subpolar              16
subtropical_west       6
subtropical_east       5
northwest_atlantic     3
Name: count, dtype: int64

O2 floats: 34 / 140
  Region 'northwest_atlantic' has only 3 remaining floats — assigning all to train
  Region 'subtropical_east' has only 4 remaining floats — assigning all to train

Float counts by split:
  train :  96 floats  (21 with O2)
  test  :  25 floats  (7 with O2)
  probe :  19 floats  (6 with O2)

Row counts by split:
split
train    733358
test     224767
probe    163009
Name: count, dtype: int64

Float counts by region and split:
split               probe  test  train
region                                
northeast_atlantic      4     4     16
northwest_atlantic      0     0      3
subpolar                3     3     10
subtropical_east        1     0      4
subtropical_west        2     1      3
tropics                 9    17     60
Probe casts: 2233
Using device: cuda
Computing oxygen normalization stats...
Oxygen stats — mean: 0.10, std: 0.20
Building probe windows...
Probe windows: 1082
Epoch   1/100  train=477.3403  val=3.1997  time=3.3s
  -> saved checkpoint (val=3.1997)
Epoch   2/100  train=11.9227  val=6.7025  time=3.3s
Epoch   3/100  train=2.0740  val=1.4184  time=3.3s
  -> saved checkpoint (val=1.4184)
Epoch   4/100  train=1.1616  val=1.3566  time=3.3s
  -> saved checkpoint (val=1.3566)
Epoch   5/100  train=0.8710  val=1.3546  time=3.3s
  -> saved checkpoint (val=1.3546)
Epoch   6/100  train=0.9696  val=1.3523  time=3.3s
  -> saved checkpoint (val=1.3523)
Epoch   7/100  train=0.9116  val=1.3498  time=3.3s
  -> saved checkpoint (val=1.3498)
Epoch   8/100  train=0.9654  val=1.3473  time=3.3s
  -> saved checkpoint (val=1.3473)
Epoch   9/100  train=0.9011  val=1.3447  time=3.3s
  -> saved checkpoint (val=1.3447)
Epoch  10/100  train=0.9596  val=1.3422  time=3.4s
  -> saved checkpoint (val=1.3422)
Epoch  11/100  train=0.9221  val=1.3386  time=3.3s
  -> saved checkpoint (val=1.3386)
Epoch  12/100  train=0.9657  val=1.3358  time=3.3s
  -> saved checkpoint (val=1.3358)
Epoch  13/100  train=0.9686  val=1.3326  time=3.3s
  -> saved checkpoint (val=1.3326)
Epoch  14/100  train=0.8708  val=1.3288  time=3.3s
  -> saved checkpoint (val=1.3288)
Epoch  15/100  train=0.9269  val=1.3254  time=3.3s
  -> saved checkpoint (val=1.3254)
Epoch  16/100  train=0.9828  val=1.3218  time=3.3s
  -> saved checkpoint (val=1.3218)
Epoch  17/100  train=0.9727  val=1.3178  time=3.3s
  -> saved checkpoint (val=1.3178)
Epoch  18/100  train=0.9812  val=1.3140  time=3.3s
  -> saved checkpoint (val=1.3140)
Epoch  19/100  train=0.9717  val=1.3102  time=3.3s
  -> saved checkpoint (val=1.3102)
Epoch  20/100  train=0.9126  val=1.3063  time=3.4s
  -> saved checkpoint (val=1.3063)
Epoch  21/100  train=0.8828  val=1.3024  time=3.3s
  -> saved checkpoint (val=1.3024)
Epoch  22/100  train=0.8625  val=1.2989  time=3.3s
  -> saved checkpoint (val=1.2989)
Epoch  23/100  train=0.8962  val=1.2952  time=3.3s
  -> saved checkpoint (val=1.2952)
Epoch  24/100  train=0.8883  val=1.2913  time=3.3s
  -> saved checkpoint (val=1.2913)
Epoch  25/100  train=0.8630  val=1.2873  time=3.3s
  -> saved checkpoint (val=1.2873)
Epoch  26/100  train=0.8607  val=1.2827  time=3.3s
  -> saved checkpoint (val=1.2827)
Epoch  27/100  train=0.9003  val=1.2788  time=3.3s
  -> saved checkpoint (val=1.2788)
Epoch  28/100  train=0.8068  val=1.2743  time=3.3s
  -> saved checkpoint (val=1.2743)
Epoch  29/100  train=0.8696  val=1.2704  time=3.3s
  -> saved checkpoint (val=1.2704)
Epoch  30/100  train=0.8634  val=1.2665  time=3.5s
  -> saved checkpoint (val=1.2665)
Epoch  31/100  train=0.7885  val=1.2621  time=3.3s
  -> saved checkpoint (val=1.2621)
Epoch  32/100  train=0.8438  val=1.2588  time=3.3s
  -> saved checkpoint (val=1.2588)
Epoch  33/100  train=0.8837  val=1.2545  time=3.3s
  -> saved checkpoint (val=1.2545)
Epoch  34/100  train=0.8225  val=1.2497  time=3.3s
  -> saved checkpoint (val=1.2497)
Epoch  35/100  train=0.7868  val=1.2472  time=3.3s
  -> saved checkpoint (val=1.2472)
Epoch  36/100  train=0.8141  val=1.2428  time=3.3s
  -> saved checkpoint (val=1.2428)
Epoch  37/100  train=0.8276  val=1.2378  time=3.3s
  -> saved checkpoint (val=1.2378)
Epoch  38/100  train=0.8357  val=1.2338  time=3.3s
  -> saved checkpoint (val=1.2338)
Epoch  39/100  train=0.7929  val=1.2304  time=3.3s
  -> saved checkpoint (val=1.2304)
Epoch  40/100  train=0.8616  val=1.2260  time=3.5s
  -> saved checkpoint (val=1.2260)
Epoch  41/100  train=0.8156  val=1.2231  time=3.3s
  -> saved checkpoint (val=1.2231)
Epoch  42/100  train=0.7709  val=1.2183  time=3.3s
  -> saved checkpoint (val=1.2183)
Epoch  43/100  train=0.8195  val=1.2143  time=3.3s
  -> saved checkpoint (val=1.2143)
Epoch  44/100  train=0.8230  val=1.2105  time=3.3s
  -> saved checkpoint (val=1.2105)
Epoch  45/100  train=0.8305  val=1.2074  time=3.3s
  -> saved checkpoint (val=1.2074)
Epoch  46/100  train=0.7906  val=1.2045  time=3.3s
  -> saved checkpoint (val=1.2045)
Epoch  47/100  train=0.8567  val=1.1999  time=3.3s
  -> saved checkpoint (val=1.1999)
Epoch  48/100  train=0.7573  val=1.1959  time=3.3s
  -> saved checkpoint (val=1.1959)
Epoch  49/100  train=0.7548  val=1.1934  time=3.3s
  -> saved checkpoint (val=1.1934)
Epoch  50/100  train=0.8051  val=1.1886  time=3.4s
  -> saved checkpoint (val=1.1886)
Epoch  51/100  train=0.7889  val=1.1856  time=3.3s
  -> saved checkpoint (val=1.1856)
Epoch  52/100  train=0.8414  val=1.1818  time=3.3s
  -> saved checkpoint (val=1.1818)
Epoch  53/100  train=0.9082  val=1.1785  time=3.3s
  -> saved checkpoint (val=1.1785)
Epoch  54/100  train=0.7752  val=1.1757  time=3.3s
  -> saved checkpoint (val=1.1757)
Epoch  55/100  train=0.8000  val=1.1728  time=3.3s
  -> saved checkpoint (val=1.1728)
Epoch  56/100  train=0.7613  val=1.1688  time=3.3s
  -> saved checkpoint (val=1.1688)
Epoch  57/100  train=0.7966  val=1.1658  time=3.3s
  -> saved checkpoint (val=1.1658)
Epoch  58/100  train=0.8782  val=1.1655  time=3.3s
  -> saved checkpoint (val=1.1655)
Epoch  59/100  train=0.7261  val=1.1599  time=3.3s
  -> saved checkpoint (val=1.1599)
Epoch  60/100  train=0.8050  val=1.1575  time=3.3s
  -> saved checkpoint (val=1.1575)
Epoch  61/100  train=0.8085  val=1.1558  time=3.5s
  -> saved checkpoint (val=1.1558)
Epoch  62/100  train=0.7514  val=1.1514  time=3.3s
  -> saved checkpoint (val=1.1514)
Epoch  63/100  train=0.7691  val=1.1486  time=3.3s
  -> saved checkpoint (val=1.1486)
Epoch  64/100  train=0.7466  val=1.1461  time=3.3s
  -> saved checkpoint (val=1.1461)
Epoch  65/100  train=0.7426  val=1.1444  time=3.3s
  -> saved checkpoint (val=1.1444)
Epoch  66/100  train=0.8458  val=1.1438  time=3.3s
  -> saved checkpoint (val=1.1438)
Epoch  67/100  train=0.7686  val=1.1390  time=3.3s
  -> saved checkpoint (val=1.1390)
Epoch  68/100  train=0.7929  val=1.1377  time=3.3s
  -> saved checkpoint (val=1.1377)
Epoch  69/100  train=0.7122  val=1.1349  time=3.3s
  -> saved checkpoint (val=1.1349)
Epoch  70/100  train=0.7950  val=1.1322  time=3.3s
  -> saved checkpoint (val=1.1322)
Epoch  71/100  train=0.7467  val=1.1309  time=3.4s
  -> saved checkpoint (val=1.1309)
Epoch  72/100  train=0.7765  val=1.1289  time=3.3s
  -> saved checkpoint (val=1.1289)
Epoch  73/100  train=0.8268  val=1.1265  time=3.3s
  -> saved checkpoint (val=1.1265)
Epoch  74/100  train=0.8593  val=1.1282  time=3.3s
Epoch  75/100  train=0.7679  val=1.1241  time=3.3s
  -> saved checkpoint (val=1.1241)
Epoch  76/100  train=0.8487  val=1.1206  time=3.3s
  -> saved checkpoint (val=1.1206)
Epoch  77/100  train=0.8343  val=1.1194  time=3.3s
  -> saved checkpoint (val=1.1194)
Epoch  78/100  train=0.7396  val=1.1176  time=3.3s
  -> saved checkpoint (val=1.1176)
Epoch  79/100  train=0.7151  val=1.1157  time=3.3s
  -> saved checkpoint (val=1.1157)
Epoch  80/100  train=0.7128  val=1.1146  time=3.3s
  -> saved checkpoint (val=1.1146)
Epoch  81/100  train=0.7068  val=1.1132  time=3.5s
  -> saved checkpoint (val=1.1132)
Epoch  82/100  train=0.7558  val=1.1112  time=3.3s
  -> saved checkpoint (val=1.1112)
Epoch  83/100  train=0.8229  val=1.1094  time=3.3s
  -> saved checkpoint (val=1.1094)
Epoch  84/100  train=0.7575  val=1.1096  time=3.3s
Epoch  85/100  train=0.7504  val=1.1073  time=3.3s
  -> saved checkpoint (val=1.1073)
Epoch  86/100  train=0.7217  val=1.1055  time=3.3s
  -> saved checkpoint (val=1.1055)
Epoch  87/100  train=0.7827  val=1.1045  time=3.3s
  -> saved checkpoint (val=1.1045)
Epoch  88/100  train=0.7428  val=1.1031  time=3.3s
  -> saved checkpoint (val=1.1031)
Epoch  89/100  train=0.7779  val=1.1020  time=3.3s
  -> saved checkpoint (val=1.1020)
Epoch  90/100  train=0.7416  val=1.1009  time=3.3s
  -> saved checkpoint (val=1.1009)
Epoch  91/100  train=0.7447  val=1.1010  time=3.5s
Epoch  92/100  train=0.7745  val=1.0999  time=3.3s
  -> saved checkpoint (val=1.0999)
Epoch  93/100  train=0.7158  val=1.1005  time=3.3s
Epoch  94/100  train=0.8462  val=1.0973  time=3.3s
  -> saved checkpoint (val=1.0973)
Epoch  95/100  train=0.7222  val=1.0963  time=3.3s
  -> saved checkpoint (val=1.0963)
Epoch  96/100  train=0.7291  val=1.1017  time=3.3s
Epoch  97/100  train=0.7340  val=1.0957  time=3.3s
  -> saved checkpoint (val=1.0957)
Epoch  98/100  train=0.8191  val=1.0960  time=3.3s
Epoch  99/100  train=0.7667  val=1.0980  time=3.3s
Epoch 100/100  train=0.7001  val=1.0937  time=3.3s
  -> saved checkpoint (val=1.0937)

Baseline training complete. Best val loss: 1.0937
Checkpoint saved to: checkpoints/probe_baseline_best.pt
=== Stage: gru_probe ===
Low drift floats:    140
Depth observations:  1,121,134

Region distribution:
region
tropics               86
northeast_atlantic    24
subpolar              16
subtropical_west       6
subtropical_east       5
northwest_atlantic     3
Name: count, dtype: int64

O2 floats: 34 / 140
  Region 'northwest_atlantic' has only 3 remaining floats — assigning all to train
  Region 'subtropical_east' has only 4 remaining floats — assigning all to train

Float counts by split:
  train :  96 floats  (21 with O2)
  test  :  25 floats  (7 with O2)
  probe :  19 floats  (6 with O2)

Row counts by split:
split
train    733358
test     224767
probe    163009
Name: count, dtype: int64

Float counts by region and split:
split               probe  test  train
region                                
northeast_atlantic      4     4     16
northwest_atlantic      0     0      3
subpolar                3     3     10
subtropical_east        1     0      4
subtropical_west        2     1      3
tropics                 9    17     60
Probe casts: 2233
Using device: cuda
Computing oxygen normalization stats...
Oxygen stats — mean: 0.10, std: 0.20
Building probe windows...
Probe windows: 1082
Epoch   1/100  train=13.2575  val=2.6846  time=3.5s
  -> saved checkpoint (val=2.6846)
Epoch   2/100  train=1.1006  val=1.1928  time=3.4s
  -> saved checkpoint (val=1.1928)
Epoch   3/100  train=0.8203  val=1.1160  time=3.4s
  -> saved checkpoint (val=1.1160)
Epoch   4/100  train=0.7335  val=1.0630  time=3.4s
  -> saved checkpoint (val=1.0630)
Epoch   5/100  train=0.8184  val=1.0031  time=3.4s
  -> saved checkpoint (val=1.0031)
Epoch   6/100  train=0.6351  val=0.9478  time=3.4s
  -> saved checkpoint (val=0.9478)
Epoch   7/100  train=0.6146  val=0.9082  time=3.5s
  -> saved checkpoint (val=0.9082)
Epoch   8/100  train=0.5967  val=0.8681  time=3.4s
  -> saved checkpoint (val=0.8681)
Epoch   9/100  train=0.5513  val=0.8383  time=3.4s
  -> saved checkpoint (val=0.8383)
Epoch  10/100  train=0.5737  val=0.8115  time=3.4s
  -> saved checkpoint (val=0.8115)
Epoch  11/100  train=0.5331  val=0.7939  time=3.4s
  -> saved checkpoint (val=0.7939)
Epoch  12/100  train=0.5598  val=0.7704  time=3.4s
  -> saved checkpoint (val=0.7704)
Epoch  13/100  train=0.5420  val=0.7604  time=3.4s
  -> saved checkpoint (val=0.7604)
Epoch  14/100  train=0.5303  val=0.7394  time=3.5s
  -> saved checkpoint (val=0.7394)
Epoch  15/100  train=0.5265  val=0.7292  time=3.4s
  -> saved checkpoint (val=0.7292)
Epoch  16/100  train=0.5407  val=0.7272  time=3.4s
  -> saved checkpoint (val=0.7272)
Epoch  17/100  train=0.4833  val=0.7129  time=3.4s
  -> saved checkpoint (val=0.7129)
Epoch  18/100  train=0.5383  val=0.6952  time=3.4s
  -> saved checkpoint (val=0.6952)
Epoch  19/100  train=0.5249  val=0.6883  time=3.4s
  -> saved checkpoint (val=0.6883)
Epoch  20/100  train=0.4879  val=0.6850  time=3.4s
  -> saved checkpoint (val=0.6850)
Epoch  21/100  train=0.4619  val=0.6815  time=3.4s
  -> saved checkpoint (val=0.6815)
Epoch  22/100  train=0.4799  val=0.6833  time=3.4s
Epoch  23/100  train=0.4934  val=0.6768  time=3.4s
  -> saved checkpoint (val=0.6768)
Epoch  24/100  train=0.4619  val=0.6770  time=3.4s
Epoch  25/100  train=0.4658  val=0.6753  time=3.4s
  -> saved checkpoint (val=0.6753)
Epoch  26/100  train=0.4611  val=0.6761  time=3.4s
Epoch  27/100  train=0.4655  val=0.6722  time=3.5s
  -> saved checkpoint (val=0.6722)
Epoch  28/100  train=0.4663  val=0.6659  time=3.4s
  -> saved checkpoint (val=0.6659)
Epoch  29/100  train=0.4308  val=0.6665  time=3.4s
Epoch  30/100  train=0.4593  val=0.6567  time=3.3s
  -> saved checkpoint (val=0.6567)
Epoch  31/100  train=0.4623  val=0.6572  time=3.3s
Epoch  32/100  train=0.5920  val=0.6559  time=3.3s
  -> saved checkpoint (val=0.6559)
Epoch  33/100  train=0.4544  val=0.6477  time=3.4s
  -> saved checkpoint (val=0.6477)
Epoch  34/100  train=0.4486  val=0.6541  time=3.3s
Epoch  35/100  train=0.4559  val=0.6474  time=3.3s
  -> saved checkpoint (val=0.6474)
Epoch  36/100  train=0.4510  val=0.6432  time=3.3s
  -> saved checkpoint (val=0.6432)
Epoch  37/100  train=0.4505  val=0.6440  time=3.4s
Epoch  38/100  train=0.5325  val=0.6395  time=3.4s
  -> saved checkpoint (val=0.6395)
Epoch  39/100  train=0.4565  val=0.6521  time=3.5s
Epoch  40/100  train=0.4469  val=0.6455  time=3.4s
Epoch  41/100  train=0.4685  val=0.6427  time=3.4s
Epoch  42/100  train=0.4499  val=0.6470  time=3.4s
Epoch  43/100  train=0.4519  val=0.6371  time=3.4s
  -> saved checkpoint (val=0.6371)
Epoch  44/100  train=0.4343  val=0.6415  time=3.4s
Epoch  45/100  train=0.4651  val=0.6380  time=3.4s
Epoch  46/100  train=0.4572  val=0.6404  time=3.4s
Epoch  47/100  train=0.4696  val=0.6452  time=3.4s
Epoch  48/100  train=0.4582  val=0.6390  time=3.3s
Epoch  49/100  train=0.4482  val=0.6421  time=3.4s
Epoch  50/100  train=0.4351  val=0.6356  time=3.4s
  -> saved checkpoint (val=0.6356)
Epoch  51/100  train=0.4419  val=0.6322  time=3.3s
  -> saved checkpoint (val=0.6322)
Epoch  52/100  train=0.4711  val=0.6337  time=3.4s
Epoch  53/100  train=0.4215  val=0.6386  time=3.4s
Epoch  54/100  train=0.4434  val=0.6358  time=3.4s
Epoch  55/100  train=0.4668  val=0.6364  time=3.4s
Epoch  56/100  train=0.4379  val=0.6301  time=3.4s
  -> saved checkpoint (val=0.6301)
Epoch  57/100  train=0.4278  val=0.6333  time=3.4s
Epoch  58/100  train=0.4228  val=0.6381  time=3.4s
Epoch  59/100  train=0.4286  val=0.6346  time=3.4s
Epoch  60/100  train=0.4130  val=0.6299  time=3.4s
  -> saved checkpoint (val=0.6299)
Epoch  61/100  train=0.4334  val=0.6239  time=3.4s
  -> saved checkpoint (val=0.6239)
Epoch  62/100  train=0.4312  val=0.6276  time=3.4s
Epoch  63/100  train=0.4301  val=0.6282  time=3.4s
Epoch  64/100  train=0.4427  val=0.6289  time=3.4s
Epoch  65/100  train=0.4725  val=0.6430  time=3.4s
Epoch  66/100  train=0.4264  val=0.6322  time=3.4s
Epoch  67/100  train=0.4392  val=0.6399  time=3.4s
Epoch  68/100  train=0.4336  val=0.6309  time=3.4s
Epoch  69/100  train=0.4177  val=0.6342  time=3.4s
Epoch  70/100  train=0.4566  val=0.6257  time=3.3s
Epoch  71/100  train=0.4337  val=0.6408  time=3.4s
Epoch  72/100  train=0.4304  val=0.6281  time=3.4s
Epoch  73/100  train=0.4601  val=0.6342  time=3.4s
Epoch  74/100  train=0.4064  val=0.6375  time=3.4s
Epoch  75/100  train=0.4373  val=0.6293  time=3.4s
Epoch  76/100  train=0.4511  val=0.6232  time=3.4s
  -> saved checkpoint (val=0.6232)
Epoch  77/100  train=0.4520  val=0.6222  time=3.4s
  -> saved checkpoint (val=0.6222)
Epoch  78/100  train=0.4434  val=0.6289  time=3.4s
Epoch  79/100  train=0.4235  val=0.6387  time=3.4s
Epoch  80/100  train=0.4700  val=0.6359  time=3.4s
Epoch  81/100  train=0.4216  val=0.6456  time=3.4s
Epoch  82/100  train=0.4545  val=0.6254  time=3.4s
Epoch  83/100  train=0.4148  val=0.6400  time=3.4s
Epoch  84/100  train=0.4926  val=0.6194  time=3.4s
  -> saved checkpoint (val=0.6194)
Epoch  85/100  train=0.4662  val=0.6294  time=3.4s
Epoch  86/100  train=0.4263  val=0.6275  time=3.3s
Epoch  87/100  train=0.4170  val=0.6239  time=3.4s
Epoch  88/100  train=0.4313  val=0.6327  time=3.3s
Epoch  89/100  train=0.4254  val=0.6190  time=3.4s
  -> saved checkpoint (val=0.6190)
Epoch  90/100  train=0.4358  val=0.6216  time=3.4s
Epoch  91/100  train=0.4330  val=0.6243  time=3.4s
Epoch  92/100  train=0.4323  val=0.6224  time=3.4s
Epoch  93/100  train=0.4872  val=0.6174  time=3.4s
  -> saved checkpoint (val=0.6174)
Epoch  94/100  train=0.4342  val=0.6202  time=3.4s
Epoch  95/100  train=0.4085  val=0.6275  time=3.4s
Epoch  96/100  train=0.4445  val=0.6197  time=3.3s
Epoch  97/100  train=0.4453  val=0.6276  time=3.4s
Epoch  98/100  train=0.4265  val=0.6258  time=3.4s
Epoch  99/100  train=0.4564  val=0.6320  time=3.4s
Epoch 100/100  train=0.4361  val=0.6226  time=3.3s

GRU probe training complete. Best val loss: 0.6174
Losses saved to: results/gru_probe_losses.csv
=== Stage: finetune ===
Low drift floats:    140
Depth observations:  1,121,134

Region distribution:
region
tropics               86
northeast_atlantic    24
subpolar              16
subtropical_west       6
subtropical_east       5
northwest_atlantic     3
Name: count, dtype: int64

O2 floats: 34 / 140
  Region 'northwest_atlantic' has only 3 remaining floats — assigning all to train
  Region 'subtropical_east' has only 4 remaining floats — assigning all to train

Float counts by split:
  train :  96 floats  (21 with O2)
  test  :  25 floats  (7 with O2)
  probe :  19 floats  (6 with O2)

Row counts by split:
split
train    733358
test     224767
probe    163009
Name: count, dtype: int64

Float counts by region and split:
split               probe  test  train
region                                
northeast_atlantic      4     4     16
northwest_atlantic      0     0      3
subpolar                3     3     10
subtropical_east        1     0      4
subtropical_west        2     1      3
tropics                 9    17     60
Using device: cuda
Loading pretrained checkpoints...
  Loaded pretrained probe head.
Building joint windows...
Joint windows: 5938
Computing oxygen normalization stats...
Oxygen stats — mean: 0.42, std: 16.27
Epoch   1/100  loss=0.3694  ts_raw=0.0191  ts_evo=0.0429  oxy=0.6576  lr=1.00e-04  time=28.9s
  -> saved checkpoint (val=0.3694)
Epoch   2/100  loss=0.3651  ts_raw=0.0191  ts_evo=0.0423  oxy=0.6496  lr=1.00e-04  time=29.2s
  -> saved checkpoint (val=0.3651)
Epoch   3/100  loss=0.3626  ts_raw=0.0193  ts_evo=0.0399  oxy=0.6467  lr=9.99e-05  time=30.9s
  -> saved checkpoint (val=0.3626)
Epoch   4/100  loss=0.3624  ts_raw=0.0194  ts_evo=0.0395  oxy=0.6465  lr=9.98e-05  time=31.4s
  -> saved checkpoint (val=0.3624)
Epoch   5/100  loss=0.3687  ts_raw=0.0194  ts_evo=0.0399  oxy=0.6588  lr=9.96e-05  time=31.8s
Epoch   6/100  loss=0.3695  ts_raw=0.0194  ts_evo=0.0376  oxy=0.6626  lr=9.94e-05  time=32.6s
Epoch   7/100  loss=0.3603  ts_raw=0.0194  ts_evo=0.0376  oxy=0.6442  lr=9.91e-05  time=33.3s
  -> saved checkpoint (val=0.3603)
Epoch   8/100  loss=0.3598  ts_raw=0.0195  ts_evo=0.0368  oxy=0.6437  lr=9.88e-05  time=34.2s
  -> saved checkpoint (val=0.3598)
Epoch   9/100  loss=0.3593  ts_raw=0.0195  ts_evo=0.0365  oxy=0.6431  lr=9.84e-05  time=35.0s
  -> saved checkpoint (val=0.3593)
Epoch  10/100  loss=0.3605  ts_raw=0.0195  ts_evo=0.0361  oxy=0.6460  lr=9.80e-05  time=35.9s
Epoch  11/100  loss=0.3591  ts_raw=0.0194  ts_evo=0.0360  oxy=0.6433  lr=9.76e-05  time=36.4s
  -> saved checkpoint (val=0.3591)
Epoch  12/100  loss=0.3589  ts_raw=0.0193  ts_evo=0.0352  oxy=0.6440  lr=9.71e-05  time=37.4s
  -> saved checkpoint (val=0.3589)
Epoch  13/100  loss=0.3624  ts_raw=0.0192  ts_evo=0.0357  oxy=0.6507  lr=9.65e-05  time=37.8s
Epoch  14/100  loss=0.3584  ts_raw=0.0190  ts_evo=0.0352  oxy=0.6434  lr=9.59e-05  time=38.2s
  -> saved checkpoint (val=0.3584)
Epoch  15/100  loss=0.3646  ts_raw=0.0190  ts_evo=0.0352  oxy=0.6560  lr=9.53e-05  time=38.8s
Epoch  16/100  loss=0.3576  ts_raw=0.0188  ts_evo=0.0348  oxy=0.6428  lr=9.46e-05  time=39.2s
  -> saved checkpoint (val=0.3576)
Epoch  17/100  loss=0.3585  ts_raw=0.0187  ts_evo=0.0347  oxy=0.6447  lr=9.39e-05  time=39.4s
Epoch  18/100  loss=0.3594  ts_raw=0.0186  ts_evo=0.0359  oxy=0.6457  lr=9.31e-05  time=39.9s
Epoch  19/100  loss=0.3665  ts_raw=0.0185  ts_evo=0.0344  oxy=0.6616  lr=9.23e-05  time=40.3s
Epoch  20/100  loss=0.3584  ts_raw=0.0184  ts_evo=0.0339  oxy=0.6461  lr=9.14e-05  time=40.8s
Epoch  21/100  loss=0.3594  ts_raw=0.0184  ts_evo=0.0340  oxy=0.6481  lr=9.05e-05  time=41.0s
Epoch  22/100  loss=0.3567  ts_raw=0.0183  ts_evo=0.0337  oxy=0.6431  lr=8.96e-05  time=41.6s
  -> saved checkpoint (val=0.3567)
Epoch  23/100  loss=0.3568  ts_raw=0.0183  ts_evo=0.0339  oxy=0.6431  lr=8.86e-05  time=42.0s
Epoch  24/100  loss=0.3575  ts_raw=0.0182  ts_evo=0.0340  oxy=0.6446  lr=8.76e-05  time=42.1s
Epoch  25/100  loss=0.3564  ts_raw=0.0181  ts_evo=0.0331  oxy=0.6435  lr=8.66e-05  time=42.6s
  -> saved checkpoint (val=0.3564)
Epoch  26/100  loss=0.3569  ts_raw=0.0181  ts_evo=0.0338  oxy=0.6437  lr=8.55e-05  time=43.0s
Epoch  27/100  loss=0.3565  ts_raw=0.0181  ts_evo=0.0342  oxy=0.6426  lr=8.44e-05  time=43.9s
Epoch  28/100  loss=0.3579  ts_raw=0.0180  ts_evo=0.0333  oxy=0.6464  lr=8.32e-05  time=43.8s
Epoch  29/100  loss=0.3564  ts_raw=0.0180  ts_evo=0.0331  oxy=0.6437  lr=8.21e-05  time=44.2s
  -> saved checkpoint (val=0.3564)
Epoch  30/100  loss=0.3562  ts_raw=0.0180  ts_evo=0.0336  oxy=0.6429  lr=8.08e-05  time=44.3s
  -> saved checkpoint (val=0.3562)
Epoch  31/100  loss=0.3559  ts_raw=0.0180  ts_evo=0.0327  oxy=0.6432  lr=7.96e-05  time=44.7s
  -> saved checkpoint (val=0.3559)
Epoch  32/100  loss=0.3556  ts_raw=0.0180  ts_evo=0.0326  oxy=0.6427  lr=7.83e-05  time=45.2s
  -> saved checkpoint (val=0.3556)
Epoch  33/100  loss=0.3560  ts_raw=0.0180  ts_evo=0.0329  oxy=0.6432  lr=7.70e-05  time=45.2s
Epoch  34/100  loss=0.3576  ts_raw=0.0179  ts_evo=0.0328  oxy=0.6466  lr=7.57e-05  time=45.8s
Epoch  35/100  loss=0.3576  ts_raw=0.0179  ts_evo=0.0339  oxy=0.6454  lr=7.43e-05  time=46.0s
Epoch  36/100  loss=0.3561  ts_raw=0.0179  ts_evo=0.0329  oxy=0.6434  lr=7.30e-05  time=46.5s
Epoch  37/100  loss=0.3605  ts_raw=0.0179  ts_evo=0.0332  oxy=0.6518  lr=7.16e-05  time=46.6s
Epoch  38/100  loss=0.3559  ts_raw=0.0179  ts_evo=0.0333  oxy=0.6426  lr=7.02e-05  time=46.9s
Epoch  39/100  loss=0.3560  ts_raw=0.0179  ts_evo=0.0329  oxy=0.6432  lr=6.87e-05  time=47.3s
Epoch  40/100  loss=0.3562  ts_raw=0.0180  ts_evo=0.0331  oxy=0.6434  lr=6.73e-05  time=47.6s
Epoch  41/100  loss=0.3562  ts_raw=0.0179  ts_evo=0.0323  oxy=0.6442  lr=6.58e-05  time=47.5s
Epoch  42/100  loss=0.3567  ts_raw=0.0179  ts_evo=0.0326  oxy=0.6449  lr=6.43e-05  time=47.6s
Epoch  43/100  loss=0.3557  ts_raw=0.0179  ts_evo=0.0327  oxy=0.6429  lr=6.28e-05  time=47.7s
Epoch  44/100  loss=0.3613  ts_raw=0.0179  ts_evo=0.0329  oxy=0.6538  lr=6.13e-05  time=48.0s
Epoch  45/100  loss=0.3562  ts_raw=0.0179  ts_evo=0.0331  oxy=0.6435  lr=5.98e-05  time=48.2s
Epoch  46/100  loss=0.3586  ts_raw=0.0179  ts_evo=0.0327  oxy=0.6488  lr=5.82e-05  time=48.5s
Epoch  47/100  loss=0.3554  ts_raw=0.0179  ts_evo=0.0325  oxy=0.6425  lr=5.67e-05  time=48.0s
  -> saved checkpoint (val=0.3554)
Epoch  48/100  loss=0.3577  ts_raw=0.0179  ts_evo=0.0330  oxy=0.6465  lr=5.52e-05  time=49.1s
Epoch  49/100  loss=0.3553  ts_raw=0.0179  ts_evo=0.0325  oxy=0.6422  lr=5.36e-05  time=49.0s
  -> saved checkpoint (val=0.3553)
Epoch  50/100  loss=0.3576  ts_raw=0.0179  ts_evo=0.0327  oxy=0.6467  lr=5.21e-05  time=49.1s
Epoch  51/100  loss=0.3549  ts_raw=0.0179  ts_evo=0.0323  oxy=0.6417  lr=5.05e-05  time=49.3s
  -> saved checkpoint (val=0.3549)
Epoch  52/100  loss=0.3566  ts_raw=0.0179  ts_evo=0.0328  oxy=0.6446  lr=4.89e-05  time=49.3s
Epoch  53/100  loss=0.3553  ts_raw=0.0179  ts_evo=0.0328  oxy=0.6419  lr=4.74e-05  time=49.1s
Epoch  54/100  loss=0.3559  ts_raw=0.0179  ts_evo=0.0324  oxy=0.6436  lr=4.58e-05  time=49.3s
Epoch  55/100  loss=0.3554  ts_raw=0.0179  ts_evo=0.0322  oxy=0.6427  lr=4.43e-05  time=49.6s
Epoch  56/100  loss=0.3556  ts_raw=0.0179  ts_evo=0.0325  oxy=0.6429  lr=4.28e-05  time=49.7s
Epoch  57/100  loss=0.3558  ts_raw=0.0179  ts_evo=0.0326  oxy=0.6433  lr=4.12e-05  time=49.6s
Epoch  58/100  loss=0.3549  ts_raw=0.0179  ts_evo=0.0325  oxy=0.6415  lr=3.97e-05  time=49.7s
Epoch  59/100  loss=0.3551  ts_raw=0.0179  ts_evo=0.0326  oxy=0.6417  lr=3.82e-05  time=49.8s
Epoch  60/100  loss=0.3559  ts_raw=0.0179  ts_evo=0.0326  oxy=0.6434  lr=3.67e-05  time=49.5s
Epoch  61/100  loss=0.3568  ts_raw=0.0179  ts_evo=0.0323  oxy=0.6456  lr=3.52e-05  time=49.9s
Epoch  62/100  loss=0.3548  ts_raw=0.0179  ts_evo=0.0323  oxy=0.6415  lr=3.37e-05  time=50.0s
  -> saved checkpoint (val=0.3548)
Epoch  63/100  loss=0.3547  ts_raw=0.0179  ts_evo=0.0321  oxy=0.6415  lr=3.23e-05  time=49.8s
  -> saved checkpoint (val=0.3547)
Epoch  64/100  loss=0.3548  ts_raw=0.0179  ts_evo=0.0326  oxy=0.6412  lr=3.08e-05  time=49.8s
Epoch  65/100  loss=0.3547  ts_raw=0.0179  ts_evo=0.0323  oxy=0.6412  lr=2.94e-05  time=50.4s
  -> saved checkpoint (val=0.3547)
Epoch  66/100  loss=0.3558  ts_raw=0.0179  ts_evo=0.0321  oxy=0.6436  lr=2.80e-05  time=50.4s
Epoch  67/100  loss=0.3550  ts_raw=0.0179  ts_evo=0.0322  oxy=0.6421  lr=2.67e-05  time=50.2s
Epoch  68/100  loss=0.3550  ts_raw=0.0179  ts_evo=0.0328  oxy=0.6415  lr=2.53e-05  time=50.2s
Epoch  69/100  loss=0.3560  ts_raw=0.0179  ts_evo=0.0323  oxy=0.6439  lr=2.40e-05  time=50.3s
Epoch  70/100  loss=0.3545  ts_raw=0.0179  ts_evo=0.0321  oxy=0.6412  lr=2.27e-05  time=50.2s
  -> saved checkpoint (val=0.3545)
Epoch  71/100  loss=0.3554  ts_raw=0.0179  ts_evo=0.0321  oxy=0.6429  lr=2.14e-05  time=50.4s
Epoch  72/100  loss=0.3546  ts_raw=0.0179  ts_evo=0.0320  oxy=0.6414  lr=2.02e-05  time=50.3s
Epoch  73/100  loss=0.3546  ts_raw=0.0179  ts_evo=0.0321  oxy=0.6413  lr=1.89e-05  time=50.5s
Epoch  74/100  loss=0.3565  ts_raw=0.0179  ts_evo=0.0322  oxy=0.6450  lr=1.78e-05  time=51.1s
Epoch  75/100  loss=0.3546  ts_raw=0.0179  ts_evo=0.0319  oxy=0.6415  lr=1.66e-05  time=50.9s
Epoch  76/100  loss=0.3549  ts_raw=0.0179  ts_evo=0.0318  oxy=0.6423  lr=1.55e-05  time=51.0s
Epoch  77/100  loss=0.3545  ts_raw=0.0179  ts_evo=0.0318  oxy=0.6414  lr=1.44e-05  time=50.8s
  -> saved checkpoint (val=0.3545)
Epoch  78/100  loss=0.3544  ts_raw=0.0179  ts_evo=0.0318  oxy=0.6412  lr=1.34e-05  time=50.9s
  -> saved checkpoint (val=0.3544)
Epoch  79/100  loss=0.3543  ts_raw=0.0179  ts_evo=0.0318  oxy=0.6411  lr=1.24e-05  time=51.0s
  -> saved checkpoint (val=0.3543)
Epoch  80/100  loss=0.3542  ts_raw=0.0179  ts_evo=0.0318  oxy=0.6409  lr=1.14e-05  time=50.7s
  -> saved checkpoint (val=0.3542)
Epoch  81/100  loss=0.3544  ts_raw=0.0179  ts_evo=0.0318  oxy=0.6412  lr=1.05e-05  time=50.6s
Epoch  82/100  loss=0.3543  ts_raw=0.0179  ts_evo=0.0318  oxy=0.6411  lr=9.56e-06  time=50.9s
Epoch  83/100  loss=0.3546  ts_raw=0.0179  ts_evo=0.0317  oxy=0.6417  lr=8.71e-06  time=51.1s
Epoch  84/100  loss=0.3546  ts_raw=0.0179  ts_evo=0.0318  oxy=0.6417  lr=7.89e-06  time=50.7s
Epoch  85/100  loss=0.3543  ts_raw=0.0179  ts_evo=0.0317  oxy=0.6412  lr=7.12e-06  time=50.9s
Epoch  86/100  loss=0.3542  ts_raw=0.0179  ts_evo=0.0318  oxy=0.6410  lr=6.40e-06  time=51.2s
  -> saved checkpoint (val=0.3542)
Epoch  87/100  loss=0.3553  ts_raw=0.0179  ts_evo=0.0319  oxy=0.6430  lr=5.71e-06  time=50.8s
Epoch  88/100  loss=0.3543  ts_raw=0.0179  ts_evo=0.0319  oxy=0.6409  lr=5.07e-06  time=50.8s
Epoch  89/100  loss=0.3542  ts_raw=0.0179  ts_evo=0.0317  oxy=0.6409  lr=4.48e-06  time=50.9s
  -> saved checkpoint (val=0.3542)
Epoch  90/100  loss=0.3542  ts_raw=0.0179  ts_evo=0.0318  oxy=0.6408  lr=3.93e-06  time=50.8s
Epoch  91/100  loss=0.3542  ts_raw=0.0179  ts_evo=0.0317  oxy=0.6409  lr=3.42e-06  time=50.7s
Epoch  92/100  loss=0.3543  ts_raw=0.0179  ts_evo=0.0317  oxy=0.6411  lr=2.97e-06  time=50.9s
Epoch  93/100  loss=0.3542  ts_raw=0.0179  ts_evo=0.0317  oxy=0.6409  lr=2.56e-06  time=51.1s
Epoch  94/100  loss=0.3542  ts_raw=0.0179  ts_evo=0.0317  oxy=0.6410  lr=2.19e-06  time=50.9s
Epoch  95/100  loss=0.3544  ts_raw=0.0179  ts_evo=0.0317  oxy=0.6413  lr=1.88e-06  time=50.7s
Epoch  96/100  loss=0.3543  ts_raw=0.0179  ts_evo=0.0317  oxy=0.6411  lr=1.61e-06  time=51.0s
Epoch  97/100  loss=0.3542  ts_raw=0.0179  ts_evo=0.0317  oxy=0.6410  lr=1.39e-06  time=51.0s
Epoch  98/100  loss=0.3542  ts_raw=0.0179  ts_evo=0.0317  oxy=0.6411  lr=1.22e-06  time=50.7s
Epoch  99/100  loss=0.3542  ts_raw=0.0179  ts_evo=0.0317  oxy=0.6410  lr=1.10e-06  time=51.0s
Epoch 100/100  loss=0.3543  ts_raw=0.0179  ts_evo=0.0317  oxy=0.6411  lr=1.02e-06  time=50.7s

Finetuning complete. Best val loss: 0.3542
Losses saved to: results/finetune_losses.csv
=== Stage: extrapolation ===
Using device: cuda
Loading latent cycles from checkpoints/latent_cycles.pt
Val windows (horizon=100): 18

Evaluating: ode
  horizon=5 (50 days)...
  -> final step MSE: 0.0915
  horizon=10 (100 days)...
  -> final step MSE: 0.0930
  horizon=15 (150 days)...
  -> final step MSE: 0.1127
  horizon=20 (200 days)...
  -> final step MSE: 0.0952
  horizon=30 (300 days)...
  -> final step MSE: 0.1575
  horizon=40 (400 days)...
  -> final step MSE: 0.1989
  horizon=50 (500 days)...
  -> final step MSE: 0.3105
  horizon=100 (1000 days)...
  -> final step MSE: 0.7503

Evaluating: gru
  horizon=5 (50 days)...
  -> final step MSE: 0.0607
  horizon=10 (100 days)...
  -> final step MSE: 0.0595
  horizon=15 (150 days)...
  -> final step MSE: 0.0741
  horizon=20 (200 days)...
  -> final step MSE: 0.0525
  horizon=30 (300 days)...
  -> final step MSE: 0.0922
  horizon=40 (400 days)...
  -> final step MSE: 0.0925
  horizon=50 (500 days)...
  -> final step MSE: 0.1637
  horizon=100 (1000 days)...
  -> final step MSE: 0.1344

Results saved to results/extrapolation_results.csv

=== Extrapolation Summary (final step MSE) ===
model         depth_only       gru       ode
horizon_days                                
50                0.0274  0.060650  0.091478
100               0.0274  0.059458  0.092977
150               0.0274  0.074080  0.112724
200               0.0274  0.052507  0.095177
300               0.0274  0.092218  0.157480
400               0.0274  0.092499  0.198937
500               0.0274  0.163743  0.310506
1000              0.0274  0.134381  0.750317
======================================================
End Time : Wed Apr 15 12:57:13 AM EDT 2026
======================================================
