======================================================
Start Time  : Sat Apr 11 01:01:49 PM EDT 2026
Submit Dir  : /users/sphill86/ocean_dynamics_2
Job ID/Name : 10876604 / ocean_latent_ode
Partition   : GPU
======================================================
=== Stage: split ===
Low drift floats:    140
Depth observations:  1,121,134

Region distribution:
region
tropics               86
northeast_atlantic    24
subpolar              16
subtropical_west       6
subtropical_east       5
northwest_atlantic     3
Name: count, dtype: int64

O2 floats: 34 / 140
  Region 'northwest_atlantic' has only 3 remaining floats — assigning all to train
  Region 'subtropical_east' has only 4 remaining floats — assigning all to train

Float counts by split:
  train :  96 floats  (21 with O2)
  test  :  25 floats  (7 with O2)
  probe :  19 floats  (6 with O2)

Row counts by split:
split
train    733358
test     224767
probe    163009
Name: count, dtype: int64

Float counts by region and split:
split               probe  test  train
region                                
northeast_atlantic      4     4     16
northwest_atlantic      0     0      3
subpolar                3     3     10
subtropical_east        1     0      4
subtropical_west        2     1      3
tropics                 9    17     60
Split complete.
=== Stage: encoder ===
Using device: cuda
Low drift floats:    140
Depth observations:  1,121,134

Region distribution:
region
tropics               86
northeast_atlantic    24
subpolar              16
subtropical_west       6
subtropical_east       5
northwest_atlantic     3
Name: count, dtype: int64

O2 floats: 34 / 140
  Region 'northwest_atlantic' has only 3 remaining floats — assigning all to train
  Region 'subtropical_east' has only 4 remaining floats — assigning all to train

Float counts by split:
  train :  96 floats  (21 with O2)
  test  :  25 floats  (7 with O2)
  probe :  19 floats  (6 with O2)

Row counts by split:
split
train    733358
test     224767
probe    163009
Name: count, dtype: int64

Float counts by region and split:
split               probe  test  train
region                                
northeast_atlantic      4     4     16
northwest_atlantic      0     0      3
subpolar                3     3     10
subtropical_east        1     0      4
subtropical_west        2     1      3
tropics                 9    17     60
Epoch   1/80  train=4.4053  val=0.0739  time=12.4s
Saved autoencoder to checkpoints/autoencoder_best.pt
  -> saved checkpoint (val=0.0739)
Epoch   2/80  train=0.0731  val=0.0604  time=7.7s
Saved autoencoder to checkpoints/autoencoder_best.pt
  -> saved checkpoint (val=0.0604)
Epoch   3/80  train=0.0589  val=0.0520  time=7.7s
Saved autoencoder to checkpoints/autoencoder_best.pt
  -> saved checkpoint (val=0.0520)
Epoch   4/80  train=0.0544  val=0.0468  time=7.8s
Saved autoencoder to checkpoints/autoencoder_best.pt
  -> saved checkpoint (val=0.0468)
Epoch   5/80  train=0.0497  val=0.0480  time=7.6s
Epoch   6/80  train=0.0466  val=0.0436  time=7.6s
Saved autoencoder to checkpoints/autoencoder_best.pt
  -> saved checkpoint (val=0.0436)
Epoch   7/80  train=0.0444  val=0.0460  time=7.6s
Epoch   8/80  train=0.0413  val=0.0433  time=7.8s
Saved autoencoder to checkpoints/autoencoder_best.pt
  -> saved checkpoint (val=0.0433)
Epoch   9/80  train=0.0393  val=0.0403  time=7.6s
Saved autoencoder to checkpoints/autoencoder_best.pt
  -> saved checkpoint (val=0.0403)
Epoch  10/80  train=0.0365  val=0.0379  time=7.6s
Saved autoencoder to checkpoints/autoencoder_best.pt
  -> saved checkpoint (val=0.0379)
Epoch  11/80  train=0.0362  val=0.0515  time=7.7s
Epoch  12/80  train=0.0362  val=0.0412  time=7.8s
Epoch  13/80  train=0.0326  val=0.0460  time=7.7s
Epoch  14/80  train=0.0353  val=0.0400  time=7.7s
Epoch  15/80  train=0.0331  val=0.0442  time=7.7s
Epoch  16/80  train=0.0316  val=0.0457  time=7.9s
Epoch  17/80  train=0.0313  val=0.0300  time=7.7s
Saved autoencoder to checkpoints/autoencoder_best.pt
  -> saved checkpoint (val=0.0300)
Epoch  18/80  train=0.0292  val=0.0335  time=7.7s
Epoch  19/80  train=0.0307  val=0.0292  time=7.7s
Saved autoencoder to checkpoints/autoencoder_best.pt
  -> saved checkpoint (val=0.0292)
Epoch  20/80  train=0.0289  val=0.0300  time=7.9s
Epoch  21/80  train=0.0285  val=0.0327  time=7.7s
Epoch  22/80  train=0.0326  val=0.0281  time=7.7s
Saved autoencoder to checkpoints/autoencoder_best.pt
  -> saved checkpoint (val=0.0281)
Epoch  23/80  train=0.0265  val=0.0253  time=7.7s
Saved autoencoder to checkpoints/autoencoder_best.pt
  -> saved checkpoint (val=0.0253)
Epoch  24/80  train=0.0282  val=0.0277  time=7.9s
Epoch  25/80  train=0.0237  val=0.0381  time=7.7s
Epoch  26/80  train=0.0269  val=0.0271  time=7.6s
Epoch  27/80  train=0.0276  val=0.0291  time=7.7s
Epoch  28/80  train=0.0222  val=0.0250  time=7.8s
Saved autoencoder to checkpoints/autoencoder_best.pt
  -> saved checkpoint (val=0.0250)
Epoch  29/80  train=0.0257  val=0.0337  time=7.7s
Epoch  30/80  train=0.0205  val=0.0291  time=7.7s
Epoch  31/80  train=0.0236  val=0.0225  time=7.6s
Saved autoencoder to checkpoints/autoencoder_best.pt
  -> saved checkpoint (val=0.0225)
Epoch  32/80  train=0.0213  val=0.0236  time=7.8s
Epoch  33/80  train=0.0211  val=0.0213  time=7.7s
Saved autoencoder to checkpoints/autoencoder_best.pt
  -> saved checkpoint (val=0.0213)
Epoch  34/80  train=0.0208  val=0.0231  time=7.7s
Epoch  35/80  train=0.0223  val=0.0387  time=7.7s
Epoch  36/80  train=0.0196  val=0.0213  time=7.8s
Epoch  37/80  train=0.0191  val=0.0247  time=7.7s
Epoch  38/80  train=0.0196  val=0.0207  time=7.7s
Saved autoencoder to checkpoints/autoencoder_best.pt
  -> saved checkpoint (val=0.0207)
Epoch  39/80  train=0.0202  val=0.0214  time=7.7s
Epoch  40/80  train=0.0181  val=0.0291  time=7.8s
Epoch  41/80  train=0.0182  val=0.0243  time=7.7s
Epoch  42/80  train=0.0188  val=0.0210  time=7.7s
Epoch  43/80  train=0.0168  val=0.0203  time=7.7s
Saved autoencoder to checkpoints/autoencoder_best.pt
  -> saved checkpoint (val=0.0203)
Epoch  44/80  train=0.0177  val=0.0235  time=7.8s
Epoch  45/80  train=0.0196  val=0.0226  time=7.7s
Epoch  46/80  train=0.0162  val=0.0254  time=7.7s
Epoch  47/80  train=0.0164  val=0.0198  time=7.6s
Saved autoencoder to checkpoints/autoencoder_best.pt
  -> saved checkpoint (val=0.0198)
Epoch  48/80  train=0.0163  val=0.0195  time=7.8s
Saved autoencoder to checkpoints/autoencoder_best.pt
  -> saved checkpoint (val=0.0195)
Epoch  49/80  train=0.0161  val=0.0188  time=7.7s
Saved autoencoder to checkpoints/autoencoder_best.pt
  -> saved checkpoint (val=0.0188)
Epoch  50/80  train=0.0158  val=0.0216  time=7.7s
Epoch  51/80  train=0.0164  val=0.0204  time=7.7s
Epoch  52/80  train=0.0159  val=0.0327  time=7.8s
Epoch  53/80  train=0.0172  val=0.0272  time=7.7s
Epoch  54/80  train=0.0145  val=0.0203  time=7.7s
Epoch  55/80  train=0.0158  val=0.0198  time=7.6s
Epoch  56/80  train=0.0153  val=0.0217  time=7.8s
Epoch  57/80  train=0.0150  val=0.0209  time=7.6s
Epoch  58/80  train=0.0147  val=0.0228  time=7.6s
Epoch  59/80  train=0.0158  val=0.0211  time=7.6s
Epoch  60/80  train=0.0144  val=0.0183  time=7.7s
Saved autoencoder to checkpoints/autoencoder_best.pt
  -> saved checkpoint (val=0.0183)
Epoch  61/80  train=0.0149  val=0.0205  time=7.8s
Epoch  62/80  train=0.0151  val=0.0204  time=7.7s
Epoch  63/80  train=0.0138  val=0.0193  time=7.6s
Epoch  64/80  train=0.0142  val=0.0196  time=7.6s
Epoch  65/80  train=0.0140  val=0.0189  time=7.8s
Epoch  66/80  train=0.0133  val=0.0188  time=7.7s
Epoch  67/80  train=0.0140  val=0.0191  time=7.7s
Epoch  68/80  train=0.0143  val=0.0198  time=7.6s
Epoch  69/80  train=0.0138  val=0.0186  time=7.8s
Epoch  70/80  train=0.0130  val=0.0198  time=7.7s
Epoch  71/80  train=0.0132  val=0.0175  time=7.6s
Saved autoencoder to checkpoints/autoencoder_best.pt
  -> saved checkpoint (val=0.0175)
Epoch  72/80  train=0.0137  val=0.0192  time=7.6s
Epoch  73/80  train=0.0132  val=0.0172  time=7.8s
Saved autoencoder to checkpoints/autoencoder_best.pt
  -> saved checkpoint (val=0.0172)
Epoch  74/80  train=0.0123  val=0.0180  time=7.7s
Epoch  75/80  train=0.0135  val=0.0183  time=7.7s
Epoch  76/80  train=0.0126  val=0.0195  time=7.6s
Epoch  77/80  train=0.0138  val=0.0182  time=7.8s
Epoch  78/80  train=0.0139  val=0.0175  time=7.7s
Epoch  79/80  train=0.0119  val=0.0160  time=7.7s
Saved autoencoder to checkpoints/autoencoder_best.pt
  -> saved checkpoint (val=0.0160)
Epoch  80/80  train=0.0124  val=0.0178  time=7.6s

Encoder training complete. Best val loss: 0.0160
Losses saved to: results/encoder_losses.csv
=== Stage: encode ===
Low drift floats:    140
Depth observations:  1,121,134

Region distribution:
region
tropics               86
northeast_atlantic    24
subpolar              16
subtropical_west       6
subtropical_east       5
northwest_atlantic     3
Name: count, dtype: int64

O2 floats: 34 / 140
  Region 'northwest_atlantic' has only 3 remaining floats — assigning all to train
  Region 'subtropical_east' has only 4 remaining floats — assigning all to train

Float counts by split:
  train :  96 floats  (21 with O2)
  test  :  25 floats  (7 with O2)
  probe :  19 floats  (6 with O2)

Row counts by split:
split
train    733358
test     224767
probe    163009
Name: count, dtype: int64

Float counts by region and split:
split               probe  test  train
region                                
northeast_atlantic      4     4     16
northwest_atlantic      0     0      3
subpolar                3     3     10
subtropical_east        1     0      4
subtropical_west        2     1      3
tropics                 9    17     60
Latent train: 10046 casts
Latent val:   3079 casts
Latent probe: 2233 casts
Saved latent cycles to checkpoints/latent_cycles.pt
=== Stage: ode_curriculum ===
Using device: cuda
Loading latent cycles from checkpoints/latent_cycles.pt

Curriculum schedule:
  Phase 1: window=10 (100 days)  epochs=100
  Total epochs: 100

============================================================
Phase 1/1 — window=10 (100 days)  epochs=100
============================================================
Building train windows...
Train windows: 4614
Building val windows...
Val windows: 1434
  [1/1] Epoch   1/100  (global 1)  train=4.1685  val=0.9966  lr=5.00e-04  time=14.5s
  -> saved checkpoint (val=0.9966)
  [1/1] Epoch   2/100  (global 2)  train=1.6147  val=0.8536  lr=5.00e-04  time=9.9s
  -> saved checkpoint (val=0.8536)
  [1/1] Epoch   3/100  (global 3)  train=1.4845  val=0.7936  lr=5.00e-04  time=9.7s
  -> saved checkpoint (val=0.7936)
  [1/1] Epoch   4/100  (global 4)  train=1.3962  val=0.8110  lr=4.99e-04  time=10.1s
  [1/1] Epoch   5/100  (global 5)  train=1.3435  val=0.7888  lr=4.98e-04  time=10.6s
  -> saved checkpoint (val=0.7888)
  [1/1] Epoch   6/100  (global 6)  train=1.3421  val=0.8300  lr=4.97e-04  time=11.0s
  [1/1] Epoch   7/100  (global 7)  train=1.3025  val=0.8443  lr=4.96e-04  time=11.4s
  [1/1] Epoch   8/100  (global 8)  train=1.3219  val=0.7603  lr=4.94e-04  time=12.1s
  -> saved checkpoint (val=0.7603)
  [1/1] Epoch   9/100  (global 9)  train=1.2721  val=0.8269  lr=4.92e-04  time=12.4s
  [1/1] Epoch  10/100  (global 10)  train=1.2761  val=0.7559  lr=4.90e-04  time=12.9s
  -> saved checkpoint (val=0.7559)
  [1/1] Epoch  11/100  (global 11)  train=1.2243  val=0.7637  lr=4.88e-04  time=13.4s
  [1/1] Epoch  12/100  (global 12)  train=1.2390  val=0.8512  lr=4.85e-04  time=13.7s
  [1/1] Epoch  13/100  (global 13)  train=1.2193  val=0.7964  lr=4.82e-04  time=14.0s
  [1/1] Epoch  14/100  (global 14)  train=1.2227  val=0.8163  lr=4.79e-04  time=14.8s
  [1/1] Epoch  15/100  (global 15)  train=1.2306  val=0.7849  lr=4.76e-04  time=15.1s
  [1/1] Epoch  16/100  (global 16)  train=1.2287  val=0.8122  lr=4.73e-04  time=16.2s
  [1/1] Epoch  17/100  (global 17)  train=1.2011  val=0.7799  lr=4.69e-04  time=16.5s
  [1/1] Epoch  18/100  (global 18)  train=1.2047  val=0.7706  lr=4.65e-04  time=17.4s
  [1/1] Epoch  19/100  (global 19)  train=1.1803  val=0.8806  lr=4.61e-04  time=17.8s
  [1/1] Epoch  20/100  (global 20)  train=1.1928  val=0.8982  lr=4.57e-04  time=18.6s
  [1/1] Epoch  21/100  (global 21)  train=1.1883  val=0.8401  lr=4.52e-04  time=19.2s
  [1/1] Epoch  22/100  (global 22)  train=1.1593  val=0.8228  lr=4.48e-04  time=19.7s
  [1/1] Epoch  23/100  (global 23)  train=1.1623  val=0.7591  lr=4.43e-04  time=21.0s
  [1/1] Epoch  24/100  (global 24)  train=1.1486  val=0.8227  lr=4.38e-04  time=21.1s
  [1/1] Epoch  25/100  (global 25)  train=1.2204  val=0.8125  lr=4.32e-04  time=23.4s
  [1/1] Epoch  26/100  (global 26)  train=1.1196  val=0.8736  lr=4.27e-04  time=23.6s
  [1/1] Epoch  27/100  (global 27)  train=1.1484  val=0.9337  lr=4.21e-04  time=24.6s
  [1/1] Epoch  28/100  (global 28)  train=1.1626  val=0.7931  lr=4.15e-04  time=25.9s
  [1/1] Epoch  29/100  (global 29)  train=1.1355  val=0.8938  lr=4.10e-04  time=26.9s
  [1/1] Epoch  30/100  (global 30)  train=1.1525  val=0.8012  lr=4.03e-04  time=28.0s
  [1/1] Epoch  31/100  (global 31)  train=1.1229  val=0.9503  lr=3.97e-04  time=28.6s
  [1/1] Epoch  32/100  (global 32)  train=1.1506  val=0.7918  lr=3.91e-04  time=29.4s
  [1/1] Epoch  33/100  (global 33)  train=1.1205  val=0.7718  lr=3.84e-04  time=30.5s
  [1/1] Epoch  34/100  (global 34)  train=1.1084  val=0.7798  lr=3.78e-04  time=32.0s
  [1/1] Epoch  35/100  (global 35)  train=1.1392  val=0.7134  lr=3.71e-04  time=33.4s
  -> saved checkpoint (val=0.7134)
  [1/1] Epoch  36/100  (global 36)  train=1.1778  val=0.7694  lr=3.64e-04  time=34.9s
  [1/1] Epoch  37/100  (global 37)  train=1.1004  val=0.7980  lr=3.57e-04  time=35.8s
  [1/1] Epoch  38/100  (global 38)  train=1.1042  val=0.7978  lr=3.50e-04  time=36.1s
  [1/1] Epoch  39/100  (global 39)  train=1.1557  val=0.7741  lr=3.42e-04  time=37.4s
  [1/1] Epoch  40/100  (global 40)  train=1.0853  val=0.7656  lr=3.35e-04  time=38.4s
  [1/1] Epoch  41/100  (global 41)  train=1.0697  val=0.8915  lr=3.28e-04  time=38.7s
  [1/1] Epoch  42/100  (global 42)  train=1.1218  val=0.7828  lr=3.20e-04  time=39.4s
  [1/1] Epoch  43/100  (global 43)  train=1.1591  val=0.7694  lr=3.13e-04  time=40.1s
  [1/1] Epoch  44/100  (global 44)  train=1.0956  val=0.9651  lr=3.05e-04  time=42.5s
  [1/1] Epoch  45/100  (global 45)  train=1.1089  val=0.7621  lr=2.97e-04  time=42.9s
  [1/1] Epoch  46/100  (global 46)  train=1.0702  val=0.8045  lr=2.90e-04  time=44.4s
  [1/1] Epoch  47/100  (global 47)  train=1.1735  val=0.9374  lr=2.82e-04  time=43.8s
  [1/1] Epoch  48/100  (global 48)  train=1.2195  val=0.7122  lr=2.74e-04  time=43.5s
  -> saved checkpoint (val=0.7122)
  [1/1] Epoch  49/100  (global 49)  train=1.0997  val=0.7425  lr=2.66e-04  time=44.2s
  [1/1] Epoch  50/100  (global 50)  train=1.1516  val=0.8193  lr=2.58e-04  time=44.0s
  [1/1] Epoch  51/100  (global 51)  train=1.0762  val=0.7221  lr=2.51e-04  time=45.0s
  [1/1] Epoch  52/100  (global 52)  train=1.5147  val=1.0151  lr=2.43e-04  time=45.6s
  [1/1] Epoch  53/100  (global 53)  train=1.1659  val=0.7197  lr=2.35e-04  time=45.9s
  [1/1] Epoch  54/100  (global 54)  train=1.0811  val=0.7401  lr=2.27e-04  time=45.4s
  [1/1] Epoch  55/100  (global 55)  train=1.0723  val=0.7274  lr=2.19e-04  time=45.4s
  [1/1] Epoch  56/100  (global 56)  train=1.0609  val=0.7396  lr=2.11e-04  time=45.5s
  [1/1] Epoch  57/100  (global 57)  train=1.0658  val=1.1353  lr=2.04e-04  time=45.8s
  [1/1] Epoch  58/100  (global 58)  train=1.0901  val=0.7658  lr=1.96e-04  time=45.9s
  [1/1] Epoch  59/100  (global 59)  train=1.0414  val=0.7438  lr=1.88e-04  time=46.3s
  [1/1] Epoch  60/100  (global 60)  train=1.0333  val=0.7856  lr=1.81e-04  time=46.6s
  [1/1] Epoch  61/100  (global 61)  train=1.0320  val=0.7886  lr=1.73e-04  time=46.9s
  [1/1] Epoch  62/100  (global 62)  train=1.0427  val=0.7706  lr=1.66e-04  time=47.4s
  [1/1] Epoch  63/100  (global 63)  train=1.0274  val=0.7899  lr=1.59e-04  time=47.6s
  [1/1] Epoch  64/100  (global 64)  train=1.0129  val=0.8025  lr=1.51e-04  time=47.8s
  [1/1] Epoch  65/100  (global 65)  train=0.9995  val=0.8026  lr=1.44e-04  time=48.3s
  [1/1] Epoch  66/100  (global 66)  train=1.0188  val=0.7800  lr=1.37e-04  time=48.1s
  [1/1] Epoch  67/100  (global 67)  train=0.9968  val=0.7887  lr=1.30e-04  time=48.7s
  [1/1] Epoch  68/100  (global 68)  train=0.9828  val=0.7885  lr=1.23e-04  time=48.8s
  [1/1] Epoch  69/100  (global 69)  train=0.9652  val=0.8039  lr=1.17e-04  time=49.0s
  [1/1] Epoch  70/100  (global 70)  train=1.1305  val=0.8357  lr=1.10e-04  time=47.9s
  [1/1] Epoch  71/100  (global 71)  train=1.0448  val=0.8340  lr=1.04e-04  time=48.3s
  [1/1] Epoch  72/100  (global 72)  train=1.0317  val=0.8903  lr=9.76e-05  time=48.4s
  [1/1] Epoch  73/100  (global 73)  train=1.0073  val=0.8281  lr=9.15e-05  time=48.6s
  [1/1] Epoch  74/100  (global 74)  train=1.0239  val=0.8032  lr=8.55e-05  time=48.5s
  [1/1] Epoch  75/100  (global 75)  train=1.0468  val=0.8357  lr=7.97e-05  time=48.8s
  [1/1] Epoch  76/100  (global 76)  train=1.0504  val=0.8078  lr=7.41e-05  time=49.5s
  [1/1] Epoch  77/100  (global 77)  train=0.9992  val=0.8243  lr=6.86e-05  time=50.0s
  [1/1] Epoch  78/100  (global 78)  train=0.9595  val=0.8404  lr=6.33e-05  time=49.9s
  [1/1] Epoch  79/100  (global 79)  train=0.9491  val=0.8115  lr=5.83e-05  time=49.9s
  [1/1] Epoch  80/100  (global 80)  train=0.9488  val=0.8317  lr=5.34e-05  time=49.9s
  [1/1] Epoch  81/100  (global 81)  train=0.9437  val=0.8578  lr=4.87e-05  time=49.9s
  [1/1] Epoch  82/100  (global 82)  train=0.9413  val=0.8479  lr=4.41e-05  time=50.0s
  [1/1] Epoch  83/100  (global 83)  train=0.9459  val=0.8266  lr=3.98e-05  time=49.8s
  [1/1] Epoch  84/100  (global 84)  train=0.9324  val=0.8346  lr=3.57e-05  time=50.1s
  [1/1] Epoch  85/100  (global 85)  train=0.9349  val=0.8462  lr=3.19e-05  time=50.2s
  [1/1] Epoch  86/100  (global 86)  train=0.9281  val=0.8470  lr=2.82e-05  time=49.8s
  [1/1] Epoch  87/100  (global 87)  train=0.9330  val=0.8423  lr=2.47e-05  time=49.9s
  [1/1] Epoch  88/100  (global 88)  train=0.9308  val=0.8465  lr=2.15e-05  time=50.1s
  [1/1] Epoch  89/100  (global 89)  train=0.9255  val=0.8451  lr=1.85e-05  time=50.1s
  [1/1] Epoch  90/100  (global 90)  train=0.9206  val=0.8466  lr=1.58e-05  time=50.0s
  [1/1] Epoch  91/100  (global 91)  train=0.9193  val=0.8495  lr=1.32e-05  time=50.1s
  [1/1] Epoch  92/100  (global 92)  train=0.9187  val=0.8517  lr=1.09e-05  time=50.1s
  [1/1] Epoch  93/100  (global 93)  train=0.9138  val=0.8565  lr=8.84e-06  time=50.0s
  [1/1] Epoch  94/100  (global 94)  train=0.9313  val=0.8570  lr=7.01e-06  time=50.1s
  [1/1] Epoch  95/100  (global 95)  train=0.9122  val=0.8687  lr=5.42e-06  time=50.0s
  [1/1] Epoch  96/100  (global 96)  train=0.9156  val=0.8652  lr=4.07e-06  time=50.0s
  [1/1] Epoch  97/100  (global 97)  train=0.9112  val=0.8655  lr=2.97e-06  time=50.0s
  [1/1] Epoch  98/100  (global 98)  train=0.9108  val=0.8662  lr=2.11e-06  time=50.1s
  [1/1] Epoch  99/100  (global 99)  train=0.9100  val=0.8645  lr=1.49e-06  time=50.1s
  [1/1] Epoch 100/100  (global 100)  train=0.9262  val=0.8642  lr=1.12e-06  time=50.2s

Curriculum ODE training complete. Best val loss: 0.7122
Losses saved to: results/node_curriculum_losses.csv
=== Stage: gru ===
Using device: cuda
Loading latent cycles from checkpoints/latent_cycles.pt
Building train windows...
Train windows: 3993
Building val windows...
Val windows: 1252
Epoch   1/100  train=9.4400  val=3.8388  time=2.3s
  -> saved checkpoint (val=3.8388)
Epoch   2/100  train=4.2099  val=2.1274  time=2.0s
  -> saved checkpoint (val=2.1274)
Epoch   3/100  train=3.1271  val=1.6801  time=2.0s
  -> saved checkpoint (val=1.6801)
Epoch   4/100  train=2.6533  val=1.4459  time=2.0s
  -> saved checkpoint (val=1.4459)
Epoch   5/100  train=2.3345  val=1.3125  time=2.0s
  -> saved checkpoint (val=1.3125)
Epoch   6/100  train=2.1164  val=1.2148  time=2.0s
  -> saved checkpoint (val=1.2148)
Epoch   7/100  train=1.9531  val=1.1286  time=2.0s
  -> saved checkpoint (val=1.1286)
Epoch   8/100  train=1.8366  val=1.1571  time=2.0s
Epoch   9/100  train=1.7108  val=1.0839  time=2.0s
  -> saved checkpoint (val=1.0839)
Epoch  10/100  train=1.6326  val=1.0632  time=2.0s
  -> saved checkpoint (val=1.0632)
Epoch  11/100  train=1.5542  val=1.1307  time=2.0s
Epoch  12/100  train=1.5114  val=1.0485  time=2.0s
  -> saved checkpoint (val=1.0485)
Epoch  13/100  train=1.4525  val=1.0195  time=2.0s
  -> saved checkpoint (val=1.0195)
Epoch  14/100  train=1.4138  val=1.0582  time=2.0s
Epoch  15/100  train=1.3827  val=1.0411  time=2.0s
Epoch  16/100  train=1.3927  val=1.0274  time=2.0s
Epoch  17/100  train=1.3534  val=1.0296  time=2.0s
Epoch  18/100  train=1.3575  val=1.0639  time=2.0s
Epoch  19/100  train=1.3300  val=1.0342  time=2.0s
Epoch  20/100  train=1.3064  val=1.0113  time=2.0s
  -> saved checkpoint (val=1.0113)
Epoch  21/100  train=1.3018  val=1.0268  time=2.0s
Epoch  22/100  train=1.2947  val=1.0302  time=2.0s
Epoch  23/100  train=1.2835  val=1.0419  time=2.0s
Epoch  24/100  train=1.2992  val=1.0373  time=2.0s
Epoch  25/100  train=1.2706  val=1.0298  time=2.0s
Epoch  26/100  train=1.2728  val=1.0477  time=2.0s
Epoch  27/100  train=1.2712  val=1.0251  time=2.0s
Epoch  28/100  train=1.2472  val=1.0560  time=2.0s
Epoch  29/100  train=1.2352  val=1.0313  time=2.0s
Epoch  30/100  train=1.2519  val=1.0301  time=2.0s
Epoch  31/100  train=1.2524  val=1.0197  time=2.0s
Epoch  32/100  train=1.2304  val=1.0165  time=2.0s
Epoch  33/100  train=1.2488  val=1.0411  time=2.0s
Epoch  34/100  train=1.2702  val=1.0264  time=2.0s
Epoch  35/100  train=1.2307  val=1.0428  time=2.0s
Epoch  36/100  train=1.2344  val=1.0275  time=2.0s
Epoch  37/100  train=1.2299  val=1.0271  time=2.0s
Epoch  38/100  train=1.2118  val=1.0110  time=2.0s
  -> saved checkpoint (val=1.0110)
Epoch  39/100  train=1.2050  val=1.0096  time=2.0s
  -> saved checkpoint (val=1.0096)
Epoch  40/100  train=1.2171  val=1.0405  time=2.0s
Epoch  41/100  train=1.2099  val=1.0265  time=2.0s
Epoch  42/100  train=1.1927  val=1.0478  time=2.0s
Epoch  43/100  train=1.2389  val=1.0139  time=2.0s
Epoch  44/100  train=1.2034  val=1.0478  time=2.0s
Epoch  45/100  train=1.2044  val=1.0112  time=2.0s
Epoch  46/100  train=1.2102  val=1.0188  time=2.0s
Epoch  47/100  train=1.2119  val=1.0202  time=2.0s
Epoch  48/100  train=1.1969  val=1.0067  time=2.0s
  -> saved checkpoint (val=1.0067)
Epoch  49/100  train=1.2008  val=0.9998  time=2.0s
  -> saved checkpoint (val=0.9998)
Epoch  50/100  train=1.1681  val=1.0224  time=2.0s
Epoch  51/100  train=1.2013  val=1.0223  time=2.0s
Epoch  52/100  train=1.1789  val=1.0286  time=2.0s
Epoch  53/100  train=1.1586  val=1.0053  time=2.0s
Epoch  54/100  train=1.1852  val=1.0190  time=2.0s
Epoch  55/100  train=1.1629  val=1.0175  time=2.0s
Epoch  56/100  train=1.1775  val=1.0486  time=2.0s
Epoch  57/100  train=1.1939  val=1.0273  time=2.0s
Epoch  58/100  train=1.1642  val=1.0118  time=2.0s
Epoch  59/100  train=1.1484  val=1.0180  time=2.0s
Epoch  60/100  train=1.2044  val=0.9999  time=2.0s
Epoch  61/100  train=1.3473  val=1.0099  time=2.0s
Epoch  62/100  train=1.2520  val=0.9954  time=2.0s
  -> saved checkpoint (val=0.9954)
Epoch  63/100  train=1.1828  val=1.0413  time=2.0s
Epoch  64/100  train=1.1667  val=1.0489  time=2.0s
Epoch  65/100  train=1.1515  val=1.0084  time=2.0s
Epoch  66/100  train=1.1544  val=1.0149  time=2.0s
Epoch  67/100  train=1.1523  val=1.0120  time=2.0s
Epoch  68/100  train=1.1648  val=1.0093  time=2.0s
Epoch  69/100  train=1.1556  val=1.0166  time=2.0s
Epoch  70/100  train=1.1280  val=1.0128  time=2.0s
Epoch  71/100  train=1.1485  val=1.0273  time=2.0s
Epoch  72/100  train=1.1516  val=1.0714  time=2.0s
Epoch  73/100  train=1.1317  val=0.9792  time=2.0s
  -> saved checkpoint (val=0.9792)
Epoch  74/100  train=1.1197  val=1.0321  time=2.0s
Epoch  75/100  train=1.1531  val=1.0166  time=2.0s
Epoch  76/100  train=1.1416  val=1.0203  time=2.0s
Epoch  77/100  train=1.1255  val=1.0045  time=2.0s
Epoch  78/100  train=1.1149  val=0.9870  time=2.0s
Epoch  79/100  train=1.1574  val=0.9906  time=2.0s
Epoch  80/100  train=1.1290  val=1.0386  time=2.0s
Epoch  81/100  train=1.1289  val=0.9871  time=2.0s
Epoch  82/100  train=1.1586  val=1.0457  time=2.0s
Epoch  83/100  train=1.1354  val=0.9945  time=2.0s
Epoch  84/100  train=1.1012  val=0.9952  time=2.0s
Epoch  85/100  train=1.1218  val=1.0207  time=2.0s
Epoch  86/100  train=1.1175  val=1.0286  time=2.0s
Epoch  87/100  train=1.1205  val=0.9838  time=2.0s
Epoch  88/100  train=1.1127  val=1.0169  time=2.0s
Epoch  89/100  train=1.1135  val=1.0363  time=2.0s
Epoch  90/100  train=1.1069  val=1.0089  time=2.0s
Epoch  91/100  train=1.0955  val=1.0320  time=2.0s
Epoch  92/100  train=1.2019  val=1.0408  time=2.0s
Epoch  93/100  train=1.1519  val=0.9873  time=2.0s
Epoch  94/100  train=1.1105  val=1.0123  time=2.0s
Epoch  95/100  train=1.1215  val=1.0119  time=2.0s
Epoch  96/100  train=1.1165  val=1.0084  time=2.0s
Epoch  97/100  train=1.1323  val=0.9927  time=2.0s
Epoch  98/100  train=1.1118  val=1.0681  time=2.0s
Epoch  99/100  train=1.1255  val=1.0203  time=2.0s
Epoch 100/100  train=1.1013  val=1.0167  time=2.0s

GRU training complete. Best val loss: 0.9792
Losses saved to: results/gru_losses.csv
=== Stage: probe ===
Low drift floats:    140
Depth observations:  1,121,134

Region distribution:
region
tropics               86
northeast_atlantic    24
subpolar              16
subtropical_west       6
subtropical_east       5
northwest_atlantic     3
Name: count, dtype: int64

O2 floats: 34 / 140
  Region 'northwest_atlantic' has only 3 remaining floats — assigning all to train
  Region 'subtropical_east' has only 4 remaining floats — assigning all to train

Float counts by split:
  train :  96 floats  (21 with O2)
  test  :  25 floats  (7 with O2)
  probe :  19 floats  (6 with O2)

Row counts by split:
split
train    733358
test     224767
probe    163009
Name: count, dtype: int64

Float counts by region and split:
split               probe  test  train
region                                
northeast_atlantic      4     4     16
northwest_atlantic      0     0      3
subpolar                3     3     10
subtropical_east        1     0      4
subtropical_west        2     1      3
tropics                 9    17     60
Probe casts: 2233
Using device: cuda
Computing oxygen normalization stats...
Oxygen stats — mean: 0.10, std: 0.20
Building probe windows...
Probe windows: 1082
Epoch   1/100  train=1.0673  val=1.3759  lr=1.00e-04  time=8.8s
  -> saved checkpoint (val=1.3759)
Epoch   2/100  train=0.8408  val=1.1985  lr=1.00e-04  time=6.9s
  -> saved checkpoint (val=1.1985)
Epoch   3/100  train=0.7799  val=1.0960  lr=9.99e-05  time=7.0s
  -> saved checkpoint (val=1.0960)
Epoch   4/100  train=0.7958  val=1.0329  lr=9.98e-05  time=6.8s
  -> saved checkpoint (val=1.0329)
Epoch   5/100  train=0.6857  val=0.9687  lr=9.96e-05  time=6.9s
  -> saved checkpoint (val=0.9687)
Epoch   6/100  train=0.6527  val=0.9251  lr=9.94e-05  time=6.9s
  -> saved checkpoint (val=0.9251)
Epoch   7/100  train=0.5955  val=0.8800  lr=9.91e-05  time=6.8s
  -> saved checkpoint (val=0.8800)
Epoch   8/100  train=0.5714  val=0.8426  lr=9.88e-05  time=6.9s
  -> saved checkpoint (val=0.8426)
Epoch   9/100  train=0.5475  val=0.8052  lr=9.84e-05  time=6.9s
  -> saved checkpoint (val=0.8052)
Epoch  10/100  train=0.5394  val=0.7811  lr=9.80e-05  time=7.0s
  -> saved checkpoint (val=0.7811)
Epoch  11/100  train=0.5729  val=0.7507  lr=9.76e-05  time=6.9s
  -> saved checkpoint (val=0.7507)
Epoch  12/100  train=0.5053  val=0.7340  lr=9.71e-05  time=6.8s
  -> saved checkpoint (val=0.7340)
Epoch  13/100  train=0.4882  val=0.7250  lr=9.65e-05  time=6.8s
  -> saved checkpoint (val=0.7250)
Epoch  14/100  train=0.4907  val=0.7108  lr=9.59e-05  time=6.8s
  -> saved checkpoint (val=0.7108)
Epoch  15/100  train=0.4823  val=0.7001  lr=9.53e-05  time=6.8s
  -> saved checkpoint (val=0.7001)
Epoch  16/100  train=0.4729  val=0.6915  lr=9.46e-05  time=6.8s
  -> saved checkpoint (val=0.6915)
Epoch  17/100  train=0.4814  val=0.6864  lr=9.39e-05  time=6.9s
  -> saved checkpoint (val=0.6864)
Epoch  18/100  train=0.4562  val=0.6815  lr=9.31e-05  time=6.8s
  -> saved checkpoint (val=0.6815)
Epoch  19/100  train=0.4676  val=0.6832  lr=9.23e-05  time=6.8s
Epoch  20/100  train=0.4907  val=0.6779  lr=9.14e-05  time=6.8s
  -> saved checkpoint (val=0.6779)
Epoch  21/100  train=0.4682  val=0.6728  lr=9.05e-05  time=6.8s
  -> saved checkpoint (val=0.6728)
Epoch  22/100  train=0.4660  val=0.6678  lr=8.96e-05  time=6.8s
  -> saved checkpoint (val=0.6678)
Epoch  23/100  train=0.4824  val=0.6681  lr=8.86e-05  time=7.0s
Epoch  24/100  train=0.5014  val=0.6615  lr=8.76e-05  time=6.8s
  -> saved checkpoint (val=0.6615)
Epoch  25/100  train=0.5309  val=0.6568  lr=8.66e-05  time=6.8s
  -> saved checkpoint (val=0.6568)
Epoch  26/100  train=0.4794  val=0.6613  lr=8.55e-05  time=6.8s
Epoch  27/100  train=0.4798  val=0.6596  lr=8.44e-05  time=6.8s
Epoch  28/100  train=0.4568  val=0.6567  lr=8.32e-05  time=6.8s
  -> saved checkpoint (val=0.6567)
Epoch  29/100  train=0.4735  val=0.6558  lr=8.21e-05  time=6.9s
  -> saved checkpoint (val=0.6558)
Epoch  30/100  train=0.4461  val=0.6553  lr=8.08e-05  time=6.8s
  -> saved checkpoint (val=0.6553)
Epoch  31/100  train=0.4574  val=0.6500  lr=7.96e-05  time=6.8s
  -> saved checkpoint (val=0.6500)
Epoch  32/100  train=0.4444  val=0.6510  lr=7.83e-05  time=6.8s
Epoch  33/100  train=0.4779  val=0.6509  lr=7.70e-05  time=6.8s
Epoch  34/100  train=0.4336  val=0.6488  lr=7.57e-05  time=6.8s
  -> saved checkpoint (val=0.6488)
Epoch  35/100  train=0.4377  val=0.6515  lr=7.43e-05  time=6.8s
Epoch  36/100  train=0.4450  val=0.6535  lr=7.30e-05  time=6.9s
Epoch  37/100  train=0.4372  val=0.6458  lr=7.16e-05  time=6.8s
  -> saved checkpoint (val=0.6458)
Epoch  38/100  train=0.4787  val=0.6468  lr=7.02e-05  time=6.8s
Epoch  39/100  train=0.4465  val=0.6485  lr=6.87e-05  time=6.8s
Epoch  40/100  train=0.5108  val=0.6420  lr=6.73e-05  time=6.8s
  -> saved checkpoint (val=0.6420)
Epoch  41/100  train=0.4518  val=0.6368  lr=6.58e-05  time=6.8s
  -> saved checkpoint (val=0.6368)
Epoch  42/100  train=0.4630  val=0.6336  lr=6.43e-05  time=6.9s
  -> saved checkpoint (val=0.6336)
Epoch  43/100  train=0.4566  val=0.6351  lr=6.28e-05  time=6.8s
Epoch  44/100  train=0.4449  val=0.6349  lr=6.13e-05  time=6.8s
Epoch  45/100  train=0.4992  val=0.6337  lr=5.98e-05  time=6.8s
Epoch  46/100  train=0.4707  val=0.6298  lr=5.82e-05  time=7.0s
  -> saved checkpoint (val=0.6298)
Epoch  47/100  train=0.4229  val=0.6315  lr=5.67e-05  time=6.7s
Epoch  48/100  train=0.4656  val=0.6333  lr=5.52e-05  time=6.7s
Epoch  49/100  train=0.4865  val=0.6317  lr=5.36e-05  time=6.8s
Epoch  50/100  train=0.4508  val=0.6343  lr=5.21e-05  time=6.7s
Epoch  51/100  train=0.4449  val=0.6316  lr=5.05e-05  time=6.7s
Epoch  52/100  train=0.4473  val=0.6273  lr=4.89e-05  time=6.7s
  -> saved checkpoint (val=0.6273)
Epoch  53/100  train=0.4194  val=0.6298  lr=4.74e-05  time=6.7s
Epoch  54/100  train=0.4390  val=0.6289  lr=4.58e-05  time=6.7s
Epoch  55/100  train=0.4451  val=0.6297  lr=4.43e-05  time=7.5s
Epoch  56/100  train=0.4533  val=0.6262  lr=4.28e-05  time=6.7s
  -> saved checkpoint (val=0.6262)
Epoch  57/100  train=0.4494  val=0.6258  lr=4.12e-05  time=6.7s
  -> saved checkpoint (val=0.6258)
Epoch  58/100  train=0.4242  val=0.6260  lr=3.97e-05  time=6.7s
Epoch  59/100  train=0.4391  val=0.6251  lr=3.82e-05  time=6.7s
  -> saved checkpoint (val=0.6251)
Epoch  60/100  train=0.4370  val=0.6255  lr=3.67e-05  time=6.7s
Epoch  61/100  train=0.4556  val=0.6249  lr=3.52e-05  time=6.6s
  -> saved checkpoint (val=0.6249)
Epoch  62/100  train=0.4650  val=0.6268  lr=3.37e-05  time=6.8s
Epoch  63/100  train=0.4611  val=0.6226  lr=3.23e-05  time=6.7s
  -> saved checkpoint (val=0.6226)
Epoch  64/100  train=0.4232  val=0.6243  lr=3.08e-05  time=6.7s
Epoch  65/100  train=0.4434  val=0.6241  lr=2.94e-05  time=6.7s
Epoch  66/100  train=0.4373  val=0.6253  lr=2.80e-05  time=6.7s
Epoch  67/100  train=0.4231  val=0.6228  lr=2.67e-05  time=6.7s
Epoch  68/100  train=0.4382  val=0.6218  lr=2.53e-05  time=6.8s
  -> saved checkpoint (val=0.6218)
Epoch  69/100  train=0.4666  val=0.6226  lr=2.40e-05  time=6.6s
Epoch  70/100  train=0.4331  val=0.6234  lr=2.27e-05  time=6.6s
Epoch  71/100  train=0.4649  val=0.6230  lr=2.14e-05  time=6.6s
Epoch  72/100  train=0.4463  val=0.6243  lr=2.02e-05  time=6.6s
Epoch  73/100  train=0.4592  val=0.6246  lr=1.89e-05  time=6.6s
Epoch  74/100  train=0.4757  val=0.6242  lr=1.78e-05  time=6.6s
Epoch  75/100  train=0.4081  val=0.6219  lr=1.66e-05  time=6.7s
Epoch  76/100  train=0.4758  val=0.6215  lr=1.55e-05  time=6.6s
  -> saved checkpoint (val=0.6215)
Epoch  77/100  train=0.4587  val=0.6203  lr=1.44e-05  time=6.7s
  -> saved checkpoint (val=0.6203)
Epoch  78/100  train=0.4194  val=0.6207  lr=1.34e-05  time=6.6s
Epoch  79/100  train=0.4220  val=0.6211  lr=1.24e-05  time=6.6s
Epoch  80/100  train=0.4342  val=0.6212  lr=1.14e-05  time=6.6s
Epoch  81/100  train=0.4361  val=0.6218  lr=1.05e-05  time=6.7s
Epoch  82/100  train=0.4500  val=0.6207  lr=9.56e-06  time=6.6s
Epoch  83/100  train=0.4423  val=0.6202  lr=8.71e-06  time=6.6s
  -> saved checkpoint (val=0.6202)
Epoch  84/100  train=0.4466  val=0.6204  lr=7.89e-06  time=6.6s
Epoch  85/100  train=0.4328  val=0.6208  lr=7.12e-06  time=6.6s
Epoch  86/100  train=0.4145  val=0.6201  lr=6.40e-06  time=7.3s
  -> saved checkpoint (val=0.6201)
Epoch  87/100  train=0.4690  val=0.6201  lr=5.71e-06  time=6.8s
Epoch  88/100  train=0.4143  val=0.6209  lr=5.07e-06  time=6.7s
Epoch  89/100  train=0.4366  val=0.6207  lr=4.48e-06  time=6.7s
Epoch  90/100  train=0.4351  val=0.6209  lr=3.93e-06  time=6.7s
Epoch  91/100  train=0.4280  val=0.6210  lr=3.42e-06  time=6.7s
Epoch  92/100  train=0.5128  val=0.6209  lr=2.97e-06  time=6.7s
Epoch  93/100  train=0.4722  val=0.6207  lr=2.56e-06  time=6.7s
Epoch  94/100  train=0.4173  val=0.6207  lr=2.19e-06  time=6.7s
Epoch  95/100  train=0.4260  val=0.6206  lr=1.88e-06  time=6.7s
Epoch  96/100  train=0.4440  val=0.6204  lr=1.61e-06  time=6.6s
Epoch  97/100  train=0.4434  val=0.6206  lr=1.39e-06  time=6.7s
Epoch  98/100  train=0.4309  val=0.6205  lr=1.22e-06  time=6.7s
Epoch  99/100  train=0.4401  val=0.6205  lr=1.10e-06  time=6.6s
Epoch 100/100  train=0.4366  val=0.6205  lr=1.02e-06  time=6.7s

Probe training complete. Best val loss: 0.6201
Losses saved to: results/probe_losses.csv
=== Stage: probe_baseline ===
Low drift floats:    140
Depth observations:  1,121,134

Region distribution:
region
tropics               86
northeast_atlantic    24
subpolar              16
subtropical_west       6
subtropical_east       5
northwest_atlantic     3
Name: count, dtype: int64

O2 floats: 34 / 140
  Region 'northwest_atlantic' has only 3 remaining floats — assigning all to train
  Region 'subtropical_east' has only 4 remaining floats — assigning all to train

Float counts by split:
  train :  96 floats  (21 with O2)
  test  :  25 floats  (7 with O2)
  probe :  19 floats  (6 with O2)

Row counts by split:
split
train    733358
test     224767
probe    163009
Name: count, dtype: int64

Float counts by region and split:
split               probe  test  train
region                                
northeast_atlantic      4     4     16
northwest_atlantic      0     0      3
subpolar                3     3     10
subtropical_east        1     0      4
subtropical_west        2     1      3
tropics                 9    17     60
Probe casts: 2233
Using device: cuda
Computing oxygen normalization stats...
Oxygen stats — mean: 0.10, std: 0.20
Building probe windows...
Probe windows: 1082
Epoch   1/100  train=451.3620  val=99.7286  time=4.4s
  -> saved checkpoint (val=99.7286)
Epoch   2/100  train=20.0275  val=6.7227  time=4.4s
  -> saved checkpoint (val=6.7227)
Epoch   3/100  train=2.0291  val=1.4109  time=4.4s
  -> saved checkpoint (val=1.4109)
Epoch   4/100  train=0.9623  val=1.2324  time=4.4s
  -> saved checkpoint (val=1.2324)
Epoch   5/100  train=0.7725  val=1.2048  time=4.4s
  -> saved checkpoint (val=1.2048)
Epoch   6/100  train=0.7747  val=1.1870  time=4.4s
  -> saved checkpoint (val=1.1870)
Epoch   7/100  train=0.7818  val=1.1681  time=4.3s
  -> saved checkpoint (val=1.1681)
Epoch   8/100  train=0.8184  val=1.1473  time=4.3s
  -> saved checkpoint (val=1.1473)
Epoch   9/100  train=0.7643  val=1.1296  time=4.4s
  -> saved checkpoint (val=1.1296)
Epoch  10/100  train=0.7216  val=1.1091  time=4.5s
  -> saved checkpoint (val=1.1091)
Epoch  11/100  train=0.7064  val=1.0890  time=4.4s
  -> saved checkpoint (val=1.0890)
Epoch  12/100  train=0.8020  val=1.0695  time=4.4s
  -> saved checkpoint (val=1.0695)
Epoch  13/100  train=0.6962  val=1.0514  time=4.4s
  -> saved checkpoint (val=1.0514)
Epoch  14/100  train=0.6825  val=1.0329  time=4.4s
  -> saved checkpoint (val=1.0329)
Epoch  15/100  train=0.6550  val=1.0223  time=5.9s
  -> saved checkpoint (val=1.0223)
Epoch  16/100  train=0.6396  val=1.0019  time=5.8s
  -> saved checkpoint (val=1.0019)
Epoch  17/100  train=0.6567  val=0.9858  time=4.4s
  -> saved checkpoint (val=0.9858)
Epoch  18/100  train=0.6160  val=0.9726  time=4.4s
  -> saved checkpoint (val=0.9726)
Epoch  19/100  train=0.6368  val=0.9611  time=4.4s
  -> saved checkpoint (val=0.9611)
Epoch  20/100  train=0.6338  val=0.9479  time=4.5s
  -> saved checkpoint (val=0.9479)
Epoch  21/100  train=0.6500  val=0.9350  time=4.4s
  -> saved checkpoint (val=0.9350)
Epoch  22/100  train=0.5975  val=0.9238  time=4.4s
  -> saved checkpoint (val=0.9238)
Epoch  23/100  train=0.6032  val=0.9149  time=4.4s
  -> saved checkpoint (val=0.9149)
Epoch  24/100  train=0.6030  val=0.9063  time=4.4s
  -> saved checkpoint (val=0.9063)
Epoch  25/100  train=0.5661  val=0.9015  time=4.4s
  -> saved checkpoint (val=0.9015)
Epoch  26/100  train=0.6156  val=0.8942  time=4.4s
  -> saved checkpoint (val=0.8942)
Epoch  27/100  train=0.6160  val=0.8846  time=4.4s
  -> saved checkpoint (val=0.8846)
Epoch  28/100  train=0.5909  val=0.8766  time=4.4s
  -> saved checkpoint (val=0.8766)
Epoch  29/100  train=0.6035  val=0.8757  time=4.4s
  -> saved checkpoint (val=0.8757)
Epoch  30/100  train=0.5700  val=0.8706  time=5.3s
  -> saved checkpoint (val=0.8706)
Epoch  31/100  train=0.5695  val=0.8646  time=5.9s
  -> saved checkpoint (val=0.8646)
Epoch  32/100  train=0.6016  val=0.8589  time=4.9s
  -> saved checkpoint (val=0.8589)
Epoch  33/100  train=0.5871  val=0.8580  time=4.4s
  -> saved checkpoint (val=0.8580)
Epoch  34/100  train=0.5785  val=0.8511  time=4.4s
  -> saved checkpoint (val=0.8511)
Epoch  35/100  train=0.5687  val=0.8476  time=4.4s
  -> saved checkpoint (val=0.8476)
Epoch  36/100  train=0.5657  val=0.8468  time=4.4s
  -> saved checkpoint (val=0.8468)
Epoch  37/100  train=0.6392  val=0.8480  time=4.4s
Epoch  38/100  train=0.6900  val=0.8509  time=4.4s
Epoch  39/100  train=0.5819  val=0.8350  time=4.4s
  -> saved checkpoint (val=0.8350)
Epoch  40/100  train=0.5716  val=0.8339  time=4.5s
  -> saved checkpoint (val=0.8339)
Epoch  41/100  train=0.5968  val=1.3500  time=4.3s
Epoch  42/100  train=0.7210  val=0.8335  time=4.4s
  -> saved checkpoint (val=0.8335)
Epoch  43/100  train=0.5956  val=0.8375  time=4.4s
Epoch  44/100  train=0.5680  val=0.8317  time=4.4s
  -> saved checkpoint (val=0.8317)
Epoch  45/100  train=0.5799  val=0.8288  time=4.4s
  -> saved checkpoint (val=0.8288)
Epoch  46/100  train=0.5876  val=0.8279  time=4.4s
  -> saved checkpoint (val=0.8279)
Epoch  47/100  train=0.5778  val=0.8265  time=4.4s
  -> saved checkpoint (val=0.8265)
Epoch  48/100  train=0.5740  val=0.8277  time=4.4s
Epoch  49/100  train=0.5641  val=0.8257  time=4.4s
  -> saved checkpoint (val=0.8257)
Epoch  50/100  train=0.5858  val=0.8264  time=4.5s
Epoch  51/100  train=0.5855  val=0.8320  time=4.4s
Epoch  52/100  train=0.6245  val=0.8241  time=4.4s
  -> saved checkpoint (val=0.8241)
Epoch  53/100  train=0.5903  val=0.8305  time=4.4s
Epoch  54/100  train=0.5807  val=0.8235  time=4.4s
  -> saved checkpoint (val=0.8235)
Epoch  55/100  train=0.5620  val=0.8249  time=4.4s
Epoch  56/100  train=0.5716  val=0.8269  time=4.3s
Epoch  57/100  train=0.5654  val=0.8250  time=4.4s
Epoch  58/100  train=0.6323  val=0.8262  time=4.4s
Epoch  59/100  train=0.5758  val=0.8231  time=4.3s
  -> saved checkpoint (val=0.8231)
Epoch  60/100  train=0.5824  val=0.8244  time=4.5s
Epoch  61/100  train=0.5361  val=0.8202  time=4.4s
  -> saved checkpoint (val=0.8202)
Epoch  62/100  train=0.5645  val=0.8274  time=4.4s
Epoch  63/100  train=0.5850  val=0.8270  time=4.4s
Epoch  64/100  train=0.5647  val=0.8225  time=4.4s
Epoch  65/100  train=0.5955  val=0.8284  time=4.4s
Epoch  66/100  train=0.6568  val=0.8224  time=4.4s
Epoch  67/100  train=0.5909  val=0.8387  time=4.4s
Epoch  68/100  train=0.5908  val=0.8216  time=4.4s
Epoch  69/100  train=0.5665  val=0.8188  time=4.4s
  -> saved checkpoint (val=0.8188)
Epoch  70/100  train=0.5526  val=0.8221  time=4.5s
Epoch  71/100  train=0.5976  val=0.8221  time=4.4s
Epoch  72/100  train=0.6106  val=0.8293  time=4.4s
Epoch  73/100  train=0.5815  val=0.8237  time=4.4s
Epoch  74/100  train=0.5745  val=0.9573  time=4.4s
Epoch  75/100  train=0.6010  val=0.8210  time=4.4s
Epoch  76/100  train=0.5913  val=0.8247  time=4.4s
Epoch  77/100  train=0.5931  val=0.8252  time=4.4s
Epoch  78/100  train=0.5637  val=0.8229  time=4.4s
Epoch  79/100  train=0.5707  val=0.8272  time=4.4s
Epoch  80/100  train=0.5606  val=0.8262  time=4.5s
Epoch  81/100  train=0.5803  val=0.8212  time=4.4s
Epoch  82/100  train=0.5819  val=0.8335  time=4.4s
Epoch  83/100  train=0.5686  val=0.8228  time=4.4s
Epoch  84/100  train=0.6303  val=0.8431  time=4.4s
Epoch  85/100  train=0.6979  val=0.8215  time=4.4s
Epoch  86/100  train=0.6070  val=0.8205  time=4.4s
Epoch  87/100  train=0.5632  val=0.8214  time=4.4s
Epoch  88/100  train=0.5801  val=0.8402  time=4.4s
Epoch  89/100  train=0.6349  val=0.8234  time=4.4s
Epoch  90/100  train=0.5623  val=0.8674  time=4.5s
Epoch  91/100  train=0.6066  val=0.8873  time=4.4s
Epoch  92/100  train=0.5908  val=0.8173  time=4.4s
  -> saved checkpoint (val=0.8173)
Epoch  93/100  train=0.5835  val=0.8371  time=4.4s
Epoch  94/100  train=0.5911  val=0.8317  time=4.4s
Epoch  95/100  train=0.5912  val=0.8555  time=4.4s
Epoch  96/100  train=0.6887  val=0.8500  time=4.4s
Epoch  97/100  train=0.7163  val=0.8190  time=4.4s
Epoch  98/100  train=0.5842  val=0.8326  time=4.3s
Epoch  99/100  train=0.5861  val=0.8179  time=4.4s
Epoch 100/100  train=0.6570  val=0.8350  time=4.5s

Baseline training complete. Best val loss: 0.8173
Checkpoint saved to: checkpoints/probe_baseline_best.pt
=== Stage: gru_probe ===
Low drift floats:    140
Depth observations:  1,121,134

Region distribution:
region
tropics               86
northeast_atlantic    24
subpolar              16
subtropical_west       6
subtropical_east       5
northwest_atlantic     3
Name: count, dtype: int64

O2 floats: 34 / 140
  Region 'northwest_atlantic' has only 3 remaining floats — assigning all to train
  Region 'subtropical_east' has only 4 remaining floats — assigning all to train

Float counts by split:
  train :  96 floats  (21 with O2)
  test  :  25 floats  (7 with O2)
  probe :  19 floats  (6 with O2)

Row counts by split:
split
train    733358
test     224767
probe    163009
Name: count, dtype: int64

Float counts by region and split:
split               probe  test  train
region                                
northeast_atlantic      4     4     16
northwest_atlantic      0     0      3
subpolar                3     3     10
subtropical_east        1     0      4
subtropical_west        2     1      3
tropics                 9    17     60
Probe casts: 2233
Using device: cuda
Computing oxygen normalization stats...
Oxygen stats — mean: 0.10, std: 0.20
Building probe windows...
Probe windows: 1082
Epoch   1/100  train=2.0044  val=0.7427  time=5.9s
  -> saved checkpoint (val=0.7427)
Epoch   2/100  train=0.5625  val=0.6890  time=5.2s
  -> saved checkpoint (val=0.6890)
Epoch   3/100  train=0.4998  val=0.6760  time=4.4s
  -> saved checkpoint (val=0.6760)
Epoch   4/100  train=0.4940  val=0.6536  time=4.4s
  -> saved checkpoint (val=0.6536)
Epoch   5/100  train=0.4993  val=0.6501  time=4.5s
  -> saved checkpoint (val=0.6501)
Epoch   6/100  train=0.4560  val=0.6679  time=4.4s
Epoch   7/100  train=0.4287  val=0.6263  time=4.4s
  -> saved checkpoint (val=0.6263)
Epoch   8/100  train=0.4176  val=0.6309  time=4.4s
Epoch   9/100  train=0.4413  val=0.6335  time=4.4s
Epoch  10/100  train=0.4170  val=0.6202  time=4.4s
  -> saved checkpoint (val=0.6202)
Epoch  11/100  train=0.4394  val=0.6280  time=4.4s
Epoch  12/100  train=0.4535  val=0.6091  time=4.5s
  -> saved checkpoint (val=0.6091)
Epoch  13/100  train=0.4512  val=0.6239  time=4.4s
Epoch  14/100  train=0.4359  val=0.6081  time=4.4s
  -> saved checkpoint (val=0.6081)
Epoch  15/100  train=0.4543  val=0.6041  time=4.4s
  -> saved checkpoint (val=0.6041)
Epoch  16/100  train=0.4424  val=0.6197  time=4.4s
Epoch  17/100  train=0.4368  val=0.6398  time=4.4s
Epoch  18/100  train=0.4494  val=0.6033  time=4.5s
  -> saved checkpoint (val=0.6033)
Epoch  19/100  train=0.4050  val=0.5934  time=4.4s
  -> saved checkpoint (val=0.5934)
Epoch  20/100  train=0.4567  val=0.6000  time=4.4s
Epoch  21/100  train=0.4346  val=0.6034  time=4.4s
Epoch  22/100  train=0.4321  val=0.6261  time=4.4s
Epoch  23/100  train=0.4521  val=0.6047  time=4.4s
Epoch  24/100  train=0.4041  val=0.5964  time=4.4s
Epoch  25/100  train=0.4225  val=0.6101  time=4.5s
Epoch  26/100  train=0.4356  val=0.6138  time=4.4s
Epoch  27/100  train=0.4235  val=0.6100  time=4.3s
Epoch  28/100  train=0.4000  val=0.5950  time=4.3s
Epoch  29/100  train=0.4436  val=0.5994  time=4.3s
Epoch  30/100  train=0.4043  val=0.6002  time=4.4s
Epoch  31/100  train=0.4424  val=0.5955  time=4.5s
Epoch  32/100  train=0.4194  val=0.6014  time=4.4s
Epoch  33/100  train=0.4080  val=0.5983  time=4.4s
Epoch  34/100  train=0.4116  val=0.5933  time=4.4s
  -> saved checkpoint (val=0.5933)
Epoch  35/100  train=0.4299  val=0.5946  time=4.3s
Epoch  36/100  train=0.4129  val=0.6276  time=4.4s
Epoch  37/100  train=0.4710  val=0.5897  time=4.3s
  -> saved checkpoint (val=0.5897)
Epoch  38/100  train=0.6301  val=0.5923  time=4.5s
Epoch  39/100  train=0.4595  val=0.5949  time=4.3s
Epoch  40/100  train=0.4527  val=0.5874  time=4.3s
  -> saved checkpoint (val=0.5874)
Epoch  41/100  train=0.4314  val=0.6117  time=4.3s
Epoch  42/100  train=0.4330  val=0.6089  time=4.3s
Epoch  43/100  train=0.4090  val=0.5814  time=4.4s
  -> saved checkpoint (val=0.5814)
Epoch  44/100  train=0.4513  val=0.5922  time=4.5s
Epoch  45/100  train=0.4254  val=0.5859  time=4.4s
Epoch  46/100  train=0.4494  val=0.5877  time=4.4s
Epoch  47/100  train=0.4161  val=0.6012  time=4.3s
Epoch  48/100  train=0.4181  val=0.5802  time=4.3s
  -> saved checkpoint (val=0.5802)
Epoch  49/100  train=0.4065  val=0.5689  time=4.3s
  -> saved checkpoint (val=0.5689)
Epoch  50/100  train=0.4002  val=0.6047  time=4.5s
Epoch  51/100  train=0.4259  val=0.6016  time=4.4s
Epoch  52/100  train=0.3936  val=0.6081  time=4.4s
Epoch  53/100  train=0.4101  val=0.5870  time=4.4s
Epoch  54/100  train=0.3893  val=0.5764  time=4.4s
Epoch  55/100  train=0.4256  val=0.5925  time=4.4s
Epoch  56/100  train=0.4114  val=0.5787  time=4.4s
Epoch  57/100  train=0.4413  val=0.5649  time=4.5s
  -> saved checkpoint (val=0.5649)
Epoch  58/100  train=0.3803  val=0.5820  time=4.4s
Epoch  59/100  train=0.3783  val=0.5645  time=4.4s
  -> saved checkpoint (val=0.5645)
Epoch  60/100  train=0.3862  val=0.5722  time=4.3s
Epoch  61/100  train=0.4205  val=0.5830  time=4.3s
Epoch  62/100  train=0.4100  val=0.5571  time=4.4s
  -> saved checkpoint (val=0.5571)
Epoch  63/100  train=0.3960  val=0.5597  time=4.5s
Epoch  64/100  train=0.3929  val=0.5883  time=4.4s
Epoch  65/100  train=0.4345  val=0.5781  time=4.4s
Epoch  66/100  train=0.3983  val=0.6201  time=4.3s
Epoch  67/100  train=0.3973  val=0.5559  time=4.3s
  -> saved checkpoint (val=0.5559)
Epoch  68/100  train=0.3984  val=0.5821  time=4.3s
Epoch  69/100  train=0.4015  val=0.5809  time=4.3s
Epoch  70/100  train=0.3962  val=0.5573  time=4.4s
Epoch  71/100  train=0.3708  val=0.5605  time=4.4s
Epoch  72/100  train=0.3648  val=0.5510  time=4.4s
  -> saved checkpoint (val=0.5510)
Epoch  73/100  train=0.3927  val=0.5560  time=4.4s
Epoch  74/100  train=0.4022  val=0.5532  time=4.4s
Epoch  75/100  train=0.4190  val=0.7233  time=4.4s
Epoch  76/100  train=0.4236  val=0.5707  time=4.4s
Epoch  77/100  train=0.4210  val=0.5717  time=4.4s
Epoch  78/100  train=0.4642  val=0.6061  time=4.3s
Epoch  79/100  train=0.4174  val=0.5561  time=4.4s
Epoch  80/100  train=0.3925  val=0.5522  time=4.4s
Epoch  81/100  train=0.4557  val=0.5709  time=4.3s
Epoch  82/100  train=0.4669  val=0.6196  time=4.3s
Epoch  83/100  train=0.4345  val=0.5501  time=4.5s
  -> saved checkpoint (val=0.5501)
Epoch  84/100  train=0.3881  val=0.5558  time=4.3s
Epoch  85/100  train=0.3971  val=0.5541  time=4.3s
Epoch  86/100  train=0.4533  val=0.5549  time=4.4s
Epoch  87/100  train=0.4292  val=0.5417  time=4.4s
  -> saved checkpoint (val=0.5417)
Epoch  88/100  train=0.3811  val=0.5519  time=4.4s
Epoch  89/100  train=0.3982  val=0.5624  time=4.4s
Epoch  90/100  train=0.3975  val=0.5514  time=4.5s
Epoch  91/100  train=0.4042  val=0.5957  time=4.4s
Epoch  92/100  train=0.4950  val=0.5519  time=4.4s
Epoch  93/100  train=0.4038  val=0.5550  time=4.4s
Epoch  94/100  train=0.3609  val=0.5404  time=4.4s
  -> saved checkpoint (val=0.5404)
Epoch  95/100  train=0.4140  val=0.5758  time=4.4s
Epoch  96/100  train=0.3815  val=0.5657  time=4.4s
Epoch  97/100  train=0.3770  val=0.5392  time=4.5s
  -> saved checkpoint (val=0.5392)
Epoch  98/100  train=0.3715  val=0.5364  time=4.4s
  -> saved checkpoint (val=0.5364)
Epoch  99/100  train=0.3848  val=0.6242  time=4.4s
Epoch 100/100  train=0.4599  val=0.5615  time=4.4s

GRU probe training complete. Best val loss: 0.5364
Losses saved to: results/gru_probe_losses.csv
=== Stage: finetune ===
Low drift floats:    140
Depth observations:  1,121,134

Region distribution:
region
tropics               86
northeast_atlantic    24
subpolar              16
subtropical_west       6
subtropical_east       5
northwest_atlantic     3
Name: count, dtype: int64

O2 floats: 34 / 140
  Region 'northwest_atlantic' has only 3 remaining floats — assigning all to train
  Region 'subtropical_east' has only 4 remaining floats — assigning all to train

Float counts by split:
  train :  96 floats  (21 with O2)
  test  :  25 floats  (7 with O2)
  probe :  19 floats  (6 with O2)

Row counts by split:
split
train    733358
test     224767
probe    163009
Name: count, dtype: int64

Float counts by region and split:
split               probe  test  train
region                                
northeast_atlantic      4     4     16
northwest_atlantic      0     0      3
subpolar                3     3     10
subtropical_east        1     0      4
subtropical_west        2     1      3
tropics                 9    17     60
Using device: cuda
Loading pretrained checkpoints...
  Loaded pretrained probe head.
Building joint windows...
Joint windows: 5938
Computing oxygen normalization stats...
Oxygen stats — mean: 0.42, std: 16.27
Epoch   1/100  loss=0.3562  ts_raw=0.0124  ts_evo=0.0348  oxy=0.6529  lr=1.00e-04  time=46.1s
  -> saved checkpoint (val=0.3562)
Epoch   2/100  loss=0.3640  ts_raw=0.0124  ts_evo=0.0395  oxy=0.6637  lr=1.00e-04  time=45.4s
Epoch   3/100  loss=0.3712  ts_raw=0.0123  ts_evo=0.0364  oxy=0.6815  lr=9.99e-05  time=48.1s
Epoch   4/100  loss=0.3513  ts_raw=0.0123  ts_evo=0.0347  oxy=0.6433  lr=9.98e-05  time=45.8s
  -> saved checkpoint (val=0.3513)
Epoch   5/100  loss=0.3507  ts_raw=0.0122  ts_evo=0.0326  oxy=0.6443  lr=9.96e-05  time=46.0s
  -> saved checkpoint (val=0.3507)
Epoch   6/100  loss=0.3531  ts_raw=0.0122  ts_evo=0.0326  oxy=0.6492  lr=9.94e-05  time=45.7s
Epoch   7/100  loss=0.3507  ts_raw=0.0122  ts_evo=0.0327  oxy=0.6443  lr=9.91e-05  time=45.9s
Epoch   8/100  loss=0.3493  ts_raw=0.0121  ts_evo=0.0324  oxy=0.6419  lr=9.88e-05  time=46.0s
  -> saved checkpoint (val=0.3493)
Epoch   9/100  loss=0.3584  ts_raw=0.0120  ts_evo=0.0307  oxy=0.6620  lr=9.84e-05  time=45.9s
Epoch  10/100  loss=0.3642  ts_raw=0.0120  ts_evo=0.0307  oxy=0.6738  lr=9.80e-05  time=46.3s
Epoch  11/100  loss=0.3498  ts_raw=0.0119  ts_evo=0.0300  oxy=0.6457  lr=9.76e-05  time=46.6s
Epoch  12/100  loss=0.3563  ts_raw=0.0118  ts_evo=0.0298  oxy=0.6592  lr=9.71e-05  time=46.8s
Epoch  13/100  loss=0.3473  ts_raw=0.0119  ts_evo=0.0296  oxy=0.6413  lr=9.65e-05  time=47.0s
  -> saved checkpoint (val=0.3473)
Epoch  14/100  loss=0.3474  ts_raw=0.0117  ts_evo=0.0293  oxy=0.6421  lr=9.59e-05  time=50.7s
Epoch  15/100  loss=0.3478  ts_raw=0.0117  ts_evo=0.0293  oxy=0.6429  lr=9.53e-05  time=47.4s
Epoch  16/100  loss=0.3466  ts_raw=0.0116  ts_evo=0.0286  oxy=0.6415  lr=9.46e-05  time=47.8s
  -> saved checkpoint (val=0.3466)
Epoch  17/100  loss=0.3472  ts_raw=0.0116  ts_evo=0.0299  oxy=0.6415  lr=9.39e-05  time=47.6s
Epoch  18/100  loss=0.3478  ts_raw=0.0116  ts_evo=0.0293  oxy=0.6430  lr=9.31e-05  time=48.0s
Epoch  19/100  loss=0.3472  ts_raw=0.0115  ts_evo=0.0299  oxy=0.6415  lr=9.23e-05  time=48.1s
Epoch  20/100  loss=0.3475  ts_raw=0.0115  ts_evo=0.0296  oxy=0.6426  lr=9.14e-05  time=48.3s
Epoch  21/100  loss=0.3468  ts_raw=0.0115  ts_evo=0.0295  oxy=0.6410  lr=9.05e-05  time=48.6s
Epoch  22/100  loss=0.3511  ts_raw=0.0115  ts_evo=0.0283  oxy=0.6510  lr=8.96e-05  time=48.8s
Epoch  23/100  loss=0.3488  ts_raw=0.0115  ts_evo=0.0284  oxy=0.6461  lr=8.86e-05  time=49.3s
Epoch  24/100  loss=0.3546  ts_raw=0.0114  ts_evo=0.0277  oxy=0.6587  lr=8.76e-05  time=49.3s
Epoch  25/100  loss=0.3467  ts_raw=0.0114  ts_evo=0.0275  oxy=0.6429  lr=8.66e-05  time=49.5s
Epoch  26/100  loss=0.3488  ts_raw=0.0114  ts_evo=0.0277  oxy=0.6471  lr=8.55e-05  time=49.8s
Epoch  27/100  loss=0.3472  ts_raw=0.0114  ts_evo=0.0275  oxy=0.6442  lr=8.44e-05  time=49.9s
Epoch  28/100  loss=0.3452  ts_raw=0.0114  ts_evo=0.0273  oxy=0.6403  lr=8.32e-05  time=50.0s
  -> saved checkpoint (val=0.3452)
Epoch  29/100  loss=0.3449  ts_raw=0.0113  ts_evo=0.0270  oxy=0.6401  lr=8.21e-05  time=50.4s
  -> saved checkpoint (val=0.3449)
Epoch  30/100  loss=0.3482  ts_raw=0.0113  ts_evo=0.0267  oxy=0.6470  lr=8.08e-05  time=50.2s
Epoch  31/100  loss=0.3450  ts_raw=0.0113  ts_evo=0.0267  oxy=0.6406  lr=7.96e-05  time=50.4s
Epoch  32/100  loss=0.3521  ts_raw=0.0113  ts_evo=0.0270  oxy=0.6545  lr=7.83e-05  time=50.7s
Epoch  33/100  loss=0.3460  ts_raw=0.0114  ts_evo=0.0294  oxy=0.6398  lr=7.70e-05  time=50.7s
Epoch  34/100  loss=0.3451  ts_raw=0.0113  ts_evo=0.0282  oxy=0.6395  lr=7.57e-05  time=50.9s
Epoch  35/100  loss=0.3452  ts_raw=0.0113  ts_evo=0.0282  oxy=0.6396  lr=7.43e-05  time=51.5s
Epoch  36/100  loss=0.3464  ts_raw=0.0112  ts_evo=0.0283  oxy=0.6421  lr=7.30e-05  time=51.6s
Epoch  37/100  loss=0.3465  ts_raw=0.0112  ts_evo=0.0280  oxy=0.6425  lr=7.16e-05  time=51.5s
Epoch  38/100  loss=0.3449  ts_raw=0.0112  ts_evo=0.0279  oxy=0.6395  lr=7.02e-05  time=51.6s
Epoch  39/100  loss=0.3462  ts_raw=0.0112  ts_evo=0.0280  oxy=0.6421  lr=6.87e-05  time=51.8s
Epoch  40/100  loss=0.3469  ts_raw=0.0111  ts_evo=0.0279  oxy=0.6436  lr=6.73e-05  time=52.0s
Epoch  41/100  loss=0.3449  ts_raw=0.0112  ts_evo=0.0280  oxy=0.6395  lr=6.58e-05  time=51.9s
Epoch  42/100  loss=0.3445  ts_raw=0.0111  ts_evo=0.0279  oxy=0.6388  lr=6.43e-05  time=51.9s
  -> saved checkpoint (val=0.3445)
Epoch  43/100  loss=0.3513  ts_raw=0.0111  ts_evo=0.0281  oxy=0.6524  lr=6.28e-05  time=51.9s
Epoch  44/100  loss=0.3468  ts_raw=0.0112  ts_evo=0.0277  oxy=0.6435  lr=6.13e-05  time=51.8s
Epoch  45/100  loss=0.3447  ts_raw=0.0111  ts_evo=0.0276  oxy=0.6397  lr=5.98e-05  time=52.0s
Epoch  46/100  loss=0.3489  ts_raw=0.0111  ts_evo=0.0278  oxy=0.6479  lr=5.82e-05  time=51.6s
Epoch  47/100  loss=0.3450  ts_raw=0.0111  ts_evo=0.0279  oxy=0.6400  lr=5.67e-05  time=51.8s
Epoch  48/100  loss=0.3452  ts_raw=0.0111  ts_evo=0.0277  oxy=0.6405  lr=5.52e-05  time=51.7s
Epoch  49/100  loss=0.3452  ts_raw=0.0111  ts_evo=0.0279  oxy=0.6403  lr=5.36e-05  time=51.7s
Epoch  50/100  loss=0.3445  ts_raw=0.0111  ts_evo=0.0276  oxy=0.6392  lr=5.21e-05  time=51.8s
  -> saved checkpoint (val=0.3445)
Epoch  51/100  loss=0.3472  ts_raw=0.0111  ts_evo=0.0280  oxy=0.6444  lr=5.05e-05  time=51.8s
Epoch  52/100  loss=0.3457  ts_raw=0.0111  ts_evo=0.0280  oxy=0.6412  lr=4.89e-05  time=51.7s
Epoch  53/100  loss=0.3445  ts_raw=0.0111  ts_evo=0.0279  oxy=0.6390  lr=4.74e-05  time=51.7s
Epoch  54/100  loss=0.3449  ts_raw=0.0110  ts_evo=0.0279  oxy=0.6399  lr=4.58e-05  time=51.7s
Epoch  55/100  loss=0.3446  ts_raw=0.0110  ts_evo=0.0279  oxy=0.6391  lr=4.43e-05  time=51.9s
Epoch  56/100  loss=0.3456  ts_raw=0.0111  ts_evo=0.0280  oxy=0.6411  lr=4.28e-05  time=51.6s
Epoch  57/100  loss=0.3451  ts_raw=0.0111  ts_evo=0.0281  oxy=0.6399  lr=4.12e-05  time=51.6s
Epoch  58/100  loss=0.3481  ts_raw=0.0111  ts_evo=0.0280  oxy=0.6461  lr=3.97e-05  time=51.6s
Epoch  59/100  loss=0.3446  ts_raw=0.0110  ts_evo=0.0281  oxy=0.6390  lr=3.82e-05  time=51.5s
Epoch  60/100  loss=0.3533  ts_raw=0.0110  ts_evo=0.0281  oxy=0.6564  lr=3.67e-05  time=51.7s
Epoch  61/100  loss=0.3449  ts_raw=0.0110  ts_evo=0.0280  oxy=0.6398  lr=3.52e-05  time=51.7s
Epoch  62/100  loss=0.3446  ts_raw=0.0110  ts_evo=0.0287  oxy=0.6385  lr=3.37e-05  time=51.5s
Epoch  63/100  loss=0.3453  ts_raw=0.0110  ts_evo=0.0281  oxy=0.6404  lr=3.23e-05  time=51.5s
Epoch  64/100  loss=0.3444  ts_raw=0.0110  ts_evo=0.0281  oxy=0.6387  lr=3.08e-05  time=51.4s
  -> saved checkpoint (val=0.3444)
Epoch  65/100  loss=0.3482  ts_raw=0.0110  ts_evo=0.0285  oxy=0.6459  lr=2.94e-05  time=51.7s
Epoch  66/100  loss=0.3447  ts_raw=0.0110  ts_evo=0.0280  oxy=0.6394  lr=2.80e-05  time=51.5s
Epoch  67/100  loss=0.3446  ts_raw=0.0110  ts_evo=0.0281  oxy=0.6391  lr=2.67e-05  time=51.5s
Epoch  68/100  loss=0.3457  ts_raw=0.0110  ts_evo=0.0280  oxy=0.6412  lr=2.53e-05  time=51.6s
Epoch  69/100  loss=0.3441  ts_raw=0.0110  ts_evo=0.0281  oxy=0.6381  lr=2.40e-05  time=51.8s
  -> saved checkpoint (val=0.3441)
Epoch  70/100  loss=0.3451  ts_raw=0.0110  ts_evo=0.0280  oxy=0.6400  lr=2.27e-05  time=51.7s
Epoch  71/100  loss=0.3441  ts_raw=0.0110  ts_evo=0.0280  oxy=0.6382  lr=2.14e-05  time=51.8s
Epoch  72/100  loss=0.3447  ts_raw=0.0110  ts_evo=0.0281  oxy=0.6393  lr=2.02e-05  time=51.7s
Epoch  73/100  loss=0.3444  ts_raw=0.0110  ts_evo=0.0280  oxy=0.6389  lr=1.89e-05  time=51.8s
Epoch  74/100  loss=0.3441  ts_raw=0.0110  ts_evo=0.0280  oxy=0.6383  lr=1.78e-05  time=52.1s
Epoch  75/100  loss=0.3440  ts_raw=0.0110  ts_evo=0.0280  oxy=0.6379  lr=1.66e-05  time=51.7s
  -> saved checkpoint (val=0.3440)
Epoch  76/100  loss=0.3440  ts_raw=0.0110  ts_evo=0.0280  oxy=0.6380  lr=1.55e-05  time=51.6s
Epoch  77/100  loss=0.3439  ts_raw=0.0110  ts_evo=0.0278  oxy=0.6379  lr=1.44e-05  time=51.7s
  -> saved checkpoint (val=0.3439)
Epoch  78/100  loss=0.3446  ts_raw=0.0110  ts_evo=0.0279  oxy=0.6392  lr=1.34e-05  time=51.9s
Epoch  79/100  loss=0.3443  ts_raw=0.0110  ts_evo=0.0279  oxy=0.6386  lr=1.24e-05  time=51.7s
Epoch  80/100  loss=0.3445  ts_raw=0.0110  ts_evo=0.0279  oxy=0.6390  lr=1.14e-05  time=51.7s
Epoch  81/100  loss=0.3441  ts_raw=0.0110  ts_evo=0.0278  oxy=0.6384  lr=1.05e-05  time=51.7s
Epoch  82/100  loss=0.3441  ts_raw=0.0110  ts_evo=0.0276  oxy=0.6385  lr=9.56e-06  time=51.6s
Epoch  83/100  loss=0.3441  ts_raw=0.0110  ts_evo=0.0277  oxy=0.6385  lr=8.71e-06  time=52.1s
Epoch  84/100  loss=0.3440  ts_raw=0.0110  ts_evo=0.0276  oxy=0.6385  lr=7.89e-06  time=51.7s
Epoch  85/100  loss=0.3442  ts_raw=0.0110  ts_evo=0.0276  oxy=0.6388  lr=7.12e-06  time=51.8s
Epoch  86/100  loss=0.3441  ts_raw=0.0110  ts_evo=0.0278  oxy=0.6384  lr=6.40e-06  time=51.9s
Epoch  87/100  loss=0.3439  ts_raw=0.0110  ts_evo=0.0277  oxy=0.6380  lr=5.71e-06  time=52.3s
Epoch  88/100  loss=0.3441  ts_raw=0.0110  ts_evo=0.0278  oxy=0.6384  lr=5.07e-06  time=52.2s
Epoch  89/100  loss=0.3440  ts_raw=0.0110  ts_evo=0.0277  oxy=0.6382  lr=4.48e-06  time=52.1s
Epoch  90/100  loss=0.3440  ts_raw=0.0110  ts_evo=0.0277  oxy=0.6384  lr=3.93e-06  time=52.2s
Epoch  91/100  loss=0.3440  ts_raw=0.0110  ts_evo=0.0277  oxy=0.6382  lr=3.42e-06  time=52.2s
Epoch  92/100  loss=0.3439  ts_raw=0.0110  ts_evo=0.0277  oxy=0.6381  lr=2.97e-06  time=52.4s
Epoch  93/100  loss=0.3441  ts_raw=0.0110  ts_evo=0.0277  oxy=0.6385  lr=2.56e-06  time=51.9s
Epoch  94/100  loss=0.3441  ts_raw=0.0110  ts_evo=0.0277  oxy=0.6385  lr=2.19e-06  time=52.1s
Epoch  95/100  loss=0.3442  ts_raw=0.0110  ts_evo=0.0277  oxy=0.6386  lr=1.88e-06  time=52.0s
Epoch  96/100  loss=0.3441  ts_raw=0.0110  ts_evo=0.0277  oxy=0.6384  lr=1.61e-06  time=51.9s
Epoch  97/100  loss=0.3440  ts_raw=0.0110  ts_evo=0.0277  oxy=0.6382  lr=1.39e-06  time=52.0s
Epoch  98/100  loss=0.3440  ts_raw=0.0110  ts_evo=0.0277  oxy=0.6382  lr=1.22e-06  time=51.9s
Epoch  99/100  loss=0.3439  ts_raw=0.0110  ts_evo=0.0277  oxy=0.6381  lr=1.10e-06  time=51.8s
Epoch 100/100  loss=0.3439  ts_raw=0.0110  ts_evo=0.0277  oxy=0.6382  lr=1.02e-06  time=51.8s

Finetuning complete. Best val loss: 0.3439
Losses saved to: results/finetune_losses.csv
=== Stage: extrapolation ===
Using device: cuda
Loading latent cycles from checkpoints/latent_cycles.pt
Val windows (horizon=100): 18

Evaluating: ode
  horizon=5 (50 days)...
  -> final step MSE: 0.3049
  horizon=10 (100 days)...
  -> final step MSE: 0.3699
  horizon=15 (150 days)...
  -> final step MSE: 0.4058
  horizon=20 (200 days)...
  -> final step MSE: 0.5063
  horizon=30 (300 days)...
  -> final step MSE: 0.9218
  horizon=40 (400 days)...
  -> final step MSE: 1.1276
  horizon=50 (500 days)...
  -> final step MSE: 1.6731
  horizon=100 (1000 days)...
  -> final step MSE: 3.5739

Evaluating: gru
  horizon=5 (50 days)...
  -> final step MSE: 0.3761
  horizon=10 (100 days)...
  -> final step MSE: 0.3556
  horizon=15 (150 days)...
  -> final step MSE: 0.3127
  horizon=20 (200 days)...
  -> final step MSE: 0.2894
  horizon=30 (300 days)...
  -> final step MSE: 0.4794
  horizon=40 (400 days)...
  -> final step MSE: 0.5228
  horizon=50 (500 days)...
  -> final step MSE: 1.0445
  horizon=100 (1000 days)...
  -> final step MSE: 0.9702

Results saved to results/extrapolation_results.csv

=== Extrapolation Summary (final step MSE) ===
model         depth_only       gru       ode
horizon_days                                
50                0.0274  0.376085  0.304867
100               0.0274  0.355565  0.369895
150               0.0274  0.312720  0.405848
200               0.0274  0.289393  0.506302
300               0.0274  0.479402  0.921819
400               0.0274  0.522764  1.127617
500               0.0274  1.044496  1.673050
1000              0.0274  0.970242  3.573919
======================================================
End Time : Sat Apr 11 04:09:51 PM EDT 2026
======================================================
