======================================================
Start Time  : Mon Mar 23 07:00:07 PM EDT 2026
Submit Dir  : /users/sphill86/ocean_dynamics_2
Job ID/Name : 10454927 / ocean_latent_ode
Partition   : GPU
======================================================
=== Stage: split ===
Low drift floats:    140
Depth observations:  1121134

Region distribution:
region
tropics               86
northeast_atlantic    24
subpolar              16
subtropical_west       6
subtropical_east       5
northwest_atlantic     3
Name: count, dtype: int64

O2 floats: 34 / 140
  Region 'northwest_atlantic' has only 3 remaining floats — assigning all to train
  Region 'subtropical_east' has only 4 remaining floats — assigning all to train

Float counts by split:
  train :  95 floats  (16 with O2)
  test  :  25 floats  (6 with O2)
  probe :  20 floats  (12 with O2)

Row counts by split:
split
train    752849
probe    206371
test     161914
Name: count, dtype: int64

Float counts by region and split:
split               probe  test  train
region                                
northeast_atlantic      4     4     16
northwest_atlantic      0     0      3
subpolar                3     3     10
subtropical_east        1     0      4
subtropical_west        2     1      3
tropics                10    17     59
Split complete.
=== Stage: encoder ===
Using device: cuda
Low drift floats:    140
Depth observations:  1121134

Region distribution:
region
tropics               86
northeast_atlantic    24
subpolar              16
subtropical_west       6
subtropical_east       5
northwest_atlantic     3
Name: count, dtype: int64

O2 floats: 34 / 140
  Region 'northwest_atlantic' has only 3 remaining floats — assigning all to train
  Region 'subtropical_east' has only 4 remaining floats — assigning all to train

Float counts by split:
  train :  95 floats  (16 with O2)
  test  :  25 floats  (6 with O2)
  probe :  20 floats  (12 with O2)

Row counts by split:
split
train    752849
probe    206371
test     161914
Name: count, dtype: int64

Float counts by region and split:
split               probe  test  train
region                                
northeast_atlantic      4     4     16
northwest_atlantic      0     0      3
subpolar                3     3     10
subtropical_east        1     0      4
subtropical_west        2     1      3
tropics                10    17     59
Epoch   1/40  train=1.0665  val=0.0351  time=10.1s
Saved autoencoder to checkpoints/autoencoder_best.pt
  -> saved checkpoint (val=0.0351)
Epoch   2/40  train=0.0307  val=0.0337  time=9.9s
Saved autoencoder to checkpoints/autoencoder_best.pt
  -> saved checkpoint (val=0.0337)
Epoch   3/40  train=0.0279  val=0.0283  time=9.7s
Saved autoencoder to checkpoints/autoencoder_best.pt
  -> saved checkpoint (val=0.0283)
Epoch   4/40  train=0.0236  val=0.0293  time=10.0s
Epoch   5/40  train=0.0215  val=0.0230  time=9.8s
Saved autoencoder to checkpoints/autoencoder_best.pt
  -> saved checkpoint (val=0.0230)
Epoch   6/40  train=0.0211  val=0.0196  time=9.8s
Saved autoencoder to checkpoints/autoencoder_best.pt
  -> saved checkpoint (val=0.0196)
Epoch   7/40  train=0.0185  val=0.0179  time=9.9s
Saved autoencoder to checkpoints/autoencoder_best.pt
  -> saved checkpoint (val=0.0179)
Epoch   8/40  train=0.0186  val=0.0169  time=10.1s
Saved autoencoder to checkpoints/autoencoder_best.pt
  -> saved checkpoint (val=0.0169)
Epoch   9/40  train=0.0197  val=0.0295  time=9.8s
Epoch  10/40  train=0.0178  val=0.0255  time=9.7s
Epoch  11/40  train=0.0201  val=0.0184  time=9.7s
Epoch  12/40  train=0.0160  val=0.0345  time=9.9s
Epoch  13/40  train=0.0176  val=0.0144  time=9.4s
Saved autoencoder to checkpoints/autoencoder_best.pt
  -> saved checkpoint (val=0.0144)
Epoch  14/40  train=0.0189  val=0.0250  time=9.8s
Epoch  15/40  train=0.0154  val=0.0252  time=9.7s
Epoch  16/40  train=0.0185  val=0.0120  time=9.9s
Saved autoencoder to checkpoints/autoencoder_best.pt
  -> saved checkpoint (val=0.0120)
Epoch  17/40  train=0.0132  val=0.0257  time=9.7s
Epoch  18/40  train=0.0176  val=0.0103  time=9.7s
Saved autoencoder to checkpoints/autoencoder_best.pt
  -> saved checkpoint (val=0.0103)
Epoch  19/40  train=0.0157  val=0.0155  time=9.7s
Epoch  20/40  train=0.0142  val=0.0135  time=9.9s
Epoch  21/40  train=0.0131  val=0.0142  time=9.3s
Epoch  22/40  train=0.0133  val=0.0094  time=9.6s
Saved autoencoder to checkpoints/autoencoder_best.pt
  -> saved checkpoint (val=0.0094)
Epoch  23/40  train=0.0132  val=0.0226  time=9.7s
Epoch  24/40  train=0.0132  val=0.0101  time=9.9s
Epoch  25/40  train=0.0114  val=0.0141  time=9.6s
Epoch  26/40  train=0.0150  val=0.0187  time=9.6s
Epoch  27/40  train=0.0103  val=0.0115  time=9.8s
Epoch  28/40  train=0.0102  val=0.0098  time=9.6s
Epoch  29/40  train=0.0107  val=0.0113  time=9.6s
Epoch  30/40  train=0.0111  val=0.0152  time=9.3s
Epoch  31/40  train=0.0105  val=0.0093  time=9.6s
Saved autoencoder to checkpoints/autoencoder_best.pt
  -> saved checkpoint (val=0.0093)
Epoch  32/40  train=0.0095  val=0.0115  time=9.9s
Epoch  33/40  train=0.0097  val=0.0087  time=9.6s
Saved autoencoder to checkpoints/autoencoder_best.pt
  -> saved checkpoint (val=0.0087)
Epoch  34/40  train=0.0087  val=0.0091  time=9.7s
Epoch  35/40  train=0.0090  val=0.0124  time=9.9s
Epoch  36/40  train=0.0089  val=0.0112  time=9.7s
Epoch  37/40  train=0.0081  val=0.0081  time=9.6s
Saved autoencoder to checkpoints/autoencoder_best.pt
  -> saved checkpoint (val=0.0081)
Epoch  38/40  train=0.0090  val=0.0128  time=9.7s
Epoch  39/40  train=0.0085  val=0.0221  time=9.6s
Epoch  40/40  train=0.0089  val=0.0094  time=9.7s

Encoder training complete. Best val loss: 0.0081
Losses saved to: results/encoder_losses.csv
=== Stage: encode ===
Low drift floats:    140
Depth observations:  1121134

Region distribution:
region
tropics               86
northeast_atlantic    24
subpolar              16
subtropical_west       6
subtropical_east       5
northwest_atlantic     3
Name: count, dtype: int64

O2 floats: 34 / 140
  Region 'northwest_atlantic' has only 3 remaining floats — assigning all to train
  Region 'subtropical_east' has only 4 remaining floats — assigning all to train

Float counts by split:
  train :  95 floats  (16 with O2)
  test  :  25 floats  (6 with O2)
  probe :  20 floats  (12 with O2)

Row counts by split:
split
train    752849
probe    206371
test     161914
Name: count, dtype: int64

Float counts by region and split:
split               probe  test  train
region                                
northeast_atlantic      4     4     16
northwest_atlantic      0     0      3
subpolar                3     3     10
subtropical_east        1     0      4
subtropical_west        2     1      3
tropics                10    17     59
Latent train: 10313 casts
Latent val:   2218 casts
Latent probe: 2827 casts
Saved latent cycles to checkpoints/latent_cycles.pt
=== Stage: ode ===
Using device: cuda
Loading latent cycles from checkpoints/latent_cycles.pt
Building train windows...
Train windows: 4111
Building val windows...
Val windows: 845
Epoch   1/40  train=23.4160  val=2.3150  time=24.2s
  -> saved checkpoint (val=2.3150)
Epoch   2/40  train=1.6380  val=1.3679  time=22.6s
  -> saved checkpoint (val=1.3679)
Epoch   3/40  train=0.9834  val=0.9188  time=21.3s
  -> saved checkpoint (val=0.9188)
Epoch   4/40  train=0.7167  val=0.6636  time=21.7s
  -> saved checkpoint (val=0.6636)
Epoch   5/40  train=0.5788  val=0.5769  time=22.1s
  -> saved checkpoint (val=0.5769)
Epoch   6/40  train=0.4996  val=0.5054  time=21.6s
  -> saved checkpoint (val=0.5054)
Epoch   7/40  train=0.4459  val=0.4596  time=21.2s
  -> saved checkpoint (val=0.4596)
Epoch   8/40  train=0.4106  val=0.4199  time=20.9s
  -> saved checkpoint (val=0.4199)
Epoch   9/40  train=0.3820  val=0.3910  time=20.6s
  -> saved checkpoint (val=0.3910)
Epoch  10/40  train=0.3677  val=0.3855  time=20.4s
  -> saved checkpoint (val=0.3855)
Epoch  11/40  train=0.3472  val=0.3635  time=20.0s
  -> saved checkpoint (val=0.3635)
Epoch  12/40  train=0.3354  val=0.3609  time=20.1s
  -> saved checkpoint (val=0.3609)
Epoch  13/40  train=0.3305  val=0.3261  time=20.1s
  -> saved checkpoint (val=0.3261)
Epoch  14/40  train=0.3223  val=0.3318  time=19.7s
Epoch  15/40  train=0.3225  val=0.3316  time=19.6s
Epoch  16/40  train=0.3151  val=0.3321  time=19.8s
Epoch  17/40  train=0.3080  val=0.3063  time=19.8s
  -> saved checkpoint (val=0.3063)
Epoch  18/40  train=0.3138  val=0.3433  time=19.8s
Epoch  19/40  train=0.3017  val=0.3467  time=19.3s
Epoch  20/40  train=0.3051  val=0.2674  time=19.4s
  -> saved checkpoint (val=0.2674)
Epoch  21/40  train=0.2988  val=0.3008  time=19.4s
Epoch  22/40  train=0.3046  val=0.2824  time=19.6s
Epoch  23/40  train=0.2976  val=0.3261  time=19.5s
Epoch  24/40  train=0.3038  val=0.2711  time=19.1s
Epoch  25/40  train=0.2960  val=0.3012  time=19.8s
Epoch  26/40  train=0.3045  val=0.3418  time=19.5s
Epoch  27/40  train=0.2903  val=0.2669  time=19.6s
  -> saved checkpoint (val=0.2669)
Epoch  28/40  train=0.2868  val=0.2652  time=19.5s
  -> saved checkpoint (val=0.2652)
Epoch  29/40  train=0.3290  val=0.3107  time=19.6s
Epoch  30/40  train=0.2948  val=0.2697  time=19.8s
Epoch  31/40  train=0.2780  val=0.2419  time=19.6s
  -> saved checkpoint (val=0.2419)
Epoch  32/40  train=0.2750  val=0.2305  time=19.6s
  -> saved checkpoint (val=0.2305)
Epoch  33/40  train=0.2840  val=0.2561  time=19.7s
Epoch  34/40  train=0.2830  val=0.3047  time=20.0s
Epoch  35/40  train=0.2949  val=0.2658  time=19.7s
Epoch  36/40  train=0.2780  val=0.2827  time=20.0s
Epoch  37/40  train=0.2751  val=0.2975  time=19.6s
Epoch  38/40  train=0.2819  val=0.2360  time=20.1s
Epoch  39/40  train=0.2758  val=0.2951  time=20.0s
Epoch  40/40  train=0.2739  val=0.2982  time=20.1s

NODE training complete. Best val loss: 0.2305
Losses saved to: results/node_losses.csv
=== Stage: probe ===
Low drift floats:    140
Depth observations:  1121134

Region distribution:
region
tropics               86
northeast_atlantic    24
subpolar              16
subtropical_west       6
subtropical_east       5
northwest_atlantic     3
Name: count, dtype: int64

O2 floats: 34 / 140
  Region 'northwest_atlantic' has only 3 remaining floats — assigning all to train
  Region 'subtropical_east' has only 4 remaining floats — assigning all to train

Float counts by split:
  train :  95 floats  (16 with O2)
  test  :  25 floats  (6 with O2)
  probe :  20 floats  (12 with O2)

Row counts by split:
split
train    752849
probe    206371
test     161914
Name: count, dtype: int64

Float counts by region and split:
split               probe  test  train
region                                
northeast_atlantic      4     4     16
northwest_atlantic      0     0      3
subpolar                3     3     10
subtropical_east        1     0      4
subtropical_west        2     1      3
tropics                10    17     59
Probe casts: 2827
Using device: cuda
Building probe windows...
Probe windows: 1377
Epoch   1/100  train=2.5779  val=0.2646  lr=1.00e-04  time=9.5s
  -> saved checkpoint (val=0.2646)
Epoch   2/100  train=0.2493  val=0.1551  lr=1.00e-04  time=8.5s
  -> saved checkpoint (val=0.1551)
Epoch   3/100  train=0.1096  val=0.0493  lr=9.99e-05  time=8.5s
  -> saved checkpoint (val=0.0493)
Epoch   4/100  train=0.0433  val=0.0296  lr=9.98e-05  time=8.7s
  -> saved checkpoint (val=0.0296)
Epoch   5/100  train=0.0337  val=0.0259  lr=9.96e-05  time=8.7s
  -> saved checkpoint (val=0.0259)
Epoch   6/100  train=0.0309  val=0.0224  lr=9.94e-05  time=8.8s
  -> saved checkpoint (val=0.0224)
Epoch   7/100  train=0.0286  val=0.0216  lr=9.91e-05  time=8.7s
  -> saved checkpoint (val=0.0216)
Epoch   8/100  train=0.0270  val=0.0208  lr=9.88e-05  time=8.6s
  -> saved checkpoint (val=0.0208)
Epoch   9/100  train=0.0275  val=0.0204  lr=9.84e-05  time=8.6s
  -> saved checkpoint (val=0.0204)
Epoch  10/100  train=0.0269  val=0.0210  lr=9.80e-05  time=8.7s
Epoch  11/100  train=0.0274  val=0.0202  lr=9.76e-05  time=8.7s
  -> saved checkpoint (val=0.0202)
Epoch  12/100  train=0.0270  val=0.0194  lr=9.71e-05  time=8.5s
  -> saved checkpoint (val=0.0194)
Epoch  13/100  train=0.0264  val=0.0192  lr=9.65e-05  time=8.7s
  -> saved checkpoint (val=0.0192)
Epoch  14/100  train=0.0269  val=0.0189  lr=9.59e-05  time=8.7s
  -> saved checkpoint (val=0.0189)
Epoch  15/100  train=0.0261  val=0.0187  lr=9.53e-05  time=8.7s
  -> saved checkpoint (val=0.0187)
Epoch  16/100  train=0.0257  val=0.0190  lr=9.46e-05  time=8.7s
Epoch  17/100  train=0.0261  val=0.0195  lr=9.39e-05  time=8.7s
Epoch  18/100  train=0.0258  val=0.0186  lr=9.31e-05  time=8.7s
  -> saved checkpoint (val=0.0186)
Epoch  19/100  train=0.0255  val=0.0197  lr=9.23e-05  time=8.8s
Epoch  20/100  train=0.0251  val=0.0182  lr=9.14e-05  time=8.6s
  -> saved checkpoint (val=0.0182)
Epoch  21/100  train=0.0250  val=0.0194  lr=9.05e-05  time=8.6s
Epoch  22/100  train=0.0264  val=0.0178  lr=8.96e-05  time=8.4s
  -> saved checkpoint (val=0.0178)
Epoch  23/100  train=0.0257  val=0.0178  lr=8.86e-05  time=8.6s
  -> saved checkpoint (val=0.0178)
Epoch  24/100  train=0.0255  val=0.0182  lr=8.76e-05  time=8.7s
Epoch  25/100  train=0.0254  val=0.0176  lr=8.66e-05  time=8.7s
  -> saved checkpoint (val=0.0176)
Epoch  26/100  train=0.0246  val=0.0176  lr=8.55e-05  time=8.9s
Epoch  27/100  train=0.0248  val=0.0185  lr=8.44e-05  time=8.7s
Epoch  28/100  train=0.0255  val=0.0174  lr=8.32e-05  time=8.7s
  -> saved checkpoint (val=0.0174)
Epoch  29/100  train=0.0244  val=0.0173  lr=8.21e-05  time=8.7s
  -> saved checkpoint (val=0.0173)
Epoch  30/100  train=0.0246  val=0.0174  lr=8.08e-05  time=8.7s
Epoch  31/100  train=0.0250  val=0.0171  lr=7.96e-05  time=8.7s
  -> saved checkpoint (val=0.0171)
Epoch  32/100  train=0.0241  val=0.0170  lr=7.83e-05  time=8.2s
  -> saved checkpoint (val=0.0170)
Epoch  33/100  train=0.0252  val=0.0169  lr=7.70e-05  time=8.8s
  -> saved checkpoint (val=0.0169)
Epoch  34/100  train=0.0244  val=0.0175  lr=7.57e-05  time=8.7s
Epoch  35/100  train=0.0251  val=0.0167  lr=7.43e-05  time=8.7s
  -> saved checkpoint (val=0.0167)
Epoch  36/100  train=0.0256  val=0.0167  lr=7.30e-05  time=8.7s
  -> saved checkpoint (val=0.0167)
Epoch  37/100  train=0.0252  val=0.0167  lr=7.16e-05  time=8.7s
  -> saved checkpoint (val=0.0167)
Epoch  38/100  train=0.0237  val=0.0171  lr=7.02e-05  time=8.7s
Epoch  39/100  train=0.0248  val=0.0169  lr=6.87e-05  time=8.7s
Epoch  40/100  train=0.0241  val=0.0166  lr=6.73e-05  time=8.8s
  -> saved checkpoint (val=0.0166)
Epoch  41/100  train=0.0240  val=0.0167  lr=6.58e-05  time=8.7s
Epoch  42/100  train=0.0246  val=0.0166  lr=6.43e-05  time=8.1s
  -> saved checkpoint (val=0.0166)
Epoch  43/100  train=0.0239  val=0.0165  lr=6.28e-05  time=8.7s
  -> saved checkpoint (val=0.0165)
Epoch  44/100  train=0.0238  val=0.0163  lr=6.13e-05  time=8.7s
  -> saved checkpoint (val=0.0163)
Epoch  45/100  train=0.0235  val=0.0166  lr=5.98e-05  time=8.7s
Epoch  46/100  train=0.0256  val=0.0163  lr=5.82e-05  time=8.7s
Epoch  47/100  train=0.0238  val=0.0162  lr=5.67e-05  time=8.8s
  -> saved checkpoint (val=0.0162)
Epoch  48/100  train=0.0237  val=0.0163  lr=5.52e-05  time=8.6s
Epoch  49/100  train=0.0240  val=0.0164  lr=5.36e-05  time=8.7s
Epoch  50/100  train=0.0279  val=0.0168  lr=5.21e-05  time=8.6s
Epoch  51/100  train=0.0254  val=0.0161  lr=5.05e-05  time=8.6s
  -> saved checkpoint (val=0.0161)
Epoch  52/100  train=0.0234  val=0.0161  lr=4.89e-05  time=8.6s
Epoch  53/100  train=0.0241  val=0.0160  lr=4.74e-05  time=8.4s
  -> saved checkpoint (val=0.0160)
Epoch  54/100  train=0.0270  val=0.0164  lr=4.58e-05  time=8.8s
Epoch  55/100  train=0.0233  val=0.0164  lr=4.43e-05  time=8.7s
Epoch  56/100  train=0.0256  val=0.0164  lr=4.28e-05  time=8.7s
Epoch  57/100  train=0.0251  val=0.0168  lr=4.12e-05  time=8.7s
Epoch  58/100  train=0.0223  val=0.0159  lr=3.97e-05  time=8.7s
  -> saved checkpoint (val=0.0159)
Epoch  59/100  train=0.0234  val=0.0159  lr=3.82e-05  time=8.7s
  -> saved checkpoint (val=0.0159)
Epoch  60/100  train=0.0248  val=0.0159  lr=3.67e-05  time=8.7s
  -> saved checkpoint (val=0.0159)
Epoch  61/100  train=0.0236  val=0.0162  lr=3.52e-05  time=8.8s
Epoch  62/100  train=0.0238  val=0.0160  lr=3.37e-05  time=8.7s
Epoch  63/100  train=0.0241  val=0.0159  lr=3.23e-05  time=8.3s
Epoch  64/100  train=0.0235  val=0.0159  lr=3.08e-05  time=8.6s
  -> saved checkpoint (val=0.0159)
Epoch  65/100  train=0.0239  val=0.0158  lr=2.94e-05  time=8.7s
  -> saved checkpoint (val=0.0158)
Epoch  66/100  train=0.0236  val=0.0158  lr=2.80e-05  time=8.7s
  -> saved checkpoint (val=0.0158)
Epoch  67/100  train=0.0237  val=0.0158  lr=2.67e-05  time=8.7s
Epoch  68/100  train=0.0245  val=0.0158  lr=2.53e-05  time=8.8s
  -> saved checkpoint (val=0.0158)
Epoch  69/100  train=0.0264  val=0.0162  lr=2.40e-05  time=8.7s
Epoch  70/100  train=0.0241  val=0.0159  lr=2.27e-05  time=8.7s
Epoch  71/100  train=0.0229  val=0.0157  lr=2.14e-05  time=8.7s
  -> saved checkpoint (val=0.0157)
Epoch  72/100  train=0.0235  val=0.0157  lr=2.02e-05  time=8.7s
Epoch  73/100  train=0.0230  val=0.0157  lr=1.89e-05  time=8.3s
Epoch  74/100  train=0.0234  val=0.0157  lr=1.78e-05  time=8.7s
  -> saved checkpoint (val=0.0157)
Epoch  75/100  train=0.0241  val=0.0164  lr=1.66e-05  time=8.8s
Epoch  76/100  train=0.0234  val=0.0157  lr=1.55e-05  time=8.7s
Epoch  77/100  train=0.0229  val=0.0158  lr=1.44e-05  time=8.7s
Epoch  78/100  train=0.0235  val=0.0157  lr=1.34e-05  time=8.7s
Epoch  79/100  train=0.0233  val=0.0158  lr=1.24e-05  time=8.7s
Epoch  80/100  train=0.0236  val=0.0157  lr=1.14e-05  time=8.7s
Epoch  81/100  train=0.0237  val=0.0156  lr=1.05e-05  time=8.7s
  -> saved checkpoint (val=0.0156)
Epoch  82/100  train=0.0233  val=0.0156  lr=9.56e-06  time=8.8s
  -> saved checkpoint (val=0.0156)
Epoch  83/100  train=0.0228  val=0.0157  lr=8.71e-06  time=8.4s
Epoch  84/100  train=0.0240  val=0.0160  lr=7.89e-06  time=8.7s
Epoch  85/100  train=0.0236  val=0.0156  lr=7.12e-06  time=8.7s
  -> saved checkpoint (val=0.0156)
Epoch  86/100  train=0.0230  val=0.0156  lr=6.40e-06  time=8.7s
Epoch  87/100  train=0.0232  val=0.0157  lr=5.71e-06  time=8.7s
Epoch  88/100  train=0.0227  val=0.0157  lr=5.07e-06  time=8.7s
Epoch  89/100  train=0.0233  val=0.0156  lr=4.48e-06  time=8.8s
Epoch  90/100  train=0.0235  val=0.0156  lr=3.93e-06  time=8.7s
Epoch  91/100  train=0.0236  val=0.0156  lr=3.42e-06  time=8.6s
Epoch  92/100  train=0.0231  val=0.0156  lr=2.97e-06  time=8.6s
Epoch  93/100  train=0.0228  val=0.0156  lr=2.56e-06  time=8.3s
Epoch  94/100  train=0.0251  val=0.0156  lr=2.19e-06  time=8.6s
Epoch  95/100  train=0.0240  val=0.0157  lr=1.88e-06  time=8.7s
Epoch  96/100  train=0.0238  val=0.0156  lr=1.61e-06  time=8.8s
  -> saved checkpoint (val=0.0156)
Epoch  97/100  train=0.0233  val=0.0156  lr=1.39e-06  time=8.7s
Epoch  98/100  train=0.0227  val=0.0156  lr=1.22e-06  time=8.7s
  -> saved checkpoint (val=0.0156)
Epoch  99/100  train=0.0236  val=0.0156  lr=1.10e-06  time=8.7s
Epoch 100/100  train=0.0240  val=0.0156  lr=1.02e-06  time=8.7s

Probe training complete. Best val loss: 0.0156
Losses saved to: results/probe_losses.csv
=== Stage: probe_baseline ===
Low drift floats:    140
Depth observations:  1121134

Region distribution:
region
tropics               86
northeast_atlantic    24
subpolar              16
subtropical_west       6
subtropical_east       5
northwest_atlantic     3
Name: count, dtype: int64

O2 floats: 34 / 140
  Region 'northwest_atlantic' has only 3 remaining floats — assigning all to train
  Region 'subtropical_east' has only 4 remaining floats — assigning all to train

Float counts by split:
  train :  95 floats  (16 with O2)
  test  :  25 floats  (6 with O2)
  probe :  20 floats  (12 with O2)

Row counts by split:
split
train    752849
probe    206371
test     161914
Name: count, dtype: int64

Float counts by region and split:
split               probe  test  train
region                                
northeast_atlantic      4     4     16
northwest_atlantic      0     0      3
subpolar                3     3     10
subtropical_east        1     0      4
subtropical_west        2     1      3
tropics                10    17     59
Probe casts: 2827
Using device: cuda
Building probe windows...
Probe windows: 1377
Epoch   1/100  train=2044.3112  val=0.0818  time=7.7s
  -> saved checkpoint (val=0.0818)
Epoch   2/100  train=40.3836  val=4.7029  time=7.8s
Epoch   3/100  train=1.0675  val=0.1188  time=7.3s
Epoch   4/100  train=0.0621  val=0.0299  time=7.7s
  -> saved checkpoint (val=0.0299)
Epoch   5/100  train=0.0343  val=0.0275  time=7.9s
  -> saved checkpoint (val=0.0275)
Epoch   6/100  train=0.0343  val=0.0274  time=7.8s
  -> saved checkpoint (val=0.0274)
Epoch   7/100  train=0.0333  val=0.0274  time=7.8s
Epoch   8/100  train=0.0354  val=0.0277  time=7.7s
Epoch   9/100  train=0.0338  val=0.0274  time=7.7s
Epoch  10/100  train=0.0351  val=0.0274  time=7.7s
  -> saved checkpoint (val=0.0274)
Epoch  11/100  train=0.0352  val=0.0277  time=7.7s
Epoch  12/100  train=0.0337  val=0.0274  time=7.7s
  -> saved checkpoint (val=0.0274)
Epoch  13/100  train=0.0333  val=0.0274  time=7.7s
  -> saved checkpoint (val=0.0274)
Epoch  14/100  train=0.0339  val=0.0274  time=7.7s
Epoch  15/100  train=0.0339  val=0.0287  time=7.2s
Epoch  16/100  train=0.0342  val=0.0277  time=7.9s
Epoch  17/100  train=0.0338  val=0.0277  time=7.7s
Epoch  18/100  train=0.0344  val=0.0274  time=7.8s
Epoch  19/100  train=0.0337  val=0.0274  time=7.7s
Epoch  20/100  train=0.0343  val=0.0275  time=7.7s
Epoch  21/100  train=0.0333  val=0.0286  time=7.7s
Epoch  22/100  train=0.0340  val=0.0279  time=7.7s
Epoch  23/100  train=0.0334  val=0.0274  time=7.7s
Epoch  24/100  train=0.0337  val=0.0280  time=7.7s
Epoch  25/100  train=0.0378  val=0.0284  time=7.7s
Epoch  26/100  train=0.0347  val=0.0279  time=7.3s
Epoch  27/100  train=0.0333  val=0.0276  time=7.9s
Epoch  28/100  train=0.0332  val=0.0278  time=7.7s
Epoch  29/100  train=0.0338  val=0.0274  time=7.7s
Epoch  30/100  train=0.0341  val=0.0285  time=6.5s
Epoch  31/100  train=0.0344  val=0.0274  time=5.8s
  -> saved checkpoint (val=0.0274)
Epoch  32/100  train=0.0333  val=0.0273  time=5.8s
  -> saved checkpoint (val=0.0273)
Epoch  33/100  train=0.0339  val=0.0274  time=6.7s
Epoch  34/100  train=0.0348  val=0.0274  time=6.1s
Epoch  35/100  train=0.0338  val=0.0274  time=5.8s
Epoch  36/100  train=0.0325  val=0.0279  time=6.0s
Epoch  37/100  train=0.0337  val=0.0273  time=6.6s
  -> saved checkpoint (val=0.0273)
Epoch  38/100  train=0.0346  val=0.0281  time=6.3s
Epoch  39/100  train=0.0330  val=0.0275  time=5.8s
Epoch  40/100  train=0.0333  val=0.0276  time=5.8s
Epoch  41/100  train=0.0338  val=0.0276  time=6.8s
Epoch  42/100  train=0.0358  val=0.0282  time=5.8s
Epoch  43/100  train=0.0331  val=0.0275  time=5.8s
Epoch  44/100  train=0.0393  val=0.0287  time=6.4s
Epoch  45/100  train=0.0333  val=0.0274  time=6.5s
Epoch  46/100  train=0.0350  val=0.0273  time=6.0s
  -> saved checkpoint (val=0.0273)
Epoch  47/100  train=0.0336  val=0.0278  time=6.2s
Epoch  48/100  train=0.0343  val=0.0277  time=6.7s
Epoch  49/100  train=0.0336  val=0.0286  time=6.0s
Epoch  50/100  train=0.0334  val=0.0276  time=6.4s
Epoch  51/100  train=0.0338  val=0.0273  time=6.8s
  -> saved checkpoint (val=0.0273)
Epoch  52/100  train=0.0337  val=0.0274  time=6.3s
Epoch  53/100  train=0.0339  val=0.0281  time=6.1s
Epoch  54/100  train=0.0349  val=0.0273  time=6.8s
  -> saved checkpoint (val=0.0273)
Epoch  55/100  train=0.0330  val=0.0274  time=6.0s
Epoch  56/100  train=0.0331  val=0.0280  time=5.9s
Epoch  57/100  train=0.0336  val=0.0274  time=6.8s
Epoch  58/100  train=0.0348  val=0.0302  time=6.0s
Epoch  59/100  train=0.0334  val=0.0278  time=6.3s
Epoch  60/100  train=0.0322  val=0.0281  time=6.7s
Epoch  61/100  train=0.0343  val=0.0293  time=6.3s
Epoch  62/100  train=0.0337  val=0.0276  time=6.5s
Epoch  63/100  train=0.0349  val=0.0276  time=6.6s
Epoch  64/100  train=0.0332  val=0.0273  time=6.0s
  -> saved checkpoint (val=0.0273)
Epoch  65/100  train=0.0337  val=0.0293  time=6.7s
Epoch  66/100  train=0.0338  val=0.0276  time=6.2s
Epoch  67/100  train=0.0354  val=0.0273  time=6.1s
Epoch  68/100  train=0.0339  val=0.0277  time=6.8s
Epoch  69/100  train=0.0347  val=0.0289  time=6.4s
Epoch  70/100  train=0.0344  val=0.0275  time=6.2s
Epoch  71/100  train=0.0342  val=0.0285  time=6.1s
Epoch  72/100  train=0.0364  val=0.0298  time=6.5s
Epoch  73/100  train=0.0359  val=0.0293  time=6.0s
Epoch  74/100  train=0.0358  val=0.0309  time=6.0s
Epoch  75/100  train=0.0369  val=0.0276  time=6.3s
Epoch  76/100  train=0.0360  val=0.0309  time=6.1s
Epoch  77/100  train=0.0345  val=0.0275  time=6.0s
Epoch  78/100  train=0.0353  val=0.0273  time=6.4s
  -> saved checkpoint (val=0.0273)
Epoch  79/100  train=0.0338  val=0.0296  time=6.0s
Epoch  80/100  train=0.0348  val=0.0273  time=6.4s
Epoch  81/100  train=0.0337  val=0.0293  time=6.2s
Epoch  82/100  train=0.0350  val=0.0293  time=6.3s
Epoch  83/100  train=0.0342  val=0.0284  time=6.5s
Epoch  84/100  train=0.0363  val=0.0301  time=6.3s
Epoch  85/100  train=0.0344  val=0.0273  time=6.6s
Epoch  86/100  train=0.0355  val=0.0278  time=6.1s
Epoch  87/100  train=0.0360  val=0.0281  time=6.4s
Epoch  88/100  train=0.0347  val=0.0285  time=6.3s
Epoch  89/100  train=0.0367  val=0.0273  time=6.1s
Epoch  90/100  train=0.0365  val=0.0345  time=6.5s
Epoch  91/100  train=0.0333  val=0.0273  time=6.1s
Epoch  92/100  train=0.0342  val=0.0275  time=6.1s
Epoch  93/100  train=0.0340  val=0.0351  time=6.6s
Epoch  94/100  train=0.0352  val=0.0273  time=6.1s
Epoch  95/100  train=0.0342  val=0.0273  time=6.9s
  -> saved checkpoint (val=0.0273)
Epoch  96/100  train=0.0345  val=0.0293  time=6.4s
Epoch  97/100  train=0.0359  val=0.0281  time=6.5s
Epoch  98/100  train=0.0352  val=0.0279  time=6.4s
Epoch  99/100  train=0.0352  val=0.0281  time=6.4s
Epoch 100/100  train=0.0347  val=0.0273  time=6.7s

Baseline training complete. Best val loss: 0.0273
Checkpoint saved to: checkpoints/probe_baseline_best.pt
=== Stage: gru ===
Using device: cuda
Loading latent cycles from checkpoints/latent_cycles.pt
Building train windows...
Train windows: 4111
Building val windows...
Val windows: 845
Epoch   1/40  train=4.1563  val=1.0912  time=2.7s
  -> saved checkpoint (val=1.0912)
Epoch   2/40  train=0.8854  val=0.4413  time=2.2s
  -> saved checkpoint (val=0.4413)
Epoch   3/40  train=0.6129  val=0.3710  time=2.2s
  -> saved checkpoint (val=0.3710)
Epoch   4/40  train=0.5003  val=0.3249  time=2.3s
  -> saved checkpoint (val=0.3249)
Epoch   5/40  train=0.4205  val=0.3108  time=2.2s
  -> saved checkpoint (val=0.3108)
Epoch   6/40  train=0.3622  val=0.3031  time=2.1s
  -> saved checkpoint (val=0.3031)
Epoch   7/40  train=0.3263  val=0.2840  time=2.2s
  -> saved checkpoint (val=0.2840)
Epoch   8/40  train=0.3018  val=0.2566  time=2.2s
  -> saved checkpoint (val=0.2566)
Epoch   9/40  train=0.2796  val=0.2347  time=2.2s
  -> saved checkpoint (val=0.2347)
Epoch  10/40  train=0.2606  val=0.2218  time=2.2s
  -> saved checkpoint (val=0.2218)
Epoch  11/40  train=0.2681  val=0.2020  time=2.2s
  -> saved checkpoint (val=0.2020)
Epoch  12/40  train=0.2524  val=0.1835  time=2.2s
  -> saved checkpoint (val=0.1835)
Epoch  13/40  train=0.2330  val=0.1752  time=2.2s
  -> saved checkpoint (val=0.1752)
Epoch  14/40  train=0.2283  val=0.1702  time=2.2s
  -> saved checkpoint (val=0.1702)
Epoch  15/40  train=0.2242  val=0.1731  time=2.2s
Epoch  16/40  train=0.2312  val=0.1785  time=2.2s
Epoch  17/40  train=0.2178  val=0.1693  time=2.3s
  -> saved checkpoint (val=0.1693)
Epoch  18/40  train=0.2132  val=0.1650  time=2.2s
  -> saved checkpoint (val=0.1650)
Epoch  19/40  train=0.2120  val=0.1674  time=2.2s
Epoch  20/40  train=0.2285  val=0.1763  time=2.2s
Epoch  21/40  train=0.2119  val=0.1822  time=2.2s
Epoch  22/40  train=0.2085  val=0.1733  time=2.2s
Epoch  23/40  train=0.2093  val=0.1750  time=2.3s
Epoch  24/40  train=0.2034  val=0.1684  time=2.2s
Epoch  25/40  train=0.2061  val=0.1644  time=2.2s
  -> saved checkpoint (val=0.1644)
Epoch  26/40  train=0.2030  val=0.1609  time=2.2s
  -> saved checkpoint (val=0.1609)
Epoch  27/40  train=0.1986  val=0.1698  time=2.2s
Epoch  28/40  train=0.2192  val=0.1795  time=2.2s
Epoch  29/40  train=0.2374  val=0.1547  time=2.2s
  -> saved checkpoint (val=0.1547)
Epoch  30/40  train=0.2183  val=0.1585  time=2.3s
Epoch  31/40  train=0.2131  val=0.1615  time=2.2s
Epoch  32/40  train=0.2089  val=0.1613  time=2.2s
Epoch  33/40  train=0.2020  val=0.1662  time=2.2s
Epoch  34/40  train=0.2013  val=0.1572  time=2.2s
Epoch  35/40  train=0.2011  val=0.1679  time=2.2s
Epoch  36/40  train=0.1985  val=0.1619  time=2.2s
Epoch  37/40  train=0.1964  val=0.1833  time=2.2s
Epoch  38/40  train=0.1982  val=0.1551  time=2.1s
Epoch  39/40  train=0.1965  val=0.1580  time=2.2s
Epoch  40/40  train=0.1934  val=0.1580  time=2.2s

GRU training complete. Best val loss: 0.1547
Losses saved to: results/gru_losses.csv
=== Stage: gru_probe ===
Low drift floats:    140
Depth observations:  1121134

Region distribution:
region
tropics               86
northeast_atlantic    24
subpolar              16
subtropical_west       6
subtropical_east       5
northwest_atlantic     3
Name: count, dtype: int64

O2 floats: 34 / 140
  Region 'northwest_atlantic' has only 3 remaining floats — assigning all to train
  Region 'subtropical_east' has only 4 remaining floats — assigning all to train

Float counts by split:
  train :  95 floats  (16 with O2)
  test  :  25 floats  (6 with O2)
  probe :  20 floats  (12 with O2)

Row counts by split:
split
train    752849
probe    206371
test     161914
Name: count, dtype: int64

Float counts by region and split:
split               probe  test  train
region                                
northeast_atlantic      4     4     16
northwest_atlantic      0     0      3
subpolar                3     3     10
subtropical_east        1     0      4
subtropical_west        2     1      3
tropics                10    17     59
Probe casts: 2827
Using device: cuda
Building probe windows...
Probe windows: 1377
Epoch   1/100  train=1.3736  val=0.0386  time=6.6s
  -> saved checkpoint (val=0.0386)
Epoch   2/100  train=0.0512  val=0.0278  time=6.5s
  -> saved checkpoint (val=0.0278)
Epoch   3/100  train=0.0276  val=0.0187  time=6.2s
  -> saved checkpoint (val=0.0187)
Epoch   4/100  train=0.0257  val=0.0181  time=6.2s
  -> saved checkpoint (val=0.0181)
Epoch   5/100  train=0.0252  val=0.0181  time=5.9s
Epoch   6/100  train=0.0243  val=0.0179  time=6.2s
  -> saved checkpoint (val=0.0179)
Epoch   7/100  train=0.0258  val=0.0176  time=6.3s
  -> saved checkpoint (val=0.0176)
Epoch   8/100  train=0.0248  val=0.0172  time=6.2s
  -> saved checkpoint (val=0.0172)
Epoch   9/100  train=0.0268  val=0.0173  time=6.7s
Epoch  10/100  train=0.0247  val=0.0194  time=6.3s
Epoch  11/100  train=0.0251  val=0.0176  time=6.7s
Epoch  12/100  train=0.0250  val=0.0164  time=6.3s
  -> saved checkpoint (val=0.0164)
Epoch  13/100  train=0.0252  val=0.0165  time=6.7s
Epoch  14/100  train=0.0245  val=0.0176  time=6.5s
Epoch  15/100  train=0.0259  val=0.0170  time=6.8s
Epoch  16/100  train=0.0247  val=0.0167  time=6.4s
Epoch  17/100  train=0.0248  val=0.0163  time=6.8s
  -> saved checkpoint (val=0.0163)
Epoch  18/100  train=0.0235  val=0.0192  time=6.4s
Epoch  19/100  train=0.0249  val=0.0164  time=6.7s
Epoch  20/100  train=0.0249  val=0.0158  time=6.7s
  -> saved checkpoint (val=0.0158)
Epoch  21/100  train=0.0241  val=0.0161  time=6.9s
Epoch  22/100  train=0.0236  val=0.0156  time=6.7s
  -> saved checkpoint (val=0.0156)
Epoch  23/100  train=0.0288  val=0.0261  time=6.5s
Epoch  24/100  train=0.0258  val=0.0160  time=6.9s
Epoch  25/100  train=0.0263  val=0.0155  time=6.6s
  -> saved checkpoint (val=0.0155)
Epoch  26/100  train=0.0245  val=0.0150  time=7.0s
  -> saved checkpoint (val=0.0150)
Epoch  27/100  train=0.0260  val=0.0151  time=6.6s
Epoch  28/100  train=0.0265  val=0.0178  time=7.0s
Epoch  29/100  train=0.0251  val=0.0196  time=7.0s
Epoch  30/100  train=0.0244  val=0.0190  time=6.8s
Epoch  31/100  train=0.0239  val=0.0154  time=7.0s
Epoch  32/100  train=0.0245  val=0.0188  time=7.1s
Epoch  33/100  train=0.0309  val=0.0160  time=7.0s
Epoch  34/100  train=0.0300  val=0.0207  time=7.1s
Epoch  35/100  train=0.0309  val=0.0216  time=7.3s
Epoch  36/100  train=0.0281  val=0.0151  time=7.4s
Epoch  37/100  train=0.0253  val=0.0259  time=7.2s
Epoch  38/100  train=0.0303  val=0.0171  time=7.2s
Epoch  39/100  train=0.0243  val=0.0154  time=7.0s
Epoch  40/100  train=0.0301  val=0.0150  time=7.2s
Epoch  41/100  train=0.0282  val=0.0214  time=7.1s
Epoch  42/100  train=0.0266  val=0.0238  time=6.9s
Epoch  43/100  train=0.0295  val=0.0190  time=7.5s
Epoch  44/100  train=0.0277  val=0.0156  time=7.8s
Epoch  45/100  train=0.0262  val=0.0216  time=7.9s
Epoch  46/100  train=0.0282  val=0.0161  time=7.8s
Epoch  47/100  train=0.0250  val=0.0146  time=7.8s
  -> saved checkpoint (val=0.0146)
Epoch  48/100  train=0.0271  val=0.0163  time=7.8s
Epoch  49/100  train=0.0278  val=0.0155  time=7.9s
Epoch  50/100  train=0.0227  val=0.0153  time=7.8s
Epoch  51/100  train=0.0278  val=0.0415  time=7.5s
Epoch  52/100  train=0.0305  val=0.0231  time=7.5s
Epoch  53/100  train=0.0271  val=0.0271  time=7.6s
Epoch  54/100  train=0.0252  val=0.0150  time=7.9s
Epoch  55/100  train=0.0242  val=0.0152  time=7.9s
Epoch  56/100  train=0.0311  val=0.0145  time=7.8s
  -> saved checkpoint (val=0.0145)
Epoch  57/100  train=0.0249  val=0.0152  time=8.0s
Epoch  58/100  train=0.0266  val=0.0188  time=7.8s
Epoch  59/100  train=0.0280  val=0.0151  time=7.8s
Epoch  60/100  train=0.0370  val=0.0153  time=7.8s
Epoch  61/100  train=0.0260  val=0.0197  time=7.9s
Epoch  62/100  train=0.0241  val=0.0145  time=7.9s
  -> saved checkpoint (val=0.0145)
Epoch  63/100  train=0.0276  val=0.0198  time=7.4s
Epoch  64/100  train=0.0249  val=0.0210  time=7.9s
Epoch  65/100  train=0.0239  val=0.0212  time=7.9s
Epoch  66/100  train=0.0258  val=0.0156  time=7.9s
Epoch  67/100  train=0.0259  val=0.0140  time=7.9s
  -> saved checkpoint (val=0.0140)
Epoch  68/100  train=0.0302  val=0.0440  time=7.8s
Epoch  69/100  train=0.0287  val=0.0251  time=7.8s
Epoch  70/100  train=0.0350  val=0.0261  time=7.8s
Epoch  71/100  train=0.0300  val=0.0182  time=7.9s
Epoch  72/100  train=0.0253  val=0.0141  time=7.8s
Epoch  73/100  train=0.0252  val=0.0200  time=7.8s
Epoch  74/100  train=0.0269  val=0.0208  time=7.4s
Epoch  75/100  train=0.0386  val=0.0143  time=7.7s
Epoch  76/100  train=0.0259  val=0.0139  time=7.9s
  -> saved checkpoint (val=0.0139)
Epoch  77/100  train=0.0236  val=0.0143  time=7.9s
Epoch  78/100  train=0.0256  val=0.0356  time=8.0s
Epoch  79/100  train=0.0316  val=0.0151  time=7.9s
Epoch  80/100  train=0.0265  val=0.0232  time=7.9s
Epoch  81/100  train=0.0284  val=0.0160  time=7.8s
Epoch  82/100  train=0.0291  val=0.0284  time=7.8s
Epoch  83/100  train=0.0256  val=0.0174  time=7.8s
Epoch  84/100  train=0.0396  val=0.0233  time=7.8s
Epoch  85/100  train=0.0321  val=0.0141  time=7.9s
Epoch  86/100  train=0.0250  val=0.0159  time=7.7s
Epoch  87/100  train=0.0297  val=0.0142  time=7.8s
Epoch  88/100  train=0.0355  val=0.2076  time=7.9s
Epoch  89/100  train=0.0545  val=0.0542  time=7.9s
Epoch  90/100  train=0.0265  val=0.0142  time=7.9s
Epoch  91/100  train=0.0247  val=0.0149  time=7.9s
Epoch  92/100  train=0.0293  val=0.0140  time=7.9s
Epoch  93/100  train=0.0285  val=0.0166  time=8.0s
Epoch  94/100  train=0.0237  val=0.0231  time=7.9s
Epoch  95/100  train=0.0312  val=0.0221  time=7.9s
Epoch  96/100  train=0.0277  val=0.0138  time=7.5s
  -> saved checkpoint (val=0.0138)
Epoch  97/100  train=0.0235  val=0.0192  time=7.8s
Epoch  98/100  train=0.0251  val=0.0237  time=7.9s
Epoch  99/100  train=0.0258  val=0.0140  time=7.9s
Epoch 100/100  train=0.0276  val=0.0164  time=8.0s

GRU probe training complete. Best val loss: 0.0138
Losses saved to: results/gru_probe_losses.csv
=== Stage: extrapolation ===
Using device: cuda
Loading latent cycles from checkpoints/latent_cycles.pt
Val windows (horizon=100): 12

Evaluating: ode
  horizon=5 (50 days)...
  -> final step MSE: 0.2987
  horizon=10 (100 days)...
  -> final step MSE: 0.2355
  horizon=15 (150 days)...
  -> final step MSE: 0.2353
  horizon=20 (200 days)...
  -> final step MSE: 0.2775
  horizon=30 (300 days)...
  -> final step MSE: 0.4401
  horizon=40 (400 days)...
  -> final step MSE: 0.5091
  horizon=50 (500 days)...
  -> final step MSE: 0.7274
  horizon=100 (1000 days)...
  -> final step MSE: 2.0348

Evaluating: gru
  horizon=5 (50 days)...
  -> final step MSE: 0.3257
  horizon=10 (100 days)...
  -> final step MSE: 0.2473
  horizon=15 (150 days)...
  -> final step MSE: 0.1903
  horizon=20 (200 days)...
  -> final step MSE: 0.2145
  horizon=30 (300 days)...
  -> final step MSE: 0.2890
  horizon=40 (400 days)...
  -> final step MSE: 0.2584
  horizon=50 (500 days)...
  -> final step MSE: 0.3390
  horizon=100 (1000 days)...
  -> final step MSE: 0.4617

Results saved to results/extrapolation_results.csv

=== Extrapolation Summary (final step MSE) ===
model         depth_only       gru       ode
horizon_days                                
50                0.0274  0.325748  0.298739
100               0.0274  0.247289  0.235488
150               0.0274  0.190345  0.235298
200               0.0274  0.214536  0.277469
300               0.0274  0.289024  0.440109
400               0.0274  0.258406  0.509133
500               0.0274  0.339027  0.727415
1000              0.0274  0.461691  2.034822
======================================================
End Time : Mon Mar 23 08:00:28 PM EDT 2026
======================================================
