======================================================
Start Time  : Wed Apr 15 04:02:08 PM EDT 2026
Submit Dir  : /users/sphill86/ocean_dynamics_2
Job ID/Name : 13632634 / ocean_latent_ode
Partition   : GPU
======================================================
=== Stage: split ===
Low drift floats:    140
Depth observations:  1,121,134

Region distribution:
region
tropics               86
northeast_atlantic    24
subpolar              16
subtropical_west       6
subtropical_east       5
northwest_atlantic     3
Name: count, dtype: int64

O2 floats: 34 / 140
  Region 'northwest_atlantic' has only 3 remaining floats — assigning all to train
  Region 'subtropical_east' has only 4 remaining floats — assigning all to train

Float counts by split:
  train :  96 floats  (21 with O2)
  test  :  25 floats  (7 with O2)
  probe :  19 floats  (6 with O2)

Row counts by split:
split
train    733358
test     224767
probe    163009
Name: count, dtype: int64

Float counts by region and split:
split               probe  test  train
region                                
northeast_atlantic      4     4     16
northwest_atlantic      0     0      3
subpolar                3     3     10
subtropical_east        1     0      4
subtropical_west        2     1      3
tropics                 9    17     60
Split complete.
=== Stage: encoder ===
Using device: cuda
Low drift floats:    140
Depth observations:  1,121,134

Region distribution:
region
tropics               86
northeast_atlantic    24
subpolar              16
subtropical_west       6
subtropical_east       5
northwest_atlantic     3
Name: count, dtype: int64

O2 floats: 34 / 140
  Region 'northwest_atlantic' has only 3 remaining floats — assigning all to train
  Region 'subtropical_east' has only 4 remaining floats — assigning all to train

Float counts by split:
  train :  96 floats  (21 with O2)
  test  :  25 floats  (7 with O2)
  probe :  19 floats  (6 with O2)

Row counts by split:
split
train    733358
test     224767
probe    163009
Name: count, dtype: int64

Float counts by region and split:
split               probe  test  train
region                                
northeast_atlantic      4     4     16
northwest_atlantic      0     0      3
subpolar                3     3     10
subtropical_east        1     0      4
subtropical_west        2     1      3
tropics                 9    17     60
Epoch   1/100  train=26.2807  val=0.4855  time=11.7s
Saved autoencoder to checkpoints/autoencoder_best.pt
  -> saved checkpoint (val=0.4855)
Epoch   2/100  train=0.4529  val=0.2027  time=8.1s
Saved autoencoder to checkpoints/autoencoder_best.pt
  -> saved checkpoint (val=0.2027)
Epoch   3/100  train=0.1580  val=0.1118  time=8.4s
Saved autoencoder to checkpoints/autoencoder_best.pt
  -> saved checkpoint (val=0.1118)
Epoch   4/100  train=0.1014  val=0.0763  time=8.4s
Saved autoencoder to checkpoints/autoencoder_best.pt
  -> saved checkpoint (val=0.0763)
Epoch   5/100  train=0.0862  val=0.0712  time=8.4s
Saved autoencoder to checkpoints/autoencoder_best.pt
  -> saved checkpoint (val=0.0712)
Epoch   6/100  train=0.0778  val=0.0675  time=8.5s
Saved autoencoder to checkpoints/autoencoder_best.pt
  -> saved checkpoint (val=0.0675)
Epoch   7/100  train=0.0720  val=0.0630  time=8.2s
Saved autoencoder to checkpoints/autoencoder_best.pt
  -> saved checkpoint (val=0.0630)
Epoch   8/100  train=0.0673  val=0.0615  time=8.1s
Saved autoencoder to checkpoints/autoencoder_best.pt
  -> saved checkpoint (val=0.0615)
Epoch   9/100  train=0.0637  val=0.0606  time=8.3s
Saved autoencoder to checkpoints/autoencoder_best.pt
  -> saved checkpoint (val=0.0606)
Epoch  10/100  train=0.0602  val=0.0570  time=8.1s
Saved autoencoder to checkpoints/autoencoder_best.pt
  -> saved checkpoint (val=0.0570)
Epoch  11/100  train=0.0578  val=0.0559  time=8.0s
Saved autoencoder to checkpoints/autoencoder_best.pt
  -> saved checkpoint (val=0.0559)
Epoch  12/100  train=0.0550  val=0.0540  time=8.3s
Saved autoencoder to checkpoints/autoencoder_best.pt
  -> saved checkpoint (val=0.0540)
Epoch  13/100  train=0.0532  val=0.0562  time=8.0s
Epoch  14/100  train=0.0515  val=0.0512  time=8.0s
Saved autoencoder to checkpoints/autoencoder_best.pt
  -> saved checkpoint (val=0.0512)
Epoch  15/100  train=0.0497  val=0.0512  time=8.0s
Epoch  16/100  train=0.0479  val=0.0506  time=8.2s
Saved autoencoder to checkpoints/autoencoder_best.pt
  -> saved checkpoint (val=0.0506)
Epoch  17/100  train=0.0464  val=0.0485  time=8.1s
Saved autoencoder to checkpoints/autoencoder_best.pt
  -> saved checkpoint (val=0.0485)
Epoch  18/100  train=0.0449  val=0.0480  time=8.0s
Saved autoencoder to checkpoints/autoencoder_best.pt
  -> saved checkpoint (val=0.0480)
Epoch  19/100  train=0.0433  val=0.0475  time=8.3s
Saved autoencoder to checkpoints/autoencoder_best.pt
  -> saved checkpoint (val=0.0475)
Epoch  20/100  train=0.0423  val=0.0437  time=8.1s
Saved autoencoder to checkpoints/autoencoder_best.pt
  -> saved checkpoint (val=0.0437)
Epoch  21/100  train=0.0418  val=0.0457  time=7.9s
Epoch  22/100  train=0.0408  val=0.0470  time=8.1s
Epoch  23/100  train=0.0404  val=0.0455  time=8.0s
Epoch  24/100  train=0.0391  val=0.0441  time=8.1s
Epoch  25/100  train=0.0387  val=0.0416  time=8.5s
Saved autoencoder to checkpoints/autoencoder_best.pt
  -> saved checkpoint (val=0.0416)
Epoch  26/100  train=0.0398  val=0.0433  time=8.2s
Epoch  27/100  train=0.0374  val=0.0437  time=8.1s
Epoch  28/100  train=0.0367  val=0.0398  time=8.3s
Saved autoencoder to checkpoints/autoencoder_best.pt
  -> saved checkpoint (val=0.0398)
Epoch  29/100  train=0.0361  val=0.0395  time=8.1s
Saved autoencoder to checkpoints/autoencoder_best.pt
  -> saved checkpoint (val=0.0395)
Epoch  30/100  train=0.0357  val=0.0398  time=8.1s
Epoch  31/100  train=0.0352  val=0.0390  time=8.5s
Saved autoencoder to checkpoints/autoencoder_best.pt
  -> saved checkpoint (val=0.0390)
Epoch  32/100  train=0.0357  val=0.0382  time=8.4s
Saved autoencoder to checkpoints/autoencoder_best.pt
  -> saved checkpoint (val=0.0382)
Epoch  33/100  train=0.0345  val=0.0391  time=8.1s
Epoch  34/100  train=0.0338  val=0.0378  time=7.9s
Saved autoencoder to checkpoints/autoencoder_best.pt
  -> saved checkpoint (val=0.0378)
Epoch  35/100  train=0.0337  val=0.0383  time=8.4s
Epoch  36/100  train=0.0337  val=0.0373  time=8.1s
Saved autoencoder to checkpoints/autoencoder_best.pt
  -> saved checkpoint (val=0.0373)
Epoch  37/100  train=0.0328  val=0.0361  time=8.0s
Saved autoencoder to checkpoints/autoencoder_best.pt
  -> saved checkpoint (val=0.0361)
Epoch  38/100  train=0.0323  val=0.0355  time=8.2s
Saved autoencoder to checkpoints/autoencoder_best.pt
  -> saved checkpoint (val=0.0355)
Epoch  39/100  train=0.0318  val=0.0347  time=8.0s
Saved autoencoder to checkpoints/autoencoder_best.pt
  -> saved checkpoint (val=0.0347)
Epoch  40/100  train=0.0323  val=0.0348  time=8.2s
Epoch  41/100  train=0.0312  val=0.0345  time=8.0s
Saved autoencoder to checkpoints/autoencoder_best.pt
  -> saved checkpoint (val=0.0345)
Epoch  42/100  train=0.0310  val=0.0341  time=8.0s
Saved autoencoder to checkpoints/autoencoder_best.pt
  -> saved checkpoint (val=0.0341)
Epoch  43/100  train=0.0303  val=0.0335  time=8.4s
Saved autoencoder to checkpoints/autoencoder_best.pt
  -> saved checkpoint (val=0.0335)
Epoch  44/100  train=0.0305  val=0.0323  time=8.6s
Saved autoencoder to checkpoints/autoencoder_best.pt
  -> saved checkpoint (val=0.0323)
Epoch  45/100  train=0.0296  val=0.0327  time=7.9s
Epoch  46/100  train=0.0293  val=0.0322  time=8.4s
Saved autoencoder to checkpoints/autoencoder_best.pt
  -> saved checkpoint (val=0.0322)
Epoch  47/100  train=0.0290  val=0.0318  time=8.4s
Saved autoencoder to checkpoints/autoencoder_best.pt
  -> saved checkpoint (val=0.0318)
Epoch  48/100  train=0.0293  val=0.0331  time=8.1s
Epoch  49/100  train=0.0284  val=0.0313  time=8.1s
Saved autoencoder to checkpoints/autoencoder_best.pt
  -> saved checkpoint (val=0.0313)
Epoch  50/100  train=0.0281  val=0.0315  time=8.3s
Epoch  51/100  train=0.0284  val=0.0318  time=8.1s
Epoch  52/100  train=0.0276  val=0.0329  time=8.1s
Epoch  53/100  train=0.0279  val=0.0322  time=8.3s
Epoch  54/100  train=0.0273  val=0.0312  time=7.9s
Saved autoencoder to checkpoints/autoencoder_best.pt
  -> saved checkpoint (val=0.0312)
Epoch  55/100  train=0.0268  val=0.0304  time=7.6s
Saved autoencoder to checkpoints/autoencoder_best.pt
  -> saved checkpoint (val=0.0304)
Epoch  56/100  train=0.0268  val=0.0301  time=8.3s
Saved autoencoder to checkpoints/autoencoder_best.pt
  -> saved checkpoint (val=0.0301)
Epoch  57/100  train=0.0265  val=0.0314  time=8.0s
Epoch  58/100  train=0.0270  val=0.0299  time=7.9s
Saved autoencoder to checkpoints/autoencoder_best.pt
  -> saved checkpoint (val=0.0299)
Epoch  59/100  train=0.0263  val=0.0293  time=8.3s
Saved autoencoder to checkpoints/autoencoder_best.pt
  -> saved checkpoint (val=0.0293)
Epoch  60/100  train=0.0279  val=0.0336  time=8.0s
Epoch  61/100  train=0.0255  val=0.0292  time=8.1s
Saved autoencoder to checkpoints/autoencoder_best.pt
  -> saved checkpoint (val=0.0292)
Epoch  62/100  train=0.0253  val=0.0289  time=8.4s
Saved autoencoder to checkpoints/autoencoder_best.pt
  -> saved checkpoint (val=0.0289)
Epoch  63/100  train=0.0256  val=0.0289  time=8.1s
Epoch  64/100  train=0.0250  val=0.0287  time=8.1s
Saved autoencoder to checkpoints/autoencoder_best.pt
  -> saved checkpoint (val=0.0287)
Epoch  65/100  train=0.0252  val=0.0296  time=8.1s
Epoch  66/100  train=0.0251  val=0.0297  time=8.4s
Epoch  67/100  train=0.0248  val=0.0292  time=8.2s
Epoch  68/100  train=0.0253  val=0.0292  time=8.2s
Epoch  69/100  train=0.0245  val=0.0292  time=8.3s
Epoch  70/100  train=0.0252  val=0.0300  time=8.1s
Epoch  71/100  train=0.0251  val=0.0279  time=8.2s
Saved autoencoder to checkpoints/autoencoder_best.pt
  -> saved checkpoint (val=0.0279)
Epoch  72/100  train=0.0239  val=0.0280  time=8.3s
Epoch  73/100  train=0.0236  val=0.0302  time=8.2s
Epoch  74/100  train=0.0244  val=0.0297  time=8.1s
Epoch  75/100  train=0.0235  val=0.0292  time=8.2s
Epoch  76/100  train=0.0238  val=0.0288  time=7.9s
Epoch  77/100  train=0.0258  val=0.0276  time=7.7s
Saved autoencoder to checkpoints/autoencoder_best.pt
  -> saved checkpoint (val=0.0276)
Epoch  78/100  train=0.0234  val=0.0264  time=8.2s
Saved autoencoder to checkpoints/autoencoder_best.pt
  -> saved checkpoint (val=0.0264)
Epoch  79/100  train=0.0237  val=0.0303  time=8.1s
Epoch  80/100  train=0.0229  val=0.0273  time=8.0s
Epoch  81/100  train=0.0228  val=0.0272  time=8.3s
Epoch  82/100  train=0.0227  val=0.0277  time=7.6s
Epoch  83/100  train=0.0229  val=0.0264  time=7.6s
Saved autoencoder to checkpoints/autoencoder_best.pt
  -> saved checkpoint (val=0.0264)
Epoch  84/100  train=0.0222  val=0.0274  time=7.7s
Epoch  85/100  train=0.0225  val=0.0262  time=7.4s
Saved autoencoder to checkpoints/autoencoder_best.pt
  -> saved checkpoint (val=0.0262)
Epoch  86/100  train=0.0222  val=0.0267  time=8.4s
Epoch  87/100  train=0.0245  val=0.0275  time=8.1s
Epoch  88/100  train=0.0223  val=0.0273  time=8.4s
Epoch  89/100  train=0.0223  val=0.0269  time=8.1s
Epoch  90/100  train=0.0225  val=0.0269  time=8.0s
Epoch  91/100  train=0.0221  val=0.0276  time=8.4s
Epoch  92/100  train=0.0221  val=0.0266  time=8.2s
Epoch  93/100  train=0.0217  val=0.0285  time=8.2s
Epoch  94/100  train=0.0216  val=0.0258  time=8.3s
Saved autoencoder to checkpoints/autoencoder_best.pt
  -> saved checkpoint (val=0.0258)
Epoch  95/100  train=0.0221  val=0.0311  time=8.1s
Epoch  96/100  train=0.0215  val=0.0256  time=8.2s
Saved autoencoder to checkpoints/autoencoder_best.pt
  -> saved checkpoint (val=0.0256)
Epoch  97/100  train=0.0219  val=0.0293  time=8.5s
Epoch  98/100  train=0.0216  val=0.0261  time=8.3s
Epoch  99/100  train=0.0220  val=0.0285  time=8.0s
Epoch 100/100  train=0.0206  val=0.0251  time=8.0s
Saved autoencoder to checkpoints/autoencoder_best.pt
  -> saved checkpoint (val=0.0251)

Encoder training complete. Best val loss: 0.0251
Losses saved to: results/encoder_losses.csv
=== Stage: encode ===
Low drift floats:    140
Depth observations:  1,121,134

Region distribution:
region
tropics               86
northeast_atlantic    24
subpolar              16
subtropical_west       6
subtropical_east       5
northwest_atlantic     3
Name: count, dtype: int64

O2 floats: 34 / 140
  Region 'northwest_atlantic' has only 3 remaining floats — assigning all to train
  Region 'subtropical_east' has only 4 remaining floats — assigning all to train

Float counts by split:
  train :  96 floats  (21 with O2)
  test  :  25 floats  (7 with O2)
  probe :  19 floats  (6 with O2)

Row counts by split:
split
train    733358
test     224767
probe    163009
Name: count, dtype: int64

Float counts by region and split:
split               probe  test  train
region                                
northeast_atlantic      4     4     16
northwest_atlantic      0     0      3
subpolar                3     3     10
subtropical_east        1     0      4
subtropical_west        2     1      3
tropics                 9    17     60
Latent train: 10046 casts
Latent val:   3079 casts
Latent probe: 2233 casts
Saved latent cycles to checkpoints/latent_cycles.pt
=== Stage: ode_curriculum ===
Using device: cuda
Loading latent cycles from checkpoints/latent_cycles.pt

Curriculum schedule:
  Phase 1: window=20 (200 days)  epochs=150
  Total epochs: 150

============================================================
Phase 1/1 — window=20 (200 days)  epochs=150
============================================================
Building train windows...
Train windows: 4183
Building val windows...
Val windows: 1313
  [1/1] Epoch   1/150  (global 1)  train=40.0639  val=6.9758  lr=1.00e-04  time=6.8s
  -> saved checkpoint (val=6.9758)
  [1/1] Epoch   2/150  (global 2)  train=2.9723  val=2.4774  lr=1.00e-04  time=5.2s
  -> saved checkpoint (val=2.4774)
  [1/1] Epoch   3/150  (global 3)  train=0.9981  val=1.3389  lr=1.00e-04  time=5.1s
  -> saved checkpoint (val=1.3389)
  [1/1] Epoch   4/150  (global 4)  train=0.5650  val=0.8445  lr=9.99e-05  time=5.1s
  -> saved checkpoint (val=0.8445)
  [1/1] Epoch   5/150  (global 5)  train=0.3688  val=0.5812  lr=9.98e-05  time=5.1s
  -> saved checkpoint (val=0.5812)
  [1/1] Epoch   6/150  (global 6)  train=0.2754  val=0.5425  lr=9.97e-05  time=5.0s
  -> saved checkpoint (val=0.5425)
  [1/1] Epoch   7/150  (global 7)  train=0.2197  val=0.3874  lr=9.96e-05  time=5.0s
  -> saved checkpoint (val=0.3874)
  [1/1] Epoch   8/150  (global 8)  train=0.1822  val=0.3513  lr=9.95e-05  time=5.0s
  -> saved checkpoint (val=0.3513)
  [1/1] Epoch   9/150  (global 9)  train=0.1583  val=0.3266  lr=9.93e-05  time=5.0s
  -> saved checkpoint (val=0.3266)
  [1/1] Epoch  10/150  (global 10)  train=0.1428  val=0.2526  lr=9.91e-05  time=4.9s
  -> saved checkpoint (val=0.2526)
  [1/1] Epoch  11/150  (global 11)  train=0.1289  val=0.2061  lr=9.89e-05  time=5.0s
  -> saved checkpoint (val=0.2061)
  [1/1] Epoch  12/150  (global 12)  train=0.1198  val=0.2063  lr=9.87e-05  time=6.2s
  [1/1] Epoch  13/150  (global 13)  train=0.1126  val=0.1704  lr=9.84e-05  time=5.3s
  -> saved checkpoint (val=0.1704)
  [1/1] Epoch  14/150  (global 14)  train=0.1060  val=0.1599  lr=9.82e-05  time=5.1s
  -> saved checkpoint (val=0.1599)
  [1/1] Epoch  15/150  (global 15)  train=0.1023  val=0.1495  lr=9.79e-05  time=5.0s
  -> saved checkpoint (val=0.1495)
  [1/1] Epoch  16/150  (global 16)  train=0.0990  val=0.1340  lr=9.76e-05  time=5.0s
  -> saved checkpoint (val=0.1340)
  [1/1] Epoch  17/150  (global 17)  train=0.0947  val=0.1226  lr=9.72e-05  time=5.0s
  -> saved checkpoint (val=0.1226)
  [1/1] Epoch  18/150  (global 18)  train=0.0917  val=0.1120  lr=9.69e-05  time=5.2s
  -> saved checkpoint (val=0.1120)
  [1/1] Epoch  19/150  (global 19)  train=0.0892  val=0.1108  lr=9.65e-05  time=5.4s
  -> saved checkpoint (val=0.1108)
  [1/1] Epoch  20/150  (global 20)  train=0.0876  val=0.1056  lr=9.61e-05  time=5.0s
  -> saved checkpoint (val=0.1056)
  [1/1] Epoch  21/150  (global 21)  train=0.0871  val=0.0973  lr=9.57e-05  time=5.0s
  -> saved checkpoint (val=0.0973)
  [1/1] Epoch  22/150  (global 22)  train=0.0844  val=0.0959  lr=9.53e-05  time=5.0s
  -> saved checkpoint (val=0.0959)
  [1/1] Epoch  23/150  (global 23)  train=0.0820  val=0.0894  lr=9.48e-05  time=4.9s
  -> saved checkpoint (val=0.0894)
  [1/1] Epoch  24/150  (global 24)  train=0.0875  val=0.0936  lr=9.44e-05  time=4.9s
  [1/1] Epoch  25/150  (global 25)  train=0.0821  val=0.0837  lr=9.39e-05  time=5.0s
  -> saved checkpoint (val=0.0837)
  [1/1] Epoch  26/150  (global 26)  train=0.0782  val=0.0807  lr=9.34e-05  time=5.0s
  -> saved checkpoint (val=0.0807)
  [1/1] Epoch  27/150  (global 27)  train=0.0784  val=0.0814  lr=9.28e-05  time=5.0s
  [1/1] Epoch  28/150  (global 28)  train=0.0767  val=0.0769  lr=9.23e-05  time=5.0s
  -> saved checkpoint (val=0.0769)
  [1/1] Epoch  29/150  (global 29)  train=0.0757  val=0.0709  lr=9.17e-05  time=5.0s
  -> saved checkpoint (val=0.0709)
  [1/1] Epoch  30/150  (global 30)  train=0.0748  val=0.0751  lr=9.11e-05  time=5.0s
  [1/1] Epoch  31/150  (global 31)  train=0.0757  val=0.0707  lr=9.05e-05  time=5.0s
  -> saved checkpoint (val=0.0707)
  [1/1] Epoch  32/150  (global 32)  train=0.0739  val=0.0657  lr=8.99e-05  time=5.0s
  -> saved checkpoint (val=0.0657)
  [1/1] Epoch  33/150  (global 33)  train=0.0727  val=0.0660  lr=8.93e-05  time=5.0s
  [1/1] Epoch  34/150  (global 34)  train=0.0729  val=0.0634  lr=8.86e-05  time=6.0s
  -> saved checkpoint (val=0.0634)
  [1/1] Epoch  35/150  (global 35)  train=0.0720  val=0.0716  lr=8.80e-05  time=5.3s
  [1/1] Epoch  36/150  (global 36)  train=0.0718  val=0.0605  lr=8.73e-05  time=4.9s
  -> saved checkpoint (val=0.0605)
  [1/1] Epoch  37/150  (global 37)  train=0.0712  val=0.0598  lr=8.66e-05  time=4.9s
  -> saved checkpoint (val=0.0598)
  [1/1] Epoch  38/150  (global 38)  train=0.0694  val=0.0603  lr=8.59e-05  time=4.9s
  [1/1] Epoch  39/150  (global 39)  train=0.0703  val=0.0621  lr=8.51e-05  time=4.9s
  [1/1] Epoch  40/150  (global 40)  train=0.0693  val=0.0604  lr=8.44e-05  time=4.9s
  [1/1] Epoch  41/150  (global 41)  train=0.0680  val=0.0643  lr=8.36e-05  time=4.9s
  [1/1] Epoch  42/150  (global 42)  train=0.0685  val=0.0603  lr=8.28e-05  time=4.9s
  [1/1] Epoch  43/150  (global 43)  train=0.0682  val=0.0592  lr=8.21e-05  time=4.9s
  -> saved checkpoint (val=0.0592)
  [1/1] Epoch  44/150  (global 44)  train=0.0672  val=0.0577  lr=8.12e-05  time=4.9s
  -> saved checkpoint (val=0.0577)
  [1/1] Epoch  45/150  (global 45)  train=0.0673  val=0.0561  lr=8.04e-05  time=4.9s
  -> saved checkpoint (val=0.0561)
  [1/1] Epoch  46/150  (global 46)  train=0.0663  val=0.0569  lr=7.96e-05  time=4.9s
  [1/1] Epoch  47/150  (global 47)  train=0.0668  val=0.0538  lr=7.88e-05  time=4.9s
  -> saved checkpoint (val=0.0538)
  [1/1] Epoch  48/150  (global 48)  train=0.0659  val=0.0540  lr=7.79e-05  time=4.9s
  [1/1] Epoch  49/150  (global 49)  train=0.0656  val=0.0547  lr=7.70e-05  time=4.8s
  [1/1] Epoch  50/150  (global 50)  train=0.0651  val=0.0509  lr=7.61e-05  time=4.9s
  -> saved checkpoint (val=0.0509)
  [1/1] Epoch  51/150  (global 51)  train=0.0652  val=0.0573  lr=7.53e-05  time=4.9s
  [1/1] Epoch  52/150  (global 52)  train=0.0657  val=0.0533  lr=7.43e-05  time=4.9s
  [1/1] Epoch  53/150  (global 53)  train=0.0647  val=0.0537  lr=7.34e-05  time=4.9s
  [1/1] Epoch  54/150  (global 54)  train=0.0646  val=0.0549  lr=7.25e-05  time=4.8s
  [1/1] Epoch  55/150  (global 55)  train=0.0638  val=0.0532  lr=7.16e-05  time=4.9s
  [1/1] Epoch  56/150  (global 56)  train=0.0637  val=0.0532  lr=7.06e-05  time=5.0s
  [1/1] Epoch  57/150  (global 57)  train=0.0637  val=0.0516  lr=6.97e-05  time=4.8s
  [1/1] Epoch  58/150  (global 58)  train=0.0641  val=0.0531  lr=6.87e-05  time=4.8s
  [1/1] Epoch  59/150  (global 59)  train=0.0643  val=0.0511  lr=6.78e-05  time=5.0s
  [1/1] Epoch  60/150  (global 60)  train=0.0622  val=0.0511  lr=6.68e-05  time=5.0s
  [1/1] Epoch  61/150  (global 61)  train=0.0653  val=0.0589  lr=6.58e-05  time=4.9s
  [1/1] Epoch  62/150  (global 62)  train=0.0634  val=0.0512  lr=6.48e-05  time=5.0s
  [1/1] Epoch  63/150  (global 63)  train=0.0635  val=0.0550  lr=6.38e-05  time=5.0s
  [1/1] Epoch  64/150  (global 64)  train=0.0626  val=0.0515  lr=6.28e-05  time=5.0s
  [1/1] Epoch  65/150  (global 65)  train=0.0617  val=0.0492  lr=6.18e-05  time=5.0s
  -> saved checkpoint (val=0.0492)
  [1/1] Epoch  66/150  (global 66)  train=0.0619  val=0.0522  lr=6.08e-05  time=4.9s
  [1/1] Epoch  67/150  (global 67)  train=0.0615  val=0.0482  lr=5.98e-05  time=5.0s
  -> saved checkpoint (val=0.0482)
  [1/1] Epoch  68/150  (global 68)  train=0.0616  val=0.0466  lr=5.88e-05  time=5.6s
  -> saved checkpoint (val=0.0466)
  [1/1] Epoch  69/150  (global 69)  train=0.0618  val=0.0476  lr=5.77e-05  time=5.5s
  [1/1] Epoch  70/150  (global 70)  train=0.0609  val=0.0478  lr=5.67e-05  time=5.2s
  [1/1] Epoch  71/150  (global 71)  train=0.0600  val=0.0490  lr=5.57e-05  time=5.1s
  [1/1] Epoch  72/150  (global 72)  train=0.0607  val=0.0508  lr=5.46e-05  time=5.0s
  [1/1] Epoch  73/150  (global 73)  train=0.0604  val=0.0515  lr=5.36e-05  time=5.0s
  [1/1] Epoch  74/150  (global 74)  train=0.0603  val=0.0476  lr=5.26e-05  time=5.0s
  [1/1] Epoch  75/150  (global 75)  train=0.0602  val=0.0485  lr=5.15e-05  time=5.0s
  [1/1] Epoch  76/150  (global 76)  train=0.0599  val=0.0485  lr=5.05e-05  time=5.0s
  [1/1] Epoch  77/150  (global 77)  train=0.0597  val=0.0461  lr=4.95e-05  time=5.0s
  -> saved checkpoint (val=0.0461)
  [1/1] Epoch  78/150  (global 78)  train=0.0633  val=0.0554  lr=4.84e-05  time=5.0s
  [1/1] Epoch  79/150  (global 79)  train=0.0605  val=0.0461  lr=4.74e-05  time=5.8s
  [1/1] Epoch  80/150  (global 80)  train=0.0591  val=0.0473  lr=4.64e-05  time=5.5s
  [1/1] Epoch  81/150  (global 81)  train=0.0592  val=0.0466  lr=4.53e-05  time=5.5s
  [1/1] Epoch  82/150  (global 82)  train=0.0591  val=0.0506  lr=4.43e-05  time=5.5s
  [1/1] Epoch  83/150  (global 83)  train=0.0584  val=0.0453  lr=4.33e-05  time=5.4s
  -> saved checkpoint (val=0.0453)
  [1/1] Epoch  84/150  (global 84)  train=0.0583  val=0.0459  lr=4.22e-05  time=5.4s
  [1/1] Epoch  85/150  (global 85)  train=0.0584  val=0.0473  lr=4.12e-05  time=5.1s
  [1/1] Epoch  86/150  (global 86)  train=0.0575  val=0.0448  lr=4.02e-05  time=5.5s
  -> saved checkpoint (val=0.0448)
  [1/1] Epoch  87/150  (global 87)  train=0.0583  val=0.0498  lr=3.92e-05  time=6.2s
  [1/1] Epoch  88/150  (global 88)  train=0.0585  val=0.0439  lr=3.82e-05  time=6.1s
  -> saved checkpoint (val=0.0439)
  [1/1] Epoch  89/150  (global 89)  train=0.0573  val=0.0445  lr=3.72e-05  time=5.1s
  [1/1] Epoch  90/150  (global 90)  train=0.0577  val=0.0456  lr=3.62e-05  time=5.0s
  [1/1] Epoch  91/150  (global 91)  train=0.0577  val=0.0440  lr=3.52e-05  time=5.0s
  [1/1] Epoch  92/150  (global 92)  train=0.0571  val=0.0454  lr=3.42e-05  time=5.0s
  [1/1] Epoch  93/150  (global 93)  train=0.0575  val=0.0456  lr=3.32e-05  time=5.0s
  [1/1] Epoch  94/150  (global 94)  train=0.0570  val=0.0445  lr=3.23e-05  time=5.0s
  [1/1] Epoch  95/150  (global 95)  train=0.0569  val=0.0443  lr=3.13e-05  time=5.0s
  [1/1] Epoch  96/150  (global 96)  train=0.0565  val=0.0445  lr=3.04e-05  time=5.0s
  [1/1] Epoch  97/150  (global 97)  train=0.0566  val=0.0431  lr=2.94e-05  time=6.0s
  -> saved checkpoint (val=0.0431)
  [1/1] Epoch  98/150  (global 98)  train=0.0564  val=0.0450  lr=2.85e-05  time=5.5s
  [1/1] Epoch  99/150  (global 99)  train=0.0562  val=0.0437  lr=2.76e-05  time=5.0s
  [1/1] Epoch 100/150  (global 100)  train=0.0565  val=0.0443  lr=2.67e-05  time=5.0s
  [1/1] Epoch 101/150  (global 101)  train=0.0565  val=0.0450  lr=2.57e-05  time=5.9s
  [1/1] Epoch 102/150  (global 102)  train=0.0560  val=0.0437  lr=2.49e-05  time=5.7s
  [1/1] Epoch 103/150  (global 103)  train=0.0561  val=0.0430  lr=2.40e-05  time=5.6s
  -> saved checkpoint (val=0.0430)
  [1/1] Epoch 104/150  (global 104)  train=0.0562  val=0.0440  lr=2.31e-05  time=5.6s
  [1/1] Epoch 105/150  (global 105)  train=0.0568  val=0.0487  lr=2.22e-05  time=5.5s
  [1/1] Epoch 106/150  (global 106)  train=0.0562  val=0.0439  lr=2.14e-05  time=5.7s
  [1/1] Epoch 107/150  (global 107)  train=0.0558  val=0.0443  lr=2.06e-05  time=5.8s
  [1/1] Epoch 108/150  (global 108)  train=0.0552  val=0.0437  lr=1.98e-05  time=5.8s
  [1/1] Epoch 109/150  (global 109)  train=0.0556  val=0.0428  lr=1.89e-05  time=5.8s
  -> saved checkpoint (val=0.0428)
  [1/1] Epoch 110/150  (global 110)  train=0.0549  val=0.0434  lr=1.82e-05  time=5.6s
  [1/1] Epoch 111/150  (global 111)  train=0.0552  val=0.0423  lr=1.74e-05  time=5.7s
  -> saved checkpoint (val=0.0423)
  [1/1] Epoch 112/150  (global 112)  train=0.0548  val=0.0445  lr=1.66e-05  time=5.4s
  [1/1] Epoch 113/150  (global 113)  train=0.0553  val=0.0454  lr=1.59e-05  time=5.0s
  [1/1] Epoch 114/150  (global 114)  train=0.0560  val=0.0420  lr=1.51e-05  time=4.9s
  -> saved checkpoint (val=0.0420)
  [1/1] Epoch 115/150  (global 115)  train=0.0555  val=0.0427  lr=1.44e-05  time=4.9s
  [1/1] Epoch 116/150  (global 116)  train=0.0549  val=0.0422  lr=1.37e-05  time=4.9s
  [1/1] Epoch 117/150  (global 117)  train=0.0543  val=0.0423  lr=1.30e-05  time=4.9s
  [1/1] Epoch 118/150  (global 118)  train=0.0545  val=0.0430  lr=1.24e-05  time=4.9s
  [1/1] Epoch 119/150  (global 119)  train=0.0541  val=0.0423  lr=1.17e-05  time=4.9s
  [1/1] Epoch 120/150  (global 120)  train=0.0543  val=0.0416  lr=1.11e-05  time=4.9s
  -> saved checkpoint (val=0.0416)
  [1/1] Epoch 121/150  (global 121)  train=0.0541  val=0.0414  lr=1.05e-05  time=5.1s
  -> saved checkpoint (val=0.0414)
  [1/1] Epoch 122/150  (global 122)  train=0.0542  val=0.0422  lr=9.85e-06  time=5.6s
  [1/1] Epoch 123/150  (global 123)  train=0.0544  val=0.0440  lr=9.27e-06  time=5.5s
  [1/1] Epoch 124/150  (global 124)  train=0.0543  val=0.0420  lr=8.71e-06  time=5.4s
  [1/1] Epoch 125/150  (global 125)  train=0.0542  val=0.0417  lr=8.16e-06  time=5.7s
  [1/1] Epoch 126/150  (global 126)  train=0.0540  val=0.0418  lr=7.63e-06  time=5.7s
  [1/1] Epoch 127/150  (global 127)  train=0.0538  val=0.0420  lr=7.12e-06  time=5.7s
  [1/1] Epoch 128/150  (global 128)  train=0.0543  val=0.0432  lr=6.63e-06  time=5.1s
  [1/1] Epoch 129/150  (global 129)  train=0.0537  val=0.0422  lr=6.16e-06  time=5.1s
  [1/1] Epoch 130/150  (global 130)  train=0.0538  val=0.0421  lr=5.71e-06  time=5.7s
  [1/1] Epoch 131/150  (global 131)  train=0.0534  val=0.0419  lr=5.28e-06  time=5.8s
  [1/1] Epoch 132/150  (global 132)  train=0.0534  val=0.0414  lr=4.87e-06  time=5.7s
  [1/1] Epoch 133/150  (global 133)  train=0.0536  val=0.0412  lr=4.48e-06  time=5.6s
  -> saved checkpoint (val=0.0412)
  [1/1] Epoch 134/150  (global 134)  train=0.0539  val=0.0415  lr=4.10e-06  time=5.5s
  [1/1] Epoch 135/150  (global 135)  train=0.0532  val=0.0411  lr=3.75e-06  time=5.3s
  -> saved checkpoint (val=0.0411)
  [1/1] Epoch 136/150  (global 136)  train=0.0535  val=0.0417  lr=3.42e-06  time=4.9s
  [1/1] Epoch 137/150  (global 137)  train=0.0536  val=0.0411  lr=3.11e-06  time=5.2s
  [1/1] Epoch 138/150  (global 138)  train=0.0569  val=0.0415  lr=2.82e-06  time=6.1s
  [1/1] Epoch 139/150  (global 139)  train=0.0532  val=0.0420  lr=2.56e-06  time=5.2s
  [1/1] Epoch 140/150  (global 140)  train=0.0532  val=0.0412  lr=2.31e-06  time=5.0s
  [1/1] Epoch 141/150  (global 141)  train=0.0537  val=0.0413  lr=2.08e-06  time=5.0s
  [1/1] Epoch 142/150  (global 142)  train=0.0533  val=0.0415  lr=1.88e-06  time=5.0s
  [1/1] Epoch 143/150  (global 143)  train=0.0532  val=0.0412  lr=1.69e-06  time=5.0s
  [1/1] Epoch 144/150  (global 144)  train=0.0533  val=0.0413  lr=1.53e-06  time=5.0s
  [1/1] Epoch 145/150  (global 145)  train=0.0538  val=0.0412  lr=1.39e-06  time=4.9s
  [1/1] Epoch 146/150  (global 146)  train=0.0532  val=0.0412  lr=1.27e-06  time=5.2s
  [1/1] Epoch 147/150  (global 147)  train=0.0531  val=0.0411  lr=1.17e-06  time=5.5s
  -> saved checkpoint (val=0.0411)
  [1/1] Epoch 148/150  (global 148)  train=0.0530  val=0.0412  lr=1.10e-06  time=4.9s
  [1/1] Epoch 149/150  (global 149)  train=0.0531  val=0.0411  lr=1.04e-06  time=5.0s
  -> saved checkpoint (val=0.0411)
  [1/1] Epoch 150/150  (global 150)  train=0.0535  val=0.0410  lr=1.01e-06  time=5.4s
  -> saved checkpoint (val=0.0410)

Curriculum ODE training complete. Best val loss: 0.0410
Losses saved to: results/node_curriculum_losses.csv
=== Stage: gru ===
Using device: cuda
Loading latent cycles from checkpoints/latent_cycles.pt
Building train windows...
Train windows: 4183
Building val windows...
Val windows: 1313
Epoch   1/150  train=0.4910  val=0.2669  time=1.5s
  -> saved checkpoint (val=0.2669)
Epoch   2/150  train=0.2892  val=0.1785  time=1.7s
  -> saved checkpoint (val=0.1785)
Epoch   3/150  train=0.2237  val=0.1365  time=1.7s
  -> saved checkpoint (val=0.1365)
Epoch   4/150  train=0.1851  val=0.1076  time=1.7s
  -> saved checkpoint (val=0.1076)
Epoch   5/150  train=0.1596  val=0.0909  time=1.6s
  -> saved checkpoint (val=0.0909)
Epoch   6/150  train=0.1425  val=0.0823  time=1.4s
  -> saved checkpoint (val=0.0823)
Epoch   7/150  train=0.1292  val=0.0769  time=1.4s
  -> saved checkpoint (val=0.0769)
Epoch   8/150  train=0.1187  val=0.0734  time=1.7s
  -> saved checkpoint (val=0.0734)
Epoch   9/150  train=0.1103  val=0.0700  time=1.7s
  -> saved checkpoint (val=0.0700)
Epoch  10/150  train=0.1042  val=0.0654  time=1.4s
  -> saved checkpoint (val=0.0654)
Epoch  11/150  train=0.0985  val=0.0633  time=1.3s
  -> saved checkpoint (val=0.0633)
Epoch  12/150  train=0.0950  val=0.0624  time=1.3s
  -> saved checkpoint (val=0.0624)
Epoch  13/150  train=0.0908  val=0.0599  time=1.3s
  -> saved checkpoint (val=0.0599)
Epoch  14/150  train=0.0878  val=0.0588  time=1.3s
  -> saved checkpoint (val=0.0588)
Epoch  15/150  train=0.0845  val=0.0573  time=1.3s
  -> saved checkpoint (val=0.0573)
Epoch  16/150  train=0.0822  val=0.0553  time=1.4s
  -> saved checkpoint (val=0.0553)
Epoch  17/150  train=0.0788  val=0.0546  time=1.3s
  -> saved checkpoint (val=0.0546)
Epoch  18/150  train=0.0775  val=0.0544  time=1.3s
  -> saved checkpoint (val=0.0544)
Epoch  19/150  train=0.0745  val=0.0532  time=1.3s
  -> saved checkpoint (val=0.0532)
Epoch  20/150  train=0.0728  val=0.0523  time=1.3s
  -> saved checkpoint (val=0.0523)
Epoch  21/150  train=0.0711  val=0.0507  time=1.3s
  -> saved checkpoint (val=0.0507)
Epoch  22/150  train=0.0697  val=0.0498  time=1.3s
  -> saved checkpoint (val=0.0498)
Epoch  23/150  train=0.0686  val=0.0491  time=1.4s
  -> saved checkpoint (val=0.0491)
Epoch  24/150  train=0.0672  val=0.0492  time=1.8s
Epoch  25/150  train=0.0666  val=0.0488  time=1.8s
  -> saved checkpoint (val=0.0488)
Epoch  26/150  train=0.0658  val=0.0479  time=1.8s
  -> saved checkpoint (val=0.0479)
Epoch  27/150  train=0.0656  val=0.0482  time=1.8s
Epoch  28/150  train=0.0638  val=0.0482  time=1.7s
Epoch  29/150  train=0.0633  val=0.0469  time=1.5s
  -> saved checkpoint (val=0.0469)
Epoch  30/150  train=0.0626  val=0.0465  time=1.7s
  -> saved checkpoint (val=0.0465)
Epoch  31/150  train=0.0619  val=0.0466  time=1.7s
Epoch  32/150  train=0.0613  val=0.0466  time=1.7s
Epoch  33/150  train=0.0610  val=0.0462  time=1.7s
  -> saved checkpoint (val=0.0462)
Epoch  34/150  train=0.0602  val=0.0460  time=1.4s
  -> saved checkpoint (val=0.0460)
Epoch  35/150  train=0.0601  val=0.0460  time=1.3s
  -> saved checkpoint (val=0.0460)
Epoch  36/150  train=0.0595  val=0.0459  time=1.3s
  -> saved checkpoint (val=0.0459)
Epoch  37/150  train=0.0587  val=0.0449  time=1.4s
  -> saved checkpoint (val=0.0449)
Epoch  38/150  train=0.0583  val=0.0447  time=1.3s
  -> saved checkpoint (val=0.0447)
Epoch  39/150  train=0.0582  val=0.0455  time=1.3s
Epoch  40/150  train=0.0576  val=0.0448  time=1.3s
Epoch  41/150  train=0.0571  val=0.0445  time=1.3s
  -> saved checkpoint (val=0.0445)
Epoch  42/150  train=0.0574  val=0.0447  time=1.3s
Epoch  43/150  train=0.0569  val=0.0442  time=1.3s
  -> saved checkpoint (val=0.0442)
Epoch  44/150  train=0.0563  val=0.0441  time=1.3s
  -> saved checkpoint (val=0.0441)
Epoch  45/150  train=0.0559  val=0.0446  time=1.3s
Epoch  46/150  train=0.0563  val=0.0443  time=1.3s
Epoch  47/150  train=0.0557  val=0.0446  time=1.3s
Epoch  48/150  train=0.0553  val=0.0440  time=1.3s
  -> saved checkpoint (val=0.0440)
Epoch  49/150  train=0.0555  val=0.0437  time=1.6s
  -> saved checkpoint (val=0.0437)
Epoch  50/150  train=0.0542  val=0.0431  time=1.7s
  -> saved checkpoint (val=0.0431)
Epoch  51/150  train=0.0546  val=0.0439  time=1.7s
Epoch  52/150  train=0.0546  val=0.0439  time=1.7s
Epoch  53/150  train=0.0545  val=0.0435  time=1.6s
Epoch  54/150  train=0.0535  val=0.0433  time=1.3s
Epoch  55/150  train=0.0534  val=0.0439  time=1.3s
Epoch  56/150  train=0.0576  val=0.0436  time=1.3s
Epoch  57/150  train=0.0544  val=0.0434  time=1.3s
Epoch  58/150  train=0.0532  val=0.0436  time=1.3s
Epoch  59/150  train=0.0530  val=0.0430  time=1.3s
  -> saved checkpoint (val=0.0430)
Epoch  60/150  train=0.0538  val=0.0448  time=1.3s
Epoch  61/150  train=0.0527  val=0.0433  time=1.3s
Epoch  62/150  train=0.0528  val=0.0428  time=1.3s
  -> saved checkpoint (val=0.0428)
Epoch  63/150  train=0.0525  val=0.0439  time=1.3s
Epoch  64/150  train=0.0542  val=0.0433  time=1.3s
Epoch  65/150  train=0.0588  val=0.0427  time=1.3s
  -> saved checkpoint (val=0.0427)
Epoch  66/150  train=0.0522  val=0.0423  time=1.3s
  -> saved checkpoint (val=0.0423)
Epoch  67/150  train=0.0529  val=0.0422  time=1.3s
  -> saved checkpoint (val=0.0422)
Epoch  68/150  train=0.0519  val=0.0445  time=1.3s
Epoch  69/150  train=0.0524  val=0.0427  time=1.3s
Epoch  70/150  train=0.0513  val=0.0427  time=1.3s
Epoch  71/150  train=0.0521  val=0.0423  time=1.3s
Epoch  72/150  train=0.0522  val=0.0421  time=1.3s
  -> saved checkpoint (val=0.0421)
Epoch  73/150  train=0.0524  val=0.0429  time=1.3s
Epoch  74/150  train=0.0513  val=0.0421  time=1.4s
  -> saved checkpoint (val=0.0421)
Epoch  75/150  train=0.0525  val=0.0423  time=1.3s
Epoch  76/150  train=0.0523  val=0.0422  time=1.3s
Epoch  77/150  train=0.0518  val=0.0422  time=1.3s
Epoch  78/150  train=0.0519  val=0.0420  time=1.6s
  -> saved checkpoint (val=0.0420)
Epoch  79/150  train=0.0517  val=0.0417  time=1.6s
  -> saved checkpoint (val=0.0417)
Epoch  80/150  train=0.0536  val=0.0421  time=1.3s
Epoch  81/150  train=0.0508  val=0.0429  time=1.2s
Epoch  82/150  train=0.0511  val=0.0417  time=1.7s
  -> saved checkpoint (val=0.0417)
Epoch  83/150  train=0.0509  val=0.0417  time=1.8s
  -> saved checkpoint (val=0.0417)
Epoch  84/150  train=0.0534  val=0.0421  time=1.8s
Epoch  85/150  train=0.0506  val=0.0417  time=1.8s
  -> saved checkpoint (val=0.0417)
Epoch  86/150  train=0.0515  val=0.0413  time=1.7s
  -> saved checkpoint (val=0.0413)
Epoch  87/150  train=0.0504  val=0.0421  time=1.8s
Epoch  88/150  train=0.0521  val=0.0414  time=1.7s
Epoch  89/150  train=0.0501  val=0.0416  time=1.7s
Epoch  90/150  train=0.0519  val=0.0418  time=1.8s
Epoch  91/150  train=0.0516  val=0.0415  time=1.7s
Epoch  92/150  train=0.0503  val=0.0411  time=1.8s
  -> saved checkpoint (val=0.0411)
Epoch  93/150  train=0.0502  val=0.0415  time=1.7s
Epoch  94/150  train=0.0519  val=0.0415  time=1.7s
Epoch  95/150  train=0.0509  val=0.0417  time=1.8s
Epoch  96/150  train=0.0509  val=0.0411  time=1.8s
  -> saved checkpoint (val=0.0411)
Epoch  97/150  train=0.0497  val=0.0417  time=1.8s
Epoch  98/150  train=0.0500  val=0.0416  time=1.8s
Epoch  99/150  train=0.0501  val=0.0413  time=1.7s
Epoch 100/150  train=0.0500  val=0.0412  time=1.7s
Epoch 101/150  train=0.0495  val=0.0411  time=1.6s
  -> saved checkpoint (val=0.0411)
Epoch 102/150  train=0.0500  val=0.0414  time=1.4s
Epoch 103/150  train=0.0514  val=0.0413  time=1.3s
Epoch 104/150  train=0.0495  val=0.0409  time=1.3s
  -> saved checkpoint (val=0.0409)
Epoch 105/150  train=0.0494  val=0.0414  time=1.3s
Epoch 106/150  train=0.0497  val=0.0411  time=1.3s
Epoch 107/150  train=0.0493  val=0.0415  time=1.3s
Epoch 108/150  train=0.0488  val=0.0413  time=1.3s
Epoch 109/150  train=0.0502  val=0.0417  time=1.3s
Epoch 110/150  train=0.0505  val=0.0409  time=1.3s
  -> saved checkpoint (val=0.0409)
Epoch 111/150  train=0.0495  val=0.0412  time=1.3s
Epoch 112/150  train=0.0491  val=0.0409  time=1.4s
Epoch 113/150  train=0.0489  val=0.0411  time=1.7s
Epoch 114/150  train=0.0493  val=0.0407  time=1.7s
  -> saved checkpoint (val=0.0407)
Epoch 115/150  train=0.0496  val=0.0421  time=1.7s
Epoch 116/150  train=0.0489  val=0.0408  time=1.7s
Epoch 117/150  train=0.0500  val=0.0419  time=1.7s
Epoch 118/150  train=0.0489  val=0.0411  time=1.7s
Epoch 119/150  train=0.0506  val=0.0420  time=1.7s
Epoch 120/150  train=0.0492  val=0.0408  time=1.7s
Epoch 121/150  train=0.0492  val=0.0411  time=1.7s
Epoch 122/150  train=0.0488  val=0.0412  time=1.7s
Epoch 123/150  train=0.0487  val=0.0415  time=1.7s
Epoch 124/150  train=0.0485  val=0.0414  time=1.7s
Epoch 125/150  train=0.0488  val=0.0412  time=1.7s
Epoch 126/150  train=0.0494  val=0.0404  time=1.7s
  -> saved checkpoint (val=0.0404)
Epoch 127/150  train=0.0485  val=0.0413  time=1.7s
Epoch 128/150  train=0.0495  val=0.0409  time=1.7s
Epoch 129/150  train=0.0500  val=0.0412  time=1.7s
Epoch 130/150  train=0.0484  val=0.0411  time=1.7s
Epoch 131/150  train=0.0484  val=0.0408  time=1.7s
Epoch 132/150  train=0.0491  val=0.0412  time=1.6s
Epoch 133/150  train=0.0480  val=0.0406  time=1.7s
Epoch 134/150  train=0.0480  val=0.0404  time=1.6s
  -> saved checkpoint (val=0.0404)
Epoch 135/150  train=0.0484  val=0.0423  time=1.3s
Epoch 136/150  train=0.0514  val=0.0403  time=1.4s
  -> saved checkpoint (val=0.0403)
Epoch 137/150  train=0.0486  val=0.0412  time=1.3s
Epoch 138/150  train=0.0484  val=0.0403  time=1.5s
  -> saved checkpoint (val=0.0403)
Epoch 139/150  train=0.0489  val=0.0412  time=1.7s
Epoch 140/150  train=0.0492  val=0.0406  time=1.4s
Epoch 141/150  train=0.0503  val=0.0414  time=1.3s
Epoch 142/150  train=0.0483  val=0.0407  time=1.3s
Epoch 143/150  train=0.0479  val=0.0408  time=1.3s
Epoch 144/150  train=0.0486  val=0.0403  time=1.3s
  -> saved checkpoint (val=0.0403)
Epoch 145/150  train=0.0482  val=0.0407  time=1.3s
Epoch 146/150  train=0.0487  val=0.0401  time=1.2s
  -> saved checkpoint (val=0.0401)
Epoch 147/150  train=0.0481  val=0.0406  time=1.3s
Epoch 148/150  train=0.0540  val=0.0407  time=1.2s
Epoch 149/150  train=0.0489  val=0.0424  time=1.2s
Epoch 150/150  train=0.0514  val=0.0410  time=1.3s

GRU training complete. Best val loss: 0.0401
Losses saved to: results/gru_losses.csv
=== Stage: probe ===
Low drift floats:    140
Depth observations:  1,121,134

Region distribution:
region
tropics               86
northeast_atlantic    24
subpolar              16
subtropical_west       6
subtropical_east       5
northwest_atlantic     3
Name: count, dtype: int64

O2 floats: 34 / 140
  Region 'northwest_atlantic' has only 3 remaining floats — assigning all to train
  Region 'subtropical_east' has only 4 remaining floats — assigning all to train

Float counts by split:
  train :  96 floats  (21 with O2)
  test  :  25 floats  (7 with O2)
  probe :  19 floats  (6 with O2)

Row counts by split:
split
train    733358
test     224767
probe    163009
Name: count, dtype: int64

Float counts by region and split:
split               probe  test  train
region                                
northeast_atlantic      4     4     16
northwest_atlantic      0     0      3
subpolar                3     3     10
subtropical_east        1     0      4
subtropical_west        2     1      3
tropics                 9    17     60
Probe casts: 2233
Using device: cuda
Computing oxygen normalization stats...
Oxygen stats — mean: 0.10, std: 0.20
Building probe windows...
Probe windows: 1082
Epoch   1/120  train=1.5946  val=1.7173  lr=2.00e-05  time=6.6s
  -> saved checkpoint (val=1.7173)
Epoch   2/120  train=1.0565  val=1.3999  lr=2.00e-05  time=5.1s
  -> saved checkpoint (val=1.3999)
Epoch   3/120  train=0.8612  val=1.3493  lr=2.00e-05  time=5.0s
  -> saved checkpoint (val=1.3493)
Epoch   4/120  train=0.8476  val=1.3487  lr=2.00e-05  time=5.3s
  -> saved checkpoint (val=1.3487)
Epoch   5/120  train=0.8816  val=1.3444  lr=1.99e-05  time=5.0s
  -> saved checkpoint (val=1.3444)
Epoch   6/120  train=0.8369  val=1.3416  lr=1.99e-05  time=5.3s
  -> saved checkpoint (val=1.3416)
Epoch   7/120  train=0.8591  val=1.3392  lr=1.99e-05  time=5.1s
  -> saved checkpoint (val=1.3392)
Epoch   8/120  train=0.8711  val=1.3365  lr=1.98e-05  time=5.1s
  -> saved checkpoint (val=1.3365)
Epoch   9/120  train=0.8793  val=1.3337  lr=1.98e-05  time=5.3s
  -> saved checkpoint (val=1.3337)
Epoch  10/120  train=0.8413  val=1.3309  lr=1.97e-05  time=5.1s
  -> saved checkpoint (val=1.3309)
Epoch  11/120  train=0.8668  val=1.3283  lr=1.97e-05  time=5.1s
  -> saved checkpoint (val=1.3283)
Epoch  12/120  train=0.8440  val=1.3256  lr=1.96e-05  time=5.3s
  -> saved checkpoint (val=1.3256)
Epoch  13/120  train=0.8355  val=1.3229  lr=1.95e-05  time=5.3s
  -> saved checkpoint (val=1.3229)
Epoch  14/120  train=0.8452  val=1.3201  lr=1.95e-05  time=5.0s
  -> saved checkpoint (val=1.3201)
Epoch  15/120  train=0.8438  val=1.3175  lr=1.94e-05  time=5.2s
  -> saved checkpoint (val=1.3175)
Epoch  16/120  train=0.8371  val=1.3150  lr=1.93e-05  time=5.3s
  -> saved checkpoint (val=1.3150)
Epoch  17/120  train=0.8337  val=1.3124  lr=1.92e-05  time=5.2s
  -> saved checkpoint (val=1.3124)
Epoch  18/120  train=0.9195  val=1.3099  lr=1.91e-05  time=5.2s
  -> saved checkpoint (val=1.3099)
Epoch  19/120  train=0.8443  val=1.3073  lr=1.90e-05  time=5.3s
  -> saved checkpoint (val=1.3073)
Epoch  20/120  train=0.8783  val=1.3049  lr=1.88e-05  time=5.2s
  -> saved checkpoint (val=1.3049)
Epoch  21/120  train=0.8203  val=1.3021  lr=1.87e-05  time=5.2s
  -> saved checkpoint (val=1.3021)
Epoch  22/120  train=0.8326  val=1.2999  lr=1.86e-05  time=5.3s
  -> saved checkpoint (val=1.2999)
Epoch  23/120  train=0.8147  val=1.2973  lr=1.85e-05  time=5.2s
  -> saved checkpoint (val=1.2973)
Epoch  24/120  train=0.8436  val=1.2951  lr=1.83e-05  time=5.1s
  -> saved checkpoint (val=1.2951)
Epoch  25/120  train=0.8158  val=1.2928  lr=1.82e-05  time=5.3s
  -> saved checkpoint (val=1.2928)
Epoch  26/120  train=0.8389  val=1.2905  lr=1.80e-05  time=5.1s
  -> saved checkpoint (val=1.2905)
Epoch  27/120  train=0.8239  val=1.2884  lr=1.79e-05  time=5.1s
  -> saved checkpoint (val=1.2884)
Epoch  28/120  train=0.8222  val=1.2862  lr=1.77e-05  time=5.2s
  -> saved checkpoint (val=1.2862)
Epoch  29/120  train=0.8117  val=1.2840  lr=1.76e-05  time=5.1s
  -> saved checkpoint (val=1.2840)
Epoch  30/120  train=0.8024  val=1.2821  lr=1.74e-05  time=5.2s
  -> saved checkpoint (val=1.2821)
Epoch  31/120  train=0.8241  val=1.2800  lr=1.72e-05  time=4.7s
  -> saved checkpoint (val=1.2800)
Epoch  32/120  train=0.8201  val=1.2784  lr=1.70e-05  time=4.6s
  -> saved checkpoint (val=1.2784)
Epoch  33/120  train=0.8265  val=1.2763  lr=1.69e-05  time=4.6s
  -> saved checkpoint (val=1.2763)
Epoch  34/120  train=0.8000  val=1.2747  lr=1.67e-05  time=4.6s
  -> saved checkpoint (val=1.2747)
Epoch  35/120  train=0.8026  val=1.2730  lr=1.65e-05  time=4.6s
  -> saved checkpoint (val=1.2730)
Epoch  36/120  train=0.8148  val=1.2714  lr=1.63e-05  time=4.6s
  -> saved checkpoint (val=1.2714)
Epoch  37/120  train=0.7957  val=1.2697  lr=1.61e-05  time=4.7s
  -> saved checkpoint (val=1.2697)
Epoch  38/120  train=0.8229  val=1.2684  lr=1.59e-05  time=4.6s
  -> saved checkpoint (val=1.2684)
Epoch  39/120  train=0.8140  val=1.2668  lr=1.57e-05  time=4.6s
  -> saved checkpoint (val=1.2668)
Epoch  40/120  train=0.8177  val=1.2653  lr=1.55e-05  time=4.6s
  -> saved checkpoint (val=1.2653)
Epoch  41/120  train=0.8589  val=1.2639  lr=1.52e-05  time=4.6s
  -> saved checkpoint (val=1.2639)
Epoch  42/120  train=0.8210  val=1.2624  lr=1.50e-05  time=4.7s
  -> saved checkpoint (val=1.2624)
Epoch  43/120  train=0.8237  val=1.2610  lr=1.48e-05  time=5.2s
  -> saved checkpoint (val=1.2610)
Epoch  44/120  train=0.7864  val=1.2597  lr=1.46e-05  time=5.3s
  -> saved checkpoint (val=1.2597)
Epoch  45/120  train=0.8015  val=1.2584  lr=1.44e-05  time=5.1s
  -> saved checkpoint (val=1.2584)
Epoch  46/120  train=0.7756  val=1.2571  lr=1.41e-05  time=5.1s
  -> saved checkpoint (val=1.2571)
Epoch  47/120  train=0.8224  val=1.2558  lr=1.39e-05  time=5.1s
  -> saved checkpoint (val=1.2558)
Epoch  48/120  train=0.7702  val=1.2546  lr=1.37e-05  time=5.1s
  -> saved checkpoint (val=1.2546)
Epoch  49/120  train=0.8380  val=1.2533  lr=1.34e-05  time=5.1s
  -> saved checkpoint (val=1.2533)
Epoch  50/120  train=0.8191  val=1.2521  lr=1.32e-05  time=5.2s
  -> saved checkpoint (val=1.2521)
Epoch  51/120  train=0.8160  val=1.2509  lr=1.30e-05  time=5.1s
  -> saved checkpoint (val=1.2509)
Epoch  52/120  train=0.8019  val=1.2497  lr=1.27e-05  time=5.1s
  -> saved checkpoint (val=1.2497)
Epoch  53/120  train=0.7742  val=1.2487  lr=1.25e-05  time=5.2s
  -> saved checkpoint (val=1.2487)
Epoch  54/120  train=0.7649  val=1.2475  lr=1.22e-05  time=5.2s
  -> saved checkpoint (val=1.2475)
Epoch  55/120  train=0.7973  val=1.2466  lr=1.20e-05  time=5.0s
  -> saved checkpoint (val=1.2466)
Epoch  56/120  train=0.7925  val=1.2455  lr=1.17e-05  time=5.3s
  -> saved checkpoint (val=1.2455)
Epoch  57/120  train=0.7975  val=1.2445  lr=1.15e-05  time=5.3s
  -> saved checkpoint (val=1.2445)
Epoch  58/120  train=0.7940  val=1.2435  lr=1.12e-05  time=5.1s
  -> saved checkpoint (val=1.2435)
Epoch  59/120  train=0.8278  val=1.2426  lr=1.10e-05  time=5.0s
  -> saved checkpoint (val=1.2426)
Epoch  60/120  train=0.7943  val=1.2416  lr=1.07e-05  time=5.1s
  -> saved checkpoint (val=1.2416)
Epoch  61/120  train=0.8245  val=1.2408  lr=1.05e-05  time=5.1s
  -> saved checkpoint (val=1.2408)
Epoch  62/120  train=0.8145  val=1.2397  lr=1.03e-05  time=5.2s
  -> saved checkpoint (val=1.2397)
Epoch  63/120  train=0.7758  val=1.2390  lr=1.00e-05  time=5.0s
  -> saved checkpoint (val=1.2390)
Epoch  64/120  train=0.7424  val=1.2381  lr=9.75e-06  time=5.1s
  -> saved checkpoint (val=1.2381)
Epoch  65/120  train=0.8068  val=1.2373  lr=9.51e-06  time=5.1s
  -> saved checkpoint (val=1.2373)
Epoch  66/120  train=0.7549  val=1.2365  lr=9.26e-06  time=5.1s
  -> saved checkpoint (val=1.2365)
Epoch  67/120  train=0.7797  val=1.2357  lr=9.01e-06  time=5.2s
  -> saved checkpoint (val=1.2357)
Epoch  68/120  train=0.7865  val=1.2351  lr=8.77e-06  time=5.2s
  -> saved checkpoint (val=1.2351)
Epoch  69/120  train=0.7994  val=1.2342  lr=8.52e-06  time=5.2s
  -> saved checkpoint (val=1.2342)
Epoch  70/120  train=0.7931  val=1.2335  lr=8.28e-06  time=5.1s
  -> saved checkpoint (val=1.2335)
Epoch  71/120  train=0.7759  val=1.2328  lr=8.04e-06  time=5.2s
  -> saved checkpoint (val=1.2328)
Epoch  72/120  train=0.7970  val=1.2322  lr=7.80e-06  time=5.2s
  -> saved checkpoint (val=1.2322)
Epoch  73/120  train=0.7942  val=1.2315  lr=7.56e-06  time=5.2s
  -> saved checkpoint (val=1.2315)
Epoch  74/120  train=0.7761  val=1.2309  lr=7.33e-06  time=5.2s
  -> saved checkpoint (val=1.2309)
Epoch  75/120  train=0.7837  val=1.2303  lr=7.10e-06  time=5.3s
  -> saved checkpoint (val=1.2303)
Epoch  76/120  train=0.7827  val=1.2297  lr=6.86e-06  time=5.3s
  -> saved checkpoint (val=1.2297)
Epoch  77/120  train=0.7872  val=1.2292  lr=6.64e-06  time=5.2s
  -> saved checkpoint (val=1.2292)
Epoch  78/120  train=0.7929  val=1.2286  lr=6.41e-06  time=5.1s
  -> saved checkpoint (val=1.2286)
Epoch  79/120  train=0.8014  val=1.2281  lr=6.19e-06  time=5.1s
  -> saved checkpoint (val=1.2281)
Epoch  80/120  train=0.8039  val=1.2276  lr=5.97e-06  time=5.0s
  -> saved checkpoint (val=1.2276)
Epoch  81/120  train=0.8041  val=1.2271  lr=5.75e-06  time=5.1s
  -> saved checkpoint (val=1.2271)
Epoch  82/120  train=0.7968  val=1.2267  lr=5.54e-06  time=5.0s
  -> saved checkpoint (val=1.2267)
Epoch  83/120  train=0.7554  val=1.2261  lr=5.33e-06  time=5.3s
  -> saved checkpoint (val=1.2261)
Epoch  84/120  train=0.7612  val=1.2257  lr=5.12e-06  time=5.3s
  -> saved checkpoint (val=1.2257)
Epoch  85/120  train=0.7847  val=1.2253  lr=4.92e-06  time=5.2s
  -> saved checkpoint (val=1.2253)
Epoch  86/120  train=0.7939  val=1.2249  lr=4.72e-06  time=5.2s
  -> saved checkpoint (val=1.2249)
Epoch  87/120  train=0.7945  val=1.2245  lr=4.52e-06  time=5.3s
  -> saved checkpoint (val=1.2245)
Epoch  88/120  train=0.7949  val=1.2242  lr=4.33e-06  time=5.2s
  -> saved checkpoint (val=1.2242)
Epoch  89/120  train=0.7858  val=1.2238  lr=4.14e-06  time=5.2s
  -> saved checkpoint (val=1.2238)
Epoch  90/120  train=0.8021  val=1.2235  lr=3.96e-06  time=5.0s
  -> saved checkpoint (val=1.2235)
Epoch  91/120  train=0.7841  val=1.2231  lr=3.78e-06  time=5.0s
  -> saved checkpoint (val=1.2231)
Epoch  92/120  train=0.7918  val=1.2228  lr=3.61e-06  time=5.1s
  -> saved checkpoint (val=1.2228)
Epoch  93/120  train=0.7649  val=1.2225  lr=3.44e-06  time=5.2s
  -> saved checkpoint (val=1.2225)
Epoch  94/120  train=0.7877  val=1.2223  lr=3.28e-06  time=5.0s
  -> saved checkpoint (val=1.2223)
Epoch  95/120  train=0.8101  val=1.2220  lr=3.12e-06  time=5.1s
  -> saved checkpoint (val=1.2220)
Epoch  96/120  train=0.7710  val=1.2217  lr=2.96e-06  time=5.1s
  -> saved checkpoint (val=1.2217)
Epoch  97/120  train=0.8082  val=1.2215  lr=2.81e-06  time=5.1s
  -> saved checkpoint (val=1.2215)
Epoch  98/120  train=0.7880  val=1.2212  lr=2.67e-06  time=5.1s
  -> saved checkpoint (val=1.2212)
Epoch  99/120  train=0.7764  val=1.2210  lr=2.53e-06  time=5.1s
  -> saved checkpoint (val=1.2210)
Epoch 100/120  train=0.7577  val=1.2208  lr=2.40e-06  time=5.2s
  -> saved checkpoint (val=1.2208)
Epoch 101/120  train=0.7659  val=1.2206  lr=2.27e-06  time=5.1s
  -> saved checkpoint (val=1.2206)
Epoch 102/120  train=0.7587  val=1.2205  lr=2.15e-06  time=5.1s
  -> saved checkpoint (val=1.2205)
Epoch 103/120  train=0.7644  val=1.2202  lr=2.04e-06  time=5.1s
  -> saved checkpoint (val=1.2202)
Epoch 104/120  train=0.7834  val=1.2201  lr=1.93e-06  time=5.1s
  -> saved checkpoint (val=1.2201)
Epoch 105/120  train=0.7750  val=1.2199  lr=1.82e-06  time=5.2s
  -> saved checkpoint (val=1.2199)
Epoch 106/120  train=0.7679  val=1.2198  lr=1.72e-06  time=5.3s
  -> saved checkpoint (val=1.2198)
Epoch 107/120  train=0.8077  val=1.2196  lr=1.63e-06  time=5.0s
  -> saved checkpoint (val=1.2196)
Epoch 108/120  train=0.7751  val=1.2195  lr=1.54e-06  time=5.1s
  -> saved checkpoint (val=1.2195)
Epoch 109/120  train=0.7869  val=1.2194  lr=1.46e-06  time=5.0s
  -> saved checkpoint (val=1.2194)
Epoch 110/120  train=0.7891  val=1.2192  lr=1.39e-06  time=5.0s
  -> saved checkpoint (val=1.2192)
Epoch 111/120  train=0.7767  val=1.2192  lr=1.32e-06  time=5.0s
  -> saved checkpoint (val=1.2192)
Epoch 112/120  train=0.7910  val=1.2190  lr=1.26e-06  time=5.2s
  -> saved checkpoint (val=1.2190)
Epoch 113/120  train=0.7696  val=1.2189  lr=1.21e-06  time=5.3s
  -> saved checkpoint (val=1.2189)
Epoch 114/120  train=0.7483  val=1.2188  lr=1.16e-06  time=5.2s
  -> saved checkpoint (val=1.2188)
Epoch 115/120  train=0.7466  val=1.2187  lr=1.12e-06  time=5.2s
  -> saved checkpoint (val=1.2187)
Epoch 116/120  train=0.7651  val=1.2186  lr=1.08e-06  time=5.2s
  -> saved checkpoint (val=1.2186)
Epoch 117/120  train=0.7525  val=1.2185  lr=1.05e-06  time=5.1s
  -> saved checkpoint (val=1.2185)
Epoch 118/120  train=0.8109  val=1.2184  lr=1.03e-06  time=5.2s
  -> saved checkpoint (val=1.2184)
Epoch 119/120  train=0.8151  val=1.2183  lr=1.01e-06  time=5.2s
  -> saved checkpoint (val=1.2183)
Epoch 120/120  train=0.7921  val=1.2182  lr=1.00e-06  time=5.2s
  -> saved checkpoint (val=1.2182)

Probe training complete. Best val loss: 1.2182
Losses saved to: results/probe_losses.csv
=== Stage: probe_baseline ===
Low drift floats:    140
Depth observations:  1,121,134

Region distribution:
region
tropics               86
northeast_atlantic    24
subpolar              16
subtropical_west       6
subtropical_east       5
northwest_atlantic     3
Name: count, dtype: int64

O2 floats: 34 / 140
  Region 'northwest_atlantic' has only 3 remaining floats — assigning all to train
  Region 'subtropical_east' has only 4 remaining floats — assigning all to train

Float counts by split:
  train :  96 floats  (21 with O2)
  test  :  25 floats  (7 with O2)
  probe :  19 floats  (6 with O2)

Row counts by split:
split
train    733358
test     224767
probe    163009
Name: count, dtype: int64

Float counts by region and split:
split               probe  test  train
region                                
northeast_atlantic      4     4     16
northwest_atlantic      0     0      3
subpolar                3     3     10
subtropical_east        1     0      4
subtropical_west        2     1      3
tropics                 9    17     60
Probe casts: 2233
Using device: cuda
Computing oxygen normalization stats...
Oxygen stats — mean: 0.10, std: 0.20
Building probe windows...
Probe windows: 1082
Epoch   1/100  train=82.0935  val=3.8070  time=4.8s
  -> saved checkpoint (val=3.8070)
Epoch   2/100  train=11.7480  val=10.5852  time=4.8s
Epoch   3/100  train=4.5799  val=2.7575  time=4.8s
  -> saved checkpoint (val=2.7575)
Epoch   4/100  train=1.3901  val=1.4065  time=4.8s
  -> saved checkpoint (val=1.4065)
Epoch   5/100  train=0.9988  val=1.3411  time=4.8s
  -> saved checkpoint (val=1.3411)
Epoch   6/100  train=0.8232  val=1.2732  time=5.0s
  -> saved checkpoint (val=1.2732)
Epoch   7/100  train=0.8240  val=1.2537  time=4.9s
  -> saved checkpoint (val=1.2537)
Epoch   8/100  train=0.8102  val=1.2516  time=4.8s
  -> saved checkpoint (val=1.2516)
Epoch   9/100  train=0.8221  val=1.2506  time=4.7s
  -> saved checkpoint (val=1.2506)
Epoch  10/100  train=0.9071  val=1.2493  time=5.0s
  -> saved checkpoint (val=1.2493)
Epoch  11/100  train=0.8169  val=1.2491  time=4.9s
  -> saved checkpoint (val=1.2491)
Epoch  12/100  train=0.7920  val=1.2482  time=4.9s
  -> saved checkpoint (val=1.2482)
Epoch  13/100  train=0.7876  val=1.2454  time=4.9s
  -> saved checkpoint (val=1.2454)
Epoch  14/100  train=0.7904  val=1.2433  time=4.8s
  -> saved checkpoint (val=1.2433)
Epoch  15/100  train=0.8003  val=1.2390  time=4.8s
  -> saved checkpoint (val=1.2390)
Epoch  16/100  train=0.8088  val=1.2058  time=5.1s
  -> saved checkpoint (val=1.2058)
Epoch  17/100  train=0.7515  val=1.1906  time=4.9s
  -> saved checkpoint (val=1.1906)
Epoch  18/100  train=0.7401  val=1.1712  time=4.7s
  -> saved checkpoint (val=1.1712)
Epoch  19/100  train=0.7454  val=1.1526  time=4.8s
  -> saved checkpoint (val=1.1526)
Epoch  20/100  train=0.7083  val=1.1391  time=4.8s
  -> saved checkpoint (val=1.1391)
Epoch  21/100  train=0.7266  val=1.1268  time=4.9s
  -> saved checkpoint (val=1.1268)
Epoch  22/100  train=0.7289  val=1.1128  time=4.8s
  -> saved checkpoint (val=1.1128)
Epoch  23/100  train=0.7183  val=1.1020  time=4.7s
  -> saved checkpoint (val=1.1020)
Epoch  24/100  train=0.6987  val=1.0906  time=4.8s
  -> saved checkpoint (val=1.0906)
Epoch  25/100  train=0.6815  val=1.0833  time=4.7s
  -> saved checkpoint (val=1.0833)
Epoch  26/100  train=0.6903  val=1.0713  time=4.9s
  -> saved checkpoint (val=1.0713)
Epoch  27/100  train=0.6680  val=1.0636  time=4.7s
  -> saved checkpoint (val=1.0636)
Epoch  28/100  train=0.6761  val=1.0551  time=4.8s
  -> saved checkpoint (val=1.0551)
Epoch  29/100  train=0.6959  val=1.0470  time=4.7s
  -> saved checkpoint (val=1.0470)
Epoch  30/100  train=0.6765  val=1.0417  time=4.8s
  -> saved checkpoint (val=1.0417)
Epoch  31/100  train=0.6687  val=1.0355  time=4.8s
  -> saved checkpoint (val=1.0355)
Epoch  32/100  train=0.6393  val=1.0289  time=4.8s
  -> saved checkpoint (val=1.0289)
Epoch  33/100  train=0.6875  val=1.0221  time=4.6s
  -> saved checkpoint (val=1.0221)
Epoch  34/100  train=0.6417  val=1.0157  time=4.6s
  -> saved checkpoint (val=1.0157)
Epoch  35/100  train=0.6844  val=1.0109  time=4.6s
  -> saved checkpoint (val=1.0109)
Epoch  36/100  train=0.6266  val=1.0073  time=4.9s
  -> saved checkpoint (val=1.0073)
Epoch  37/100  train=0.6307  val=1.0009  time=4.8s
  -> saved checkpoint (val=1.0009)
Epoch  38/100  train=0.6054  val=0.9961  time=4.7s
  -> saved checkpoint (val=0.9961)
Epoch  39/100  train=0.6223  val=0.9914  time=4.7s
  -> saved checkpoint (val=0.9914)
Epoch  40/100  train=0.6125  val=0.9888  time=4.7s
  -> saved checkpoint (val=0.9888)
Epoch  41/100  train=0.6200  val=0.9847  time=4.7s
  -> saved checkpoint (val=0.9847)
Epoch  42/100  train=0.6499  val=0.9806  time=4.8s
  -> saved checkpoint (val=0.9806)
Epoch  43/100  train=0.6587  val=0.9758  time=4.7s
  -> saved checkpoint (val=0.9758)
Epoch  44/100  train=0.6185  val=0.9720  time=4.6s
  -> saved checkpoint (val=0.9720)
Epoch  45/100  train=0.6218  val=0.9693  time=5.1s
  -> saved checkpoint (val=0.9693)
Epoch  46/100  train=0.6295  val=0.9671  time=5.0s
  -> saved checkpoint (val=0.9671)
Epoch  47/100  train=0.6002  val=0.9639  time=5.0s
  -> saved checkpoint (val=0.9639)
Epoch  48/100  train=0.6194  val=0.9611  time=4.9s
  -> saved checkpoint (val=0.9611)
Epoch  49/100  train=0.6139  val=0.9599  time=4.9s
  -> saved checkpoint (val=0.9599)
Epoch  50/100  train=0.6106  val=0.9553  time=4.9s
  -> saved checkpoint (val=0.9553)
Epoch  51/100  train=0.6150  val=0.9537  time=4.9s
  -> saved checkpoint (val=0.9537)
Epoch  52/100  train=0.6041  val=0.9516  time=4.9s
  -> saved checkpoint (val=0.9516)
Epoch  53/100  train=0.5741  val=0.9505  time=4.8s
  -> saved checkpoint (val=0.9505)
Epoch  54/100  train=0.6067  val=0.9469  time=4.9s
  -> saved checkpoint (val=0.9469)
Epoch  55/100  train=0.6362  val=0.9470  time=5.1s
Epoch  56/100  train=0.6017  val=0.9438  time=4.8s
  -> saved checkpoint (val=0.9438)
Epoch  57/100  train=0.6438  val=0.9435  time=4.8s
  -> saved checkpoint (val=0.9435)
Epoch  58/100  train=0.6093  val=0.9404  time=4.8s
  -> saved checkpoint (val=0.9404)
Epoch  59/100  train=0.6382  val=0.9413  time=4.8s
Epoch  60/100  train=0.6083  val=0.9358  time=4.8s
  -> saved checkpoint (val=0.9358)
Epoch  61/100  train=0.6541  val=0.9351  time=4.7s
  -> saved checkpoint (val=0.9351)
Epoch  62/100  train=0.5692  val=0.9321  time=4.6s
  -> saved checkpoint (val=0.9321)
Epoch  63/100  train=0.6289  val=0.9311  time=4.7s
  -> saved checkpoint (val=0.9311)
Epoch  64/100  train=0.6074  val=0.9293  time=4.7s
  -> saved checkpoint (val=0.9293)
Epoch  65/100  train=0.6130  val=0.9292  time=5.1s
  -> saved checkpoint (val=0.9292)
Epoch  66/100  train=0.6002  val=0.9279  time=4.8s
  -> saved checkpoint (val=0.9279)
Epoch  67/100  train=0.6102  val=0.9262  time=4.7s
  -> saved checkpoint (val=0.9262)
Epoch  68/100  train=0.6089  val=0.9315  time=4.6s
Epoch  69/100  train=0.6041  val=0.9265  time=4.6s
Epoch  70/100  train=0.6177  val=0.9227  time=4.7s
  -> saved checkpoint (val=0.9227)
Epoch  71/100  train=0.5999  val=0.9223  time=4.8s
  -> saved checkpoint (val=0.9223)
Epoch  72/100  train=0.6012  val=0.9207  time=5.0s
  -> saved checkpoint (val=0.9207)
Epoch  73/100  train=0.5890  val=0.9220  time=4.9s
Epoch  74/100  train=0.5827  val=0.9196  time=5.1s
  -> saved checkpoint (val=0.9196)
Epoch  75/100  train=0.6018  val=0.9270  time=4.9s
Epoch  76/100  train=0.6289  val=0.9195  time=4.8s
  -> saved checkpoint (val=0.9195)
Epoch  77/100  train=0.6330  val=0.9171  time=4.7s
  -> saved checkpoint (val=0.9171)
Epoch  78/100  train=0.6053  val=0.9199  time=4.6s
Epoch  79/100  train=0.6192  val=0.9159  time=4.6s
  -> saved checkpoint (val=0.9159)
Epoch  80/100  train=0.6021  val=0.9156  time=4.6s
  -> saved checkpoint (val=0.9156)
Epoch  81/100  train=0.5836  val=0.9171  time=4.7s
Epoch  82/100  train=0.5952  val=0.9132  time=4.6s
  -> saved checkpoint (val=0.9132)
Epoch  83/100  train=0.6042  val=0.9135  time=4.7s
Epoch  84/100  train=0.6018  val=0.9127  time=4.9s
  -> saved checkpoint (val=0.9127)
Epoch  85/100  train=0.6023  val=0.9125  time=4.3s
  -> saved checkpoint (val=0.9125)
Epoch  86/100  train=0.6316  val=0.9104  time=4.7s
  -> saved checkpoint (val=0.9104)
Epoch  87/100  train=0.6106  val=0.9101  time=4.9s
  -> saved checkpoint (val=0.9101)
Epoch  88/100  train=0.5773  val=0.9108  time=4.9s
Epoch  89/100  train=0.6055  val=0.9115  time=4.8s
Epoch  90/100  train=0.6213  val=0.9092  time=4.8s
  -> saved checkpoint (val=0.9092)
Epoch  91/100  train=0.6156  val=0.9078  time=4.9s
  -> saved checkpoint (val=0.9078)
Epoch  92/100  train=0.6095  val=0.9069  time=4.8s
  -> saved checkpoint (val=0.9069)
Epoch  93/100  train=0.5821  val=0.9070  time=4.9s
Epoch  94/100  train=0.5836  val=0.9086  time=4.8s
Epoch  95/100  train=0.5934  val=0.9113  time=5.0s
Epoch  96/100  train=0.6119  val=0.9079  time=4.9s
Epoch  97/100  train=0.6156  val=0.9073  time=4.8s
Epoch  98/100  train=0.5754  val=0.9051  time=4.8s
  -> saved checkpoint (val=0.9051)
Epoch  99/100  train=0.5843  val=0.9075  time=4.9s
Epoch 100/100  train=0.6077  val=0.9081  time=4.9s

Baseline training complete. Best val loss: 0.9051
Checkpoint saved to: checkpoints/probe_baseline_best.pt
=== Stage: gru_probe ===
Low drift floats:    140
Depth observations:  1,121,134

Region distribution:
region
tropics               86
northeast_atlantic    24
subpolar              16
subtropical_west       6
subtropical_east       5
northwest_atlantic     3
Name: count, dtype: int64

O2 floats: 34 / 140
  Region 'northwest_atlantic' has only 3 remaining floats — assigning all to train
  Region 'subtropical_east' has only 4 remaining floats — assigning all to train

Float counts by split:
  train :  96 floats  (21 with O2)
  test  :  25 floats  (7 with O2)
  probe :  19 floats  (6 with O2)

Row counts by split:
split
train    733358
test     224767
probe    163009
Name: count, dtype: int64

Float counts by region and split:
split               probe  test  train
region                                
northeast_atlantic      4     4     16
northwest_atlantic      0     0      3
subpolar                3     3     10
subtropical_east        1     0      4
subtropical_west        2     1      3
tropics                 9    17     60
Probe casts: 2233
Using device: cuda
Computing oxygen normalization stats...
Oxygen stats — mean: 0.10, std: 0.20
Building probe windows...
Probe windows: 1082
Epoch   1/100  train=6.8195  val=1.2590  time=4.8s
  -> saved checkpoint (val=1.2590)
Epoch   2/100  train=1.5635  val=1.6933  time=4.9s
Epoch   3/100  train=1.0526  val=1.3114  time=4.8s
Epoch   4/100  train=0.8063  val=1.1942  time=4.8s
  -> saved checkpoint (val=1.1942)
Epoch   5/100  train=0.7039  val=1.1137  time=5.0s
  -> saved checkpoint (val=1.1137)
Epoch   6/100  train=0.7265  val=1.0794  time=4.8s
  -> saved checkpoint (val=1.0794)
Epoch   7/100  train=0.6843  val=1.0488  time=5.0s
  -> saved checkpoint (val=1.0488)
Epoch   8/100  train=0.6779  val=1.0202  time=4.9s
  -> saved checkpoint (val=1.0202)
Epoch   9/100  train=0.6112  val=0.9923  time=5.0s
  -> saved checkpoint (val=0.9923)
Epoch  10/100  train=0.5884  val=0.9693  time=4.8s
  -> saved checkpoint (val=0.9693)
Epoch  11/100  train=0.6027  val=0.9477  time=4.9s
  -> saved checkpoint (val=0.9477)
Epoch  12/100  train=0.5878  val=0.9252  time=4.8s
  -> saved checkpoint (val=0.9252)
Epoch  13/100  train=0.5634  val=0.9042  time=4.8s
  -> saved checkpoint (val=0.9042)
Epoch  14/100  train=0.5878  val=0.8889  time=5.0s
  -> saved checkpoint (val=0.8889)
Epoch  15/100  train=0.5780  val=0.8732  time=4.8s
  -> saved checkpoint (val=0.8732)
Epoch  16/100  train=0.5698  val=0.8569  time=4.8s
  -> saved checkpoint (val=0.8569)
Epoch  17/100  train=0.5375  val=0.8434  time=4.9s
  -> saved checkpoint (val=0.8434)
Epoch  18/100  train=0.5247  val=0.8325  time=4.9s
  -> saved checkpoint (val=0.8325)
Epoch  19/100  train=0.5112  val=0.8230  time=4.9s
  -> saved checkpoint (val=0.8230)
Epoch  20/100  train=0.5253  val=0.8153  time=4.9s
  -> saved checkpoint (val=0.8153)
Epoch  21/100  train=0.5093  val=0.8068  time=4.8s
  -> saved checkpoint (val=0.8068)
Epoch  22/100  train=0.5239  val=0.7954  time=4.8s
  -> saved checkpoint (val=0.7954)
Epoch  23/100  train=0.5085  val=0.7855  time=5.0s
  -> saved checkpoint (val=0.7855)
Epoch  24/100  train=0.4997  val=0.7829  time=4.8s
  -> saved checkpoint (val=0.7829)
Epoch  25/100  train=0.5011  val=0.7748  time=4.9s
  -> saved checkpoint (val=0.7748)
Epoch  26/100  train=0.4976  val=0.7675  time=5.0s
  -> saved checkpoint (val=0.7675)
Epoch  27/100  train=0.4953  val=0.7642  time=4.8s
  -> saved checkpoint (val=0.7642)
Epoch  28/100  train=0.5071  val=0.7615  time=4.8s
  -> saved checkpoint (val=0.7615)
Epoch  29/100  train=0.4872  val=0.7588  time=5.0s
  -> saved checkpoint (val=0.7588)
Epoch  30/100  train=0.4881  val=0.7540  time=4.6s
  -> saved checkpoint (val=0.7540)
Epoch  31/100  train=0.4851  val=0.7579  time=4.6s
Epoch  32/100  train=0.5325  val=0.7506  time=4.7s
  -> saved checkpoint (val=0.7506)
Epoch  33/100  train=0.4704  val=0.7466  time=4.7s
  -> saved checkpoint (val=0.7466)
Epoch  34/100  train=0.4877  val=0.7461  time=5.0s
  -> saved checkpoint (val=0.7461)
Epoch  35/100  train=0.4560  val=0.7432  time=4.8s
  -> saved checkpoint (val=0.7432)
Epoch  36/100  train=0.4782  val=0.7412  time=5.0s
  -> saved checkpoint (val=0.7412)
Epoch  37/100  train=0.5103  val=0.7504  time=4.8s
Epoch  38/100  train=0.4984  val=0.7453  time=4.8s
Epoch  39/100  train=0.4984  val=0.7320  time=4.8s
  -> saved checkpoint (val=0.7320)
Epoch  40/100  train=0.4655  val=0.7305  time=4.8s
  -> saved checkpoint (val=0.7305)
Epoch  41/100  train=0.4615  val=0.7281  time=4.8s
  -> saved checkpoint (val=0.7281)
Epoch  42/100  train=0.4635  val=0.7271  time=4.9s
  -> saved checkpoint (val=0.7271)
Epoch  43/100  train=0.4731  val=0.7188  time=4.8s
  -> saved checkpoint (val=0.7188)
Epoch  44/100  train=0.5186  val=0.7218  time=4.8s
Epoch  45/100  train=0.4749  val=0.7175  time=4.9s
  -> saved checkpoint (val=0.7175)
Epoch  46/100  train=0.4763  val=0.7141  time=4.8s
  -> saved checkpoint (val=0.7141)
Epoch  47/100  train=0.4689  val=0.7153  time=4.9s
Epoch  48/100  train=0.4852  val=0.7097  time=5.1s
  -> saved checkpoint (val=0.7097)
Epoch  49/100  train=0.5024  val=0.7103  time=4.9s
Epoch  50/100  train=0.4774  val=0.7108  time=4.8s
Epoch  51/100  train=0.4674  val=0.7078  time=4.9s
  -> saved checkpoint (val=0.7078)
Epoch  52/100  train=0.4802  val=0.7053  time=4.8s
  -> saved checkpoint (val=0.7053)
Epoch  53/100  train=0.4615  val=0.7008  time=4.8s
  -> saved checkpoint (val=0.7008)
Epoch  54/100  train=0.4550  val=0.7022  time=4.9s
Epoch  55/100  train=0.4477  val=0.7039  time=4.7s
Epoch  56/100  train=0.4510  val=0.7019  time=4.7s
Epoch  57/100  train=0.4680  val=0.7021  time=4.7s
Epoch  58/100  train=0.4495  val=0.6973  time=4.7s
  -> saved checkpoint (val=0.6973)
Epoch  59/100  train=0.4461  val=0.6993  time=4.6s
Epoch  60/100  train=0.4657  val=0.6932  time=4.8s
  -> saved checkpoint (val=0.6932)
Epoch  61/100  train=0.4483  val=0.6970  time=4.6s
Epoch  62/100  train=0.4443  val=0.7013  time=4.6s
Epoch  63/100  train=0.4527  val=0.6913  time=4.8s
  -> saved checkpoint (val=0.6913)
Epoch  64/100  train=0.4514  val=0.6940  time=4.7s
Epoch  65/100  train=0.4525  val=0.6943  time=5.0s
Epoch  66/100  train=0.5042  val=0.7443  time=4.8s
Epoch  67/100  train=0.4869  val=0.6988  time=5.0s
Epoch  68/100  train=0.4650  val=0.7014  time=4.8s
Epoch  69/100  train=0.4743  val=0.6945  time=4.9s
Epoch  70/100  train=0.4431  val=0.6901  time=4.8s
  -> saved checkpoint (val=0.6901)
Epoch  71/100  train=0.4685  val=0.6884  time=4.8s
  -> saved checkpoint (val=0.6884)
Epoch  72/100  train=0.4578  val=0.6947  time=4.6s
Epoch  73/100  train=0.4462  val=0.6854  time=5.0s
  -> saved checkpoint (val=0.6854)
Epoch  74/100  train=0.4498  val=0.6948  time=5.0s
Epoch  75/100  train=0.4639  val=0.6857  time=4.9s
Epoch  76/100  train=0.4437  val=0.6892  time=4.9s
Epoch  77/100  train=0.4531  val=0.6854  time=4.8s
  -> saved checkpoint (val=0.6854)
Epoch  78/100  train=0.4778  val=0.6806  time=4.9s
  -> saved checkpoint (val=0.6806)
Epoch  79/100  train=0.4515  val=0.6821  time=4.9s
Epoch  80/100  train=0.4438  val=0.6809  time=4.8s
Epoch  81/100  train=0.4475  val=0.6896  time=4.8s
Epoch  82/100  train=0.4605  val=0.6829  time=4.8s
Epoch  83/100  train=0.4629  val=0.6909  time=4.9s
Epoch  84/100  train=0.4490  val=0.6859  time=4.7s
Epoch  85/100  train=0.4407  val=0.6822  time=4.9s
Epoch  86/100  train=0.4337  val=0.6805  time=4.7s
  -> saved checkpoint (val=0.6805)
Epoch  87/100  train=0.4486  val=0.6802  time=4.8s
  -> saved checkpoint (val=0.6802)
Epoch  88/100  train=0.4418  val=0.6772  time=5.0s
  -> saved checkpoint (val=0.6772)
Epoch  89/100  train=0.4414  val=0.6791  time=4.9s
Epoch  90/100  train=0.4884  val=0.6845  time=4.8s
Epoch  91/100  train=0.4291  val=0.6739  time=5.0s
  -> saved checkpoint (val=0.6739)
Epoch  92/100  train=0.4601  val=0.6782  time=5.0s
Epoch  93/100  train=0.4628  val=0.6844  time=4.8s
Epoch  94/100  train=0.4356  val=0.6768  time=4.7s
Epoch  95/100  train=0.4680  val=0.6788  time=4.7s
Epoch  96/100  train=0.4524  val=0.6729  time=4.7s
  -> saved checkpoint (val=0.6729)
Epoch  97/100  train=0.4437  val=0.6716  time=4.7s
  -> saved checkpoint (val=0.6716)
Epoch  98/100  train=0.4403  val=0.6828  time=4.9s
Epoch  99/100  train=0.4348  val=0.6722  time=4.8s
Epoch 100/100  train=0.4291  val=0.6859  time=4.7s

GRU probe training complete. Best val loss: 0.6716
Losses saved to: results/gru_probe_losses.csv
=== Stage: extrapolation ===
Using device: cuda
Loading latent cycles from checkpoints/latent_cycles.pt
Val windows (horizon=100): 18

Evaluating: ode
  horizon=5 (50 days)...
  -> final step MSE: 0.0188
  horizon=10 (100 days)...
  -> final step MSE: 0.0177
  horizon=15 (150 days)...
  -> final step MSE: 0.0242
  horizon=20 (200 days)...
  -> final step MSE: 0.0293
  horizon=30 (300 days)...
  -> final step MSE: 0.0429
  horizon=40 (400 days)...
  -> final step MSE: 0.0578
  horizon=50 (500 days)...
  -> final step MSE: 0.0970
  horizon=100 (1000 days)...
  -> final step MSE: 0.1956

Evaluating: gru
  horizon=5 (50 days)...
  -> final step MSE: 0.0294
  horizon=10 (100 days)...
  -> final step MSE: 0.0259
  horizon=15 (150 days)...
  -> final step MSE: 0.0294
  horizon=20 (200 days)...
  -> final step MSE: 0.0250
  horizon=30 (300 days)...
  -> final step MSE: 0.0365
  horizon=40 (400 days)...
  -> final step MSE: 0.0363
  horizon=50 (500 days)...
  -> final step MSE: 0.0641
  horizon=100 (1000 days)...
  -> final step MSE: 0.0602

Results saved to results/extrapolation_results.csv

=== Extrapolation Summary (final step MSE) ===
model         depth_only       gru       ode
horizon_days                                
50                0.0274  0.029434  0.018757
100               0.0274  0.025902  0.017700
150               0.0274  0.029363  0.024178
200               0.0274  0.025005  0.029260
300               0.0274  0.036533  0.042888
400               0.0274  0.036264  0.057848
500               0.0274  0.064135  0.096961
1000              0.0274  0.060247  0.195642
======================================================
End Time : Wed Apr 15 05:00:16 PM EDT 2026
======================================================
