/users/sphill86/envs/ocean/lib64/python3.9/site-packages/torch/nn/modules/loss.py:616: UserWarning: Using a target size (torch.Size([32, 25, 32])) that is different to the input size (torch.Size([32, 5, 32])). This will likely lead to incorrect results due to broadcasting. Please ensure they have the same size.
  return F.mse_loss(input, target, reduction=self.reduction)
Traceback (most recent call last):
  File "/users/sphill86/ocean_dynamics_2/run/main.py", line 175, in <module>
    main()
  File "/users/sphill86/ocean_dynamics_2/run/main.py", line 167, in main
    stage_ode(args.latent)
  File "/users/sphill86/ocean_dynamics_2/run/main.py", line 73, in stage_ode
    return train_ode(latent_path=latent_path)
  File "/users/sphill86/ocean_dynamics_2/experiments/training/train_node.py", line 115, in train_ode
    loss   = loss_fn(p_pred, p)
  File "/users/sphill86/envs/ocean/lib64/python3.9/site-packages/torch/nn/modules/module.py", line 1773, in _wrapped_call_impl
    return self._call_impl(*args, **kwargs)
  File "/users/sphill86/envs/ocean/lib64/python3.9/site-packages/torch/nn/modules/module.py", line 1784, in _call_impl
    return forward_call(*args, **kwargs)
  File "/users/sphill86/envs/ocean/lib64/python3.9/site-packages/torch/nn/modules/loss.py", line 616, in forward
    return F.mse_loss(input, target, reduction=self.reduction)
  File "/users/sphill86/envs/ocean/lib64/python3.9/site-packages/torch/nn/functional.py", line 3868, in mse_loss
    expanded_input, expanded_target = torch.broadcast_tensors(input, target)
  File "/users/sphill86/envs/ocean/lib64/python3.9/site-packages/torch/functional.py", line 77, in broadcast_tensors
    return _VF.broadcast_tensors(tensors)  # type: ignore[attr-defined]
RuntimeError: The size of tensor a (5) must match the size of tensor b (25) at non-singleton dimension 1
