======================================================
Start Time  : Sat Mar 21 08:42:43 PM EDT 2026
Submit Dir  : /users/sphill86/ocean_dynamics_2
Job ID/Name : 10416259 / ocean_latent_ode
Partition   : GPU
======================================================
=== Stage: split ===
Low drift floats:    140
Depth observations:  1121134

Region distribution:
region
tropics               86
northeast_atlantic    24
subpolar              16
subtropical_west       6
subtropical_east       5
northwest_atlantic     3
Name: count, dtype: int64

O2 floats: 34 / 140
  Region 'northwest_atlantic' has only 3 remaining floats — assigning all to train
  Region 'subtropical_east' has only 4 remaining floats — assigning all to train

Float counts by split:
  train :  95 floats  (16 with O2)
  test  :  25 floats  (6 with O2)
  probe :  20 floats  (12 with O2)

Row counts by split:
split
train    752849
probe    206371
test     161914
Name: count, dtype: int64

Float counts by region and split:
split               probe  test  train
region                                
northeast_atlantic      4     4     16
northwest_atlantic      0     0      3
subpolar                3     3     10
subtropical_east        1     0      4
subtropical_west        2     1      3
tropics                10    17     59
Split complete.
=== Stage: encoder ===
Using device: cuda
Low drift floats:    140
Depth observations:  1121134

Region distribution:
region
tropics               86
northeast_atlantic    24
subpolar              16
subtropical_west       6
subtropical_east       5
northwest_atlantic     3
Name: count, dtype: int64

O2 floats: 34 / 140
  Region 'northwest_atlantic' has only 3 remaining floats — assigning all to train
  Region 'subtropical_east' has only 4 remaining floats — assigning all to train

Float counts by split:
  train :  95 floats  (16 with O2)
  test  :  25 floats  (6 with O2)
  probe :  20 floats  (12 with O2)

Row counts by split:
split
train    752849
probe    206371
test     161914
Name: count, dtype: int64

Float counts by region and split:
split               probe  test  train
region                                
northeast_atlantic      4     4     16
northwest_atlantic      0     0      3
subpolar                3     3     10
subtropical_east        1     0      4
subtropical_west        2     1      3
tropics                10    17     59
Epoch   1/10  train=3.6026  val=0.0388  time=8.1s
Saved autoencoder to checkpoints/autoencoder_best.pt
  -> saved checkpoint (val=0.0388)
Epoch   2/10  train=0.0341  val=0.0329  time=5.1s
Saved autoencoder to checkpoints/autoencoder_best.pt
  -> saved checkpoint (val=0.0329)
Epoch   3/10  train=0.0313  val=0.0512  time=5.1s
Epoch   4/10  train=0.0314  val=0.0295  time=5.2s
Saved autoencoder to checkpoints/autoencoder_best.pt
  -> saved checkpoint (val=0.0295)
Epoch   5/10  train=0.0290  val=0.0359  time=5.1s
Epoch   6/10  train=0.0306  val=0.0294  time=5.1s
Saved autoencoder to checkpoints/autoencoder_best.pt
  -> saved checkpoint (val=0.0294)
Epoch   7/10  train=0.0321  val=0.0228  time=5.1s
Saved autoencoder to checkpoints/autoencoder_best.pt
  -> saved checkpoint (val=0.0228)
Epoch   8/10  train=0.0291  val=0.0384  time=5.2s
Epoch   9/10  train=0.0304  val=0.0298  time=5.1s
Epoch  10/10  train=0.0350  val=0.0262  time=5.1s

Encoder training complete. Best val loss: 0.0228
Losses saved to: results/encoder_losses.csv
=== Stage: encode ===
Low drift floats:    140
Depth observations:  1121134

Region distribution:
region
tropics               86
northeast_atlantic    24
subpolar              16
subtropical_west       6
subtropical_east       5
northwest_atlantic     3
Name: count, dtype: int64

O2 floats: 34 / 140
  Region 'northwest_atlantic' has only 3 remaining floats — assigning all to train
  Region 'subtropical_east' has only 4 remaining floats — assigning all to train

Float counts by split:
  train :  95 floats  (16 with O2)
  test  :  25 floats  (6 with O2)
  probe :  20 floats  (12 with O2)

Row counts by split:
split
train    752849
probe    206371
test     161914
Name: count, dtype: int64

Float counts by region and split:
split               probe  test  train
region                                
northeast_atlantic      4     4     16
northwest_atlantic      0     0      3
subpolar                3     3     10
subtropical_east        1     0      4
subtropical_west        2     1      3
tropics                10    17     59
Latent train: 10313 casts
Latent val:   2218 casts
Latent probe: 2827 casts
Saved latent cycles to checkpoints/latent_cycles.pt
=== Stage: ode ===
Using device: cuda
Loading latent cycles from checkpoints/latent_cycles.pt
Building train windows...
Train windows: 4991
Building val windows...
Val windows: 1065
Epoch   1/40  train=1.1624  val=0.1472  time=8.5s
  -> saved checkpoint (val=0.1472)
Epoch   2/40  train=0.1121  val=0.1029  time=6.0s
  -> saved checkpoint (val=0.1029)
Epoch   3/40  train=0.0844  val=0.0934  time=5.8s
  -> saved checkpoint (val=0.0934)
Epoch   4/40  train=0.0765  val=0.0876  time=5.7s
  -> saved checkpoint (val=0.0876)
Epoch   5/40  train=0.0714  val=0.0826  time=5.7s
  -> saved checkpoint (val=0.0826)
Epoch   6/40  train=0.0684  val=0.0759  time=5.8s
  -> saved checkpoint (val=0.0759)
Epoch   7/40  train=0.0659  val=0.0731  time=5.7s
  -> saved checkpoint (val=0.0731)
Epoch   8/40  train=0.0671  val=0.0793  time=5.7s
Epoch   9/40  train=0.0654  val=0.0692  time=5.7s
  -> saved checkpoint (val=0.0692)
Epoch  10/40  train=0.0655  val=0.0735  time=5.6s
Epoch  11/40  train=0.0625  val=0.0728  time=5.7s
Epoch  12/40  train=0.0630  val=0.0666  time=5.7s
  -> saved checkpoint (val=0.0666)
Epoch  13/40  train=0.0635  val=0.0721  time=5.7s
Epoch  14/40  train=0.0642  val=0.0696  time=5.6s
Epoch  15/40  train=0.0620  val=0.0827  time=5.7s
Epoch  16/40  train=0.0643  val=0.0648  time=5.7s
  -> saved checkpoint (val=0.0648)
Epoch  17/40  train=0.0610  val=0.0618  time=5.7s
  -> saved checkpoint (val=0.0618)
Epoch  18/40  train=0.0598  val=0.0652  time=5.7s
Epoch  19/40  train=0.0648  val=0.0664  time=5.7s
Epoch  20/40  train=0.0612  val=0.0689  time=5.7s
Epoch  21/40  train=0.0596  val=0.0667  time=5.7s
Epoch  22/40  train=0.0606  val=0.0625  time=5.7s
Epoch  23/40  train=0.0607  val=0.0697  time=5.7s
Epoch  24/40  train=0.0615  val=0.0744  time=5.8s
Epoch  25/40  train=0.0598  val=0.0627  time=5.8s
Epoch  26/40  train=0.0605  val=0.0640  time=5.8s
Epoch  27/40  train=0.0592  val=0.0686  time=5.9s
Epoch  28/40  train=0.0583  val=0.0654  time=5.8s
Epoch  29/40  train=0.0601  val=0.0701  time=5.9s
Epoch  30/40  train=0.0629  val=0.0604  time=6.0s
  -> saved checkpoint (val=0.0604)
Epoch  31/40  train=0.0595  val=0.0647  time=6.0s
Epoch  32/40  train=0.0594  val=0.0629  time=6.0s
Epoch  33/40  train=0.0579  val=0.0615  time=6.0s
Epoch  34/40  train=0.0584  val=0.0569  time=6.1s
  -> saved checkpoint (val=0.0569)
Epoch  35/40  train=0.0572  val=0.0618  time=6.1s
Epoch  36/40  train=0.0590  val=0.0631  time=6.1s
Epoch  37/40  train=0.0570  val=0.0666  time=6.2s
Epoch  38/40  train=0.0574  val=0.0663  time=6.3s
Epoch  39/40  train=0.0556  val=0.0584  time=6.2s
Epoch  40/40  train=0.0555  val=0.0601  time=6.3s

NODE training complete. Best val loss: 0.0569
Losses saved to: results/node_losses.csv
=== Stage: probe ===
Low drift floats:    140
Depth observations:  1121134

Region distribution:
region
tropics               86
northeast_atlantic    24
subpolar              16
subtropical_west       6
subtropical_east       5
northwest_atlantic     3
Name: count, dtype: int64

O2 floats: 34 / 140
  Region 'northwest_atlantic' has only 3 remaining floats — assigning all to train
  Region 'subtropical_east' has only 4 remaining floats — assigning all to train

Float counts by split:
  train :  95 floats  (16 with O2)
  test  :  25 floats  (6 with O2)
  probe :  20 floats  (12 with O2)

Row counts by split:
split
train    752849
probe    206371
test     161914
Name: count, dtype: int64

Float counts by region and split:
split               probe  test  train
region                                
northeast_atlantic      4     4     16
northwest_atlantic      0     0      3
subpolar                3     3     10
subtropical_east        1     0      4
subtropical_west        2     1      3
tropics                10    17     59
Probe casts: 2827
Using device: cuda
Building probe windows...
Probe windows: 1377
Epoch   1/100  train=19.0910  val=1.7844  lr=1.00e-04  time=5.6s
  -> saved checkpoint (val=1.7844)
Epoch   2/100  train=0.4254  val=0.0597  lr=1.00e-04  time=4.7s
  -> saved checkpoint (val=0.0597)
Epoch   3/100  train=0.0515  val=0.0344  lr=9.99e-05  time=4.7s
  -> saved checkpoint (val=0.0344)
Epoch   4/100  train=0.0358  val=0.0269  lr=9.98e-05  time=4.7s
  -> saved checkpoint (val=0.0269)
Epoch   5/100  train=0.0322  val=0.0254  lr=9.96e-05  time=4.7s
  -> saved checkpoint (val=0.0254)
Epoch   6/100  train=0.0315  val=0.0245  lr=9.94e-05  time=4.8s
  -> saved checkpoint (val=0.0245)
Epoch   7/100  train=0.0308  val=0.0240  lr=9.91e-05  time=4.7s
  -> saved checkpoint (val=0.0240)
Epoch   8/100  train=0.0305  val=0.0243  lr=9.88e-05  time=4.7s
Epoch   9/100  train=0.0303  val=0.0233  lr=9.84e-05  time=4.7s
  -> saved checkpoint (val=0.0233)
Epoch  10/100  train=0.0293  val=0.0231  lr=9.80e-05  time=4.7s
  -> saved checkpoint (val=0.0231)
Epoch  11/100  train=0.0303  val=0.0228  lr=9.76e-05  time=4.7s
  -> saved checkpoint (val=0.0228)
Epoch  12/100  train=0.0333  val=0.0228  lr=9.71e-05  time=4.7s
  -> saved checkpoint (val=0.0228)
Epoch  13/100  train=0.0300  val=0.0227  lr=9.65e-05  time=4.8s
  -> saved checkpoint (val=0.0227)
Epoch  14/100  train=0.0295  val=0.0229  lr=9.59e-05  time=4.7s
Epoch  15/100  train=0.0296  val=0.0220  lr=9.53e-05  time=4.7s
  -> saved checkpoint (val=0.0220)
Epoch  16/100  train=0.0288  val=0.0219  lr=9.46e-05  time=4.7s
  -> saved checkpoint (val=0.0219)
Epoch  17/100  train=0.0285  val=0.0218  lr=9.39e-05  time=4.7s
  -> saved checkpoint (val=0.0218)
Epoch  18/100  train=0.0290  val=0.0217  lr=9.31e-05  time=4.7s
  -> saved checkpoint (val=0.0217)
Epoch  19/100  train=0.0294  val=0.0217  lr=9.23e-05  time=4.7s
  -> saved checkpoint (val=0.0217)
Epoch  20/100  train=0.0282  val=0.0216  lr=9.14e-05  time=4.8s
  -> saved checkpoint (val=0.0216)
Epoch  21/100  train=0.0283  val=0.0234  lr=9.05e-05  time=4.7s
Epoch  22/100  train=0.0280  val=0.0216  lr=8.96e-05  time=4.7s
  -> saved checkpoint (val=0.0216)
Epoch  23/100  train=0.0282  val=0.0213  lr=8.86e-05  time=4.7s
  -> saved checkpoint (val=0.0213)
Epoch  24/100  train=0.0290  val=0.0215  lr=8.76e-05  time=4.7s
Epoch  25/100  train=0.0279  val=0.0212  lr=8.66e-05  time=4.7s
  -> saved checkpoint (val=0.0212)
Epoch  26/100  train=0.0285  val=0.0210  lr=8.55e-05  time=4.7s
  -> saved checkpoint (val=0.0210)
Epoch  27/100  train=0.0296  val=0.0220  lr=8.44e-05  time=4.8s
Epoch  28/100  train=0.0275  val=0.0211  lr=8.32e-05  time=4.7s
Epoch  29/100  train=0.0272  val=0.0208  lr=8.21e-05  time=4.7s
  -> saved checkpoint (val=0.0208)
Epoch  30/100  train=0.0268  val=0.0207  lr=8.08e-05  time=4.7s
  -> saved checkpoint (val=0.0207)
Epoch  31/100  train=0.0279  val=0.0208  lr=7.96e-05  time=4.7s
Epoch  32/100  train=0.0279  val=0.0206  lr=7.83e-05  time=4.7s
  -> saved checkpoint (val=0.0206)
Epoch  33/100  train=0.0274  val=0.0204  lr=7.70e-05  time=4.7s
  -> saved checkpoint (val=0.0204)
Epoch  34/100  train=0.0274  val=0.0203  lr=7.57e-05  time=4.8s
  -> saved checkpoint (val=0.0203)
Epoch  35/100  train=0.0280  val=0.0204  lr=7.43e-05  time=4.7s
Epoch  36/100  train=0.0271  val=0.0202  lr=7.30e-05  time=4.7s
  -> saved checkpoint (val=0.0202)
Epoch  37/100  train=0.0274  val=0.0201  lr=7.16e-05  time=4.7s
  -> saved checkpoint (val=0.0201)
Epoch  38/100  train=0.0281  val=0.0201  lr=7.02e-05  time=4.7s
  -> saved checkpoint (val=0.0201)
Epoch  39/100  train=0.0268  val=0.0202  lr=6.87e-05  time=4.7s
Epoch  40/100  train=0.0273  val=0.0200  lr=6.73e-05  time=4.7s
  -> saved checkpoint (val=0.0200)
Epoch  41/100  train=0.0273  val=0.0199  lr=6.58e-05  time=4.8s
  -> saved checkpoint (val=0.0199)
Epoch  42/100  train=0.0270  val=0.0199  lr=6.43e-05  time=4.7s
  -> saved checkpoint (val=0.0199)
Epoch  43/100  train=0.0293  val=0.0204  lr=6.28e-05  time=4.7s
Epoch  44/100  train=0.0263  val=0.0199  lr=6.13e-05  time=4.7s
  -> saved checkpoint (val=0.0199)
Epoch  45/100  train=0.0269  val=0.0197  lr=5.98e-05  time=4.7s
  -> saved checkpoint (val=0.0197)
Epoch  46/100  train=0.0266  val=0.0196  lr=5.82e-05  time=4.7s
  -> saved checkpoint (val=0.0196)
Epoch  47/100  train=0.0279  val=0.0202  lr=5.67e-05  time=4.7s
Epoch  48/100  train=0.0268  val=0.0196  lr=5.52e-05  time=4.8s
  -> saved checkpoint (val=0.0196)
Epoch  49/100  train=0.0263  val=0.0195  lr=5.36e-05  time=4.7s
  -> saved checkpoint (val=0.0195)
Epoch  50/100  train=0.0269  val=0.0195  lr=5.21e-05  time=4.7s
  -> saved checkpoint (val=0.0195)
Epoch  51/100  train=0.0275  val=0.0194  lr=5.05e-05  time=4.7s
  -> saved checkpoint (val=0.0194)
Epoch  52/100  train=0.0267  val=0.0197  lr=4.89e-05  time=4.7s
Epoch  53/100  train=0.0269  val=0.0212  lr=4.74e-05  time=4.7s
Epoch  54/100  train=0.0264  val=0.0195  lr=4.58e-05  time=4.7s
Epoch  55/100  train=0.0272  val=0.0193  lr=4.43e-05  time=4.7s
  -> saved checkpoint (val=0.0193)
Epoch  56/100  train=0.0257  val=0.0192  lr=4.28e-05  time=4.8s
  -> saved checkpoint (val=0.0192)
Epoch  57/100  train=0.0268  val=0.0199  lr=4.12e-05  time=4.7s
Epoch  58/100  train=0.0261  val=0.0192  lr=3.97e-05  time=4.7s
  -> saved checkpoint (val=0.0192)
Epoch  59/100  train=0.0260  val=0.0191  lr=3.82e-05  time=4.7s
  -> saved checkpoint (val=0.0191)
Epoch  60/100  train=0.0253  val=0.0191  lr=3.67e-05  time=4.7s
  -> saved checkpoint (val=0.0191)
Epoch  61/100  train=0.0262  val=0.0190  lr=3.52e-05  time=4.7s
  -> saved checkpoint (val=0.0190)
Epoch  62/100  train=0.0327  val=0.0191  lr=3.37e-05  time=4.7s
Epoch  63/100  train=0.0267  val=0.0203  lr=3.23e-05  time=4.8s
Epoch  64/100  train=0.0265  val=0.0191  lr=3.08e-05  time=4.7s
Epoch  65/100  train=0.0266  val=0.0190  lr=2.94e-05  time=4.7s
Epoch  66/100  train=0.0249  val=0.0189  lr=2.80e-05  time=4.7s
  -> saved checkpoint (val=0.0189)
Epoch  67/100  train=0.0261  val=0.0189  lr=2.67e-05  time=4.7s
Epoch  68/100  train=0.0268  val=0.0190  lr=2.53e-05  time=4.7s
Epoch  69/100  train=0.0267  val=0.0202  lr=2.40e-05  time=4.7s
Epoch  70/100  train=0.0256  val=0.0189  lr=2.27e-05  time=4.8s
  -> saved checkpoint (val=0.0189)
Epoch  71/100  train=0.0255  val=0.0188  lr=2.14e-05  time=4.7s
  -> saved checkpoint (val=0.0188)
Epoch  72/100  train=0.0264  val=0.0189  lr=2.02e-05  time=4.7s
Epoch  73/100  train=0.0264  val=0.0191  lr=1.89e-05  time=4.7s
Epoch  74/100  train=0.0257  val=0.0189  lr=1.78e-05  time=4.7s
Epoch  75/100  train=0.0263  val=0.0193  lr=1.66e-05  time=4.7s
Epoch  76/100  train=0.0265  val=0.0188  lr=1.55e-05  time=4.7s
  -> saved checkpoint (val=0.0188)
Epoch  77/100  train=0.0252  val=0.0188  lr=1.44e-05  time=4.8s
  -> saved checkpoint (val=0.0188)
Epoch  78/100  train=0.0256  val=0.0188  lr=1.34e-05  time=4.7s
Epoch  79/100  train=0.0265  val=0.0188  lr=1.24e-05  time=4.7s
  -> saved checkpoint (val=0.0188)
Epoch  80/100  train=0.0262  val=0.0188  lr=1.14e-05  time=4.7s
Epoch  81/100  train=0.0256  val=0.0192  lr=1.05e-05  time=4.7s
Epoch  82/100  train=0.0260  val=0.0189  lr=9.56e-06  time=4.7s
Epoch  83/100  train=0.0248  val=0.0188  lr=8.71e-06  time=4.7s
  -> saved checkpoint (val=0.0188)
Epoch  84/100  train=0.0262  val=0.0188  lr=7.89e-06  time=4.8s
Epoch  85/100  train=0.0255  val=0.0188  lr=7.12e-06  time=4.7s
Epoch  86/100  train=0.0302  val=0.0188  lr=6.40e-06  time=4.7s
Epoch  87/100  train=0.0263  val=0.0190  lr=5.71e-06  time=4.7s
Epoch  88/100  train=0.0263  val=0.0188  lr=5.07e-06  time=4.7s
  -> saved checkpoint (val=0.0188)
Epoch  89/100  train=0.0272  val=0.0188  lr=4.48e-06  time=4.7s
  -> saved checkpoint (val=0.0188)
Epoch  90/100  train=0.0256  val=0.0188  lr=3.93e-06  time=4.7s
Epoch  91/100  train=0.0258  val=0.0188  lr=3.42e-06  time=4.8s
Epoch  92/100  train=0.0259  val=0.0189  lr=2.97e-06  time=4.7s
Epoch  93/100  train=0.0259  val=0.0188  lr=2.56e-06  time=4.7s
Epoch  94/100  train=0.0277  val=0.0188  lr=2.19e-06  time=4.7s
  -> saved checkpoint (val=0.0188)
Epoch  95/100  train=0.0255  val=0.0188  lr=1.88e-06  time=4.7s
Epoch  96/100  train=0.0265  val=0.0188  lr=1.61e-06  time=4.7s
Epoch  97/100  train=0.0258  val=0.0188  lr=1.39e-06  time=4.7s
Epoch  98/100  train=0.0256  val=0.0188  lr=1.22e-06  time=4.8s
Epoch  99/100  train=0.0252  val=0.0188  lr=1.10e-06  time=4.7s
Epoch 100/100  train=0.0259  val=0.0188  lr=1.02e-06  time=4.7s

Probe training complete. Best val loss: 0.0188
Losses saved to: results/probe_losses.csv
=== Stage: probe_baseline ===
Low drift floats:    140
Depth observations:  1121134

Region distribution:
region
tropics               86
northeast_atlantic    24
subpolar              16
subtropical_west       6
subtropical_east       5
northwest_atlantic     3
Name: count, dtype: int64

O2 floats: 34 / 140
  Region 'northwest_atlantic' has only 3 remaining floats — assigning all to train
  Region 'subtropical_east' has only 4 remaining floats — assigning all to train

Float counts by split:
  train :  95 floats  (16 with O2)
  test  :  25 floats  (6 with O2)
  probe :  20 floats  (12 with O2)

Row counts by split:
split
train    752849
probe    206371
test     161914
Name: count, dtype: int64

Float counts by region and split:
split               probe  test  train
region                                
northeast_atlantic      4     4     16
northwest_atlantic      0     0      3
subpolar                3     3     10
subtropical_east        1     0      4
subtropical_west        2     1      3
tropics                10    17     59
Probe casts: 2827
Using device: cuda
Building probe windows...
Probe windows: 1377
Epoch   1/100  train=634.5568  val=46.4502  time=3.9s
  -> saved checkpoint (val=46.4502)
Epoch   2/100  train=8.5306  val=0.0380  time=3.9s
  -> saved checkpoint (val=0.0380)
Epoch   3/100  train=0.2575  val=0.0467  time=3.9s
Epoch   4/100  train=0.0342  val=0.0275  time=3.9s
  -> saved checkpoint (val=0.0275)
Epoch   5/100  train=0.0344  val=0.0271  time=3.9s
  -> saved checkpoint (val=0.0271)
Epoch   6/100  train=0.0332  val=0.0270  time=4.0s
  -> saved checkpoint (val=0.0270)
Epoch   7/100  train=0.0347  val=0.0295  time=3.9s
Epoch   8/100  train=0.0325  val=0.0261  time=3.9s
  -> saved checkpoint (val=0.0261)
Epoch   9/100  train=0.0322  val=0.0260  time=3.9s
  -> saved checkpoint (val=0.0260)
Epoch  10/100  train=0.0321  val=0.0256  time=3.9s
  -> saved checkpoint (val=0.0256)
Epoch  11/100  train=0.0312  val=0.0257  time=3.9s
Epoch  12/100  train=0.0318  val=0.0251  time=3.9s
  -> saved checkpoint (val=0.0251)
Epoch  13/100  train=0.0813  val=0.5330  time=3.9s
Epoch  14/100  train=0.0992  val=0.0274  time=3.9s
Epoch  15/100  train=0.0309  val=0.0246  time=3.9s
  -> saved checkpoint (val=0.0246)
Epoch  16/100  train=0.0308  val=0.0242  time=3.9s
  -> saved checkpoint (val=0.0242)
Epoch  17/100  train=0.0307  val=0.0238  time=4.0s
  -> saved checkpoint (val=0.0238)
Epoch  18/100  train=0.0304  val=0.0237  time=3.9s
  -> saved checkpoint (val=0.0237)
Epoch  19/100  train=0.0305  val=0.0236  time=3.9s
  -> saved checkpoint (val=0.0236)
Epoch  20/100  train=0.0307  val=0.0234  time=3.9s
  -> saved checkpoint (val=0.0234)
Epoch  21/100  train=0.0304  val=0.0240  time=3.9s
Epoch  22/100  train=0.0350  val=0.0258  time=3.9s
Epoch  23/100  train=0.0294  val=0.0235  time=3.9s
Epoch  24/100  train=0.0293  val=0.0241  time=3.9s
Epoch  25/100  train=0.0304  val=0.0238  time=3.9s
Epoch  26/100  train=0.0308  val=0.0241  time=3.9s
Epoch  27/100  train=0.0312  val=0.0230  time=3.9s
  -> saved checkpoint (val=0.0230)
Epoch  28/100  train=0.0295  val=0.0233  time=3.9s
Epoch  29/100  train=0.0297  val=0.0229  time=4.0s
  -> saved checkpoint (val=0.0229)
Epoch  30/100  train=0.0298  val=0.0229  time=3.9s
Epoch  31/100  train=0.0293  val=0.0228  time=3.9s
  -> saved checkpoint (val=0.0228)
Epoch  32/100  train=0.0304  val=0.0228  time=3.9s
Epoch  33/100  train=0.0291  val=0.0241  time=3.9s
Epoch  34/100  train=0.0296  val=0.0227  time=3.9s
  -> saved checkpoint (val=0.0227)
Epoch  35/100  train=0.0296  val=0.0228  time=3.9s
Epoch  36/100  train=0.0317  val=0.0236  time=3.9s
Epoch  37/100  train=0.0289  val=0.0236  time=3.9s
Epoch  38/100  train=0.0287  val=0.0227  time=3.9s
  -> saved checkpoint (val=0.0227)
Epoch  39/100  train=0.0303  val=0.0231  time=3.9s
Epoch  40/100  train=0.0289  val=0.0227  time=4.0s
  -> saved checkpoint (val=0.0227)
Epoch  41/100  train=0.0300  val=0.0228  time=3.9s
Epoch  42/100  train=0.0295  val=0.0226  time=3.9s
  -> saved checkpoint (val=0.0226)
Epoch  43/100  train=0.0290  val=0.0235  time=3.9s
Epoch  44/100  train=0.0297  val=0.0228  time=3.9s
Epoch  45/100  train=0.0285  val=0.0225  time=3.9s
  -> saved checkpoint (val=0.0225)
Epoch  46/100  train=0.0287  val=0.0235  time=3.9s
Epoch  47/100  train=0.0309  val=0.0226  time=3.9s
Epoch  48/100  train=0.0304  val=0.0225  time=3.9s
Epoch  49/100  train=0.0286  val=0.0225  time=3.9s
  -> saved checkpoint (val=0.0225)
Epoch  50/100  train=0.0288  val=0.0225  time=3.9s
  -> saved checkpoint (val=0.0225)
Epoch  51/100  train=0.0294  val=0.0249  time=4.0s
Epoch  52/100  train=0.0312  val=0.0227  time=3.9s
Epoch  53/100  train=0.0297  val=0.0226  time=3.8s
Epoch  54/100  train=0.0291  val=0.0224  time=3.8s
  -> saved checkpoint (val=0.0224)
Epoch  55/100  train=0.0306  val=0.0241  time=3.8s
Epoch  56/100  train=0.0304  val=0.0228  time=3.8s
Epoch  57/100  train=0.0293  val=0.0224  time=3.8s
  -> saved checkpoint (val=0.0224)
Epoch  58/100  train=0.0313  val=0.0253  time=3.8s
Epoch  59/100  train=0.0302  val=0.0226  time=3.8s
Epoch  60/100  train=0.0286  val=0.0225  time=3.8s
Epoch  61/100  train=0.0291  val=0.0224  time=3.8s
Epoch  62/100  train=0.0304  val=0.0226  time=3.8s
Epoch  63/100  train=0.0311  val=0.0227  time=3.9s
Epoch  64/100  train=0.0315  val=0.0225  time=3.8s
Epoch  65/100  train=0.0310  val=0.0224  time=3.8s
Epoch  66/100  train=0.0287  val=0.0238  time=3.8s
Epoch  67/100  train=0.0303  val=0.0265  time=3.8s
Epoch  68/100  train=0.0301  val=0.0259  time=3.8s
Epoch  69/100  train=0.0322  val=0.0228  time=3.8s
Epoch  70/100  train=0.0308  val=0.0304  time=3.8s
Epoch  71/100  train=0.0317  val=0.0234  time=3.8s
Epoch  72/100  train=0.0298  val=0.0237  time=3.8s
Epoch  73/100  train=0.0311  val=0.0225  time=3.8s
Epoch  74/100  train=0.0302  val=0.0236  time=3.9s
Epoch  75/100  train=0.0303  val=0.0294  time=3.8s
Epoch  76/100  train=0.0318  val=0.0224  time=3.8s
Epoch  77/100  train=0.0293  val=0.0239  time=3.8s
Epoch  78/100  train=0.0310  val=0.0231  time=3.8s
Epoch  79/100  train=0.0345  val=0.0227  time=3.8s
Epoch  80/100  train=0.0287  val=0.0241  time=3.8s
Epoch  81/100  train=0.0301  val=0.0250  time=3.8s
Epoch  82/100  train=0.0314  val=0.0263  time=3.8s
Epoch  83/100  train=0.0329  val=0.0505  time=3.8s
Epoch  84/100  train=0.0321  val=0.0225  time=3.8s
Epoch  85/100  train=0.0309  val=0.0226  time=3.9s
Epoch  86/100  train=0.0331  val=0.0262  time=3.8s
Epoch  87/100  train=0.0358  val=0.0224  time=3.8s
  -> saved checkpoint (val=0.0224)
Epoch  88/100  train=0.0296  val=0.0231  time=3.8s
Epoch  89/100  train=0.0307  val=0.0312  time=3.8s
Epoch  90/100  train=0.0344  val=0.0277  time=3.8s
Epoch  91/100  train=0.0337  val=0.0247  time=3.8s
Epoch  92/100  train=0.0328  val=0.0286  time=3.8s
Epoch  93/100  train=0.0307  val=0.0229  time=3.8s
Epoch  94/100  train=0.0302  val=0.0226  time=3.8s
Epoch  95/100  train=0.0326  val=0.0228  time=3.8s
Epoch  96/100  train=0.0377  val=0.0256  time=3.9s
Epoch  97/100  train=0.0318  val=0.0244  time=3.8s
Epoch  98/100  train=0.0322  val=0.0226  time=3.8s
Epoch  99/100  train=0.0306  val=0.0248  time=3.8s
Epoch 100/100  train=0.0310  val=0.0327  time=3.8s

Baseline training complete. Best val loss: 0.0224
Checkpoint saved to: checkpoints/probe_baseline_best.pt
=== Stage: gru ===
Using device: cuda
Loading latent cycles from checkpoints/latent_cycles.pt
Building train windows...
Train windows: 4991
Building val windows...
Val windows: 1065
Epoch   1/40  train=0.9519  val=0.1139  time=0.6s
  -> saved checkpoint (val=0.1139)
Epoch   2/40  train=0.1289  val=0.0701  time=0.5s
  -> saved checkpoint (val=0.0701)
Epoch   3/40  train=0.0830  val=0.0687  time=0.5s
  -> saved checkpoint (val=0.0687)
Epoch   4/40  train=0.0670  val=0.0643  time=0.5s
  -> saved checkpoint (val=0.0643)
Epoch   5/40  train=0.0604  val=0.0627  time=0.5s
  -> saved checkpoint (val=0.0627)
Epoch   6/40  train=0.0561  val=0.0579  time=0.5s
  -> saved checkpoint (val=0.0579)
Epoch   7/40  train=0.0525  val=0.0590  time=0.5s
Epoch   8/40  train=0.0509  val=0.0555  time=0.5s
  -> saved checkpoint (val=0.0555)
Epoch   9/40  train=0.0486  val=0.0584  time=0.5s
Epoch  10/40  train=0.0484  val=0.0539  time=0.5s
  -> saved checkpoint (val=0.0539)
Epoch  11/40  train=0.0468  val=0.0584  time=0.5s
Epoch  12/40  train=0.0455  val=0.0554  time=0.5s
Epoch  13/40  train=0.0456  val=0.0539  time=0.5s
Epoch  14/40  train=0.0435  val=0.0530  time=0.5s
  -> saved checkpoint (val=0.0530)
Epoch  15/40  train=0.0435  val=0.0539  time=0.5s
Epoch  16/40  train=0.0427  val=0.0537  time=0.5s
Epoch  17/40  train=0.0432  val=0.0553  time=0.5s
Epoch  18/40  train=0.0423  val=0.0556  time=0.5s
Epoch  19/40  train=0.0414  val=0.0543  time=0.5s
Epoch  20/40  train=0.0417  val=0.0526  time=0.5s
  -> saved checkpoint (val=0.0526)
Epoch  21/40  train=0.0406  val=0.0535  time=0.5s
Epoch  22/40  train=0.0411  val=0.0550  time=0.5s
Epoch  23/40  train=0.0400  val=0.0530  time=0.5s
Epoch  24/40  train=0.0399  val=0.0587  time=0.5s
Epoch  25/40  train=0.0397  val=0.0540  time=0.5s
Epoch  26/40  train=0.0391  val=0.0545  time=0.5s
Epoch  27/40  train=0.0391  val=0.0541  time=0.5s
Epoch  28/40  train=0.0388  val=0.0548  time=0.5s
Epoch  29/40  train=0.0386  val=0.0560  time=0.5s
Epoch  30/40  train=0.0388  val=0.0539  time=0.5s
Epoch  31/40  train=0.0386  val=0.0556  time=0.5s
Epoch  32/40  train=0.0383  val=0.0554  time=0.5s
Epoch  33/40  train=0.0376  val=0.0549  time=0.5s
Epoch  34/40  train=0.0371  val=0.0534  time=0.5s
Epoch  35/40  train=0.0373  val=0.0556  time=0.5s
Epoch  36/40  train=0.0367  val=0.0551  time=0.5s
Epoch  37/40  train=0.0372  val=0.0550  time=0.5s
Epoch  38/40  train=0.0371  val=0.0543  time=0.5s
Epoch  39/40  train=0.0366  val=0.0563  time=0.5s
Epoch  40/40  train=0.0366  val=0.0556  time=0.5s

GRU training complete. Best val loss: 0.0526
Losses saved to: results/gru_losses.csv
=== Stage: gru_probe ===
Low drift floats:    140
Depth observations:  1121134

Region distribution:
region
tropics               86
northeast_atlantic    24
subpolar              16
subtropical_west       6
subtropical_east       5
northwest_atlantic     3
Name: count, dtype: int64

O2 floats: 34 / 140
  Region 'northwest_atlantic' has only 3 remaining floats — assigning all to train
  Region 'subtropical_east' has only 4 remaining floats — assigning all to train

Float counts by split:
  train :  95 floats  (16 with O2)
  test  :  25 floats  (6 with O2)
  probe :  20 floats  (12 with O2)

Row counts by split:
split
train    752849
probe    206371
test     161914
Name: count, dtype: int64

Float counts by region and split:
split               probe  test  train
region                                
northeast_atlantic      4     4     16
northwest_atlantic      0     0      3
subpolar                3     3     10
subtropical_east        1     0      4
subtropical_west        2     1      3
tropics                10    17     59
Probe casts: 2827
Using device: cuda
Building probe windows...
Probe windows: 1377
Epoch   1/100  train=1.1663  val=0.0250  time=3.9s
  -> saved checkpoint (val=0.0250)
Epoch   2/100  train=0.0550  val=0.0303  time=3.9s
Epoch   3/100  train=0.0286  val=0.0201  time=3.9s
  -> saved checkpoint (val=0.0201)
Epoch   4/100  train=0.0288  val=0.0202  time=3.9s
Epoch   5/100  train=0.0279  val=0.0201  time=3.9s
  -> saved checkpoint (val=0.0201)
Epoch   6/100  train=0.0270  val=0.0190  time=3.9s
  -> saved checkpoint (val=0.0190)
Epoch   7/100  train=0.0269  val=0.0187  time=3.9s
  -> saved checkpoint (val=0.0187)
Epoch   8/100  train=0.0267  val=0.0192  time=3.9s
Epoch   9/100  train=0.0277  val=0.0186  time=3.9s
  -> saved checkpoint (val=0.0186)
Epoch  10/100  train=0.0277  val=0.0264  time=3.9s
Epoch  11/100  train=0.0264  val=0.0193  time=4.0s
Epoch  12/100  train=0.0259  val=0.0182  time=3.9s
  -> saved checkpoint (val=0.0182)
Epoch  13/100  train=0.0254  val=0.0185  time=3.9s
Epoch  14/100  train=0.0254  val=0.0189  time=3.9s
Epoch  15/100  train=0.0265  val=0.0196  time=3.9s
Epoch  16/100  train=0.0272  val=0.0209  time=3.9s
Epoch  17/100  train=0.0291  val=0.0418  time=3.9s
Epoch  18/100  train=0.0380  val=0.0205  time=4.0s
Epoch  19/100  train=0.0319  val=0.0381  time=3.9s
Epoch  20/100  train=0.0292  val=0.0192  time=3.9s
Epoch  21/100  train=0.0274  val=0.0189  time=3.9s
Epoch  22/100  train=0.0290  val=0.0218  time=3.9s
Epoch  23/100  train=0.0308  val=0.0208  time=3.9s
Epoch  24/100  train=0.0278  val=0.0184  time=3.9s
Epoch  25/100  train=0.0320  val=0.0248  time=4.0s
Epoch  26/100  train=0.0275  val=0.0241  time=3.9s
Epoch  27/100  train=0.0284  val=0.0440  time=3.9s
Epoch  28/100  train=0.0355  val=0.0775  time=3.9s
Epoch  29/100  train=0.0747  val=0.0474  time=3.9s
Epoch  30/100  train=0.0472  val=0.0312  time=3.9s
Epoch  31/100  train=0.0342  val=0.0198  time=3.9s
Epoch  32/100  train=0.0335  val=0.0177  time=4.0s
  -> saved checkpoint (val=0.0177)
Epoch  33/100  train=0.0274  val=0.0214  time=3.9s
Epoch  34/100  train=0.0335  val=0.0178  time=3.9s
Epoch  35/100  train=0.0303  val=0.0191  time=3.9s
Epoch  36/100  train=0.0329  val=0.0229  time=3.9s
Epoch  37/100  train=0.0471  val=0.0924  time=3.9s
Epoch  38/100  train=0.0568  val=0.0212  time=3.9s
Epoch  39/100  train=0.0286  val=0.0187  time=3.9s
Epoch  40/100  train=0.0328  val=0.0180  time=4.0s
Epoch  41/100  train=0.0433  val=0.0316  time=3.9s
Epoch  42/100  train=0.0326  val=0.0184  time=3.9s
Epoch  43/100  train=0.0308  val=0.0179  time=3.9s
Epoch  44/100  train=0.0316  val=0.0240  time=3.9s
Epoch  45/100  train=0.0312  val=0.0180  time=3.9s
Epoch  46/100  train=0.0383  val=0.0179  time=3.9s
Epoch  47/100  train=0.0329  val=0.0177  time=4.0s
  -> saved checkpoint (val=0.0177)
Epoch  48/100  train=0.0334  val=0.0249  time=3.9s
Epoch  49/100  train=0.0394  val=0.0915  time=3.9s
Epoch  50/100  train=0.0973  val=0.0265  time=3.9s
Epoch  51/100  train=0.0521  val=0.0180  time=3.9s
Epoch  52/100  train=0.0423  val=0.0203  time=3.9s
Epoch  53/100  train=0.0373  val=0.0188  time=3.9s
Epoch  54/100  train=0.0361  val=0.0709  time=3.9s
Epoch  55/100  train=0.0455  val=0.0168  time=3.9s
  -> saved checkpoint (val=0.0168)
Epoch  56/100  train=0.0519  val=0.0288  time=3.9s
Epoch  57/100  train=0.0445  val=0.0198  time=3.9s
Epoch  58/100  train=0.0357  val=0.0215  time=3.9s
Epoch  59/100  train=0.0398  val=0.0174  time=3.9s
Epoch  60/100  train=0.0275  val=0.0235  time=3.9s
Epoch  61/100  train=0.0298  val=0.0175  time=3.9s
Epoch  62/100  train=0.0303  val=0.0167  time=4.0s
  -> saved checkpoint (val=0.0167)
Epoch  63/100  train=0.0417  val=0.0194  time=3.9s
Epoch  64/100  train=0.0376  val=0.0173  time=3.9s
Epoch  65/100  train=0.0261  val=0.0301  time=3.9s
Epoch  66/100  train=0.0335  val=0.0304  time=3.9s
Epoch  67/100  train=0.0697  val=0.0907  time=3.9s
Epoch  68/100  train=0.0533  val=0.0175  time=4.0s
Epoch  69/100  train=0.0635  val=0.0171  time=3.9s
Epoch  70/100  train=0.0326  val=0.0198  time=3.9s
Epoch  71/100  train=0.0264  val=0.0180  time=3.9s
Epoch  72/100  train=0.0259  val=0.0168  time=3.9s
Epoch  73/100  train=0.0363  val=0.1104  time=3.9s
Epoch  74/100  train=0.0679  val=0.0344  time=3.9s
Epoch  75/100  train=0.0354  val=0.0190  time=3.9s
Epoch  76/100  train=0.0555  val=0.0274  time=4.0s
Epoch  77/100  train=0.0459  val=0.0279  time=3.9s
Epoch  78/100  train=0.0312  val=0.0289  time=3.9s
Epoch  79/100  train=0.0358  val=0.0277  time=3.9s
Epoch  80/100  train=0.0380  val=0.0162  time=3.9s
  -> saved checkpoint (val=0.0162)
Epoch  81/100  train=0.0337  val=0.0423  time=3.9s
Epoch  82/100  train=0.0284  val=0.0163  time=4.0s
Epoch  83/100  train=0.0266  val=0.0189  time=3.9s
Epoch  84/100  train=0.0255  val=0.0186  time=3.9s
Epoch  85/100  train=0.0288  val=0.0206  time=3.9s
Epoch  86/100  train=0.0376  val=0.0172  time=3.9s
Epoch  87/100  train=0.0410  val=0.0182  time=3.9s
Epoch  88/100  train=0.0277  val=0.0167  time=3.9s
Epoch  89/100  train=0.0269  val=0.0348  time=3.9s
Epoch  90/100  train=0.0294  val=0.0163  time=4.0s
Epoch  91/100  train=0.0245  val=0.0172  time=3.9s
Epoch  92/100  train=0.0338  val=0.0193  time=3.9s
Epoch  93/100  train=0.0317  val=0.0199  time=3.9s
Epoch  94/100  train=0.0263  val=0.0189  time=3.9s
Epoch  95/100  train=0.0328  val=0.0328  time=3.9s
Epoch  96/100  train=0.0304  val=0.0754  time=3.9s
Epoch  97/100  train=0.0349  val=0.0164  time=4.0s
Epoch  98/100  train=0.0250  val=0.0164  time=3.9s
Epoch  99/100  train=0.0256  val=0.0173  time=3.9s
Epoch 100/100  train=0.0257  val=0.0187  time=3.9s

GRU probe training complete. Best val loss: 0.0162
Losses saved to: results/gru_probe_losses.csv
======================================================
End Time : Sat Mar 21 09:10:05 PM EDT 2026
======================================================
