======================================================
Start Time  : Mon Mar 23 09:18:09 PM EDT 2026
Submit Dir  : /users/sphill86/ocean_dynamics_2
Job ID/Name : 10457225 / ocean_latent_ode
Partition   : GPU
======================================================
=== Stage: split ===
Low drift floats:    140
Depth observations:  1121134

Region distribution:
region
tropics               86
northeast_atlantic    24
subpolar              16
subtropical_west       6
subtropical_east       5
northwest_atlantic     3
Name: count, dtype: int64

O2 floats: 34 / 140
  Region 'northwest_atlantic' has only 3 remaining floats — assigning all to train
  Region 'subtropical_east' has only 4 remaining floats — assigning all to train

Float counts by split:
  train :  95 floats  (16 with O2)
  test  :  25 floats  (6 with O2)
  probe :  20 floats  (12 with O2)

Row counts by split:
split
train    752849
probe    206371
test     161914
Name: count, dtype: int64

Float counts by region and split:
split               probe  test  train
region                                
northeast_atlantic      4     4     16
northwest_atlantic      0     0      3
subpolar                3     3     10
subtropical_east        1     0      4
subtropical_west        2     1      3
tropics                10    17     59
Split complete.
=== Stage: encoder ===
Using device: cuda
Low drift floats:    140
Depth observations:  1121134

Region distribution:
region
tropics               86
northeast_atlantic    24
subpolar              16
subtropical_west       6
subtropical_east       5
northwest_atlantic     3
Name: count, dtype: int64

O2 floats: 34 / 140
  Region 'northwest_atlantic' has only 3 remaining floats — assigning all to train
  Region 'subtropical_east' has only 4 remaining floats — assigning all to train

Float counts by split:
  train :  95 floats  (16 with O2)
  test  :  25 floats  (6 with O2)
  probe :  20 floats  (12 with O2)

Row counts by split:
split
train    752849
probe    206371
test     161914
Name: count, dtype: int64

Float counts by region and split:
split               probe  test  train
region                                
northeast_atlantic      4     4     16
northwest_atlantic      0     0      3
subpolar                3     3     10
subtropical_east        1     0      4
subtropical_west        2     1      3
tropics                10    17     59
Epoch   1/40  train=1.0665  val=0.0351  time=13.6s
Saved autoencoder to checkpoints/autoencoder_best.pt
  -> saved checkpoint (val=0.0351)
Epoch   2/40  train=0.0307  val=0.0337  time=7.1s
Saved autoencoder to checkpoints/autoencoder_best.pt
  -> saved checkpoint (val=0.0337)
Epoch   3/40  train=0.0279  val=0.0283  time=7.0s
Saved autoencoder to checkpoints/autoencoder_best.pt
  -> saved checkpoint (val=0.0283)
Epoch   4/40  train=0.0236  val=0.0293  time=7.2s
Epoch   5/40  train=0.0215  val=0.0230  time=7.0s
Saved autoencoder to checkpoints/autoencoder_best.pt
  -> saved checkpoint (val=0.0230)
Epoch   6/40  train=0.0211  val=0.0196  time=7.0s
Saved autoencoder to checkpoints/autoencoder_best.pt
  -> saved checkpoint (val=0.0196)
Epoch   7/40  train=0.0185  val=0.0179  time=7.0s
Saved autoencoder to checkpoints/autoencoder_best.pt
  -> saved checkpoint (val=0.0179)
Epoch   8/40  train=0.0186  val=0.0169  time=7.2s
Saved autoencoder to checkpoints/autoencoder_best.pt
  -> saved checkpoint (val=0.0169)
Epoch   9/40  train=0.0197  val=0.0295  time=7.0s
Epoch  10/40  train=0.0178  val=0.0255  time=7.0s
Epoch  11/40  train=0.0201  val=0.0184  time=7.0s
Epoch  12/40  train=0.0160  val=0.0345  time=7.2s
Epoch  13/40  train=0.0176  val=0.0144  time=7.0s
Saved autoencoder to checkpoints/autoencoder_best.pt
  -> saved checkpoint (val=0.0144)
Epoch  14/40  train=0.0189  val=0.0250  time=7.0s
Epoch  15/40  train=0.0154  val=0.0252  time=7.0s
Epoch  16/40  train=0.0185  val=0.0120  time=7.2s
Saved autoencoder to checkpoints/autoencoder_best.pt
  -> saved checkpoint (val=0.0120)
Epoch  17/40  train=0.0132  val=0.0257  time=7.0s
Epoch  18/40  train=0.0176  val=0.0103  time=7.0s
Saved autoencoder to checkpoints/autoencoder_best.pt
  -> saved checkpoint (val=0.0103)
Epoch  19/40  train=0.0157  val=0.0155  time=7.0s
Epoch  20/40  train=0.0142  val=0.0135  time=7.2s
Epoch  21/40  train=0.0131  val=0.0142  time=7.0s
Epoch  22/40  train=0.0133  val=0.0094  time=7.0s
Saved autoencoder to checkpoints/autoencoder_best.pt
  -> saved checkpoint (val=0.0094)
Epoch  23/40  train=0.0132  val=0.0226  time=7.0s
Epoch  24/40  train=0.0132  val=0.0101  time=7.2s
Epoch  25/40  train=0.0114  val=0.0141  time=7.0s
Epoch  26/40  train=0.0150  val=0.0187  time=7.0s
Epoch  27/40  train=0.0103  val=0.0115  time=7.2s
Epoch  28/40  train=0.0102  val=0.0098  time=7.1s
Epoch  29/40  train=0.0107  val=0.0113  time=7.0s
Epoch  30/40  train=0.0111  val=0.0152  time=7.0s
Epoch  31/40  train=0.0105  val=0.0093  time=7.0s
Saved autoencoder to checkpoints/autoencoder_best.pt
  -> saved checkpoint (val=0.0093)
Epoch  32/40  train=0.0095  val=0.0115  time=7.2s
Epoch  33/40  train=0.0097  val=0.0087  time=7.0s
Saved autoencoder to checkpoints/autoencoder_best.pt
  -> saved checkpoint (val=0.0087)
Epoch  34/40  train=0.0087  val=0.0091  time=7.0s
Epoch  35/40  train=0.0090  val=0.0124  time=7.2s
Epoch  36/40  train=0.0089  val=0.0112  time=7.0s
Epoch  37/40  train=0.0081  val=0.0081  time=7.0s
Saved autoencoder to checkpoints/autoencoder_best.pt
  -> saved checkpoint (val=0.0081)
Epoch  38/40  train=0.0090  val=0.0128  time=7.0s
Epoch  39/40  train=0.0085  val=0.0221  time=7.1s
Epoch  40/40  train=0.0089  val=0.0094  time=7.0s

Encoder training complete. Best val loss: 0.0081
Losses saved to: results/encoder_losses.csv
=== Stage: encode ===
Low drift floats:    140
Depth observations:  1121134

Region distribution:
region
tropics               86
northeast_atlantic    24
subpolar              16
subtropical_west       6
subtropical_east       5
northwest_atlantic     3
Name: count, dtype: int64

O2 floats: 34 / 140
  Region 'northwest_atlantic' has only 3 remaining floats — assigning all to train
  Region 'subtropical_east' has only 4 remaining floats — assigning all to train

Float counts by split:
  train :  95 floats  (16 with O2)
  test  :  25 floats  (6 with O2)
  probe :  20 floats  (12 with O2)

Row counts by split:
split
train    752849
probe    206371
test     161914
Name: count, dtype: int64

Float counts by region and split:
split               probe  test  train
region                                
northeast_atlantic      4     4     16
northwest_atlantic      0     0      3
subpolar                3     3     10
subtropical_east        1     0      4
subtropical_west        2     1      3
tropics                10    17     59
Latent train: 10313 casts
Latent val:   2218 casts
Latent probe: 2827 casts
Saved latent cycles to checkpoints/latent_cycles.pt
=== Stage: ode ===
Using device: cuda
Loading latent cycles from checkpoints/latent_cycles.pt
Building train windows...
Train windows: 2474
Building val windows...
Val windows: 464
Epoch   1/40  train=643.8029  val=112.4981  time=37.4s
  -> saved checkpoint (val=112.4981)
Epoch   2/40  train=86.0212  val=56.1571  time=40.5s
  -> saved checkpoint (val=56.1571)
Epoch   3/40  train=46.1518  val=35.6570  time=41.2s
  -> saved checkpoint (val=35.6570)
Epoch   4/40  train=32.1039  val=27.0993  time=40.4s
  -> saved checkpoint (val=27.0993)
Epoch   5/40  train=24.7633  val=21.3799  time=39.2s
  -> saved checkpoint (val=21.3799)
Epoch   6/40  train=19.8940  val=18.3885  time=38.6s
  -> saved checkpoint (val=18.3885)
Epoch   7/40  train=15.7756  val=15.3585  time=37.7s
  -> saved checkpoint (val=15.3585)
Epoch   8/40  train=12.4650  val=11.7433  time=36.4s
  -> saved checkpoint (val=11.7433)
Epoch   9/40  train=9.7326  val=7.4494  time=35.2s
  -> saved checkpoint (val=7.4494)
Epoch  10/40  train=7.1341  val=5.8452  time=34.0s
  -> saved checkpoint (val=5.8452)
Epoch  11/40  train=5.8069  val=4.9222  time=33.0s
  -> saved checkpoint (val=4.9222)
Epoch  12/40  train=4.8157  val=4.2344  time=32.4s
  -> saved checkpoint (val=4.2344)
Epoch  13/40  train=4.1726  val=3.6578  time=31.8s
  -> saved checkpoint (val=3.6578)
Epoch  14/40  train=3.5874  val=3.1742  time=31.1s
  -> saved checkpoint (val=3.1742)
Epoch  15/40  train=3.0948  val=2.6669  time=30.5s
  -> saved checkpoint (val=2.6669)
Epoch  16/40  train=2.8486  val=2.6992  time=30.1s
Epoch  17/40  train=2.5352  val=2.2556  time=30.2s
  -> saved checkpoint (val=2.2556)
Epoch  18/40  train=2.2201  val=2.0375  time=29.3s
  -> saved checkpoint (val=2.0375)
Epoch  19/40  train=2.0276  val=1.8819  time=29.0s
  -> saved checkpoint (val=1.8819)
Epoch  20/40  train=1.8778  val=1.8083  time=29.2s
  -> saved checkpoint (val=1.8083)
Epoch  21/40  train=2.5978  val=2.7408  time=29.9s
Epoch  22/40  train=1.8601  val=1.6494  time=29.2s
  -> saved checkpoint (val=1.6494)
Epoch  23/40  train=1.5746  val=1.5037  time=28.7s
  -> saved checkpoint (val=1.5037)
Epoch  24/40  train=1.4421  val=1.4904  time=28.6s
  -> saved checkpoint (val=1.4904)
Epoch  25/40  train=1.3639  val=1.4323  time=28.3s
  -> saved checkpoint (val=1.4323)
Epoch  26/40  train=1.3023  val=1.4113  time=28.2s
  -> saved checkpoint (val=1.4113)
Epoch  27/40  train=1.2306  val=1.3469  time=28.3s
  -> saved checkpoint (val=1.3469)
Epoch  28/40  train=1.1836  val=1.2581  time=28.0s
  -> saved checkpoint (val=1.2581)
Epoch  29/40  train=1.1462  val=1.2973  time=28.1s
Epoch  30/40  train=1.1010  val=1.2423  time=27.6s
  -> saved checkpoint (val=1.2423)
Epoch  31/40  train=1.0612  val=1.2436  time=27.7s
Epoch  32/40  train=1.0163  val=1.1839  time=27.4s
  -> saved checkpoint (val=1.1839)
Epoch  33/40  train=1.0031  val=1.1771  time=27.4s
  -> saved checkpoint (val=1.1771)
Epoch  34/40  train=0.9679  val=1.1516  time=26.9s
  -> saved checkpoint (val=1.1516)
Epoch  35/40  train=0.9367  val=1.1643  time=27.1s
Epoch  36/40  train=0.9097  val=1.1983  time=26.7s
Epoch  37/40  train=0.8816  val=1.0434  time=26.7s
  -> saved checkpoint (val=1.0434)
Epoch  38/40  train=0.8541  val=1.0815  time=26.5s
Epoch  39/40  train=0.8532  val=1.0525  time=26.4s
Epoch  40/40  train=0.8114  val=1.0105  time=26.1s
  -> saved checkpoint (val=1.0105)

NODE training complete. Best val loss: 1.0105
Losses saved to: results/node_losses.csv
=== Stage: probe ===
Low drift floats:    140
Depth observations:  1121134

Region distribution:
region
tropics               86
northeast_atlantic    24
subpolar              16
subtropical_west       6
subtropical_east       5
northwest_atlantic     3
Name: count, dtype: int64

O2 floats: 34 / 140
  Region 'northwest_atlantic' has only 3 remaining floats — assigning all to train
  Region 'subtropical_east' has only 4 remaining floats — assigning all to train

Float counts by split:
  train :  95 floats  (16 with O2)
  test  :  25 floats  (6 with O2)
  probe :  20 floats  (12 with O2)

Row counts by split:
split
train    752849
probe    206371
test     161914
Name: count, dtype: int64

Float counts by region and split:
split               probe  test  train
region                                
northeast_atlantic      4     4     16
northwest_atlantic      0     0      3
subpolar                3     3     10
subtropical_east        1     0      4
subtropical_west        2     1      3
tropics                10    17     59
Probe casts: 2827
Using device: cuda
Building probe windows...
Probe windows: 1377
Epoch   1/100  train=2.5602  val=0.2653  lr=1.00e-04  time=7.2s
  -> saved checkpoint (val=0.2653)
Epoch   2/100  train=0.2394  val=0.1499  lr=1.00e-04  time=6.2s
  -> saved checkpoint (val=0.1499)
Epoch   3/100  train=0.1069  val=0.0492  lr=9.99e-05  time=6.3s
  -> saved checkpoint (val=0.0492)
Epoch   4/100  train=0.0439  val=0.0304  lr=9.98e-05  time=6.2s
  -> saved checkpoint (val=0.0304)
Epoch   5/100  train=0.0334  val=0.0262  lr=9.96e-05  time=6.2s
  -> saved checkpoint (val=0.0262)
Epoch   6/100  train=0.0311  val=0.0226  lr=9.94e-05  time=6.2s
  -> saved checkpoint (val=0.0226)
Epoch   7/100  train=0.0290  val=0.0219  lr=9.91e-05  time=6.2s
  -> saved checkpoint (val=0.0219)
Epoch   8/100  train=0.0273  val=0.0211  lr=9.88e-05  time=6.2s
  -> saved checkpoint (val=0.0211)
Epoch   9/100  train=0.0279  val=0.0213  lr=9.84e-05  time=6.3s
Epoch  10/100  train=0.0274  val=0.0211  lr=9.80e-05  time=6.2s
  -> saved checkpoint (val=0.0211)
Epoch  11/100  train=0.0277  val=0.0201  lr=9.76e-05  time=6.2s
  -> saved checkpoint (val=0.0201)
Epoch  12/100  train=0.0272  val=0.0194  lr=9.71e-05  time=6.2s
  -> saved checkpoint (val=0.0194)
Epoch  13/100  train=0.0266  val=0.0191  lr=9.65e-05  time=6.2s
  -> saved checkpoint (val=0.0191)
Epoch  14/100  train=0.0271  val=0.0188  lr=9.59e-05  time=6.2s
  -> saved checkpoint (val=0.0188)
Epoch  15/100  train=0.0263  val=0.0186  lr=9.53e-05  time=6.2s
  -> saved checkpoint (val=0.0186)
Epoch  16/100  train=0.0259  val=0.0188  lr=9.46e-05  time=6.2s
Epoch  17/100  train=0.0264  val=0.0188  lr=9.39e-05  time=6.3s
Epoch  18/100  train=0.0260  val=0.0185  lr=9.31e-05  time=6.2s
  -> saved checkpoint (val=0.0185)
Epoch  19/100  train=0.0257  val=0.0193  lr=9.23e-05  time=6.2s
Epoch  20/100  train=0.0253  val=0.0179  lr=9.14e-05  time=6.2s
  -> saved checkpoint (val=0.0179)
Epoch  21/100  train=0.0252  val=0.0189  lr=9.05e-05  time=6.2s
Epoch  22/100  train=0.0264  val=0.0177  lr=8.96e-05  time=6.2s
  -> saved checkpoint (val=0.0177)
Epoch  23/100  train=0.0259  val=0.0176  lr=8.86e-05  time=6.2s
  -> saved checkpoint (val=0.0176)
Epoch  24/100  train=0.0256  val=0.0177  lr=8.76e-05  time=6.3s
Epoch  25/100  train=0.0255  val=0.0174  lr=8.66e-05  time=6.2s
  -> saved checkpoint (val=0.0174)
Epoch  26/100  train=0.0247  val=0.0174  lr=8.55e-05  time=6.2s
  -> saved checkpoint (val=0.0174)
Epoch  27/100  train=0.0249  val=0.0184  lr=8.44e-05  time=6.2s
Epoch  28/100  train=0.0256  val=0.0171  lr=8.32e-05  time=6.2s
  -> saved checkpoint (val=0.0171)
Epoch  29/100  train=0.0245  val=0.0171  lr=8.21e-05  time=6.2s
Epoch  30/100  train=0.0247  val=0.0175  lr=8.08e-05  time=6.3s
Epoch  31/100  train=0.0251  val=0.0169  lr=7.96e-05  time=6.2s
  -> saved checkpoint (val=0.0169)
Epoch  32/100  train=0.0243  val=0.0169  lr=7.83e-05  time=6.2s
  -> saved checkpoint (val=0.0169)
Epoch  33/100  train=0.0253  val=0.0167  lr=7.70e-05  time=6.2s
  -> saved checkpoint (val=0.0167)
Epoch  34/100  train=0.0247  val=0.0177  lr=7.57e-05  time=6.2s
Epoch  35/100  train=0.0252  val=0.0165  lr=7.43e-05  time=6.2s
  -> saved checkpoint (val=0.0165)
Epoch  36/100  train=0.0258  val=0.0165  lr=7.30e-05  time=6.2s
  -> saved checkpoint (val=0.0165)
Epoch  37/100  train=0.0253  val=0.0164  lr=7.16e-05  time=6.3s
  -> saved checkpoint (val=0.0164)
Epoch  38/100  train=0.0238  val=0.0167  lr=7.02e-05  time=6.2s
Epoch  39/100  train=0.0248  val=0.0164  lr=6.87e-05  time=6.2s
  -> saved checkpoint (val=0.0164)
Epoch  40/100  train=0.0241  val=0.0163  lr=6.73e-05  time=6.2s
  -> saved checkpoint (val=0.0163)
Epoch  41/100  train=0.0241  val=0.0165  lr=6.58e-05  time=6.2s
Epoch  42/100  train=0.0248  val=0.0164  lr=6.43e-05  time=6.2s
Epoch  43/100  train=0.0240  val=0.0161  lr=6.28e-05  time=6.2s
  -> saved checkpoint (val=0.0161)
Epoch  44/100  train=0.0240  val=0.0161  lr=6.13e-05  time=6.2s
  -> saved checkpoint (val=0.0161)
Epoch  45/100  train=0.0236  val=0.0164  lr=5.98e-05  time=6.3s
Epoch  46/100  train=0.0256  val=0.0161  lr=5.82e-05  time=6.2s
Epoch  47/100  train=0.0239  val=0.0160  lr=5.67e-05  time=6.2s
  -> saved checkpoint (val=0.0160)
Epoch  48/100  train=0.0237  val=0.0162  lr=5.52e-05  time=6.2s
Epoch  49/100  train=0.0241  val=0.0161  lr=5.36e-05  time=6.2s
Epoch  50/100  train=0.0279  val=0.0164  lr=5.21e-05  time=6.2s
Epoch  51/100  train=0.0253  val=0.0159  lr=5.05e-05  time=6.2s
  -> saved checkpoint (val=0.0159)
Epoch  52/100  train=0.0235  val=0.0159  lr=4.89e-05  time=6.3s
Epoch  53/100  train=0.0241  val=0.0158  lr=4.74e-05  time=6.2s
  -> saved checkpoint (val=0.0158)
Epoch  54/100  train=0.0271  val=0.0163  lr=4.58e-05  time=6.2s
Epoch  55/100  train=0.0234  val=0.0162  lr=4.43e-05  time=6.2s
Epoch  56/100  train=0.0256  val=0.0165  lr=4.28e-05  time=6.2s
Epoch  57/100  train=0.0251  val=0.0162  lr=4.12e-05  time=6.3s
Epoch  58/100  train=0.0224  val=0.0157  lr=3.97e-05  time=6.8s
  -> saved checkpoint (val=0.0157)
Epoch  59/100  train=0.0235  val=0.0157  lr=3.82e-05  time=6.9s
  -> saved checkpoint (val=0.0157)
Epoch  60/100  train=0.0248  val=0.0157  lr=3.67e-05  time=6.8s
  -> saved checkpoint (val=0.0157)
Epoch  61/100  train=0.0236  val=0.0161  lr=3.52e-05  time=6.7s
Epoch  62/100  train=0.0238  val=0.0158  lr=3.37e-05  time=6.6s
Epoch  63/100  train=0.0242  val=0.0158  lr=3.23e-05  time=6.7s
Epoch  64/100  train=0.0237  val=0.0156  lr=3.08e-05  time=6.7s
  -> saved checkpoint (val=0.0156)
Epoch  65/100  train=0.0241  val=0.0156  lr=2.94e-05  time=6.7s
  -> saved checkpoint (val=0.0156)
Epoch  66/100  train=0.0237  val=0.0156  lr=2.80e-05  time=6.6s
  -> saved checkpoint (val=0.0156)
Epoch  67/100  train=0.0238  val=0.0156  lr=2.67e-05  time=6.9s
Epoch  68/100  train=0.0245  val=0.0155  lr=2.53e-05  time=6.7s
  -> saved checkpoint (val=0.0155)
Epoch  69/100  train=0.0264  val=0.0158  lr=2.40e-05  time=6.7s
Epoch  70/100  train=0.0242  val=0.0157  lr=2.27e-05  time=6.7s
Epoch  71/100  train=0.0230  val=0.0155  lr=2.14e-05  time=6.7s
  -> saved checkpoint (val=0.0155)
Epoch  72/100  train=0.0236  val=0.0155  lr=2.02e-05  time=6.7s
Epoch  73/100  train=0.0231  val=0.0155  lr=1.89e-05  time=6.7s
Epoch  74/100  train=0.0235  val=0.0155  lr=1.78e-05  time=6.8s
  -> saved checkpoint (val=0.0155)
Epoch  75/100  train=0.0241  val=0.0160  lr=1.66e-05  time=6.7s
Epoch  76/100  train=0.0235  val=0.0155  lr=1.55e-05  time=6.7s
Epoch  77/100  train=0.0230  val=0.0156  lr=1.44e-05  time=6.7s
Epoch  78/100  train=0.0236  val=0.0155  lr=1.34e-05  time=6.7s
Epoch  79/100  train=0.0234  val=0.0155  lr=1.24e-05  time=6.7s
Epoch  80/100  train=0.0237  val=0.0155  lr=1.14e-05  time=6.7s
  -> saved checkpoint (val=0.0155)
Epoch  81/100  train=0.0238  val=0.0154  lr=1.05e-05  time=6.8s
  -> saved checkpoint (val=0.0154)
Epoch  82/100  train=0.0234  val=0.0154  lr=9.56e-06  time=6.7s
  -> saved checkpoint (val=0.0154)
Epoch  83/100  train=0.0229  val=0.0155  lr=8.71e-06  time=6.6s
Epoch  84/100  train=0.0240  val=0.0157  lr=7.89e-06  time=6.7s
Epoch  85/100  train=0.0236  val=0.0154  lr=7.12e-06  time=6.6s
  -> saved checkpoint (val=0.0154)
Epoch  86/100  train=0.0231  val=0.0154  lr=6.40e-06  time=6.7s
Epoch  87/100  train=0.0233  val=0.0154  lr=5.71e-06  time=6.7s
Epoch  88/100  train=0.0228  val=0.0154  lr=5.07e-06  time=6.9s
Epoch  89/100  train=0.0233  val=0.0154  lr=4.48e-06  time=6.7s
  -> saved checkpoint (val=0.0154)
Epoch  90/100  train=0.0235  val=0.0154  lr=3.93e-06  time=6.7s
  -> saved checkpoint (val=0.0154)
Epoch  91/100  train=0.0237  val=0.0154  lr=3.42e-06  time=6.7s
Epoch  92/100  train=0.0232  val=0.0154  lr=2.97e-06  time=6.6s
  -> saved checkpoint (val=0.0154)
Epoch  93/100  train=0.0229  val=0.0154  lr=2.56e-06  time=6.7s
Epoch  94/100  train=0.0252  val=0.0154  lr=2.19e-06  time=6.7s
Epoch  95/100  train=0.0241  val=0.0155  lr=1.88e-06  time=6.8s
Epoch  96/100  train=0.0239  val=0.0154  lr=1.61e-06  time=6.7s
  -> saved checkpoint (val=0.0154)
Epoch  97/100  train=0.0233  val=0.0154  lr=1.39e-06  time=6.7s
Epoch  98/100  train=0.0228  val=0.0154  lr=1.22e-06  time=6.6s
  -> saved checkpoint (val=0.0154)
Epoch  99/100  train=0.0237  val=0.0154  lr=1.10e-06  time=6.7s
Epoch 100/100  train=0.0240  val=0.0154  lr=1.02e-06  time=6.6s

Probe training complete. Best val loss: 0.0154
Losses saved to: results/probe_losses.csv
=== Stage: probe_baseline ===
Low drift floats:    140
Depth observations:  1121134

Region distribution:
region
tropics               86
northeast_atlantic    24
subpolar              16
subtropical_west       6
subtropical_east       5
northwest_atlantic     3
Name: count, dtype: int64

O2 floats: 34 / 140
  Region 'northwest_atlantic' has only 3 remaining floats — assigning all to train
  Region 'subtropical_east' has only 4 remaining floats — assigning all to train

Float counts by split:
  train :  95 floats  (16 with O2)
  test  :  25 floats  (6 with O2)
  probe :  20 floats  (12 with O2)

Row counts by split:
split
train    752849
probe    206371
test     161914
Name: count, dtype: int64

Float counts by region and split:
split               probe  test  train
region                                
northeast_atlantic      4     4     16
northwest_atlantic      0     0      3
subpolar                3     3     10
subtropical_east        1     0      4
subtropical_west        2     1      3
tropics                10    17     59
Probe casts: 2827
Using device: cuda
Building probe windows...
Probe windows: 1377
Epoch   1/100  train=2044.3112  val=0.0818  time=5.7s
  -> saved checkpoint (val=0.0818)
Epoch   2/100  train=40.3836  val=4.7029  time=5.9s
Epoch   3/100  train=1.0675  val=0.1188  time=5.7s
Epoch   4/100  train=0.0621  val=0.0299  time=5.7s
  -> saved checkpoint (val=0.0299)
Epoch   5/100  train=0.0343  val=0.0275  time=5.8s
  -> saved checkpoint (val=0.0275)
Epoch   6/100  train=0.0343  val=0.0274  time=5.7s
  -> saved checkpoint (val=0.0274)
Epoch   7/100  train=0.0333  val=0.0274  time=5.7s
Epoch   8/100  train=0.0354  val=0.0277  time=5.7s
Epoch   9/100  train=0.0338  val=0.0274  time=5.7s
Epoch  10/100  train=0.0351  val=0.0274  time=5.7s
  -> saved checkpoint (val=0.0274)
Epoch  11/100  train=0.0352  val=0.0277  time=5.7s
Epoch  12/100  train=0.0337  val=0.0274  time=5.6s
  -> saved checkpoint (val=0.0274)
Epoch  13/100  train=0.0333  val=0.0274  time=5.8s
  -> saved checkpoint (val=0.0274)
Epoch  14/100  train=0.0339  val=0.0274  time=5.7s
Epoch  15/100  train=0.0339  val=0.0287  time=5.7s
Epoch  16/100  train=0.0342  val=0.0277  time=5.7s
Epoch  17/100  train=0.0338  val=0.0277  time=5.7s
Epoch  18/100  train=0.0344  val=0.0274  time=5.7s
Epoch  19/100  train=0.0337  val=0.0274  time=5.7s
Epoch  20/100  train=0.0343  val=0.0275  time=5.6s
Epoch  21/100  train=0.0333  val=0.0286  time=5.7s
Epoch  22/100  train=0.0340  val=0.0279  time=5.6s
Epoch  23/100  train=0.0334  val=0.0274  time=5.7s
Epoch  24/100  train=0.0337  val=0.0280  time=5.9s
Epoch  25/100  train=0.0378  val=0.0284  time=5.7s
Epoch  26/100  train=0.0347  val=0.0279  time=5.7s
Epoch  27/100  train=0.0333  val=0.0276  time=5.7s
Epoch  28/100  train=0.0332  val=0.0278  time=5.7s
Epoch  29/100  train=0.0338  val=0.0274  time=5.6s
Epoch  30/100  train=0.0341  val=0.0285  time=5.7s
Epoch  31/100  train=0.0344  val=0.0274  time=5.7s
  -> saved checkpoint (val=0.0274)
Epoch  32/100  train=0.0333  val=0.0273  time=5.6s
  -> saved checkpoint (val=0.0273)
Epoch  33/100  train=0.0339  val=0.0274  time=5.7s
Epoch  34/100  train=0.0348  val=0.0274  time=5.7s
Epoch  35/100  train=0.0338  val=0.0274  time=5.6s
Epoch  36/100  train=0.0325  val=0.0279  time=5.8s
Epoch  37/100  train=0.0337  val=0.0273  time=5.6s
  -> saved checkpoint (val=0.0273)
Epoch  38/100  train=0.0346  val=0.0281  time=5.7s
Epoch  39/100  train=0.0330  val=0.0275  time=5.7s
Epoch  40/100  train=0.0333  val=0.0276  time=5.7s
Epoch  41/100  train=0.0338  val=0.0276  time=5.7s
Epoch  42/100  train=0.0358  val=0.0282  time=5.7s
Epoch  43/100  train=0.0331  val=0.0275  time=5.6s
Epoch  44/100  train=0.0393  val=0.0287  time=5.7s
Epoch  45/100  train=0.0333  val=0.0274  time=5.7s
Epoch  46/100  train=0.0350  val=0.0273  time=5.8s
  -> saved checkpoint (val=0.0273)
Epoch  47/100  train=0.0336  val=0.0278  time=5.7s
Epoch  48/100  train=0.0343  val=0.0277  time=5.7s
Epoch  49/100  train=0.0336  val=0.0286  time=5.7s
Epoch  50/100  train=0.0334  val=0.0276  time=5.7s
Epoch  51/100  train=0.0338  val=0.0273  time=5.7s
  -> saved checkpoint (val=0.0273)
Epoch  52/100  train=0.0337  val=0.0274  time=5.7s
Epoch  53/100  train=0.0339  val=0.0281  time=5.7s
Epoch  54/100  train=0.0349  val=0.0273  time=5.7s
  -> saved checkpoint (val=0.0273)
Epoch  55/100  train=0.0330  val=0.0274  time=5.7s
Epoch  56/100  train=0.0331  val=0.0280  time=5.7s
Epoch  57/100  train=0.0336  val=0.0274  time=5.7s
Epoch  58/100  train=0.0348  val=0.0302  time=5.9s
Epoch  59/100  train=0.0334  val=0.0278  time=5.7s
Epoch  60/100  train=0.0322  val=0.0281  time=5.7s
Epoch  61/100  train=0.0343  val=0.0293  time=5.7s
Epoch  62/100  train=0.0337  val=0.0276  time=5.7s
Epoch  63/100  train=0.0349  val=0.0276  time=5.7s
Epoch  64/100  train=0.0332  val=0.0273  time=5.7s
  -> saved checkpoint (val=0.0273)
Epoch  65/100  train=0.0337  val=0.0293  time=5.7s
Epoch  66/100  train=0.0338  val=0.0276  time=5.6s
Epoch  67/100  train=0.0354  val=0.0273  time=5.7s
Epoch  68/100  train=0.0339  val=0.0277  time=5.6s
Epoch  69/100  train=0.0347  val=0.0289  time=5.7s
Epoch  70/100  train=0.0344  val=0.0275  time=5.6s
Epoch  71/100  train=0.0342  val=0.0285  time=5.6s
Epoch  72/100  train=0.0364  val=0.0298  time=5.6s
Epoch  73/100  train=0.0359  val=0.0293  time=5.5s
Epoch  74/100  train=0.0358  val=0.0309  time=5.6s
Epoch  75/100  train=0.0369  val=0.0276  time=5.6s
Epoch  76/100  train=0.0360  val=0.0309  time=5.6s
Epoch  77/100  train=0.0345  val=0.0275  time=5.6s
Epoch  78/100  train=0.0353  val=0.0273  time=5.6s
  -> saved checkpoint (val=0.0273)
Epoch  79/100  train=0.0338  val=0.0296  time=5.6s
Epoch  80/100  train=0.0348  val=0.0273  time=5.8s
Epoch  81/100  train=0.0337  val=0.0293  time=5.7s
Epoch  82/100  train=0.0350  val=0.0293  time=5.7s
Epoch  83/100  train=0.0342  val=0.0284  time=5.7s
Epoch  84/100  train=0.0363  val=0.0301  time=5.7s
Epoch  85/100  train=0.0344  val=0.0273  time=5.6s
Epoch  86/100  train=0.0355  val=0.0278  time=5.7s
Epoch  87/100  train=0.0360  val=0.0281  time=5.7s
Epoch  88/100  train=0.0347  val=0.0285  time=5.6s
Epoch  89/100  train=0.0367  val=0.0273  time=5.7s
Epoch  90/100  train=0.0365  val=0.0345  time=5.7s
Epoch  91/100  train=0.0333  val=0.0273  time=5.7s
Epoch  92/100  train=0.0342  val=0.0275  time=5.8s
Epoch  93/100  train=0.0340  val=0.0351  time=5.6s
Epoch  94/100  train=0.0352  val=0.0273  time=5.7s
Epoch  95/100  train=0.0342  val=0.0273  time=5.7s
  -> saved checkpoint (val=0.0273)
Epoch  96/100  train=0.0345  val=0.0293  time=5.7s
Epoch  97/100  train=0.0359  val=0.0281  time=5.7s
Epoch  98/100  train=0.0352  val=0.0279  time=5.7s
Epoch  99/100  train=0.0352  val=0.0281  time=5.7s
Epoch 100/100  train=0.0347  val=0.0273  time=5.7s

Baseline training complete. Best val loss: 0.0273
Checkpoint saved to: checkpoints/probe_baseline_best.pt
=== Stage: gru ===
Using device: cuda
Loading latent cycles from checkpoints/latent_cycles.pt
Building train windows...
Train windows: 2474
Building val windows...
Val windows: 464
Epoch   1/40  train=5.8758  val=2.3854  time=3.6s
  -> saved checkpoint (val=2.3854)
Epoch   2/40  train=1.6566  val=0.8215  time=3.5s
  -> saved checkpoint (val=0.8215)
Epoch   3/40  train=0.9096  val=0.4628  time=3.5s
  -> saved checkpoint (val=0.4628)
Epoch   4/40  train=0.7194  val=0.3857  time=3.5s
  -> saved checkpoint (val=0.3857)
Epoch   5/40  train=0.6156  val=0.3470  time=3.5s
  -> saved checkpoint (val=0.3470)
Epoch   6/40  train=0.5502  val=0.3355  time=3.5s
  -> saved checkpoint (val=0.3355)
Epoch   7/40  train=0.5016  val=0.3060  time=3.5s
  -> saved checkpoint (val=0.3060)
Epoch   8/40  train=0.4623  val=0.2914  time=3.5s
  -> saved checkpoint (val=0.2914)
Epoch   9/40  train=0.4323  val=0.2877  time=3.5s
  -> saved checkpoint (val=0.2877)
Epoch  10/40  train=0.3999  val=0.2807  time=3.5s
  -> saved checkpoint (val=0.2807)
Epoch  11/40  train=0.3766  val=0.2755  time=3.5s
  -> saved checkpoint (val=0.2755)
Epoch  12/40  train=0.3614  val=0.2638  time=3.5s
  -> saved checkpoint (val=0.2638)
Epoch  13/40  train=0.3506  val=0.2440  time=3.5s
  -> saved checkpoint (val=0.2440)
Epoch  14/40  train=0.3362  val=0.2337  time=3.5s
  -> saved checkpoint (val=0.2337)
Epoch  15/40  train=0.3238  val=0.2382  time=3.5s
Epoch  16/40  train=0.3201  val=0.2201  time=3.5s
  -> saved checkpoint (val=0.2201)
Epoch  17/40  train=0.3060  val=0.2136  time=3.5s
  -> saved checkpoint (val=0.2136)
Epoch  18/40  train=0.2946  val=0.2220  time=3.5s
Epoch  19/40  train=0.2941  val=0.2180  time=3.5s
Epoch  20/40  train=0.2973  val=0.1947  time=3.5s
  -> saved checkpoint (val=0.1947)
Epoch  21/40  train=0.2901  val=0.1996  time=3.5s
Epoch  22/40  train=0.2825  val=0.1926  time=3.5s
  -> saved checkpoint (val=0.1926)
Epoch  23/40  train=0.2881  val=0.1861  time=3.5s
  -> saved checkpoint (val=0.1861)
Epoch  24/40  train=0.2826  val=0.1809  time=3.5s
  -> saved checkpoint (val=0.1809)
Epoch  25/40  train=0.2677  val=0.1791  time=3.5s
  -> saved checkpoint (val=0.1791)
Epoch  26/40  train=0.2739  val=0.1788  time=3.5s
  -> saved checkpoint (val=0.1788)
Epoch  27/40  train=0.2611  val=0.1627  time=3.5s
  -> saved checkpoint (val=0.1627)
Epoch  28/40  train=0.2663  val=0.1668  time=3.5s
Epoch  29/40  train=0.2615  val=0.1610  time=3.5s
  -> saved checkpoint (val=0.1610)
Epoch  30/40  train=0.2559  val=0.1889  time=3.5s
Epoch  31/40  train=0.2605  val=0.1674  time=3.5s
Epoch  32/40  train=0.2498  val=0.1782  time=3.3s
Epoch  33/40  train=0.2483  val=0.1678  time=3.3s
Epoch  34/40  train=0.2510  val=0.1838  time=3.3s
Epoch  35/40  train=0.2631  val=0.1518  time=3.3s
  -> saved checkpoint (val=0.1518)
Epoch  36/40  train=0.2558  val=0.1661  time=3.3s
Epoch  37/40  train=0.2502  val=0.1674  time=3.4s
Epoch  38/40  train=0.2528  val=0.1692  time=3.5s
Epoch  39/40  train=0.2442  val=0.1856  time=3.4s
Epoch  40/40  train=0.2391  val=0.1540  time=3.5s

GRU training complete. Best val loss: 0.1518
Losses saved to: results/gru_losses.csv
=== Stage: gru_probe ===
Low drift floats:    140
Depth observations:  1121134

Region distribution:
region
tropics               86
northeast_atlantic    24
subpolar              16
subtropical_west       6
subtropical_east       5
northwest_atlantic     3
Name: count, dtype: int64

O2 floats: 34 / 140
  Region 'northwest_atlantic' has only 3 remaining floats — assigning all to train
  Region 'subtropical_east' has only 4 remaining floats — assigning all to train

Float counts by split:
  train :  95 floats  (16 with O2)
  test  :  25 floats  (6 with O2)
  probe :  20 floats  (12 with O2)

Row counts by split:
split
train    752849
probe    206371
test     161914
Name: count, dtype: int64

Float counts by region and split:
split               probe  test  train
region                                
northeast_atlantic      4     4     16
northwest_atlantic      0     0      3
subpolar                3     3     10
subtropical_east        1     0      4
subtropical_west        2     1      3
tropics                10    17     59
Probe casts: 2827
Using device: cuda
Building probe windows...
Probe windows: 1377
Epoch   1/100  train=1.3548  val=0.0364  time=6.4s
  -> saved checkpoint (val=0.0364)
Epoch   2/100  train=0.0501  val=0.0269  time=6.1s
  -> saved checkpoint (val=0.0269)
Epoch   3/100  train=0.0272  val=0.0190  time=5.5s
  -> saved checkpoint (val=0.0190)
Epoch   4/100  train=0.0260  val=0.0184  time=5.4s
  -> saved checkpoint (val=0.0184)
Epoch   5/100  train=0.0255  val=0.0184  time=5.2s
  -> saved checkpoint (val=0.0184)
Epoch   6/100  train=0.0246  val=0.0183  time=5.2s
  -> saved checkpoint (val=0.0183)
Epoch   7/100  train=0.0258  val=0.0199  time=5.2s
Epoch   8/100  train=0.0252  val=0.0171  time=5.2s
  -> saved checkpoint (val=0.0171)
Epoch   9/100  train=0.0269  val=0.0172  time=5.2s
Epoch  10/100  train=0.0248  val=0.0197  time=5.2s
Epoch  11/100  train=0.0253  val=0.0176  time=5.3s
Epoch  12/100  train=0.0253  val=0.0165  time=5.2s
  -> saved checkpoint (val=0.0165)
Epoch  13/100  train=0.0254  val=0.0165  time=5.2s
Epoch  14/100  train=0.0246  val=0.0178  time=5.2s
Epoch  15/100  train=0.0262  val=0.0169  time=5.2s
Epoch  16/100  train=0.0250  val=0.0172  time=5.2s
Epoch  17/100  train=0.0250  val=0.0165  time=5.2s
Epoch  18/100  train=0.0238  val=0.0191  time=5.3s
Epoch  19/100  train=0.0251  val=0.0167  time=5.2s
Epoch  20/100  train=0.0252  val=0.0161  time=5.2s
  -> saved checkpoint (val=0.0161)
Epoch  21/100  train=0.0243  val=0.0163  time=5.2s
Epoch  22/100  train=0.0239  val=0.0160  time=5.2s
  -> saved checkpoint (val=0.0160)
Epoch  23/100  train=0.0290  val=0.0259  time=5.2s
Epoch  24/100  train=0.0258  val=0.0167  time=5.2s
Epoch  25/100  train=0.0269  val=0.0156  time=5.3s
  -> saved checkpoint (val=0.0156)
Epoch  26/100  train=0.0247  val=0.0155  time=5.2s
  -> saved checkpoint (val=0.0155)
Epoch  27/100  train=0.0266  val=0.0156  time=5.2s
Epoch  28/100  train=0.0270  val=0.0176  time=5.3s
Epoch  29/100  train=0.0251  val=0.0197  time=5.2s
Epoch  30/100  train=0.0249  val=0.0199  time=5.2s
Epoch  31/100  train=0.0246  val=0.0159  time=5.2s
Epoch  32/100  train=0.0246  val=0.0194  time=5.3s
Epoch  33/100  train=0.0313  val=0.0161  time=5.2s
Epoch  34/100  train=0.0303  val=0.0154  time=5.2s
  -> saved checkpoint (val=0.0154)
Epoch  35/100  train=0.0285  val=0.0167  time=5.2s
Epoch  36/100  train=0.0306  val=0.0175  time=5.2s
Epoch  37/100  train=0.0275  val=0.0255  time=5.2s
Epoch  38/100  train=0.0267  val=0.0158  time=5.2s
Epoch  39/100  train=0.0235  val=0.0190  time=5.3s
Epoch  40/100  train=0.0255  val=0.0150  time=5.2s
  -> saved checkpoint (val=0.0150)
Epoch  41/100  train=0.0263  val=0.0158  time=5.2s
Epoch  42/100  train=0.0265  val=0.0169  time=5.3s
Epoch  43/100  train=0.0273  val=0.0151  time=5.2s
Epoch  44/100  train=0.0273  val=0.0219  time=5.3s
Epoch  45/100  train=0.0321  val=0.0152  time=5.2s
Epoch  46/100  train=0.0279  val=0.0215  time=5.4s
Epoch  47/100  train=0.0287  val=0.0175  time=5.3s
Epoch  48/100  train=0.0288  val=0.0341  time=5.2s
Epoch  49/100  train=0.0319  val=0.0235  time=5.2s
Epoch  50/100  train=0.0257  val=0.0153  time=5.2s
Epoch  51/100  train=0.0430  val=0.0442  time=5.3s
Epoch  52/100  train=0.0302  val=0.0168  time=5.2s
Epoch  53/100  train=0.0271  val=0.0280  time=5.3s
Epoch  54/100  train=0.0256  val=0.0172  time=5.3s
Epoch  55/100  train=0.0256  val=0.0256  time=5.2s
Epoch  56/100  train=0.0270  val=0.0154  time=5.2s
Epoch  57/100  train=0.0250  val=0.0153  time=5.2s
Epoch  58/100  train=0.0268  val=0.0151  time=5.2s
Epoch  59/100  train=0.0277  val=0.0147  time=5.2s
  -> saved checkpoint (val=0.0147)
Epoch  60/100  train=0.0609  val=0.0179  time=5.3s
Epoch  61/100  train=0.0477  val=0.0154  time=5.3s
Epoch  62/100  train=0.0247  val=0.0172  time=5.3s
Epoch  63/100  train=0.0271  val=0.0176  time=5.3s
Epoch  64/100  train=0.0252  val=0.0189  time=5.3s
Epoch  65/100  train=0.0247  val=0.0193  time=5.2s
Epoch  66/100  train=0.0271  val=0.0155  time=5.3s
Epoch  67/100  train=0.0291  val=0.0189  time=5.2s
Epoch  68/100  train=0.0264  val=0.0316  time=5.3s
Epoch  69/100  train=0.0284  val=0.0178  time=5.2s
Epoch  70/100  train=0.0374  val=0.0147  time=5.3s
  -> saved checkpoint (val=0.0147)
Epoch  71/100  train=0.0276  val=0.0223  time=5.2s
Epoch  72/100  train=0.0237  val=0.0149  time=5.2s
Epoch  73/100  train=0.0248  val=0.0233  time=5.2s
Epoch  74/100  train=0.0268  val=0.0210  time=5.2s
Epoch  75/100  train=0.0376  val=0.0150  time=5.3s
Epoch  76/100  train=0.0261  val=0.0144  time=5.2s
  -> saved checkpoint (val=0.0144)
Epoch  77/100  train=0.0246  val=0.0152  time=5.2s
Epoch  78/100  train=0.0262  val=0.0372  time=5.2s
Epoch  79/100  train=0.0305  val=0.0149  time=5.2s
Epoch  80/100  train=0.0261  val=0.0242  time=5.2s
Epoch  81/100  train=0.0292  val=0.0168  time=5.2s
Epoch  82/100  train=0.0291  val=0.0277  time=5.2s
Epoch  83/100  train=0.0264  val=0.0195  time=5.3s
Epoch  84/100  train=0.0404  val=0.0235  time=5.2s
Epoch  85/100  train=0.0336  val=0.0153  time=5.2s
Epoch  86/100  train=0.0255  val=0.0169  time=5.2s
Epoch  87/100  train=0.0301  val=0.0148  time=5.2s
Epoch  88/100  train=0.0372  val=0.2129  time=5.2s
Epoch  89/100  train=0.0546  val=0.0550  time=5.2s
Epoch  90/100  train=0.0272  val=0.0148  time=5.3s
Epoch  91/100  train=0.0251  val=0.0155  time=5.2s
Epoch  92/100  train=0.0298  val=0.0147  time=5.2s
Epoch  93/100  train=0.0284  val=0.0151  time=5.2s
Epoch  94/100  train=0.0246  val=0.0240  time=5.2s
Epoch  95/100  train=0.0319  val=0.0222  time=5.2s
Epoch  96/100  train=0.0280  val=0.0145  time=5.2s
Epoch  97/100  train=0.0240  val=0.0206  time=5.3s
Epoch  98/100  train=0.0262  val=0.0286  time=5.2s
Epoch  99/100  train=0.0273  val=0.0142  time=5.2s
  -> saved checkpoint (val=0.0142)
Epoch 100/100  train=0.0284  val=0.0176  time=5.2s

GRU probe training complete. Best val loss: 0.0142
Losses saved to: results/gru_probe_losses.csv
=== Stage: extrapolation ===
Using device: cuda
Loading latent cycles from checkpoints/latent_cycles.pt
Val windows (horizon=100): 12

Evaluating: ode
  horizon=5 (50 days)...
  -> final step MSE: 0.8859
  horizon=10 (100 days)...
  -> final step MSE: 0.9718
  horizon=15 (150 days)...
  -> final step MSE: 0.9728
  horizon=20 (200 days)...
  -> final step MSE: 0.9538
  horizon=30 (300 days)...
  -> final step MSE: 0.9223
  horizon=40 (400 days)...
  -> final step MSE: 0.9584
  horizon=50 (500 days)...
  -> final step MSE: 0.9978
  horizon=100 (1000 days)...
  -> final step MSE: 1.2711

Evaluating: gru
  horizon=5 (50 days)...
  -> final step MSE: 0.3640
  horizon=10 (100 days)...
  -> final step MSE: 0.2596
  horizon=15 (150 days)...
  -> final step MSE: 0.2205
  horizon=20 (200 days)...
  -> final step MSE: 0.2212
  horizon=30 (300 days)...
  -> final step MSE: 0.2845
  horizon=40 (400 days)...
  -> final step MSE: 0.2330
  horizon=50 (500 days)...
  -> final step MSE: 0.2907
  horizon=100 (1000 days)...
  -> final step MSE: 0.3418

Results saved to results/extrapolation_results.csv

=== Extrapolation Summary (final step MSE) ===
model         depth_only       gru       ode
horizon_days                                
50                0.0274  0.363992  0.885873
100               0.0274  0.259647  0.971790
150               0.0274  0.220540  0.972834
200               0.0274  0.221223  0.953819
300               0.0274  0.284538  0.922319
400               0.0274  0.233029  0.958364
500               0.0274  0.290696  0.997767
1000              0.0274  0.341811  1.271130
======================================================
End Time : Mon Mar 23 10:21:43 PM EDT 2026
======================================================
