======================================================
Start Time  : Mon Apr 13 11:54:12 AM EDT 2026
Submit Dir  : /users/sphill86/ocean_dynamics_2
Job ID/Name : 10948173 / ocean_latent_ode
Partition   : GPU
======================================================
=== Stage: split ===
Low drift floats:    140
Depth observations:  1,121,134

Region distribution:
region
tropics               86
northeast_atlantic    24
subpolar              16
subtropical_west       6
subtropical_east       5
northwest_atlantic     3
Name: count, dtype: int64

O2 floats: 140 / 140
  Region 'northwest_atlantic' has only 2 remaining floats — assigning all to train
  Region 'subtropical_east' has only 4 remaining floats — assigning all to train

Float counts by split:
  train :  96 floats  (96 with O2)
  test  :  25 floats  (25 with O2)
  probe :  19 floats  (19 with O2)

Row counts by split:
split
train    746571
test     224548
probe    150015
Name: count, dtype: int64

Float counts by region and split:
split               probe  test  train
region                                
northeast_atlantic      4     4     16
northwest_atlantic      1     0      2
subpolar                3     3     10
subtropical_east        1     0      4
subtropical_west        1     1      4
tropics                 9    17     60
Split complete.
=== Stage: encoder ===
Using device: cuda
Low drift floats:    140
Depth observations:  1,121,134

Region distribution:
region
tropics               86
northeast_atlantic    24
subpolar              16
subtropical_west       6
subtropical_east       5
northwest_atlantic     3
Name: count, dtype: int64

O2 floats: 140 / 140
  Region 'northwest_atlantic' has only 2 remaining floats — assigning all to train
  Region 'subtropical_east' has only 4 remaining floats — assigning all to train

Float counts by split:
  train :  96 floats  (96 with O2)
  test  :  25 floats  (25 with O2)
  probe :  19 floats  (19 with O2)

Row counts by split:
split
train    746571
test     224548
probe    150015
Name: count, dtype: int64

Float counts by region and split:
split               probe  test  train
region                                
northeast_atlantic      4     4     16
northwest_atlantic      1     0      2
subpolar                3     3     10
subtropical_east        1     0      4
subtropical_west        1     1      4
tropics                 9    17     60
Epoch   1/80  train=1.1966  val=0.3527  time=6.3s
Saved autoencoder to checkpoints/autoencoder_best.pt
  -> saved checkpoint (val=0.3527)
Epoch   2/80  train=0.0884  val=0.2108  time=6.1s
Saved autoencoder to checkpoints/autoencoder_best.pt
  -> saved checkpoint (val=0.2108)
Epoch   3/80  train=0.0556  val=0.2624  time=6.1s
Epoch   4/80  train=0.0465  val=0.6371  time=6.3s
Epoch   5/80  train=0.0405  val=0.5289  time=6.1s
Epoch   6/80  train=0.0402  val=0.7511  time=6.1s
Epoch   7/80  train=0.0339  val=0.2435  time=6.1s
Epoch   8/80  train=0.0342  val=0.6615  time=6.4s
Epoch   9/80  train=0.0334  val=0.3722  time=6.2s
Epoch  10/80  train=0.0266  val=0.2710  time=6.1s
Epoch  11/80  train=0.0278  val=0.1726  time=6.1s
Saved autoencoder to checkpoints/autoencoder_best.pt
  -> saved checkpoint (val=0.1726)
Epoch  12/80  train=0.0283  val=0.1682  time=6.3s
Saved autoencoder to checkpoints/autoencoder_best.pt
  -> saved checkpoint (val=0.1682)
Epoch  13/80  train=0.0281  val=0.2131  time=6.1s
Epoch  14/80  train=0.0237  val=0.2062  time=6.1s
Epoch  15/80  train=0.0251  val=0.4731  time=6.1s
Epoch  16/80  train=0.0236  val=0.1703  time=6.3s
Epoch  17/80  train=0.0233  val=0.2792  time=6.1s
Epoch  18/80  train=0.0231  val=0.6378  time=6.1s
Epoch  19/80  train=0.0251  val=0.4132  time=6.1s
Epoch  20/80  train=0.0208  val=3.3993  time=6.3s
Epoch  21/80  train=0.0203  val=0.9966  time=6.1s
Epoch  22/80  train=0.0225  val=0.1954  time=6.0s
Epoch  23/80  train=0.0193  val=0.1810  time=6.0s
Epoch  24/80  train=0.0229  val=0.2324  time=6.2s
Epoch  25/80  train=0.0187  val=0.2519  time=6.0s
Epoch  26/80  train=0.0193  val=0.2729  time=6.0s
Epoch  27/80  train=0.0183  val=0.2540  time=6.1s
Epoch  28/80  train=0.0193  val=0.4506  time=6.2s
Epoch  29/80  train=0.0170  val=0.6904  time=6.0s
Epoch  30/80  train=0.0180  val=0.9923  time=6.0s
Epoch  31/80  train=0.0168  val=0.5027  time=6.0s
Epoch  32/80  train=0.0174  val=0.3234  time=6.2s
Epoch  33/80  train=0.0167  val=0.6078  time=6.0s
Epoch  34/80  train=0.0160  val=0.4156  time=6.0s
Epoch  35/80  train=0.0168  val=0.3214  time=6.0s
Epoch  36/80  train=0.0158  val=0.4042  time=6.2s
Epoch  37/80  train=0.0152  val=0.4053  time=6.0s
Epoch  38/80  train=0.0153  val=0.5434  time=6.0s
Epoch  39/80  train=0.0153  val=0.3091  time=6.0s
Epoch  40/80  train=0.0163  val=0.5038  time=6.0s
Epoch  41/80  train=0.0147  val=0.4572  time=6.1s
Epoch  42/80  train=0.0155  val=0.3601  time=6.0s
Epoch  43/80  train=0.0137  val=0.8447  time=5.9s
Epoch  44/80  train=0.0149  val=0.2584  time=5.9s
Epoch  45/80  train=0.0138  val=0.2314  time=6.1s
Epoch  46/80  train=0.0134  val=0.1736  time=6.0s
Epoch  47/80  train=0.0134  val=0.2572  time=6.0s
Epoch  48/80  train=0.0138  val=0.2971  time=6.0s
Epoch  49/80  train=0.0131  val=0.3473  time=6.2s
Epoch  50/80  train=0.0135  val=0.3934  time=6.0s
Epoch  51/80  train=0.0129  val=0.5581  time=6.0s
Epoch  52/80  train=0.0129  val=0.7332  time=6.0s
Epoch  53/80  train=0.0130  val=0.4203  time=6.2s
Epoch  54/80  train=0.0125  val=0.6823  time=6.0s
Epoch  55/80  train=0.0128  val=0.3064  time=6.0s
Epoch  56/80  train=0.0122  val=0.2190  time=6.0s
Epoch  57/80  train=0.0119  val=0.1580  time=6.1s
Saved autoencoder to checkpoints/autoencoder_best.pt
  -> saved checkpoint (val=0.1580)
Epoch  58/80  train=0.0117  val=0.1997  time=6.0s
Epoch  59/80  train=0.0118  val=0.1825  time=6.0s
Epoch  60/80  train=0.0116  val=0.1892  time=6.0s
Epoch  61/80  train=0.0122  val=0.1917  time=6.2s
Epoch  62/80  train=0.0111  val=0.2483  time=6.0s
Epoch  63/80  train=0.0118  val=0.2125  time=6.0s
Epoch  64/80  train=0.0110  val=0.2264  time=6.0s
Epoch  65/80  train=0.0106  val=0.1697  time=6.1s
Epoch  66/80  train=0.0109  val=0.3207  time=6.0s
Epoch  67/80  train=0.0113  val=0.1818  time=6.0s
Epoch  68/80  train=0.0104  val=0.2474  time=6.0s
Epoch  69/80  train=0.0108  val=0.1479  time=6.1s
Saved autoencoder to checkpoints/autoencoder_best.pt
  -> saved checkpoint (val=0.1479)
Epoch  70/80  train=0.0105  val=0.2738  time=6.0s
Epoch  71/80  train=0.0103  val=0.2076  time=6.0s
Epoch  72/80  train=0.0104  val=0.2876  time=6.0s
Epoch  73/80  train=0.0101  val=0.1891  time=6.1s
Epoch  74/80  train=0.0101  val=0.1976  time=6.0s
Epoch  75/80  train=0.0098  val=0.3005  time=6.0s
Epoch  76/80  train=0.0110  val=0.1850  time=6.0s
Epoch  77/80  train=0.0105  val=0.1949  time=6.1s
Epoch  78/80  train=0.0103  val=0.1808  time=6.0s
Epoch  79/80  train=0.0097  val=0.2069  time=6.0s
Epoch  80/80  train=0.0098  val=0.2716  time=5.9s

Encoder training complete. Best val loss: 0.1479
Losses saved to: results/encoder_losses.csv
=== Stage: encode ===
Low drift floats:    140
Depth observations:  1,121,134

Region distribution:
region
tropics               86
northeast_atlantic    24
subpolar              16
subtropical_west       6
subtropical_east       5
northwest_atlantic     3
Name: count, dtype: int64

O2 floats: 140 / 140
  Region 'northwest_atlantic' has only 2 remaining floats — assigning all to train
  Region 'subtropical_east' has only 4 remaining floats — assigning all to train

Float counts by split:
  train :  96 floats  (96 with O2)
  test  :  25 floats  (25 with O2)
  probe :  19 floats  (19 with O2)

Row counts by split:
split
train    746571
test     224548
probe    150015
Name: count, dtype: int64

Float counts by region and split:
split               probe  test  train
region                                
northeast_atlantic      4     4     16
northwest_atlantic      1     0      2
subpolar                3     3     10
subtropical_east        1     0      4
subtropical_west        1     1      4
tropics                 9    17     60
Latent train: 10227 casts
Latent val:   3076 casts
Latent probe: 2055 casts
Saved latent cycles to checkpoints/latent_cycles.pt
=== Stage: ode_curriculum ===
Using device: cuda
Loading latent cycles from checkpoints/latent_cycles.pt

Curriculum schedule:
  Phase 1: window=10 (100 days)  epochs=100
  Total epochs: 100

============================================================
Phase 1/1 — window=10 (100 days)  epochs=100
============================================================
Building train windows...
Train windows: 4707
Building val windows...
Val windows: 1433
  [1/1] Epoch   1/100  (global 1)  train=3.4430  val=192.0125  lr=5.00e-04  time=37.9s
  -> saved checkpoint (val=192.0125)
  [1/1] Epoch   2/100  (global 2)  train=1.1615  val=190.4344  lr=5.00e-04  time=10.7s
  -> saved checkpoint (val=190.4344)
  [1/1] Epoch   3/100  (global 3)  train=1.0719  val=189.1310  lr=5.00e-04  time=10.5s
  -> saved checkpoint (val=189.1310)
  [1/1] Epoch   4/100  (global 4)  train=1.0298  val=188.2095  lr=4.99e-04  time=10.5s
  -> saved checkpoint (val=188.2095)
  [1/1] Epoch   5/100  (global 5)  train=1.0077  val=187.6075  lr=4.98e-04  time=10.5s
  -> saved checkpoint (val=187.6075)
  [1/1] Epoch   6/100  (global 6)  train=1.0075  val=187.0147  lr=4.97e-04  time=10.7s
  -> saved checkpoint (val=187.0147)
  [1/1] Epoch   7/100  (global 7)  train=0.9837  val=186.5488  lr=4.96e-04  time=10.6s
  -> saved checkpoint (val=186.5488)
  [1/1] Epoch   8/100  (global 8)  train=0.9645  val=186.3115  lr=4.94e-04  time=10.8s
  -> saved checkpoint (val=186.3115)
  [1/1] Epoch   9/100  (global 9)  train=0.9584  val=186.1067  lr=4.92e-04  time=11.0s
  -> saved checkpoint (val=186.1067)
  [1/1] Epoch  10/100  (global 10)  train=0.9388  val=186.0392  lr=4.90e-04  time=11.1s
  -> saved checkpoint (val=186.0392)
  [1/1] Epoch  11/100  (global 11)  train=0.9346  val=185.7853  lr=4.88e-04  time=11.2s
  -> saved checkpoint (val=185.7853)
  [1/1] Epoch  12/100  (global 12)  train=0.9396  val=185.3524  lr=4.85e-04  time=11.4s
  -> saved checkpoint (val=185.3524)
  [1/1] Epoch  13/100  (global 13)  train=0.9288  val=184.2972  lr=4.82e-04  time=11.6s
  -> saved checkpoint (val=184.2972)
  [1/1] Epoch  14/100  (global 14)  train=0.9169  val=184.5816  lr=4.79e-04  time=11.7s
  [1/1] Epoch  15/100  (global 15)  train=0.9108  val=184.3655  lr=4.76e-04  time=11.7s
  [1/1] Epoch  16/100  (global 16)  train=0.9030  val=184.5068  lr=4.73e-04  time=12.0s
  [1/1] Epoch  17/100  (global 17)  train=0.9084  val=184.2545  lr=4.69e-04  time=12.1s
  -> saved checkpoint (val=184.2545)
  [1/1] Epoch  18/100  (global 18)  train=0.9105  val=184.2116  lr=4.65e-04  time=12.3s
  -> saved checkpoint (val=184.2116)
  [1/1] Epoch  19/100  (global 19)  train=0.8846  val=185.2879  lr=4.61e-04  time=12.3s
  [1/1] Epoch  20/100  (global 20)  train=0.8982  val=185.4499  lr=4.57e-04  time=12.6s
  [1/1] Epoch  21/100  (global 21)  train=0.9322  val=185.4351  lr=4.52e-04  time=12.9s
  [1/1] Epoch  22/100  (global 22)  train=0.8864  val=186.1370  lr=4.48e-04  time=13.0s
  [1/1] Epoch  23/100  (global 23)  train=0.9123  val=184.7313  lr=4.43e-04  time=13.2s
  [1/1] Epoch  24/100  (global 24)  train=0.8663  val=185.1860  lr=4.38e-04  time=13.1s
  [1/1] Epoch  25/100  (global 25)  train=0.8789  val=185.5623  lr=4.32e-04  time=13.3s
  [1/1] Epoch  26/100  (global 26)  train=0.9461  val=185.0692  lr=4.27e-04  time=13.4s
  [1/1] Epoch  27/100  (global 27)  train=0.8682  val=185.2210  lr=4.21e-04  time=13.8s
  [1/1] Epoch  28/100  (global 28)  train=0.8799  val=185.6202  lr=4.15e-04  time=13.7s
  [1/1] Epoch  29/100  (global 29)  train=0.8925  val=186.2876  lr=4.10e-04  time=13.9s
  [1/1] Epoch  30/100  (global 30)  train=0.8637  val=186.4936  lr=4.03e-04  time=14.2s
  [1/1] Epoch  31/100  (global 31)  train=0.8610  val=185.9876  lr=3.97e-04  time=14.3s
  [1/1] Epoch  32/100  (global 32)  train=0.8579  val=185.4814  lr=3.91e-04  time=14.5s
  [1/1] Epoch  33/100  (global 33)  train=0.8631  val=185.4595  lr=3.84e-04  time=14.6s
  [1/1] Epoch  34/100  (global 34)  train=0.8625  val=185.3204  lr=3.78e-04  time=14.8s
  [1/1] Epoch  35/100  (global 35)  train=0.8599  val=186.0168  lr=3.71e-04  time=15.2s
  [1/1] Epoch  36/100  (global 36)  train=0.8469  val=185.8764  lr=3.64e-04  time=15.4s
  [1/1] Epoch  37/100  (global 37)  train=0.8595  val=186.7995  lr=3.57e-04  time=15.6s
  [1/1] Epoch  38/100  (global 38)  train=0.8440  val=184.9262  lr=3.50e-04  time=15.5s
  [1/1] Epoch  39/100  (global 39)  train=0.8464  val=184.8577  lr=3.42e-04  time=15.7s
  [1/1] Epoch  40/100  (global 40)  train=0.8566  val=185.2633  lr=3.35e-04  time=15.9s
  [1/1] Epoch  41/100  (global 41)  train=0.8269  val=183.7009  lr=3.28e-04  time=16.0s
  -> saved checkpoint (val=183.7009)
  [1/1] Epoch  42/100  (global 42)  train=1.3862  val=184.4501  lr=3.20e-04  time=16.3s
  [1/1] Epoch  43/100  (global 43)  train=0.9161  val=183.3910  lr=3.13e-04  time=16.7s
  -> saved checkpoint (val=183.3910)
  [1/1] Epoch  44/100  (global 44)  train=0.8431  val=184.4181  lr=3.05e-04  time=16.6s
  [1/1] Epoch  45/100  (global 45)  train=0.8282  val=182.7330  lr=2.97e-04  time=16.8s
  -> saved checkpoint (val=182.7330)
  [1/1] Epoch  46/100  (global 46)  train=0.8282  val=182.6976  lr=2.90e-04  time=16.8s
  -> saved checkpoint (val=182.6976)
  [1/1] Epoch  47/100  (global 47)  train=0.8208  val=183.8193  lr=2.82e-04  time=16.8s
  [1/1] Epoch  48/100  (global 48)  train=0.9200  val=182.3657  lr=2.74e-04  time=18.6s
  -> saved checkpoint (val=182.3657)
  [1/1] Epoch  49/100  (global 49)  train=0.8338  val=182.2939  lr=2.66e-04  time=18.3s
  -> saved checkpoint (val=182.2939)
  [1/1] Epoch  50/100  (global 50)  train=0.8265  val=182.5298  lr=2.58e-04  time=18.0s
  [1/1] Epoch  51/100  (global 51)  train=0.8207  val=182.7557  lr=2.51e-04  time=17.8s
  [1/1] Epoch  52/100  (global 52)  train=0.8235  val=182.2634  lr=2.43e-04  time=17.7s
  -> saved checkpoint (val=182.2634)
  [1/1] Epoch  53/100  (global 53)  train=0.8289  val=182.9476  lr=2.35e-04  time=17.8s
  [1/1] Epoch  54/100  (global 54)  train=0.8150  val=181.8944  lr=2.27e-04  time=17.8s
  -> saved checkpoint (val=181.8944)
  [1/1] Epoch  55/100  (global 55)  train=0.8116  val=182.4872  lr=2.19e-04  time=17.7s
  [1/1] Epoch  56/100  (global 56)  train=0.8101  val=181.9369  lr=2.11e-04  time=17.7s
  [1/1] Epoch  57/100  (global 57)  train=0.8110  val=182.1012  lr=2.04e-04  time=17.9s
  [1/1] Epoch  58/100  (global 58)  train=0.7974  val=182.8874  lr=1.96e-04  time=17.7s
  [1/1] Epoch  59/100  (global 59)  train=0.8060  val=182.2633  lr=1.88e-04  time=17.7s
  [1/1] Epoch  60/100  (global 60)  train=0.7982  val=182.3236  lr=1.81e-04  time=17.8s
  [1/1] Epoch  61/100  (global 61)  train=0.7938  val=182.8697  lr=1.73e-04  time=17.9s
  [1/1] Epoch  62/100  (global 62)  train=0.8009  val=182.3840  lr=1.66e-04  time=17.9s
  [1/1] Epoch  63/100  (global 63)  train=0.8090  val=183.3489  lr=1.59e-04  time=18.1s
  [1/1] Epoch  64/100  (global 64)  train=0.8105  val=183.2825  lr=1.51e-04  time=18.1s
  [1/1] Epoch  65/100  (global 65)  train=0.8073  val=184.4768  lr=1.44e-04  time=18.2s
  [1/1] Epoch  66/100  (global 66)  train=0.7941  val=184.1662  lr=1.37e-04  time=18.1s
  [1/1] Epoch  67/100  (global 67)  train=0.7980  val=184.7788  lr=1.30e-04  time=18.0s
  [1/1] Epoch  68/100  (global 68)  train=0.8130  val=184.8606  lr=1.23e-04  time=18.2s
  [1/1] Epoch  69/100  (global 69)  train=0.8088  val=184.8849  lr=1.17e-04  time=18.5s
  [1/1] Epoch  70/100  (global 70)  train=0.7872  val=184.9718  lr=1.10e-04  time=18.3s
  [1/1] Epoch  71/100  (global 71)  train=0.7832  val=184.9932  lr=1.04e-04  time=18.1s
  [1/1] Epoch  72/100  (global 72)  train=0.7880  val=184.8391  lr=9.76e-05  time=18.1s
  [1/1] Epoch  73/100  (global 73)  train=0.7827  val=184.7418  lr=9.15e-05  time=18.1s
  [1/1] Epoch  74/100  (global 74)  train=0.7882  val=184.7913  lr=8.55e-05  time=18.1s
  [1/1] Epoch  75/100  (global 75)  train=0.7856  val=184.8622  lr=7.97e-05  time=18.0s
  [1/1] Epoch  76/100  (global 76)  train=0.7889  val=184.6344  lr=7.41e-05  time=18.1s
  [1/1] Epoch  77/100  (global 77)  train=0.7845  val=184.6474  lr=6.86e-05  time=18.1s
  [1/1] Epoch  78/100  (global 78)  train=0.7959  val=184.7763  lr=6.33e-05  time=18.0s
  [1/1] Epoch  79/100  (global 79)  train=0.7822  val=184.7651  lr=5.83e-05  time=18.0s
  [1/1] Epoch  80/100  (global 80)  train=0.7718  val=184.6413  lr=5.34e-05  time=18.0s
  [1/1] Epoch  81/100  (global 81)  train=0.7695  val=184.7261  lr=4.87e-05  time=17.9s
  [1/1] Epoch  82/100  (global 82)  train=0.7686  val=184.6754  lr=4.41e-05  time=17.9s
  [1/1] Epoch  83/100  (global 83)  train=0.7666  val=184.7163  lr=3.98e-05  time=17.9s
  [1/1] Epoch  84/100  (global 84)  train=0.7652  val=184.6759  lr=3.57e-05  time=17.9s
  [1/1] Epoch  85/100  (global 85)  train=0.7656  val=184.6399  lr=3.19e-05  time=17.9s
  [1/1] Epoch  86/100  (global 86)  train=0.7652  val=184.5754  lr=2.82e-05  time=17.7s
  [1/1] Epoch  87/100  (global 87)  train=0.7691  val=184.6291  lr=2.47e-05  time=17.7s
  [1/1] Epoch  88/100  (global 88)  train=0.7619  val=184.5643  lr=2.15e-05  time=17.8s
  [1/1] Epoch  89/100  (global 89)  train=0.7671  val=184.5591  lr=1.85e-05  time=17.7s
  [1/1] Epoch  90/100  (global 90)  train=0.7603  val=184.5727  lr=1.58e-05  time=17.8s
  [1/1] Epoch  91/100  (global 91)  train=0.7675  val=184.5376  lr=1.32e-05  time=17.8s
  [1/1] Epoch  92/100  (global 92)  train=0.7596  val=184.5481  lr=1.09e-05  time=17.7s
  [1/1] Epoch  93/100  (global 93)  train=0.7587  val=184.5526  lr=8.84e-06  time=17.7s
  [1/1] Epoch  94/100  (global 94)  train=0.7577  val=184.5414  lr=7.01e-06  time=17.6s
  [1/1] Epoch  95/100  (global 95)  train=0.7752  val=184.5237  lr=5.42e-06  time=17.6s
  [1/1] Epoch  96/100  (global 96)  train=0.7577  val=184.5291  lr=4.07e-06  time=17.7s
  [1/1] Epoch  97/100  (global 97)  train=0.7566  val=184.5311  lr=2.97e-06  time=17.8s
  [1/1] Epoch  98/100  (global 98)  train=0.7557  val=184.5296  lr=2.11e-06  time=17.6s
  [1/1] Epoch  99/100  (global 99)  train=0.7560  val=184.5339  lr=1.49e-06  time=17.6s
  [1/1] Epoch 100/100  (global 100)  train=0.7603  val=184.5352  lr=1.12e-06  time=17.6s

Curriculum ODE training complete. Best val loss: 181.8944
Losses saved to: results/node_curriculum_losses.csv
=== Stage: gru ===
Using device: cuda
Loading latent cycles from checkpoints/latent_cycles.pt
Building train windows...
Train windows: 4078
Building val windows...
Val windows: 1256
Epoch   1/100  train=6.6970  val=84.5960  time=2.5s
  -> saved checkpoint (val=84.5960)
Epoch   2/100  train=2.7425  val=82.1177  time=2.1s
  -> saved checkpoint (val=82.1177)
Epoch   3/100  train=1.9140  val=81.0439  time=2.1s
  -> saved checkpoint (val=81.0439)
Epoch   4/100  train=1.5771  val=80.3850  time=2.1s
  -> saved checkpoint (val=80.3850)
Epoch   5/100  train=1.4158  val=79.9676  time=2.1s
  -> saved checkpoint (val=79.9676)
Epoch   6/100  train=1.3128  val=79.6846  time=2.1s
  -> saved checkpoint (val=79.6846)
Epoch   7/100  train=1.2487  val=79.5654  time=2.1s
  -> saved checkpoint (val=79.5654)
Epoch   8/100  train=1.1926  val=79.2736  time=2.1s
  -> saved checkpoint (val=79.2736)
Epoch   9/100  train=1.1518  val=79.1835  time=2.1s
  -> saved checkpoint (val=79.1835)
Epoch  10/100  train=1.1217  val=79.1250  time=2.1s
  -> saved checkpoint (val=79.1250)
Epoch  11/100  train=1.0892  val=78.8999  time=2.1s
  -> saved checkpoint (val=78.8999)
Epoch  12/100  train=1.0738  val=78.9218  time=2.1s
Epoch  13/100  train=1.0600  val=78.8632  time=2.1s
  -> saved checkpoint (val=78.8632)
Epoch  14/100  train=1.0472  val=78.9684  time=2.1s
Epoch  15/100  train=1.0264  val=78.8351  time=2.1s
  -> saved checkpoint (val=78.8351)
Epoch  16/100  train=1.0591  val=78.6252  time=2.1s
  -> saved checkpoint (val=78.6252)
Epoch  17/100  train=1.0047  val=78.5225  time=2.1s
  -> saved checkpoint (val=78.5225)
Epoch  18/100  train=1.0077  val=78.6842  time=2.1s
Epoch  19/100  train=0.9799  val=78.4810  time=2.1s
  -> saved checkpoint (val=78.4810)
Epoch  20/100  train=0.9731  val=78.3415  time=2.1s
  -> saved checkpoint (val=78.3415)
Epoch  21/100  train=0.9778  val=78.3066  time=2.1s
  -> saved checkpoint (val=78.3066)
Epoch  22/100  train=0.9660  val=78.2243  time=2.1s
  -> saved checkpoint (val=78.2243)
Epoch  23/100  train=0.9743  val=78.5496  time=2.1s
Epoch  24/100  train=0.9680  val=78.4890  time=2.1s
Epoch  25/100  train=0.9452  val=78.2723  time=2.1s
Epoch  26/100  train=0.9453  val=78.0787  time=2.1s
  -> saved checkpoint (val=78.0787)
Epoch  27/100  train=0.9653  val=78.0790  time=2.1s
Epoch  28/100  train=0.9399  val=78.3223  time=2.1s
Epoch  29/100  train=0.9396  val=78.0263  time=2.1s
  -> saved checkpoint (val=78.0263)
Epoch  30/100  train=0.9317  val=78.0569  time=2.1s
Epoch  31/100  train=0.9361  val=78.1335  time=2.1s
Epoch  32/100  train=0.9336  val=78.6230  time=2.1s
Epoch  33/100  train=0.9587  val=78.2755  time=2.1s
Epoch  34/100  train=0.9298  val=77.8587  time=2.1s
  -> saved checkpoint (val=77.8587)
Epoch  35/100  train=0.9531  val=78.1700  time=2.1s
Epoch  36/100  train=0.9069  val=77.5945  time=2.1s
  -> saved checkpoint (val=77.5945)
Epoch  37/100  train=0.9176  val=77.8391  time=2.1s
Epoch  38/100  train=0.8976  val=77.7065  time=2.1s
Epoch  39/100  train=0.8965  val=77.4632  time=2.1s
  -> saved checkpoint (val=77.4632)
Epoch  40/100  train=0.9550  val=77.8143  time=2.1s
Epoch  41/100  train=0.9240  val=77.9928  time=2.1s
Epoch  42/100  train=0.9096  val=78.7455  time=2.1s
Epoch  43/100  train=0.9439  val=78.5002  time=2.1s
Epoch  44/100  train=0.9098  val=77.9457  time=2.1s
Epoch  45/100  train=0.9248  val=77.5875  time=2.1s
Epoch  46/100  train=0.8907  val=77.9218  time=2.1s
Epoch  47/100  train=0.8856  val=78.3589  time=2.1s
Epoch  48/100  train=0.8704  val=77.7212  time=2.1s
Epoch  49/100  train=0.8976  val=77.9526  time=2.1s
Epoch  50/100  train=0.9483  val=77.7717  time=2.1s
Epoch  51/100  train=0.9116  val=77.5856  time=2.1s
Epoch  52/100  train=0.8862  val=77.7369  time=2.1s
Epoch  53/100  train=0.8953  val=77.0634  time=2.1s
  -> saved checkpoint (val=77.0634)
Epoch  54/100  train=0.8677  val=77.5968  time=2.1s
Epoch  55/100  train=0.8842  val=77.5975  time=2.1s
Epoch  56/100  train=0.8700  val=77.0960  time=2.1s
Epoch  57/100  train=0.8859  val=78.4115  time=2.1s
Epoch  58/100  train=0.8746  val=77.2006  time=2.1s
Epoch  59/100  train=0.8886  val=77.9594  time=2.1s
Epoch  60/100  train=0.9212  val=78.2894  time=2.1s
Epoch  61/100  train=0.8795  val=77.0945  time=2.1s
Epoch  62/100  train=0.8718  val=76.8253  time=2.1s
  -> saved checkpoint (val=76.8253)
Epoch  63/100  train=0.8532  val=76.7650  time=2.1s
  -> saved checkpoint (val=76.7650)
Epoch  64/100  train=0.9110  val=78.8904  time=2.1s
Epoch  65/100  train=0.8942  val=76.9878  time=2.1s
Epoch  66/100  train=0.8689  val=77.5088  time=2.1s
Epoch  67/100  train=0.8551  val=76.9048  time=2.1s
Epoch  68/100  train=0.8482  val=76.6833  time=2.1s
  -> saved checkpoint (val=76.6833)
Epoch  69/100  train=0.8690  val=76.7821  time=2.1s
Epoch  70/100  train=0.8421  val=76.5888  time=2.1s
  -> saved checkpoint (val=76.5888)
Epoch  71/100  train=0.8587  val=77.0301  time=2.1s
Epoch  72/100  train=0.8358  val=76.8050  time=2.1s
Epoch  73/100  train=0.8445  val=77.5564  time=2.1s
Epoch  74/100  train=0.8428  val=77.1119  time=2.1s
Epoch  75/100  train=0.8282  val=76.3917  time=2.1s
  -> saved checkpoint (val=76.3917)
Epoch  76/100  train=0.8378  val=76.5426  time=2.1s
Epoch  77/100  train=0.9076  val=77.8840  time=2.1s
Epoch  78/100  train=1.0069  val=77.3735  time=2.1s
Epoch  79/100  train=0.9233  val=78.0993  time=2.1s
Epoch  80/100  train=0.9060  val=77.1907  time=2.1s
Epoch  81/100  train=0.8877  val=76.5898  time=2.1s
Epoch  82/100  train=0.8916  val=76.7355  time=2.1s
Epoch  83/100  train=0.9180  val=78.1341  time=2.1s
Epoch  84/100  train=0.9008  val=77.1532  time=2.1s
Epoch  85/100  train=0.8666  val=76.6895  time=2.1s
Epoch  86/100  train=0.8872  val=76.6926  time=2.1s
Epoch  87/100  train=0.8470  val=76.5436  time=2.1s
Epoch  88/100  train=0.8516  val=76.7746  time=2.1s
Epoch  89/100  train=0.8479  val=76.6050  time=2.1s
Epoch  90/100  train=0.8530  val=76.4940  time=2.1s
Epoch  91/100  train=0.8585  val=76.5817  time=2.1s
Epoch  92/100  train=0.8307  val=76.5500  time=2.1s
Epoch  93/100  train=0.8231  val=76.5504  time=2.1s
Epoch  94/100  train=0.8772  val=76.3878  time=2.1s
  -> saved checkpoint (val=76.3878)
Epoch  95/100  train=0.8798  val=76.6459  time=2.1s
Epoch  96/100  train=0.8730  val=76.6941  time=2.1s
Epoch  97/100  train=0.9889  val=77.0589  time=2.1s
Epoch  98/100  train=0.8856  val=76.8484  time=2.1s
Epoch  99/100  train=0.8634  val=76.9012  time=2.1s
Epoch 100/100  train=0.8526  val=76.6285  time=2.1s

GRU training complete. Best val loss: 76.3878
Losses saved to: results/gru_losses.csv
=== Stage: probe ===
Low drift floats:    140
Depth observations:  1,121,134

Region distribution:
region
tropics               86
northeast_atlantic    24
subpolar              16
subtropical_west       6
subtropical_east       5
northwest_atlantic     3
Name: count, dtype: int64

O2 floats: 140 / 140
  Region 'northwest_atlantic' has only 2 remaining floats — assigning all to train
  Region 'subtropical_east' has only 4 remaining floats — assigning all to train

Float counts by split:
  train :  96 floats  (96 with O2)
  test  :  25 floats  (25 with O2)
  probe :  19 floats  (19 with O2)

Row counts by split:
split
train    746571
test     224548
probe    150015
Name: count, dtype: int64

Float counts by region and split:
split               probe  test  train
region                                
northeast_atlantic      4     4     16
northwest_atlantic      1     0      2
subpolar                3     3     10
subtropical_east        1     0      4
subtropical_west        1     1      4
tropics                 9    17     60
Probe casts: 2055
Using device: cuda
Computing oxygen normalization stats...
Oxygen stats — mean: 159.11, std: 78.73
Building probe windows...
Probe windows: 994
Epoch   1/100  train=87.9029  val=8.1347  lr=1.00e-04  time=7.4s
  -> saved checkpoint (val=8.1347)
Epoch   2/100  train=2.2331  val=1.7861  lr=1.00e-04  time=3.8s
  -> saved checkpoint (val=1.7861)
Epoch   3/100  train=1.0746  val=0.8665  lr=9.99e-05  time=3.8s
  -> saved checkpoint (val=0.8665)
Epoch   4/100  train=0.7694  val=0.7310  lr=9.98e-05  time=3.8s
  -> saved checkpoint (val=0.7310)
Epoch   5/100  train=0.7133  val=0.7015  lr=9.96e-05  time=3.8s
  -> saved checkpoint (val=0.7015)
Epoch   6/100  train=0.6793  val=0.6612  lr=9.94e-05  time=3.9s
  -> saved checkpoint (val=0.6612)
Epoch   7/100  train=0.6409  val=0.6195  lr=9.91e-05  time=3.8s
  -> saved checkpoint (val=0.6195)
Epoch   8/100  train=0.5930  val=0.5319  lr=9.88e-05  time=3.8s
  -> saved checkpoint (val=0.5319)
Epoch   9/100  train=0.5085  val=0.4652  lr=9.84e-05  time=3.8s
  -> saved checkpoint (val=0.4652)
Epoch  10/100  train=0.4620  val=0.4258  lr=9.80e-05  time=3.8s
  -> saved checkpoint (val=0.4258)
Epoch  11/100  train=0.4317  val=0.3929  lr=9.76e-05  time=3.8s
  -> saved checkpoint (val=0.3929)
Epoch  12/100  train=0.3985  val=0.3652  lr=9.71e-05  time=3.8s
  -> saved checkpoint (val=0.3652)
Epoch  13/100  train=0.3679  val=0.3406  lr=9.65e-05  time=3.9s
  -> saved checkpoint (val=0.3406)
Epoch  14/100  train=0.3453  val=0.3191  lr=9.59e-05  time=3.8s
  -> saved checkpoint (val=0.3191)
Epoch  15/100  train=0.3248  val=0.2989  lr=9.53e-05  time=3.8s
  -> saved checkpoint (val=0.2989)
Epoch  16/100  train=0.3048  val=0.2744  lr=9.46e-05  time=3.8s
  -> saved checkpoint (val=0.2744)
Epoch  17/100  train=0.2845  val=0.2564  lr=9.39e-05  time=3.8s
  -> saved checkpoint (val=0.2564)
Epoch  18/100  train=0.2655  val=0.2347  lr=9.31e-05  time=3.8s
  -> saved checkpoint (val=0.2347)
Epoch  19/100  train=0.2503  val=0.2212  lr=9.23e-05  time=3.8s
  -> saved checkpoint (val=0.2212)
Epoch  20/100  train=0.2380  val=0.2127  lr=9.14e-05  time=3.9s
  -> saved checkpoint (val=0.2127)
Epoch  21/100  train=0.2335  val=0.1974  lr=9.05e-05  time=3.8s
  -> saved checkpoint (val=0.1974)
Epoch  22/100  train=0.2175  val=0.1878  lr=8.96e-05  time=3.8s
  -> saved checkpoint (val=0.1878)
Epoch  23/100  train=0.2109  val=0.1819  lr=8.86e-05  time=3.8s
  -> saved checkpoint (val=0.1819)
Epoch  24/100  train=0.2033  val=0.1763  lr=8.76e-05  time=3.8s
  -> saved checkpoint (val=0.1763)
Epoch  25/100  train=0.1993  val=0.1688  lr=8.66e-05  time=3.8s
  -> saved checkpoint (val=0.1688)
Epoch  26/100  train=0.1939  val=0.1660  lr=8.55e-05  time=3.8s
  -> saved checkpoint (val=0.1660)
Epoch  27/100  train=0.1894  val=0.1583  lr=8.44e-05  time=3.9s
  -> saved checkpoint (val=0.1583)
Epoch  28/100  train=0.1860  val=0.1540  lr=8.32e-05  time=3.8s
  -> saved checkpoint (val=0.1540)
Epoch  29/100  train=0.1817  val=0.1547  lr=8.21e-05  time=3.8s
Epoch  30/100  train=0.1804  val=0.1474  lr=8.08e-05  time=3.8s
  -> saved checkpoint (val=0.1474)
Epoch  31/100  train=0.1765  val=0.1443  lr=7.96e-05  time=3.8s
  -> saved checkpoint (val=0.1443)
Epoch  32/100  train=0.1731  val=0.1428  lr=7.83e-05  time=3.8s
  -> saved checkpoint (val=0.1428)
Epoch  33/100  train=0.1719  val=0.1446  lr=7.70e-05  time=3.8s
Epoch  34/100  train=0.1711  val=0.1374  lr=7.57e-05  time=3.9s
  -> saved checkpoint (val=0.1374)
Epoch  35/100  train=0.1647  val=0.1308  lr=7.43e-05  time=3.8s
  -> saved checkpoint (val=0.1308)
Epoch  36/100  train=0.1602  val=0.1270  lr=7.30e-05  time=3.8s
  -> saved checkpoint (val=0.1270)
Epoch  37/100  train=0.1581  val=0.1268  lr=7.16e-05  time=3.8s
  -> saved checkpoint (val=0.1268)
Epoch  38/100  train=0.1553  val=0.1244  lr=7.02e-05  time=3.8s
  -> saved checkpoint (val=0.1244)
Epoch  39/100  train=0.1511  val=0.1221  lr=6.87e-05  time=3.8s
  -> saved checkpoint (val=0.1221)
Epoch  40/100  train=0.1524  val=0.1192  lr=6.73e-05  time=3.9s
  -> saved checkpoint (val=0.1192)
Epoch  41/100  train=0.1475  val=0.1181  lr=6.58e-05  time=3.8s
  -> saved checkpoint (val=0.1181)
Epoch  42/100  train=0.1477  val=0.1146  lr=6.43e-05  time=3.8s
  -> saved checkpoint (val=0.1146)
Epoch  43/100  train=0.1452  val=0.1117  lr=6.28e-05  time=3.8s
  -> saved checkpoint (val=0.1117)
Epoch  44/100  train=0.1463  val=0.1105  lr=6.13e-05  time=3.8s
  -> saved checkpoint (val=0.1105)
Epoch  45/100  train=0.1450  val=0.1168  lr=5.98e-05  time=3.8s
Epoch  46/100  train=0.1430  val=0.1074  lr=5.82e-05  time=3.9s
  -> saved checkpoint (val=0.1074)
Epoch  47/100  train=0.1390  val=0.1061  lr=5.67e-05  time=3.8s
  -> saved checkpoint (val=0.1061)
Epoch  48/100  train=0.1372  val=0.1048  lr=5.52e-05  time=3.8s
  -> saved checkpoint (val=0.1048)
Epoch  49/100  train=0.1376  val=0.1076  lr=5.36e-05  time=3.8s
Epoch  50/100  train=0.1357  val=0.1034  lr=5.21e-05  time=3.8s
  -> saved checkpoint (val=0.1034)
Epoch  51/100  train=0.1362  val=0.1022  lr=5.05e-05  time=3.8s
  -> saved checkpoint (val=0.1022)
Epoch  52/100  train=0.1338  val=0.1021  lr=4.89e-05  time=3.8s
  -> saved checkpoint (val=0.1021)
Epoch  53/100  train=0.1343  val=0.0995  lr=4.74e-05  time=3.9s
  -> saved checkpoint (val=0.0995)
Epoch  54/100  train=0.1320  val=0.0984  lr=4.58e-05  time=3.8s
  -> saved checkpoint (val=0.0984)
Epoch  55/100  train=0.1300  val=0.0968  lr=4.43e-05  time=3.8s
  -> saved checkpoint (val=0.0968)
Epoch  56/100  train=0.1295  val=0.0968  lr=4.28e-05  time=3.8s
Epoch  57/100  train=0.1302  val=0.0974  lr=4.12e-05  time=3.8s
Epoch  58/100  train=0.1314  val=0.0946  lr=3.97e-05  time=3.8s
  -> saved checkpoint (val=0.0946)
Epoch  59/100  train=0.1275  val=0.0944  lr=3.82e-05  time=3.9s
  -> saved checkpoint (val=0.0944)
Epoch  60/100  train=0.1270  val=0.0940  lr=3.67e-05  time=3.8s
  -> saved checkpoint (val=0.0940)
Epoch  61/100  train=0.1281  val=0.0938  lr=3.52e-05  time=3.8s
  -> saved checkpoint (val=0.0938)
Epoch  62/100  train=0.1261  val=0.0923  lr=3.37e-05  time=3.8s
  -> saved checkpoint (val=0.0923)
Epoch  63/100  train=0.1251  val=0.0925  lr=3.23e-05  time=3.8s
Epoch  64/100  train=0.1258  val=0.0927  lr=3.08e-05  time=3.8s
Epoch  65/100  train=0.1245  val=0.0910  lr=2.94e-05  time=3.9s
  -> saved checkpoint (val=0.0910)
Epoch  66/100  train=0.1237  val=0.0912  lr=2.80e-05  time=3.8s
Epoch  67/100  train=0.1232  val=0.0913  lr=2.67e-05  time=3.8s
Epoch  68/100  train=0.1240  val=0.0923  lr=2.53e-05  time=3.8s
Epoch  69/100  train=0.1258  val=0.0924  lr=2.40e-05  time=3.8s
Epoch  70/100  train=0.1225  val=0.0910  lr=2.27e-05  time=3.8s
Epoch  71/100  train=0.1230  val=0.0891  lr=2.14e-05  time=3.9s
  -> saved checkpoint (val=0.0891)
Epoch  72/100  train=0.1216  val=0.0893  lr=2.02e-05  time=3.8s
Epoch  73/100  train=0.1216  val=0.0885  lr=1.89e-05  time=3.8s
  -> saved checkpoint (val=0.0885)
Epoch  74/100  train=0.1214  val=0.0884  lr=1.78e-05  time=3.8s
  -> saved checkpoint (val=0.0884)
Epoch  75/100  train=0.1202  val=0.0892  lr=1.66e-05  time=3.8s
Epoch  76/100  train=0.1214  val=0.0886  lr=1.55e-05  time=3.8s
Epoch  77/100  train=0.1218  val=0.0877  lr=1.44e-05  time=3.8s
  -> saved checkpoint (val=0.0877)
Epoch  78/100  train=0.1207  val=0.0879  lr=1.34e-05  time=3.9s
Epoch  79/100  train=0.1201  val=0.0882  lr=1.24e-05  time=3.8s
Epoch  80/100  train=0.1205  val=0.0873  lr=1.14e-05  time=3.8s
  -> saved checkpoint (val=0.0873)
Epoch  81/100  train=0.1201  val=0.0877  lr=1.05e-05  time=3.8s
Epoch  82/100  train=0.1204  val=0.0870  lr=9.56e-06  time=3.8s
  -> saved checkpoint (val=0.0870)
Epoch  83/100  train=0.1201  val=0.0869  lr=8.71e-06  time=3.8s
  -> saved checkpoint (val=0.0869)
Epoch  84/100  train=0.1203  val=0.0873  lr=7.89e-06  time=3.9s
Epoch  85/100  train=0.1202  val=0.0867  lr=7.12e-06  time=3.8s
  -> saved checkpoint (val=0.0867)
Epoch  86/100  train=0.1194  val=0.0867  lr=6.40e-06  time=3.8s
Epoch  87/100  train=0.1189  val=0.0866  lr=5.71e-06  time=3.8s
  -> saved checkpoint (val=0.0866)
Epoch  88/100  train=0.1197  val=0.0865  lr=5.07e-06  time=3.8s
  -> saved checkpoint (val=0.0865)
Epoch  89/100  train=0.1192  val=0.0865  lr=4.48e-06  time=3.8s
Epoch  90/100  train=0.1196  val=0.0865  lr=3.93e-06  time=3.8s
  -> saved checkpoint (val=0.0865)
Epoch  91/100  train=0.1189  val=0.0864  lr=3.42e-06  time=3.9s
  -> saved checkpoint (val=0.0864)
Epoch  92/100  train=0.1191  val=0.0864  lr=2.97e-06  time=3.8s
Epoch  93/100  train=0.1189  val=0.0863  lr=2.56e-06  time=3.8s
  -> saved checkpoint (val=0.0863)
Epoch  94/100  train=0.1189  val=0.0863  lr=2.19e-06  time=3.8s
  -> saved checkpoint (val=0.0863)
Epoch  95/100  train=0.1191  val=0.0862  lr=1.88e-06  time=3.8s
  -> saved checkpoint (val=0.0862)
Epoch  96/100  train=0.1189  val=0.0862  lr=1.61e-06  time=3.8s
Epoch  97/100  train=0.1192  val=0.0862  lr=1.39e-06  time=3.8s
  -> saved checkpoint (val=0.0862)
Epoch  98/100  train=0.1189  val=0.0862  lr=1.22e-06  time=3.9s
  -> saved checkpoint (val=0.0862)
Epoch  99/100  train=0.1185  val=0.0862  lr=1.10e-06  time=3.8s
  -> saved checkpoint (val=0.0862)
Epoch 100/100  train=0.1184  val=0.0862  lr=1.02e-06  time=3.8s
  -> saved checkpoint (val=0.0862)

Probe training complete. Best val loss: 0.0862
Losses saved to: results/probe_losses.csv
=== Stage: probe_baseline ===
Low drift floats:    140
Depth observations:  1,121,134

Region distribution:
region
tropics               86
northeast_atlantic    24
subpolar              16
subtropical_west       6
subtropical_east       5
northwest_atlantic     3
Name: count, dtype: int64

O2 floats: 140 / 140
  Region 'northwest_atlantic' has only 2 remaining floats — assigning all to train
  Region 'subtropical_east' has only 4 remaining floats — assigning all to train

Float counts by split:
  train :  96 floats  (96 with O2)
  test  :  25 floats  (25 with O2)
  probe :  19 floats  (19 with O2)

Row counts by split:
split
train    746571
test     224548
probe    150015
Name: count, dtype: int64

Float counts by region and split:
split               probe  test  train
region                                
northeast_atlantic      4     4     16
northwest_atlantic      1     0      2
subpolar                3     3     10
subtropical_east        1     0      4
subtropical_west        1     1      4
tropics                 9    17     60
Probe casts: 2055
Using device: cuda
Computing oxygen normalization stats...
Oxygen stats — mean: 159.11, std: 78.73
Building probe windows...
Probe windows: 994
Epoch   1/100  train=346.9995  val=84.3485  time=3.2s
  -> saved checkpoint (val=84.3485)
Epoch   2/100  train=11.6661  val=4.5128  time=2.9s
  -> saved checkpoint (val=4.5128)
Epoch   3/100  train=1.8790  val=1.0553  time=2.9s
  -> saved checkpoint (val=1.0553)
Epoch   4/100  train=1.0970  val=1.0423  time=2.9s
  -> saved checkpoint (val=1.0423)
Epoch   5/100  train=1.1481  val=1.0797  time=3.0s
Epoch   6/100  train=1.2438  val=1.2953  time=3.1s
Epoch   7/100  train=1.0947  val=1.0012  time=2.9s
  -> saved checkpoint (val=1.0012)
Epoch   8/100  train=1.0901  val=1.0479  time=2.9s
Epoch   9/100  train=1.2412  val=1.2351  time=2.9s
Epoch  10/100  train=1.0529  val=1.2087  time=3.0s
Epoch  11/100  train=1.1233  val=0.9844  time=2.9s
  -> saved checkpoint (val=0.9844)
Epoch  12/100  train=1.1514  val=0.9855  time=2.9s
Epoch  13/100  train=1.0546  val=1.1094  time=2.9s
Epoch  14/100  train=1.0551  val=1.1176  time=2.9s
Epoch  15/100  train=1.0623  val=1.0845  time=2.9s
Epoch  16/100  train=1.2059  val=0.9747  time=2.9s
  -> saved checkpoint (val=0.9747)
Epoch  17/100  train=1.1639  val=1.0624  time=3.1s
Epoch  18/100  train=1.0336  val=1.0438  time=2.9s
Epoch  19/100  train=1.0190  val=1.2865  time=2.9s
Epoch  20/100  train=1.0899  val=0.9798  time=2.9s
Epoch  21/100  train=1.0519  val=0.9674  time=2.9s
  -> saved checkpoint (val=0.9674)
Epoch  22/100  train=1.1402  val=1.1798  time=3.0s
Epoch  23/100  train=1.2170  val=1.2425  time=3.0s
Epoch  24/100  train=1.4337  val=1.0197  time=3.0s
Epoch  25/100  train=1.0540  val=0.9588  time=3.0s
  -> saved checkpoint (val=0.9588)
Epoch  26/100  train=1.1928  val=0.9819  time=3.0s
Epoch  27/100  train=1.0532  val=0.9539  time=2.9s
  -> saved checkpoint (val=0.9539)
Epoch  28/100  train=1.3510  val=1.0077  time=3.1s
Epoch  29/100  train=1.2364  val=1.6057  time=2.9s
Epoch  30/100  train=1.3101  val=0.9549  time=2.9s
Epoch  31/100  train=1.4912  val=1.3950  time=3.0s
Epoch  32/100  train=1.2724  val=1.2210  time=2.9s
Epoch  33/100  train=1.4718  val=1.1641  time=2.9s
Epoch  34/100  train=1.3603  val=1.0621  time=2.9s
Epoch  35/100  train=1.4030  val=0.9453  time=2.9s
  -> saved checkpoint (val=0.9453)
Epoch  36/100  train=1.1653  val=1.0472  time=3.0s
Epoch  37/100  train=1.1576  val=0.9645  time=2.9s
Epoch  38/100  train=1.1384  val=0.9899  time=2.9s
Epoch  39/100  train=1.1437  val=1.0307  time=3.1s
Epoch  40/100  train=1.1162  val=1.1192  time=2.9s
Epoch  41/100  train=1.2057  val=1.6045  time=3.0s
Epoch  42/100  train=1.3344  val=1.1539  time=3.0s
Epoch  43/100  train=1.1407  val=1.4371  time=3.0s
Epoch  44/100  train=1.9867  val=4.3931  time=3.0s
Epoch  45/100  train=1.4698  val=0.9756  time=3.0s
Epoch  46/100  train=1.4228  val=1.1638  time=3.0s
Epoch  47/100  train=1.7486  val=1.9795  time=3.0s
Epoch  48/100  train=1.3829  val=1.1933  time=3.0s
Epoch  49/100  train=1.0450  val=0.9210  time=3.1s
  -> saved checkpoint (val=0.9210)
Epoch  50/100  train=1.0772  val=1.6726  time=3.0s
Epoch  51/100  train=1.9615  val=1.7433  time=3.0s
Epoch  52/100  train=2.1830  val=2.8144  time=3.0s
Epoch  53/100  train=1.5848  val=1.0274  time=3.0s
Epoch  54/100  train=1.0251  val=1.2281  time=3.0s
Epoch  55/100  train=1.6341  val=2.2605  time=3.0s
Epoch  56/100  train=1.3542  val=1.0485  time=3.0s
Epoch  57/100  train=1.1661  val=1.8040  time=3.0s
Epoch  58/100  train=1.8770  val=1.5483  time=3.0s
Epoch  59/100  train=1.2870  val=1.6469  time=3.0s
Epoch  60/100  train=2.3590  val=2.0213  time=3.1s
Epoch  61/100  train=1.0968  val=1.1451  time=3.0s
Epoch  62/100  train=2.0373  val=1.7897  time=3.0s
Epoch  63/100  train=1.2718  val=1.2838  time=3.0s
Epoch  64/100  train=1.1542  val=1.2252  time=3.0s
Epoch  65/100  train=1.3106  val=1.4073  time=3.0s
Epoch  66/100  train=1.7659  val=6.1574  time=3.0s
Epoch  67/100  train=3.4874  val=2.7444  time=3.0s
Epoch  68/100  train=1.7548  val=1.2946  time=3.0s
Epoch  69/100  train=1.9416  val=1.0176  time=3.0s
Epoch  70/100  train=2.7913  val=3.1475  time=3.1s
Epoch  71/100  train=4.7128  val=0.9897  time=3.0s
Epoch  72/100  train=1.7477  val=1.3416  time=3.0s
Epoch  73/100  train=1.9449  val=1.0107  time=3.0s
