======================================================
Start Time  : Mon Apr 13 08:57:41 PM EDT 2026
Submit Dir  : /users/sphill86/ocean_dynamics_2
Job ID/Name : 11346456 / ocean_latent_ode
Partition   : GPU
======================================================
=== Stage: split ===
Low drift floats:    140
Depth observations:  1,121,134

Region distribution:
region
tropics               86
northeast_atlantic    24
subpolar              16
subtropical_west       6
subtropical_east       5
northwest_atlantic     3
Name: count, dtype: int64

O2 floats: 34 / 140
  Region 'northwest_atlantic' has only 3 remaining floats — assigning all to train
  Region 'subtropical_east' has only 4 remaining floats — assigning all to train

Float counts by split:
  train :  96 floats  (21 with O2)
  test  :  25 floats  (7 with O2)
  probe :  19 floats  (6 with O2)

Row counts by split:
split
train    733358
test     224767
probe    163009
Name: count, dtype: int64

Float counts by region and split:
split               probe  test  train
region                                
northeast_atlantic      4     4     16
northwest_atlantic      0     0      3
subpolar                3     3     10
subtropical_east        1     0      4
subtropical_west        2     1      3
tropics                 9    17     60
Split complete.
=== Stage: encoder ===
Using device: cuda
Low drift floats:    140
Depth observations:  1,121,134

Region distribution:
region
tropics               86
northeast_atlantic    24
subpolar              16
subtropical_west       6
subtropical_east       5
northwest_atlantic     3
Name: count, dtype: int64

O2 floats: 34 / 140
  Region 'northwest_atlantic' has only 3 remaining floats — assigning all to train
  Region 'subtropical_east' has only 4 remaining floats — assigning all to train

Float counts by split:
  train :  96 floats  (21 with O2)
  test  :  25 floats  (7 with O2)
  probe :  19 floats  (6 with O2)

Row counts by split:
split
train    733358
test     224767
probe    163009
Name: count, dtype: int64

Float counts by region and split:
split               probe  test  train
region                                
northeast_atlantic      4     4     16
northwest_atlantic      0     0      3
subpolar                3     3     10
subtropical_east        1     0      4
subtropical_west        2     1      3
tropics                 9    17     60
Epoch   1/80  train=26.1128  val=0.1176  time=7.1s
Saved autoencoder to checkpoints/autoencoder_best.pt
  -> saved checkpoint (val=0.1176)
Epoch   2/80  train=0.1077  val=0.0743  time=5.7s
Saved autoencoder to checkpoints/autoencoder_best.pt
  -> saved checkpoint (val=0.0743)
Epoch   3/80  train=0.0830  val=0.0669  time=5.7s
Saved autoencoder to checkpoints/autoencoder_best.pt
  -> saved checkpoint (val=0.0669)
Epoch   4/80  train=0.0742  val=0.0601  time=5.9s
Saved autoencoder to checkpoints/autoencoder_best.pt
  -> saved checkpoint (val=0.0601)
Epoch   5/80  train=0.0647  val=0.0560  time=5.7s
Saved autoencoder to checkpoints/autoencoder_best.pt
  -> saved checkpoint (val=0.0560)
Epoch   6/80  train=0.0559  val=0.0511  time=5.7s
Saved autoencoder to checkpoints/autoencoder_best.pt
  -> saved checkpoint (val=0.0511)
Epoch   7/80  train=0.0511  val=0.0493  time=5.7s
Saved autoencoder to checkpoints/autoencoder_best.pt
  -> saved checkpoint (val=0.0493)
Epoch   8/80  train=0.0486  val=0.0495  time=5.9s
Epoch   9/80  train=0.0471  val=0.0441  time=5.7s
Saved autoencoder to checkpoints/autoencoder_best.pt
  -> saved checkpoint (val=0.0441)
Epoch  10/80  train=0.0451  val=0.0492  time=5.7s
Epoch  11/80  train=0.0429  val=0.0433  time=5.7s
Saved autoencoder to checkpoints/autoencoder_best.pt
  -> saved checkpoint (val=0.0433)
Epoch  12/80  train=0.0433  val=0.0416  time=5.8s
Saved autoencoder to checkpoints/autoencoder_best.pt
  -> saved checkpoint (val=0.0416)
Epoch  13/80  train=0.0415  val=0.0430  time=5.7s
Epoch  14/80  train=0.0396  val=0.0409  time=5.7s
Saved autoencoder to checkpoints/autoencoder_best.pt
  -> saved checkpoint (val=0.0409)
Epoch  15/80  train=0.0393  val=0.0424  time=5.7s
Epoch  16/80  train=0.0380  val=0.0393  time=5.8s
Saved autoencoder to checkpoints/autoencoder_best.pt
  -> saved checkpoint (val=0.0393)
Epoch  17/80  train=0.0392  val=0.0394  time=5.7s
Epoch  18/80  train=0.0384  val=0.0395  time=5.7s
Epoch  19/80  train=0.0379  val=0.0366  time=5.7s
Saved autoencoder to checkpoints/autoencoder_best.pt
  -> saved checkpoint (val=0.0366)
Epoch  20/80  train=0.0348  val=0.0377  time=5.8s
Epoch  21/80  train=0.0352  val=0.0367  time=5.7s
Epoch  22/80  train=0.0348  val=0.0348  time=5.7s
Saved autoencoder to checkpoints/autoencoder_best.pt
  -> saved checkpoint (val=0.0348)
Epoch  23/80  train=0.0350  val=0.0343  time=5.7s
Saved autoencoder to checkpoints/autoencoder_best.pt
  -> saved checkpoint (val=0.0343)
Epoch  24/80  train=0.0368  val=0.0355  time=5.8s
Epoch  25/80  train=0.0330  val=0.0361  time=5.7s
Epoch  26/80  train=0.0354  val=0.0355  time=5.7s
Epoch  27/80  train=0.0346  val=0.0357  time=5.7s
Epoch  28/80  train=0.0328  val=0.0348  time=5.8s
Epoch  29/80  train=0.0349  val=0.0324  time=5.7s
Saved autoencoder to checkpoints/autoencoder_best.pt
  -> saved checkpoint (val=0.0324)
Epoch  30/80  train=0.0312  val=0.0350  time=5.7s
Epoch  31/80  train=0.0336  val=0.0330  time=5.7s
Epoch  32/80  train=0.0325  val=0.0376  time=5.8s
Epoch  33/80  train=0.0368  val=0.0337  time=5.7s
Epoch  34/80  train=0.0293  val=0.0310  time=5.7s
Saved autoencoder to checkpoints/autoencoder_best.pt
  -> saved checkpoint (val=0.0310)
Epoch  35/80  train=0.0294  val=0.0455  time=5.7s
Epoch  36/80  train=0.0308  val=0.0457  time=5.8s
Epoch  37/80  train=0.0316  val=0.0353  time=5.7s
Epoch  38/80  train=0.0284  val=0.0325  time=5.7s
Epoch  39/80  train=0.0313  val=0.0337  time=5.7s
Epoch  40/80  train=0.0298  val=0.0313  time=5.7s
Epoch  41/80  train=0.0282  val=0.0331  time=5.8s
Epoch  42/80  train=0.0289  val=0.0347  time=5.7s
Epoch  43/80  train=0.0292  val=0.0331  time=5.7s
Epoch  44/80  train=0.0313  val=0.0290  time=5.7s
Saved autoencoder to checkpoints/autoencoder_best.pt
  -> saved checkpoint (val=0.0290)
Epoch  45/80  train=0.0277  val=0.0294  time=5.8s
Epoch  46/80  train=0.0262  val=0.0328  time=5.7s
Epoch  47/80  train=0.0273  val=0.0290  time=5.7s
Saved autoencoder to checkpoints/autoencoder_best.pt
  -> saved checkpoint (val=0.0290)
Epoch  48/80  train=0.0276  val=0.0301  time=5.7s
Epoch  49/80  train=0.0262  val=0.0372  time=5.8s
Epoch  50/80  train=0.0266  val=0.0325  time=5.7s
Epoch  51/80  train=0.0253  val=0.0313  time=5.7s
Epoch  52/80  train=0.0258  val=0.0271  time=5.7s
Saved autoencoder to checkpoints/autoencoder_best.pt
  -> saved checkpoint (val=0.0271)
Epoch  53/80  train=0.0264  val=0.0295  time=5.8s
Epoch  54/80  train=0.0251  val=0.0285  time=5.7s
Epoch  55/80  train=0.0258  val=0.0314  time=5.7s
Epoch  56/80  train=0.0248  val=0.0291  time=5.7s
Epoch  57/80  train=0.0232  val=0.0272  time=5.8s
Epoch  58/80  train=0.0245  val=0.0281  time=5.7s
Epoch  59/80  train=0.0247  val=0.0301  time=5.7s
Epoch  60/80  train=0.0234  val=0.0284  time=5.7s
Epoch  61/80  train=0.0245  val=0.0291  time=5.8s
Epoch  62/80  train=0.0226  val=0.0295  time=5.7s
Epoch  63/80  train=0.0249  val=0.0441  time=5.7s
Epoch  64/80  train=0.0240  val=0.0291  time=5.7s
Epoch  65/80  train=0.0219  val=0.0303  time=5.8s
Epoch  66/80  train=0.0218  val=0.0340  time=5.7s
Epoch  67/80  train=0.0229  val=0.0257  time=5.7s
Saved autoencoder to checkpoints/autoencoder_best.pt
  -> saved checkpoint (val=0.0257)
Epoch  68/80  train=0.0225  val=0.0337  time=5.7s
Epoch  69/80  train=0.0211  val=0.0283  time=5.8s
Epoch  70/80  train=0.0234  val=0.0288  time=5.7s
Epoch  71/80  train=0.0214  val=0.0276  time=5.7s
Epoch  72/80  train=0.0207  val=0.0298  time=5.7s
Epoch  73/80  train=0.0226  val=0.0283  time=5.8s
Epoch  74/80  train=0.0210  val=0.0300  time=5.7s
Epoch  75/80  train=0.0211  val=0.0301  time=5.7s
Epoch  76/80  train=0.0209  val=0.0310  time=5.7s
Epoch  77/80  train=0.0201  val=0.0314  time=5.8s
Epoch  78/80  train=0.0207  val=0.0286  time=5.7s
Epoch  79/80  train=0.0207  val=0.0303  time=5.7s
Epoch  80/80  train=0.0200  val=0.0270  time=5.7s

Encoder training complete. Best val loss: 0.0257
Losses saved to: results/encoder_losses.csv
=== Stage: encode ===
Low drift floats:    140
Depth observations:  1,121,134

Region distribution:
region
tropics               86
northeast_atlantic    24
subpolar              16
subtropical_west       6
subtropical_east       5
northwest_atlantic     3
Name: count, dtype: int64

O2 floats: 34 / 140
  Region 'northwest_atlantic' has only 3 remaining floats — assigning all to train
  Region 'subtropical_east' has only 4 remaining floats — assigning all to train

Float counts by split:
  train :  96 floats  (21 with O2)
  test  :  25 floats  (7 with O2)
  probe :  19 floats  (6 with O2)

Row counts by split:
split
train    733358
test     224767
probe    163009
Name: count, dtype: int64

Float counts by region and split:
split               probe  test  train
region                                
northeast_atlantic      4     4     16
northwest_atlantic      0     0      3
subpolar                3     3     10
subtropical_east        1     0      4
subtropical_west        2     1      3
tropics                 9    17     60
Latent train: 10046 casts
Latent val:   3079 casts
Latent probe: 2233 casts
Saved latent cycles to checkpoints/latent_cycles.pt
=== Stage: ode_curriculum ===
Using device: cuda
Loading latent cycles from checkpoints/latent_cycles.pt

Curriculum schedule:
  Phase 1: window=10 (100 days)  epochs=100
  Total epochs: 100

============================================================
Phase 1/1 — window=10 (100 days)  epochs=100
============================================================
Building train windows...
Train windows: 4614
Building val windows...
Val windows: 1434
  [1/1] Epoch   1/100  (global 1)  train=1.4221  val=0.2455  lr=5.00e-04  time=11.6s
  -> saved checkpoint (val=0.2455)
  [1/1] Epoch   2/100  (global 2)  train=0.1928  val=0.1661  lr=5.00e-04  time=9.2s
  -> saved checkpoint (val=0.1661)
  [1/1] Epoch   3/100  (global 3)  train=0.1620  val=0.1308  lr=5.00e-04  time=9.1s
  -> saved checkpoint (val=0.1308)
  [1/1] Epoch   4/100  (global 4)  train=0.1502  val=0.1149  lr=4.99e-04  time=8.9s
  -> saved checkpoint (val=0.1149)
  [1/1] Epoch   5/100  (global 5)  train=0.1473  val=0.1287  lr=4.98e-04  time=8.8s
  [1/1] Epoch   6/100  (global 6)  train=0.1464  val=0.1345  lr=4.97e-04  time=8.8s
  [1/1] Epoch   7/100  (global 7)  train=0.1409  val=0.1451  lr=4.96e-04  time=8.9s
  [1/1] Epoch   8/100  (global 8)  train=0.1409  val=0.1206  lr=4.94e-04  time=9.0s
  [1/1] Epoch   9/100  (global 9)  train=0.1336  val=0.1156  lr=4.92e-04  time=8.9s
  [1/1] Epoch  10/100  (global 10)  train=0.1331  val=0.1233  lr=4.90e-04  time=9.0s
  [1/1] Epoch  11/100  (global 11)  train=0.1335  val=0.1214  lr=4.88e-04  time=9.1s
  [1/1] Epoch  12/100  (global 12)  train=0.1356  val=0.1428  lr=4.85e-04  time=9.1s
  [1/1] Epoch  13/100  (global 13)  train=0.1408  val=0.1638  lr=4.82e-04  time=9.1s
  [1/1] Epoch  14/100  (global 14)  train=0.1324  val=0.1159  lr=4.79e-04  time=9.2s
  [1/1] Epoch  15/100  (global 15)  train=0.1292  val=0.1339  lr=4.76e-04  time=9.2s
  [1/1] Epoch  16/100  (global 16)  train=0.1302  val=0.1638  lr=4.73e-04  time=9.3s
  [1/1] Epoch  17/100  (global 17)  train=0.1250  val=0.1803  lr=4.69e-04  time=9.3s
  [1/1] Epoch  18/100  (global 18)  train=0.1340  val=0.2644  lr=4.65e-04  time=9.4s
  [1/1] Epoch  19/100  (global 19)  train=0.1284  val=0.1612  lr=4.61e-04  time=9.5s
  [1/1] Epoch  20/100  (global 20)  train=0.1217  val=0.1524  lr=4.57e-04  time=9.5s
  [1/1] Epoch  21/100  (global 21)  train=0.1225  val=0.2890  lr=4.52e-04  time=9.5s
  [1/1] Epoch  22/100  (global 22)  train=0.1278  val=0.2063  lr=4.48e-04  time=9.7s
  [1/1] Epoch  23/100  (global 23)  train=0.1217  val=0.1896  lr=4.43e-04  time=9.6s
  [1/1] Epoch  24/100  (global 24)  train=0.1192  val=0.1607  lr=4.38e-04  time=9.7s
  [1/1] Epoch  25/100  (global 25)  train=0.1250  val=0.2039  lr=4.32e-04  time=9.8s
  [1/1] Epoch  26/100  (global 26)  train=0.1176  val=0.1644  lr=4.27e-04  time=9.9s
  [1/1] Epoch  27/100  (global 27)  train=0.1163  val=0.2288  lr=4.21e-04  time=9.9s
  [1/1] Epoch  28/100  (global 28)  train=0.1167  val=0.2072  lr=4.15e-04  time=10.0s
  [1/1] Epoch  29/100  (global 29)  train=0.1159  val=0.1850  lr=4.10e-04  time=10.0s
  [1/1] Epoch  30/100  (global 30)  train=0.1165  val=0.2133  lr=4.03e-04  time=10.1s
  [1/1] Epoch  31/100  (global 31)  train=0.1161  val=0.1649  lr=3.97e-04  time=10.2s
  [1/1] Epoch  32/100  (global 32)  train=0.1150  val=0.3100  lr=3.91e-04  time=10.2s
  [1/1] Epoch  33/100  (global 33)  train=0.1148  val=0.2050  lr=3.84e-04  time=10.3s
  [1/1] Epoch  34/100  (global 34)  train=0.1144  val=0.1430  lr=3.78e-04  time=10.4s
  [1/1] Epoch  35/100  (global 35)  train=0.1131  val=0.2020  lr=3.71e-04  time=10.4s
  [1/1] Epoch  36/100  (global 36)  train=0.1156  val=0.5343  lr=3.64e-04  time=10.5s
  [1/1] Epoch  37/100  (global 37)  train=0.1144  val=0.2193  lr=3.57e-04  time=10.6s
  [1/1] Epoch  38/100  (global 38)  train=0.1098  val=0.6972  lr=3.50e-04  time=10.6s
  [1/1] Epoch  39/100  (global 39)  train=0.1142  val=0.2120  lr=3.42e-04  time=10.7s
  [1/1] Epoch  40/100  (global 40)  train=0.1077  val=0.3700  lr=3.35e-04  time=10.8s
  [1/1] Epoch  41/100  (global 41)  train=0.1084  val=0.2702  lr=3.28e-04  time=10.9s
  [1/1] Epoch  42/100  (global 42)  train=0.1113  val=0.2732  lr=3.20e-04  time=10.8s
  [1/1] Epoch  43/100  (global 43)  train=0.1075  val=0.3761  lr=3.13e-04  time=10.9s
  [1/1] Epoch  44/100  (global 44)  train=0.1111  val=0.2698  lr=3.05e-04  time=11.0s
  [1/1] Epoch  45/100  (global 45)  train=0.1081  val=0.5578  lr=2.97e-04  time=11.0s
  [1/1] Epoch  46/100  (global 46)  train=0.1074  val=0.2135  lr=2.90e-04  time=11.1s
  [1/1] Epoch  47/100  (global 47)  train=0.1081  val=0.1848  lr=2.82e-04  time=11.2s
  [1/1] Epoch  48/100  (global 48)  train=0.1057  val=0.2719  lr=2.74e-04  time=11.2s
  [1/1] Epoch  49/100  (global 49)  train=0.1328  val=0.4508  lr=2.66e-04  time=11.3s
  [1/1] Epoch  50/100  (global 50)  train=0.1239  val=0.4164  lr=2.58e-04  time=11.7s
  [1/1] Epoch  51/100  (global 51)  train=0.1037  val=0.4393  lr=2.51e-04  time=11.5s
  [1/1] Epoch  52/100  (global 52)  train=0.1046  val=0.5009  lr=2.43e-04  time=11.6s
  [1/1] Epoch  53/100  (global 53)  train=0.1029  val=0.3936  lr=2.35e-04  time=11.5s
  [1/1] Epoch  54/100  (global 54)  train=0.1040  val=0.2132  lr=2.27e-04  time=11.5s
  [1/1] Epoch  55/100  (global 55)  train=0.1036  val=0.2800  lr=2.19e-04  time=11.6s
  [1/1] Epoch  56/100  (global 56)  train=0.1016  val=0.5829  lr=2.11e-04  time=11.7s
  [1/1] Epoch  57/100  (global 57)  train=0.1023  val=0.4124  lr=2.04e-04  time=11.6s
  [1/1] Epoch  58/100  (global 58)  train=0.1032  val=0.2869  lr=1.96e-04  time=11.7s
  [1/1] Epoch  59/100  (global 59)  train=0.1026  val=0.1166  lr=1.88e-04  time=11.8s
  [1/1] Epoch  60/100  (global 60)  train=0.1008  val=0.1080  lr=1.81e-04  time=11.8s
  -> saved checkpoint (val=0.1080)
  [1/1] Epoch  61/100  (global 61)  train=0.1012  val=0.2607  lr=1.73e-04  time=11.9s
  [1/1] Epoch  62/100  (global 62)  train=0.1016  val=0.3034  lr=1.66e-04  time=11.7s
  [1/1] Epoch  63/100  (global 63)  train=0.1018  val=0.2964  lr=1.59e-04  time=11.8s
  [1/1] Epoch  64/100  (global 64)  train=0.1012  val=0.3814  lr=1.51e-04  time=11.8s
  [1/1] Epoch  65/100  (global 65)  train=0.0999  val=0.2993  lr=1.44e-04  time=11.9s
  [1/1] Epoch  66/100  (global 66)  train=0.0993  val=0.3216  lr=1.37e-04  time=12.0s
  [1/1] Epoch  67/100  (global 67)  train=0.0985  val=0.2808  lr=1.30e-04  time=12.0s
  [1/1] Epoch  68/100  (global 68)  train=0.0993  val=0.3656  lr=1.23e-04  time=12.0s
  [1/1] Epoch  69/100  (global 69)  train=0.0972  val=0.3622  lr=1.17e-04  time=12.0s
  [1/1] Epoch  70/100  (global 70)  train=0.0970  val=0.4094  lr=1.10e-04  time=12.0s
  [1/1] Epoch  71/100  (global 71)  train=0.0980  val=0.3381  lr=1.04e-04  time=12.0s
  [1/1] Epoch  72/100  (global 72)  train=0.0970  val=0.2614  lr=9.76e-05  time=12.0s
  [1/1] Epoch  73/100  (global 73)  train=0.0958  val=0.4262  lr=9.15e-05  time=12.0s
  [1/1] Epoch  74/100  (global 74)  train=0.0958  val=0.3261  lr=8.55e-05  time=12.1s
  [1/1] Epoch  75/100  (global 75)  train=0.0964  val=0.3627  lr=7.97e-05  time=12.1s
  [1/1] Epoch  76/100  (global 76)  train=0.0967  val=0.5034  lr=7.41e-05  time=12.1s
  [1/1] Epoch  77/100  (global 77)  train=0.0946  val=0.4628  lr=6.86e-05  time=12.1s
  [1/1] Epoch  78/100  (global 78)  train=0.0948  val=0.6218  lr=6.33e-05  time=12.2s
  [1/1] Epoch  79/100  (global 79)  train=0.0941  val=0.4368  lr=5.83e-05  time=12.1s
  [1/1] Epoch  80/100  (global 80)  train=0.0937  val=0.3765  lr=5.34e-05  time=12.2s
  [1/1] Epoch  81/100  (global 81)  train=0.0941  val=0.5228  lr=4.87e-05  time=12.1s
  [1/1] Epoch  82/100  (global 82)  train=0.0927  val=0.4605  lr=4.41e-05  time=12.0s
  [1/1] Epoch  83/100  (global 83)  train=0.0927  val=0.4639  lr=3.98e-05  time=12.1s
  [1/1] Epoch  84/100  (global 84)  train=0.0922  val=0.4960  lr=3.57e-05  time=12.1s
  [1/1] Epoch  85/100  (global 85)  train=0.0917  val=0.4902  lr=3.19e-05  time=12.2s
  [1/1] Epoch  86/100  (global 86)  train=0.0915  val=0.5545  lr=2.82e-05  time=12.1s
  [1/1] Epoch  87/100  (global 87)  train=0.0913  val=0.4573  lr=2.47e-05  time=12.1s
  [1/1] Epoch  88/100  (global 88)  train=0.0901  val=0.4705  lr=2.15e-05  time=12.1s
  [1/1] Epoch  89/100  (global 89)  train=0.0909  val=0.5103  lr=1.85e-05  time=12.1s
  [1/1] Epoch  90/100  (global 90)  train=0.0901  val=0.4878  lr=1.58e-05  time=12.1s
  [1/1] Epoch  91/100  (global 91)  train=0.0898  val=0.5656  lr=1.32e-05  time=12.1s
  [1/1] Epoch  92/100  (global 92)  train=0.0890  val=0.5200  lr=1.09e-05  time=12.1s
  [1/1] Epoch  93/100  (global 93)  train=0.0891  val=0.5471  lr=8.84e-06  time=12.1s
  [1/1] Epoch  94/100  (global 94)  train=0.0885  val=0.5472  lr=7.01e-06  time=12.2s
  [1/1] Epoch  95/100  (global 95)  train=0.0914  val=0.5280  lr=5.42e-06  time=12.0s
  [1/1] Epoch  96/100  (global 96)  train=0.0885  val=0.5324  lr=4.07e-06  time=12.1s
  [1/1] Epoch  97/100  (global 97)  train=0.0881  val=0.5327  lr=2.97e-06  time=12.1s
  [1/1] Epoch  98/100  (global 98)  train=0.0880  val=0.5363  lr=2.11e-06  time=12.1s
  [1/1] Epoch  99/100  (global 99)  train=0.0878  val=0.5389  lr=1.49e-06  time=12.1s
  [1/1] Epoch 100/100  (global 100)  train=0.0880  val=0.5375  lr=1.12e-06  time=12.1s

Curriculum ODE training complete. Best val loss: 0.1080
Losses saved to: results/node_curriculum_losses.csv
=== Stage: gru ===
Using device: cuda
Loading latent cycles from checkpoints/latent_cycles.pt
Building train windows...
Train windows: 3993
Building val windows...
Val windows: 1252
Epoch   1/100  train=0.3805  val=0.1636  time=1.9s
  -> saved checkpoint (val=0.1636)
Epoch   2/100  train=0.2016  val=0.1457  time=1.8s
  -> saved checkpoint (val=0.1457)
Epoch   3/100  train=0.1647  val=0.1348  time=1.8s
  -> saved checkpoint (val=0.1348)
Epoch   4/100  train=0.1377  val=0.1299  time=1.8s
  -> saved checkpoint (val=0.1299)
Epoch   5/100  train=0.1269  val=0.1251  time=1.8s
  -> saved checkpoint (val=0.1251)
Epoch   6/100  train=0.1215  val=0.1252  time=1.8s
Epoch   7/100  train=0.1158  val=0.1217  time=1.8s
  -> saved checkpoint (val=0.1217)
Epoch   8/100  train=0.1163  val=0.1295  time=1.8s
Epoch   9/100  train=0.1136  val=0.1176  time=1.8s
  -> saved checkpoint (val=0.1176)
Epoch  10/100  train=0.1111  val=0.1172  time=1.8s
  -> saved checkpoint (val=0.1172)
Epoch  11/100  train=0.1119  val=0.1152  time=1.8s
  -> saved checkpoint (val=0.1152)
Epoch  12/100  train=0.1095  val=0.1140  time=1.8s
  -> saved checkpoint (val=0.1140)
Epoch  13/100  train=0.1073  val=0.1142  time=1.8s
Epoch  14/100  train=0.1107  val=0.1124  time=1.8s
  -> saved checkpoint (val=0.1124)
Epoch  15/100  train=0.1060  val=0.1128  time=1.8s
Epoch  16/100  train=0.1043  val=0.1115  time=1.8s
  -> saved checkpoint (val=0.1115)
Epoch  17/100  train=0.1052  val=0.1083  time=1.8s
  -> saved checkpoint (val=0.1083)
Epoch  18/100  train=0.1036  val=0.1068  time=1.8s
  -> saved checkpoint (val=0.1068)
Epoch  19/100  train=0.1030  val=0.1085  time=1.8s
Epoch  20/100  train=0.1020  val=0.1090  time=1.8s
Epoch  21/100  train=0.1069  val=0.1080  time=1.8s
Epoch  22/100  train=0.1014  val=0.1081  time=1.8s
Epoch  23/100  train=0.1026  val=0.1097  time=1.8s
Epoch  24/100  train=0.1074  val=0.1044  time=1.8s
  -> saved checkpoint (val=0.1044)
Epoch  25/100  train=0.1021  val=0.1044  time=1.8s
Epoch  26/100  train=0.1024  val=0.1106  time=1.8s
Epoch  27/100  train=0.1011  val=0.1087  time=1.8s
Epoch  28/100  train=0.1008  val=0.1071  time=1.8s
Epoch  29/100  train=0.0985  val=0.1061  time=1.8s
Epoch  30/100  train=0.1001  val=0.1064  time=1.8s
Epoch  31/100  train=0.0990  val=0.1069  time=1.8s
Epoch  32/100  train=0.0970  val=0.1091  time=1.8s
Epoch  33/100  train=0.0969  val=0.1095  time=1.8s
Epoch  34/100  train=0.0984  val=0.1097  time=1.8s
Epoch  35/100  train=0.0995  val=0.1120  time=1.8s
Epoch  36/100  train=0.0980  val=0.1080  time=1.8s
Epoch  37/100  train=0.0957  val=0.1061  time=1.8s
Epoch  38/100  train=0.0973  val=0.1060  time=1.8s
Epoch  39/100  train=0.0955  val=0.1076  time=1.8s
Epoch  40/100  train=0.0971  val=0.1064  time=1.8s
Epoch  41/100  train=0.0948  val=0.1067  time=1.8s
Epoch  42/100  train=0.0938  val=0.1065  time=1.8s
Epoch  43/100  train=0.0963  val=0.1113  time=1.8s
Epoch  44/100  train=0.0962  val=0.1083  time=1.8s
Epoch  45/100  train=0.0968  val=0.1072  time=1.8s
Epoch  46/100  train=0.0926  val=0.1066  time=1.8s
Epoch  47/100  train=0.0944  val=0.1083  time=1.8s
Epoch  48/100  train=0.0977  val=0.1090  time=1.8s
Epoch  49/100  train=0.0948  val=0.1077  time=1.8s
Epoch  50/100  train=0.0958  val=0.1112  time=1.8s
Epoch  51/100  train=0.0942  val=0.1136  time=1.8s
Epoch  52/100  train=0.0944  val=0.1035  time=1.8s
  -> saved checkpoint (val=0.1035)
Epoch  53/100  train=0.0925  val=0.1092  time=1.8s
Epoch  54/100  train=0.0914  val=0.1078  time=1.8s
Epoch  55/100  train=0.0912  val=0.1092  time=1.8s
Epoch  56/100  train=0.0914  val=0.1107  time=1.8s
Epoch  57/100  train=0.0918  val=0.1078  time=1.8s
Epoch  58/100  train=0.0890  val=0.1042  time=1.8s
Epoch  59/100  train=0.0919  val=0.1074  time=1.8s
Epoch  60/100  train=0.0886  val=0.1090  time=1.8s
Epoch  61/100  train=0.0930  val=0.1074  time=1.8s
Epoch  62/100  train=0.0855  val=0.1068  time=1.8s
Epoch  63/100  train=0.0936  val=0.1056  time=1.8s
Epoch  64/100  train=0.0885  val=0.1072  time=1.8s
Epoch  65/100  train=0.0877  val=0.1098  time=1.8s
Epoch  66/100  train=0.0900  val=0.1132  time=1.8s
Epoch  67/100  train=0.0915  val=0.1065  time=1.8s
Epoch  68/100  train=0.0846  val=0.1049  time=1.8s
Epoch  69/100  train=0.0937  val=0.1076  time=1.8s
Epoch  70/100  train=0.0845  val=0.1043  time=1.8s
Epoch  71/100  train=0.0865  val=0.1079  time=1.8s
Epoch  72/100  train=0.0878  val=0.1084  time=1.8s
Epoch  73/100  train=0.0906  val=0.1086  time=1.8s
Epoch  74/100  train=0.0891  val=0.1110  time=1.8s
Epoch  75/100  train=0.0842  val=0.1071  time=1.8s
Epoch  76/100  train=0.0829  val=0.1060  time=1.8s
Epoch  77/100  train=0.0862  val=0.1095  time=1.8s
Epoch  78/100  train=0.0847  val=0.1082  time=1.8s
Epoch  79/100  train=0.0886  val=0.1101  time=1.8s
Epoch  80/100  train=0.0845  val=0.1081  time=1.8s
Epoch  81/100  train=0.0806  val=0.1067  time=1.8s
Epoch  82/100  train=0.0835  val=0.1127  time=1.8s
Epoch  83/100  train=0.0887  val=0.1081  time=1.8s
Epoch  84/100  train=0.0844  val=0.1078  time=1.8s
Epoch  85/100  train=0.0827  val=0.1115  time=1.8s
Epoch  86/100  train=0.0829  val=0.1115  time=1.8s
Epoch  87/100  train=0.0817  val=0.1063  time=1.8s
Epoch  88/100  train=0.0828  val=0.1083  time=1.8s
Epoch  89/100  train=0.0816  val=0.1070  time=1.8s
Epoch  90/100  train=0.0854  val=0.1031  time=1.8s
  -> saved checkpoint (val=0.1031)
Epoch  91/100  train=0.0819  val=0.1070  time=1.8s
Epoch  92/100  train=0.0823  val=0.1043  time=1.8s
Epoch  93/100  train=0.0808  val=0.1040  time=1.8s
Epoch  94/100  train=0.0850  val=0.1078  time=1.8s
Epoch  95/100  train=0.0816  val=0.1112  time=1.8s
Epoch  96/100  train=0.0836  val=0.1071  time=1.8s
Epoch  97/100  train=0.0851  val=0.1047  time=1.8s
Epoch  98/100  train=0.0803  val=0.1048  time=1.8s
Epoch  99/100  train=0.0831  val=0.1064  time=1.8s
Epoch 100/100  train=0.0823  val=0.1043  time=1.8s

GRU training complete. Best val loss: 0.1031
Losses saved to: results/gru_losses.csv
=== Stage: probe ===
Low drift floats:    140
Depth observations:  1,121,134

Region distribution:
region
tropics               86
northeast_atlantic    24
subpolar              16
subtropical_west       6
subtropical_east       5
northwest_atlantic     3
Name: count, dtype: int64

O2 floats: 34 / 140
  Region 'northwest_atlantic' has only 3 remaining floats — assigning all to train
  Region 'subtropical_east' has only 4 remaining floats — assigning all to train

Float counts by split:
  train :  96 floats  (21 with O2)
  test  :  25 floats  (7 with O2)
  probe :  19 floats  (6 with O2)

Row counts by split:
split
train    733358
test     224767
probe    163009
Name: count, dtype: int64

Float counts by region and split:
split               probe  test  train
region                                
northeast_atlantic      4     4     16
northwest_atlantic      0     0      3
subpolar                3     3     10
subtropical_east        1     0      4
subtropical_west        2     1      3
tropics                 9    17     60
Probe casts: 2233
Using device: cuda
Computing oxygen normalization stats...
Oxygen stats — mean: 0.10, std: 0.20
Building probe windows...
Probe windows: 1082
Epoch   1/100  train=0.9073  val=1.1993  lr=1.00e-04  time=4.8s
  -> saved checkpoint (val=1.1993)
Epoch   2/100  train=0.7996  val=1.1730  lr=1.00e-04  time=3.9s
  -> saved checkpoint (val=1.1730)
Epoch   3/100  train=0.7706  val=1.1633  lr=9.99e-05  time=4.0s
  -> saved checkpoint (val=1.1633)
Epoch   4/100  train=0.7624  val=1.1556  lr=9.98e-05  time=3.9s
  -> saved checkpoint (val=1.1556)
Epoch   5/100  train=0.7546  val=1.1491  lr=9.96e-05  time=3.9s
  -> saved checkpoint (val=1.1491)
Epoch   6/100  train=0.7537  val=1.1402  lr=9.94e-05  time=3.9s
  -> saved checkpoint (val=1.1402)
Epoch   7/100  train=0.7718  val=1.1324  lr=9.91e-05  time=3.9s
  -> saved checkpoint (val=1.1324)
Epoch   8/100  train=0.6713  val=1.1216  lr=9.88e-05  time=3.9s
  -> saved checkpoint (val=1.1216)
Epoch   9/100  train=0.7163  val=1.1016  lr=9.84e-05  time=4.0s
  -> saved checkpoint (val=1.1016)
Epoch  10/100  train=0.6828  val=1.0874  lr=9.80e-05  time=3.9s
  -> saved checkpoint (val=1.0874)
Epoch  11/100  train=0.7045  val=1.0796  lr=9.76e-05  time=3.9s
  -> saved checkpoint (val=1.0796)
Epoch  12/100  train=0.7893  val=1.0711  lr=9.71e-05  time=3.9s
  -> saved checkpoint (val=1.0711)
Epoch  13/100  train=0.8314  val=1.0646  lr=9.65e-05  time=3.9s
  -> saved checkpoint (val=1.0646)
Epoch  14/100  train=0.6853  val=1.0577  lr=9.59e-05  time=3.9s
  -> saved checkpoint (val=1.0577)
Epoch  15/100  train=0.7490  val=1.0508  lr=9.53e-05  time=3.9s
  -> saved checkpoint (val=1.0508)
Epoch  16/100  train=0.6775  val=1.0451  lr=9.46e-05  time=4.0s
  -> saved checkpoint (val=1.0451)
Epoch  17/100  train=0.6565  val=1.0409  lr=9.39e-05  time=3.9s
  -> saved checkpoint (val=1.0409)
Epoch  18/100  train=0.6666  val=1.0351  lr=9.31e-05  time=3.9s
  -> saved checkpoint (val=1.0351)
Epoch  19/100  train=0.6927  val=1.0296  lr=9.23e-05  time=3.9s
  -> saved checkpoint (val=1.0296)
Epoch  20/100  train=0.7176  val=1.0270  lr=9.14e-05  time=3.9s
  -> saved checkpoint (val=1.0270)
Epoch  21/100  train=0.6787  val=1.0201  lr=9.05e-05  time=3.9s
  -> saved checkpoint (val=1.0201)
Epoch  22/100  train=0.6920  val=1.0147  lr=8.96e-05  time=4.0s
  -> saved checkpoint (val=1.0147)
Epoch  23/100  train=0.7452  val=1.0120  lr=8.86e-05  time=3.9s
  -> saved checkpoint (val=1.0120)
Epoch  24/100  train=0.6576  val=1.0056  lr=8.76e-05  time=3.9s
  -> saved checkpoint (val=1.0056)
Epoch  25/100  train=0.6980  val=1.0049  lr=8.66e-05  time=3.9s
  -> saved checkpoint (val=1.0049)
Epoch  26/100  train=0.6957  val=0.9964  lr=8.55e-05  time=3.9s
  -> saved checkpoint (val=0.9964)
Epoch  27/100  train=0.6698  val=0.9929  lr=8.44e-05  time=3.9s
  -> saved checkpoint (val=0.9929)
Epoch  28/100  train=0.7032  val=0.9913  lr=8.32e-05  time=3.9s
  -> saved checkpoint (val=0.9913)
Epoch  29/100  train=0.6530  val=0.9868  lr=8.21e-05  time=4.0s
  -> saved checkpoint (val=0.9868)
Epoch  30/100  train=0.7408  val=0.9802  lr=8.08e-05  time=3.9s
  -> saved checkpoint (val=0.9802)
Epoch  31/100  train=0.6570  val=0.9783  lr=7.96e-05  time=3.9s
  -> saved checkpoint (val=0.9783)
Epoch  32/100  train=0.6683  val=0.9741  lr=7.83e-05  time=3.9s
  -> saved checkpoint (val=0.9741)
Epoch  33/100  train=0.6305  val=0.9676  lr=7.70e-05  time=3.9s
  -> saved checkpoint (val=0.9676)
Epoch  34/100  train=0.6673  val=0.9638  lr=7.57e-05  time=3.9s
  -> saved checkpoint (val=0.9638)
Epoch  35/100  train=0.6200  val=0.9602  lr=7.43e-05  time=4.0s
  -> saved checkpoint (val=0.9602)
Epoch  36/100  train=0.6313  val=0.9578  lr=7.30e-05  time=3.9s
  -> saved checkpoint (val=0.9578)
Epoch  37/100  train=0.6490  val=0.9537  lr=7.16e-05  time=3.9s
  -> saved checkpoint (val=0.9537)
Epoch  38/100  train=0.6641  val=0.9488  lr=7.02e-05  time=3.9s
  -> saved checkpoint (val=0.9488)
Epoch  39/100  train=0.6166  val=0.9464  lr=6.87e-05  time=3.9s
  -> saved checkpoint (val=0.9464)
Epoch  40/100  train=0.6463  val=0.9444  lr=6.73e-05  time=3.9s
  -> saved checkpoint (val=0.9444)
Epoch  41/100  train=0.6192  val=0.9414  lr=6.58e-05  time=3.9s
  -> saved checkpoint (val=0.9414)
Epoch  42/100  train=0.6246  val=0.9367  lr=6.43e-05  time=4.0s
  -> saved checkpoint (val=0.9367)
Epoch  43/100  train=0.6913  val=0.9330  lr=6.28e-05  time=3.9s
  -> saved checkpoint (val=0.9330)
Epoch  44/100  train=0.6497  val=0.9306  lr=6.13e-05  time=3.9s
  -> saved checkpoint (val=0.9306)
Epoch  45/100  train=0.6301  val=0.9268  lr=5.98e-05  time=3.9s
  -> saved checkpoint (val=0.9268)
Epoch  46/100  train=0.6749  val=0.9247  lr=5.82e-05  time=3.9s
  -> saved checkpoint (val=0.9247)
Epoch  47/100  train=0.6214  val=0.9215  lr=5.67e-05  time=3.9s
  -> saved checkpoint (val=0.9215)
Epoch  48/100  train=0.6527  val=0.9188  lr=5.52e-05  time=4.0s
  -> saved checkpoint (val=0.9188)
Epoch  49/100  train=0.6234  val=0.9173  lr=5.36e-05  time=3.9s
  -> saved checkpoint (val=0.9173)
Epoch  50/100  train=0.6064  val=0.9141  lr=5.21e-05  time=3.9s
  -> saved checkpoint (val=0.9141)
Epoch  51/100  train=0.5793  val=0.9129  lr=5.05e-05  time=3.9s
  -> saved checkpoint (val=0.9129)
Epoch  52/100  train=0.6274  val=0.9111  lr=4.89e-05  time=3.9s
  -> saved checkpoint (val=0.9111)
Epoch  53/100  train=0.6238  val=0.9078  lr=4.74e-05  time=3.9s
  -> saved checkpoint (val=0.9078)
Epoch  54/100  train=0.6104  val=0.9097  lr=4.58e-05  time=4.0s
Epoch  55/100  train=0.6797  val=0.9032  lr=4.43e-05  time=3.9s
  -> saved checkpoint (val=0.9032)
Epoch  56/100  train=0.5675  val=0.9024  lr=4.28e-05  time=3.9s
  -> saved checkpoint (val=0.9024)
Epoch  57/100  train=0.8247  val=0.8996  lr=4.12e-05  time=3.9s
  -> saved checkpoint (val=0.8996)
Epoch  58/100  train=0.6543  val=0.8978  lr=3.97e-05  time=3.9s
  -> saved checkpoint (val=0.8978)
Epoch  59/100  train=0.5886  val=0.8956  lr=3.82e-05  time=3.9s
  -> saved checkpoint (val=0.8956)
Epoch  60/100  train=0.6158  val=0.8946  lr=3.67e-05  time=3.9s
  -> saved checkpoint (val=0.8946)
Epoch  61/100  train=0.6272  val=0.8926  lr=3.52e-05  time=4.0s
  -> saved checkpoint (val=0.8926)
Epoch  62/100  train=0.6045  val=0.8908  lr=3.37e-05  time=3.9s
  -> saved checkpoint (val=0.8908)
Epoch  63/100  train=0.6034  val=0.8896  lr=3.23e-05  time=3.9s
  -> saved checkpoint (val=0.8896)
Epoch  64/100  train=0.5961  val=0.8885  lr=3.08e-05  time=3.9s
  -> saved checkpoint (val=0.8885)
Epoch  65/100  train=0.5959  val=0.8878  lr=2.94e-05  time=3.9s
  -> saved checkpoint (val=0.8878)
Epoch  66/100  train=0.6223  val=0.8862  lr=2.80e-05  time=3.9s
  -> saved checkpoint (val=0.8862)
Epoch  67/100  train=0.6213  val=0.8875  lr=2.67e-05  time=4.0s
Epoch  68/100  train=0.5945  val=0.8854  lr=2.53e-05  time=3.9s
  -> saved checkpoint (val=0.8854)
Epoch  69/100  train=0.5892  val=0.8835  lr=2.40e-05  time=3.9s
  -> saved checkpoint (val=0.8835)
Epoch  70/100  train=0.5781  val=0.8836  lr=2.27e-05  time=3.9s
Epoch  71/100  train=0.6381  val=0.8827  lr=2.14e-05  time=3.9s
  -> saved checkpoint (val=0.8827)
Epoch  72/100  train=0.6172  val=0.8822  lr=2.02e-05  time=3.9s
  -> saved checkpoint (val=0.8822)
Epoch  73/100  train=0.6166  val=0.8802  lr=1.89e-05  time=4.0s
  -> saved checkpoint (val=0.8802)
Epoch  74/100  train=0.5736  val=0.8796  lr=1.78e-05  time=3.9s
  -> saved checkpoint (val=0.8796)
Epoch  75/100  train=0.5854  val=0.8791  lr=1.66e-05  time=3.9s
  -> saved checkpoint (val=0.8791)
Epoch  76/100  train=0.6239  val=0.8783  lr=1.55e-05  time=3.9s
  -> saved checkpoint (val=0.8783)
Epoch  77/100  train=0.6036  val=0.8776  lr=1.44e-05  time=3.9s
  -> saved checkpoint (val=0.8776)
Epoch  78/100  train=0.5645  val=0.8773  lr=1.34e-05  time=3.9s
  -> saved checkpoint (val=0.8773)
Epoch  79/100  train=0.5862  val=0.8768  lr=1.24e-05  time=3.9s
  -> saved checkpoint (val=0.8768)
Epoch  80/100  train=0.6112  val=0.8763  lr=1.14e-05  time=4.0s
  -> saved checkpoint (val=0.8763)
Epoch  81/100  train=0.6162  val=0.8760  lr=1.05e-05  time=3.9s
  -> saved checkpoint (val=0.8760)
Epoch  82/100  train=0.5883  val=0.8757  lr=9.56e-06  time=3.9s
  -> saved checkpoint (val=0.8757)
Epoch  83/100  train=0.5894  val=0.8752  lr=8.71e-06  time=3.9s
  -> saved checkpoint (val=0.8752)
Epoch  84/100  train=0.6064  val=0.8748  lr=7.89e-06  time=3.9s
  -> saved checkpoint (val=0.8748)
Epoch  85/100  train=0.5862  val=0.8745  lr=7.12e-06  time=3.9s
  -> saved checkpoint (val=0.8745)
Epoch  86/100  train=0.6019  val=0.8744  lr=6.40e-06  time=3.9s
  -> saved checkpoint (val=0.8744)
Epoch  87/100  train=0.6246  val=0.8742  lr=5.71e-06  time=4.0s
  -> saved checkpoint (val=0.8742)
Epoch  88/100  train=0.6100  val=0.8741  lr=5.07e-06  time=3.9s
  -> saved checkpoint (val=0.8741)
Epoch  89/100  train=0.5997  val=0.8738  lr=4.48e-06  time=3.9s
  -> saved checkpoint (val=0.8738)
Epoch  90/100  train=0.5986  val=0.8736  lr=3.93e-06  time=3.9s
  -> saved checkpoint (val=0.8736)
Epoch  91/100  train=0.5762  val=0.8734  lr=3.42e-06  time=3.9s
  -> saved checkpoint (val=0.8734)
Epoch  92/100  train=0.6288  val=0.8733  lr=2.97e-06  time=3.9s
  -> saved checkpoint (val=0.8733)
Epoch  93/100  train=0.5864  val=0.8732  lr=2.56e-06  time=4.0s
  -> saved checkpoint (val=0.8732)
Epoch  94/100  train=0.6171  val=0.8731  lr=2.19e-06  time=3.9s
  -> saved checkpoint (val=0.8731)
Epoch  95/100  train=0.5809  val=0.8730  lr=1.88e-06  time=3.9s
  -> saved checkpoint (val=0.8730)
Epoch  96/100  train=0.6045  val=0.8730  lr=1.61e-06  time=3.9s
  -> saved checkpoint (val=0.8730)
Epoch  97/100  train=0.5605  val=0.8729  lr=1.39e-06  time=3.9s
  -> saved checkpoint (val=0.8729)
Epoch  98/100  train=0.6012  val=0.8728  lr=1.22e-06  time=3.9s
  -> saved checkpoint (val=0.8728)
Epoch  99/100  train=0.5770  val=0.8728  lr=1.10e-06  time=3.9s
  -> saved checkpoint (val=0.8728)
Epoch 100/100  train=0.7024  val=0.8728  lr=1.02e-06  time=4.0s
  -> saved checkpoint (val=0.8728)

Probe training complete. Best val loss: 0.8728
Losses saved to: results/probe_losses.csv
=== Stage: probe_baseline ===
Low drift floats:    140
Depth observations:  1,121,134

Region distribution:
region
tropics               86
northeast_atlantic    24
subpolar              16
subtropical_west       6
subtropical_east       5
northwest_atlantic     3
Name: count, dtype: int64

O2 floats: 34 / 140
  Region 'northwest_atlantic' has only 3 remaining floats — assigning all to train
  Region 'subtropical_east' has only 4 remaining floats — assigning all to train

Float counts by split:
  train :  96 floats  (21 with O2)
  test  :  25 floats  (7 with O2)
  probe :  19 floats  (6 with O2)

Row counts by split:
split
train    733358
test     224767
probe    163009
Name: count, dtype: int64

Float counts by region and split:
split               probe  test  train
region                                
northeast_atlantic      4     4     16
northwest_atlantic      0     0      3
subpolar                3     3     10
subtropical_east        1     0      4
subtropical_west        2     1      3
tropics                 9    17     60
Probe casts: 2233
Using device: cuda
Computing oxygen normalization stats...
Oxygen stats — mean: 0.10, std: 0.20
Building probe windows...
Probe windows: 1082
Epoch   1/100  train=477.3403  val=3.1997  time=3.3s
  -> saved checkpoint (val=3.1997)
Epoch   2/100  train=11.9227  val=6.7025  time=3.3s
Epoch   3/100  train=2.0740  val=1.4184  time=3.3s
  -> saved checkpoint (val=1.4184)
Epoch   4/100  train=1.1616  val=1.3566  time=3.3s
  -> saved checkpoint (val=1.3566)
Epoch   5/100  train=0.8710  val=1.3546  time=3.3s
  -> saved checkpoint (val=1.3546)
Epoch   6/100  train=0.9696  val=1.3523  time=3.3s
  -> saved checkpoint (val=1.3523)
Epoch   7/100  train=0.9116  val=1.3498  time=3.3s
  -> saved checkpoint (val=1.3498)
Epoch   8/100  train=0.9654  val=1.3473  time=3.3s
  -> saved checkpoint (val=1.3473)
Epoch   9/100  train=0.9011  val=1.3447  time=3.4s
  -> saved checkpoint (val=1.3447)
Epoch  10/100  train=0.9596  val=1.3422  time=3.3s
  -> saved checkpoint (val=1.3422)
Epoch  11/100  train=0.9221  val=1.3386  time=3.3s
  -> saved checkpoint (val=1.3386)
Epoch  12/100  train=0.9657  val=1.3358  time=3.3s
  -> saved checkpoint (val=1.3358)
Epoch  13/100  train=0.9686  val=1.3326  time=3.3s
  -> saved checkpoint (val=1.3326)
Epoch  14/100  train=0.8708  val=1.3288  time=3.3s
  -> saved checkpoint (val=1.3288)
Epoch  15/100  train=0.9269  val=1.3254  time=3.3s
  -> saved checkpoint (val=1.3254)
Epoch  16/100  train=0.9828  val=1.3218  time=3.3s
  -> saved checkpoint (val=1.3218)
Epoch  17/100  train=0.9727  val=1.3178  time=3.3s
  -> saved checkpoint (val=1.3178)
Epoch  18/100  train=0.9812  val=1.3140  time=3.3s
  -> saved checkpoint (val=1.3140)
Epoch  19/100  train=0.9717  val=1.3102  time=3.4s
  -> saved checkpoint (val=1.3102)
Epoch  20/100  train=0.9126  val=1.3063  time=3.3s
  -> saved checkpoint (val=1.3063)
Epoch  21/100  train=0.8828  val=1.3024  time=3.3s
  -> saved checkpoint (val=1.3024)
Epoch  22/100  train=0.8625  val=1.2989  time=3.3s
  -> saved checkpoint (val=1.2989)
Epoch  23/100  train=0.8962  val=1.2952  time=3.3s
  -> saved checkpoint (val=1.2952)
Epoch  24/100  train=0.8883  val=1.2913  time=3.3s
  -> saved checkpoint (val=1.2913)
Epoch  25/100  train=0.8630  val=1.2873  time=3.3s
  -> saved checkpoint (val=1.2873)
Epoch  26/100  train=0.8607  val=1.2827  time=3.3s
  -> saved checkpoint (val=1.2827)
Epoch  27/100  train=0.9003  val=1.2788  time=3.3s
  -> saved checkpoint (val=1.2788)
Epoch  28/100  train=0.8068  val=1.2743  time=3.3s
  -> saved checkpoint (val=1.2743)
Epoch  29/100  train=0.8696  val=1.2704  time=3.4s
  -> saved checkpoint (val=1.2704)
Epoch  30/100  train=0.8634  val=1.2665  time=3.3s
  -> saved checkpoint (val=1.2665)
Epoch  31/100  train=0.7885  val=1.2621  time=3.3s
  -> saved checkpoint (val=1.2621)
Epoch  32/100  train=0.8438  val=1.2588  time=3.3s
  -> saved checkpoint (val=1.2588)
Epoch  33/100  train=0.8837  val=1.2545  time=3.3s
  -> saved checkpoint (val=1.2545)
Epoch  34/100  train=0.8225  val=1.2497  time=3.3s
  -> saved checkpoint (val=1.2497)
Epoch  35/100  train=0.7868  val=1.2472  time=3.3s
  -> saved checkpoint (val=1.2472)
Epoch  36/100  train=0.8141  val=1.2428  time=3.3s
  -> saved checkpoint (val=1.2428)
Epoch  37/100  train=0.8276  val=1.2378  time=3.3s
  -> saved checkpoint (val=1.2378)
Epoch  38/100  train=0.8357  val=1.2338  time=3.3s
  -> saved checkpoint (val=1.2338)
Epoch  39/100  train=0.7929  val=1.2304  time=3.3s
  -> saved checkpoint (val=1.2304)
Epoch  40/100  train=0.8616  val=1.2260  time=3.4s
  -> saved checkpoint (val=1.2260)
Epoch  41/100  train=0.8156  val=1.2231  time=3.3s
  -> saved checkpoint (val=1.2231)
Epoch  42/100  train=0.7709  val=1.2183  time=3.3s
  -> saved checkpoint (val=1.2183)
Epoch  43/100  train=0.8195  val=1.2143  time=3.3s
  -> saved checkpoint (val=1.2143)
Epoch  44/100  train=0.8230  val=1.2105  time=3.3s
  -> saved checkpoint (val=1.2105)
Epoch  45/100  train=0.8305  val=1.2074  time=3.3s
  -> saved checkpoint (val=1.2074)
Epoch  46/100  train=0.7906  val=1.2045  time=3.3s
  -> saved checkpoint (val=1.2045)
Epoch  47/100  train=0.8567  val=1.1999  time=3.3s
  -> saved checkpoint (val=1.1999)
Epoch  48/100  train=0.7573  val=1.1959  time=3.3s
  -> saved checkpoint (val=1.1959)
Epoch  49/100  train=0.7548  val=1.1934  time=3.3s
  -> saved checkpoint (val=1.1934)
Epoch  50/100  train=0.8051  val=1.1886  time=3.4s
  -> saved checkpoint (val=1.1886)
Epoch  51/100  train=0.7889  val=1.1856  time=3.3s
  -> saved checkpoint (val=1.1856)
Epoch  52/100  train=0.8414  val=1.1818  time=3.3s
  -> saved checkpoint (val=1.1818)
Epoch  53/100  train=0.9082  val=1.1785  time=3.3s
  -> saved checkpoint (val=1.1785)
Epoch  54/100  train=0.7752  val=1.1757  time=3.3s
  -> saved checkpoint (val=1.1757)
Epoch  55/100  train=0.8000  val=1.1728  time=3.3s
  -> saved checkpoint (val=1.1728)
Epoch  56/100  train=0.7613  val=1.1688  time=3.3s
  -> saved checkpoint (val=1.1688)
Epoch  57/100  train=0.7966  val=1.1658  time=3.3s
  -> saved checkpoint (val=1.1658)
Epoch  58/100  train=0.8782  val=1.1655  time=3.3s
  -> saved checkpoint (val=1.1655)
Epoch  59/100  train=0.7261  val=1.1599  time=3.3s
  -> saved checkpoint (val=1.1599)
Epoch  60/100  train=0.8050  val=1.1575  time=3.4s
  -> saved checkpoint (val=1.1575)
Epoch  61/100  train=0.8085  val=1.1558  time=3.3s
  -> saved checkpoint (val=1.1558)
Epoch  62/100  train=0.7514  val=1.1514  time=3.3s
  -> saved checkpoint (val=1.1514)
Epoch  63/100  train=0.7691  val=1.1486  time=3.3s
  -> saved checkpoint (val=1.1486)
Epoch  64/100  train=0.7466  val=1.1461  time=3.3s
  -> saved checkpoint (val=1.1461)
Epoch  65/100  train=0.7426  val=1.1444  time=3.3s
  -> saved checkpoint (val=1.1444)
Epoch  66/100  train=0.8458  val=1.1438  time=3.3s
  -> saved checkpoint (val=1.1438)
Epoch  67/100  train=0.7686  val=1.1390  time=3.3s
  -> saved checkpoint (val=1.1390)
Epoch  68/100  train=0.7929  val=1.1377  time=3.3s
  -> saved checkpoint (val=1.1377)
Epoch  69/100  train=0.7122  val=1.1349  time=3.3s
  -> saved checkpoint (val=1.1349)
Epoch  70/100  train=0.7950  val=1.1322  time=3.4s
  -> saved checkpoint (val=1.1322)
Epoch  71/100  train=0.7467  val=1.1309  time=3.3s
  -> saved checkpoint (val=1.1309)
Epoch  72/100  train=0.7765  val=1.1289  time=3.3s
  -> saved checkpoint (val=1.1289)
Epoch  73/100  train=0.8268  val=1.1265  time=3.3s
  -> saved checkpoint (val=1.1265)
Epoch  74/100  train=0.8593  val=1.1282  time=3.3s
Epoch  75/100  train=0.7679  val=1.1241  time=3.3s
  -> saved checkpoint (val=1.1241)
Epoch  76/100  train=0.8487  val=1.1206  time=3.3s
  -> saved checkpoint (val=1.1206)
Epoch  77/100  train=0.8343  val=1.1194  time=3.3s
  -> saved checkpoint (val=1.1194)
Epoch  78/100  train=0.7396  val=1.1176  time=3.3s
  -> saved checkpoint (val=1.1176)
Epoch  79/100  train=0.7151  val=1.1157  time=3.3s
  -> saved checkpoint (val=1.1157)
Epoch  80/100  train=0.7128  val=1.1146  time=3.4s
  -> saved checkpoint (val=1.1146)
Epoch  81/100  train=0.7068  val=1.1132  time=3.3s
  -> saved checkpoint (val=1.1132)
Epoch  82/100  train=0.7558  val=1.1112  time=3.3s
  -> saved checkpoint (val=1.1112)
Epoch  83/100  train=0.8229  val=1.1094  time=3.3s
  -> saved checkpoint (val=1.1094)
Epoch  84/100  train=0.7575  val=1.1096  time=3.3s
Epoch  85/100  train=0.7504  val=1.1073  time=3.3s
  -> saved checkpoint (val=1.1073)
Epoch  86/100  train=0.7217  val=1.1055  time=3.3s
  -> saved checkpoint (val=1.1055)
Epoch  87/100  train=0.7827  val=1.1045  time=3.3s
  -> saved checkpoint (val=1.1045)
Epoch  88/100  train=0.7428  val=1.1031  time=3.3s
  -> saved checkpoint (val=1.1031)
Epoch  89/100  train=0.7779  val=1.1020  time=3.3s
  -> saved checkpoint (val=1.1020)
Epoch  90/100  train=0.7416  val=1.1009  time=3.3s
  -> saved checkpoint (val=1.1009)
Epoch  91/100  train=0.7447  val=1.1010  time=3.4s
Epoch  92/100  train=0.7745  val=1.0999  time=3.3s
  -> saved checkpoint (val=1.0999)
Epoch  93/100  train=0.7158  val=1.1005  time=3.3s
Epoch  94/100  train=0.8462  val=1.0973  time=3.3s
  -> saved checkpoint (val=1.0973)
Epoch  95/100  train=0.7222  val=1.0963  time=3.3s
  -> saved checkpoint (val=1.0963)
Epoch  96/100  train=0.7291  val=1.1017  time=3.3s
Epoch  97/100  train=0.7340  val=1.0957  time=3.3s
  -> saved checkpoint (val=1.0957)
Epoch  98/100  train=0.8191  val=1.0960  time=3.3s
Epoch  99/100  train=0.7667  val=1.0980  time=3.3s
Epoch 100/100  train=0.7001  val=1.0937  time=3.3s
  -> saved checkpoint (val=1.0937)

Baseline training complete. Best val loss: 1.0937
Checkpoint saved to: checkpoints/probe_baseline_best.pt
=== Stage: gru_probe ===
Low drift floats:    140
Depth observations:  1,121,134

Region distribution:
region
tropics               86
northeast_atlantic    24
subpolar              16
subtropical_west       6
subtropical_east       5
northwest_atlantic     3
Name: count, dtype: int64

O2 floats: 34 / 140
  Region 'northwest_atlantic' has only 3 remaining floats — assigning all to train
  Region 'subtropical_east' has only 4 remaining floats — assigning all to train

Float counts by split:
  train :  96 floats  (21 with O2)
  test  :  25 floats  (7 with O2)
  probe :  19 floats  (6 with O2)

Row counts by split:
split
train    733358
test     224767
probe    163009
Name: count, dtype: int64

Float counts by region and split:
split               probe  test  train
region                                
northeast_atlantic      4     4     16
northwest_atlantic      0     0      3
subpolar                3     3     10
subtropical_east        1     0      4
subtropical_west        2     1      3
tropics                 9    17     60
Probe casts: 2233
Using device: cuda
Computing oxygen normalization stats...
Oxygen stats — mean: 0.10, std: 0.20
Building probe windows...
Probe windows: 1082
Epoch   1/100  train=13.2575  val=2.6846  time=3.3s
  -> saved checkpoint (val=2.6846)
Epoch   2/100  train=1.1006  val=1.1928  time=3.3s
  -> saved checkpoint (val=1.1928)
Epoch   3/100  train=0.8203  val=1.1160  time=3.3s
  -> saved checkpoint (val=1.1160)
Epoch   4/100  train=0.7335  val=1.0630  time=3.3s
  -> saved checkpoint (val=1.0630)
Epoch   5/100  train=0.8184  val=1.0031  time=3.3s
  -> saved checkpoint (val=1.0031)
Epoch   6/100  train=0.6351  val=0.9478  time=3.3s
  -> saved checkpoint (val=0.9478)
Epoch   7/100  train=0.6146  val=0.9082  time=3.4s
  -> saved checkpoint (val=0.9082)
Epoch   8/100  train=0.5967  val=0.8681  time=3.3s
  -> saved checkpoint (val=0.8681)
Epoch   9/100  train=0.5513  val=0.8383  time=3.3s
  -> saved checkpoint (val=0.8383)
Epoch  10/100  train=0.5737  val=0.8115  time=3.3s
  -> saved checkpoint (val=0.8115)
Epoch  11/100  train=0.5331  val=0.7939  time=3.3s
  -> saved checkpoint (val=0.7939)
Epoch  12/100  train=0.5598  val=0.7704  time=3.3s
  -> saved checkpoint (val=0.7704)
Epoch  13/100  train=0.5420  val=0.7604  time=3.4s
  -> saved checkpoint (val=0.7604)
Epoch  14/100  train=0.5303  val=0.7394  time=3.3s
  -> saved checkpoint (val=0.7394)
Epoch  15/100  train=0.5265  val=0.7292  time=3.3s
  -> saved checkpoint (val=0.7292)
Epoch  16/100  train=0.5407  val=0.7272  time=3.3s
  -> saved checkpoint (val=0.7272)
Epoch  17/100  train=0.4833  val=0.7129  time=3.3s
  -> saved checkpoint (val=0.7129)
Epoch  18/100  train=0.5383  val=0.6952  time=3.3s
  -> saved checkpoint (val=0.6952)
Epoch  19/100  train=0.5249  val=0.6883  time=3.3s
  -> saved checkpoint (val=0.6883)
Epoch  20/100  train=0.4879  val=0.6850  time=3.3s
  -> saved checkpoint (val=0.6850)
Epoch  21/100  train=0.4619  val=0.6815  time=3.3s
  -> saved checkpoint (val=0.6815)
Epoch  22/100  train=0.4799  val=0.6833  time=3.3s
Epoch  23/100  train=0.4934  val=0.6768  time=3.3s
  -> saved checkpoint (val=0.6768)
Epoch  24/100  train=0.4619  val=0.6770  time=3.3s
Epoch  25/100  train=0.4658  val=0.6753  time=3.3s
  -> saved checkpoint (val=0.6753)
Epoch  26/100  train=0.4611  val=0.6761  time=3.4s
Epoch  27/100  train=0.4655  val=0.6722  time=3.3s
  -> saved checkpoint (val=0.6722)
Epoch  28/100  train=0.4663  val=0.6659  time=3.3s
  -> saved checkpoint (val=0.6659)
Epoch  29/100  train=0.4308  val=0.6665  time=3.3s
Epoch  30/100  train=0.4593  val=0.6567  time=3.3s
  -> saved checkpoint (val=0.6567)
Epoch  31/100  train=0.4623  val=0.6572  time=3.3s
Epoch  32/100  train=0.5920  val=0.6559  time=3.3s
  -> saved checkpoint (val=0.6559)
Epoch  33/100  train=0.4544  val=0.6477  time=3.4s
  -> saved checkpoint (val=0.6477)
Epoch  34/100  train=0.4486  val=0.6541  time=3.3s
Epoch  35/100  train=0.4559  val=0.6474  time=3.3s
  -> saved checkpoint (val=0.6474)
Epoch  36/100  train=0.4510  val=0.6432  time=3.3s
  -> saved checkpoint (val=0.6432)
Epoch  37/100  train=0.4505  val=0.6440  time=3.3s
Epoch  38/100  train=0.5325  val=0.6395  time=3.3s
  -> saved checkpoint (val=0.6395)
Epoch  39/100  train=0.4565  val=0.6521  time=3.4s
Epoch  40/100  train=0.4469  val=0.6455  time=3.3s
Epoch  41/100  train=0.4685  val=0.6427  time=3.3s
Epoch  42/100  train=0.4499  val=0.6470  time=3.3s
Epoch  43/100  train=0.4519  val=0.6371  time=3.3s
  -> saved checkpoint (val=0.6371)
Epoch  44/100  train=0.4343  val=0.6415  time=3.3s
Epoch  45/100  train=0.4651  val=0.6380  time=3.3s
Epoch  46/100  train=0.4572  val=0.6404  time=3.4s
Epoch  47/100  train=0.4696  val=0.6452  time=3.3s
Epoch  48/100  train=0.4582  val=0.6390  time=3.3s
Epoch  49/100  train=0.4482  val=0.6421  time=3.3s
Epoch  50/100  train=0.4351  val=0.6356  time=3.3s
  -> saved checkpoint (val=0.6356)
Epoch  51/100  train=0.4419  val=0.6322  time=3.3s
  -> saved checkpoint (val=0.6322)
Epoch  52/100  train=0.4711  val=0.6337  time=3.3s
Epoch  53/100  train=0.4215  val=0.6386  time=3.3s
Epoch  54/100  train=0.4434  val=0.6358  time=3.3s
Epoch  55/100  train=0.4668  val=0.6364  time=3.3s
Epoch  56/100  train=0.4379  val=0.6301  time=3.3s
  -> saved checkpoint (val=0.6301)
Epoch  57/100  train=0.4278  val=0.6333  time=3.3s
Epoch  58/100  train=0.4228  val=0.6381  time=3.3s
Epoch  59/100  train=0.4286  val=0.6346  time=3.3s
Epoch  60/100  train=0.4130  val=0.6299  time=3.3s
  -> saved checkpoint (val=0.6299)
Epoch  61/100  train=0.4334  val=0.6239  time=3.3s
  -> saved checkpoint (val=0.6239)
Epoch  62/100  train=0.4312  val=0.6276  time=3.3s
Epoch  63/100  train=0.4301  val=0.6282  time=3.3s
Epoch  64/100  train=0.4427  val=0.6289  time=3.3s
Epoch  65/100  train=0.4725  val=0.6430  time=3.3s
Epoch  66/100  train=0.4264  val=0.6322  time=3.3s
Epoch  67/100  train=0.4392  val=0.6399  time=3.3s
Epoch  68/100  train=0.4336  val=0.6309  time=3.3s
Epoch  69/100  train=0.4177  val=0.6342  time=3.3s
Epoch  70/100  train=0.4566  val=0.6257  time=3.3s
Epoch  71/100  train=0.4337  val=0.6408  time=3.3s
Epoch  72/100  train=0.4304  val=0.6281  time=3.4s
Epoch  73/100  train=0.4601  val=0.6342  time=3.3s
Epoch  74/100  train=0.4064  val=0.6375  time=3.3s
Epoch  75/100  train=0.4373  val=0.6293  time=3.3s
Epoch  76/100  train=0.4511  val=0.6232  time=3.3s
  -> saved checkpoint (val=0.6232)
Epoch  77/100  train=0.4520  val=0.6222  time=3.3s
  -> saved checkpoint (val=0.6222)
Epoch  78/100  train=0.4434  val=0.6289  time=3.4s
Epoch  79/100  train=0.4235  val=0.6387  time=3.3s
Epoch  80/100  train=0.4700  val=0.6359  time=3.3s
Epoch  81/100  train=0.4216  val=0.6456  time=3.3s
Epoch  82/100  train=0.4545  val=0.6254  time=3.3s
Epoch  83/100  train=0.4148  val=0.6400  time=3.3s
Epoch  84/100  train=0.4926  val=0.6194  time=3.3s
  -> saved checkpoint (val=0.6194)
Epoch  85/100  train=0.4662  val=0.6294  time=3.3s
Epoch  86/100  train=0.4263  val=0.6275  time=3.3s
Epoch  87/100  train=0.4170  val=0.6239  time=3.3s
Epoch  88/100  train=0.4313  val=0.6327  time=3.3s
Epoch  89/100  train=0.4254  val=0.6190  time=3.3s
  -> saved checkpoint (val=0.6190)
Epoch  90/100  train=0.4358  val=0.6216  time=3.3s
Epoch  91/100  train=0.4330  val=0.6243  time=3.4s
Epoch  92/100  train=0.4323  val=0.6224  time=3.3s
Epoch  93/100  train=0.4872  val=0.6174  time=3.3s
  -> saved checkpoint (val=0.6174)
Epoch  94/100  train=0.4342  val=0.6202  time=3.3s
Epoch  95/100  train=0.4085  val=0.6275  time=3.3s
Epoch  96/100  train=0.4445  val=0.6197  time=3.3s
Epoch  97/100  train=0.4453  val=0.6276  time=3.3s
Epoch  98/100  train=0.4265  val=0.6258  time=3.3s
Epoch  99/100  train=0.4564  val=0.6320  time=3.3s
Epoch 100/100  train=0.4361  val=0.6226  time=3.3s

GRU probe training complete. Best val loss: 0.6174
Losses saved to: results/gru_probe_losses.csv
=== Stage: finetune ===
Low drift floats:    140
Depth observations:  1,121,134

Region distribution:
region
tropics               86
northeast_atlantic    24
subpolar              16
subtropical_west       6
subtropical_east       5
northwest_atlantic     3
Name: count, dtype: int64

O2 floats: 34 / 140
  Region 'northwest_atlantic' has only 3 remaining floats — assigning all to train
  Region 'subtropical_east' has only 4 remaining floats — assigning all to train

Float counts by split:
  train :  96 floats  (21 with O2)
  test  :  25 floats  (7 with O2)
  probe :  19 floats  (6 with O2)

Row counts by split:
split
train    733358
test     224767
probe    163009
Name: count, dtype: int64

Float counts by region and split:
split               probe  test  train
region                                
northeast_atlantic      4     4     16
northwest_atlantic      0     0      3
subpolar                3     3     10
subtropical_east        1     0      4
subtropical_west        2     1      3
tropics                 9    17     60
Using device: cuda
Loading pretrained checkpoints...
  Loaded pretrained probe head.
Building joint windows...
Joint windows: 5938
Computing oxygen normalization stats...
Oxygen stats — mean: 0.42, std: 16.27
Epoch   1/100  loss=0.3686  ts_raw=0.0189  ts_evo=0.0425  oxy=0.6569  lr=1.00e-04  time=25.9s
  -> saved checkpoint (val=0.3686)
Epoch   2/100  loss=0.3648  ts_raw=0.0190  ts_evo=0.0427  oxy=0.6488  lr=1.00e-04  time=26.3s
  -> saved checkpoint (val=0.3648)
Epoch   3/100  loss=0.3654  ts_raw=0.0192  ts_evo=0.0454  oxy=0.6468  lr=9.99e-05  time=27.0s
Epoch   4/100  loss=0.3629  ts_raw=0.0194  ts_evo=0.0402  oxy=0.6470  lr=9.98e-05  time=27.4s
  -> saved checkpoint (val=0.3629)
Epoch   5/100  loss=0.3680  ts_raw=0.0194  ts_evo=0.0417  oxy=0.6555  lr=9.96e-05  time=27.6s
Epoch   6/100  loss=0.3674  ts_raw=0.0195  ts_evo=0.0386  oxy=0.6572  lr=9.94e-05  time=27.7s
Epoch   7/100  loss=0.3612  ts_raw=0.0195  ts_evo=0.0400  oxy=0.6434  lr=9.91e-05  time=28.1s
  -> saved checkpoint (val=0.3612)
Epoch   8/100  loss=0.3604  ts_raw=0.0196  ts_evo=0.0381  oxy=0.6436  lr=9.88e-05  time=28.4s
  -> saved checkpoint (val=0.3604)
Epoch   9/100  loss=0.3601  ts_raw=0.0196  ts_evo=0.0376  oxy=0.6436  lr=9.84e-05  time=28.9s
  -> saved checkpoint (val=0.3601)
Epoch  10/100  loss=0.3601  ts_raw=0.0195  ts_evo=0.0371  oxy=0.6440  lr=9.80e-05  time=29.2s
  -> saved checkpoint (val=0.3601)
Epoch  11/100  loss=0.3599  ts_raw=0.0195  ts_evo=0.0377  oxy=0.6431  lr=9.76e-05  time=29.5s
  -> saved checkpoint (val=0.3599)
Epoch  12/100  loss=0.3603  ts_raw=0.0195  ts_evo=0.0371  oxy=0.6447  lr=9.71e-05  time=30.0s
Epoch  13/100  loss=0.3621  ts_raw=0.0194  ts_evo=0.0368  oxy=0.6486  lr=9.65e-05  time=30.0s
Epoch  14/100  loss=0.3594  ts_raw=0.0193  ts_evo=0.0373  oxy=0.6427  lr=9.59e-05  time=30.3s
  -> saved checkpoint (val=0.3594)
Epoch  15/100  loss=0.3649  ts_raw=0.0193  ts_evo=0.0360  oxy=0.6552  lr=9.53e-05  time=30.8s
Epoch  16/100  loss=0.3595  ts_raw=0.0192  ts_evo=0.0379  oxy=0.6427  lr=9.46e-05  time=30.9s
Epoch  17/100  loss=0.3594  ts_raw=0.0191  ts_evo=0.0365  oxy=0.6441  lr=9.39e-05  time=31.1s
Epoch  18/100  loss=0.3597  ts_raw=0.0189  ts_evo=0.0361  oxy=0.6453  lr=9.31e-05  time=31.4s
Epoch  19/100  loss=0.3684  ts_raw=0.0189  ts_evo=0.0382  oxy=0.6609  lr=9.23e-05  time=31.5s
Epoch  20/100  loss=0.3602  ts_raw=0.0187  ts_evo=0.0352  oxy=0.6478  lr=9.14e-05  time=31.7s
Epoch  21/100  loss=0.3617  ts_raw=0.0186  ts_evo=0.0364  oxy=0.6498  lr=9.05e-05  time=31.9s
Epoch  22/100  loss=0.3576  ts_raw=0.0185  ts_evo=0.0353  oxy=0.6428  lr=8.96e-05  time=32.2s
  -> saved checkpoint (val=0.3576)
Epoch  23/100  loss=0.3575  ts_raw=0.0185  ts_evo=0.0356  oxy=0.6425  lr=8.86e-05  time=32.2s
  -> saved checkpoint (val=0.3575)
Epoch  24/100  loss=0.3581  ts_raw=0.0184  ts_evo=0.0360  oxy=0.6435  lr=8.76e-05  time=32.4s
Epoch  25/100  loss=0.3574  ts_raw=0.0183  ts_evo=0.0353  oxy=0.6428  lr=8.66e-05  time=32.8s
  -> saved checkpoint (val=0.3574)
Epoch  26/100  loss=0.3573  ts_raw=0.0183  ts_evo=0.0351  oxy=0.6430  lr=8.55e-05  time=32.9s
  -> saved checkpoint (val=0.3573)
Epoch  27/100  loss=0.3572  ts_raw=0.0182  ts_evo=0.0353  oxy=0.6426  lr=8.44e-05  time=33.2s
  -> saved checkpoint (val=0.3572)
Epoch  28/100  loss=0.3586  ts_raw=0.0181  ts_evo=0.0349  oxy=0.6460  lr=8.32e-05  time=33.3s
Epoch  29/100  loss=0.3600  ts_raw=0.0181  ts_evo=0.0379  oxy=0.6458  lr=8.21e-05  time=33.4s
Epoch  30/100  loss=0.3574  ts_raw=0.0181  ts_evo=0.0358  oxy=0.6427  lr=8.08e-05  time=33.6s
Epoch  31/100  loss=0.3569  ts_raw=0.0181  ts_evo=0.0350  oxy=0.6427  lr=7.96e-05  time=33.6s
  -> saved checkpoint (val=0.3569)
Epoch  32/100  loss=0.3565  ts_raw=0.0180  ts_evo=0.0344  oxy=0.6426  lr=7.83e-05  time=33.6s
  -> saved checkpoint (val=0.3565)
Epoch  33/100  loss=0.3566  ts_raw=0.0181  ts_evo=0.0343  oxy=0.6427  lr=7.70e-05  time=33.7s
Epoch  34/100  loss=0.3589  ts_raw=0.0180  ts_evo=0.0357  oxy=0.6461  lr=7.57e-05  time=34.0s
Epoch  35/100  loss=0.3588  ts_raw=0.0180  ts_evo=0.0358  oxy=0.6457  lr=7.43e-05  time=34.1s
Epoch  36/100  loss=0.3568  ts_raw=0.0181  ts_evo=0.0346  oxy=0.6428  lr=7.30e-05  time=34.2s
Epoch  37/100  loss=0.3605  ts_raw=0.0181  ts_evo=0.0345  oxy=0.6502  lr=7.16e-05  time=34.2s
Epoch  38/100  loss=0.3566  ts_raw=0.0181  ts_evo=0.0343  oxy=0.6427  lr=7.02e-05  time=34.5s
Epoch  39/100  loss=0.3569  ts_raw=0.0181  ts_evo=0.0345  oxy=0.6431  lr=6.87e-05  time=34.7s
Epoch  40/100  loss=0.3572  ts_raw=0.0181  ts_evo=0.0340  oxy=0.6441  lr=6.73e-05  time=34.8s
Epoch  41/100  loss=0.3574  ts_raw=0.0181  ts_evo=0.0342  oxy=0.6444  lr=6.58e-05  time=34.9s
Epoch  42/100  loss=0.3574  ts_raw=0.0181  ts_evo=0.0342  oxy=0.6443  lr=6.43e-05  time=34.8s
Epoch  43/100  loss=0.3564  ts_raw=0.0182  ts_evo=0.0337  oxy=0.6427  lr=6.28e-05  time=34.8s
  -> saved checkpoint (val=0.3564)
Epoch  44/100  loss=0.3599  ts_raw=0.0181  ts_evo=0.0341  oxy=0.6494  lr=6.13e-05  time=34.8s
Epoch  45/100  loss=0.3568  ts_raw=0.0183  ts_evo=0.0335  oxy=0.6436  lr=5.98e-05  time=35.2s
Epoch  46/100  loss=0.3590  ts_raw=0.0182  ts_evo=0.0341  oxy=0.6477  lr=5.82e-05  time=35.2s
Epoch  47/100  loss=0.3562  ts_raw=0.0182  ts_evo=0.0336  oxy=0.6425  lr=5.67e-05  time=34.9s
  -> saved checkpoint (val=0.3562)
Epoch  48/100  loss=0.3603  ts_raw=0.0182  ts_evo=0.0341  oxy=0.6501  lr=5.52e-05  time=35.5s
Epoch  49/100  loss=0.3567  ts_raw=0.0182  ts_evo=0.0341  oxy=0.6430  lr=5.36e-05  time=35.5s
Epoch  50/100  loss=0.3590  ts_raw=0.0182  ts_evo=0.0337  oxy=0.6479  lr=5.21e-05  time=35.7s
Epoch  51/100  loss=0.3560  ts_raw=0.0182  ts_evo=0.0337  oxy=0.6420  lr=5.05e-05  time=35.6s
  -> saved checkpoint (val=0.3560)
Epoch  52/100  loss=0.3573  ts_raw=0.0181  ts_evo=0.0336  oxy=0.6446  lr=4.89e-05  time=35.6s
Epoch  53/100  loss=0.3561  ts_raw=0.0182  ts_evo=0.0338  oxy=0.6421  lr=4.74e-05  time=35.7s
Epoch  54/100  loss=0.3577  ts_raw=0.0182  ts_evo=0.0339  oxy=0.6452  lr=4.58e-05  time=35.8s
Epoch  55/100  loss=0.3563  ts_raw=0.0182  ts_evo=0.0335  oxy=0.6429  lr=4.43e-05  time=36.0s
Epoch  56/100  loss=0.3572  ts_raw=0.0181  ts_evo=0.0335  oxy=0.6446  lr=4.28e-05  time=36.0s
Epoch  57/100  loss=0.3562  ts_raw=0.0181  ts_evo=0.0331  oxy=0.6430  lr=4.12e-05  time=36.0s
Epoch  58/100  loss=0.3559  ts_raw=0.0181  ts_evo=0.0337  oxy=0.6418  lr=3.97e-05  time=36.2s
  -> saved checkpoint (val=0.3559)
Epoch  59/100  loss=0.3558  ts_raw=0.0182  ts_evo=0.0335  oxy=0.6418  lr=3.82e-05  time=36.0s
  -> saved checkpoint (val=0.3558)
Epoch  60/100  loss=0.3570  ts_raw=0.0182  ts_evo=0.0336  oxy=0.6442  lr=3.67e-05  time=36.2s
Epoch  61/100  loss=0.3567  ts_raw=0.0181  ts_evo=0.0332  oxy=0.6439  lr=3.52e-05  time=36.3s
Epoch  62/100  loss=0.3561  ts_raw=0.0181  ts_evo=0.0342  oxy=0.6416  lr=3.37e-05  time=36.3s
Epoch  63/100  loss=0.3556  ts_raw=0.0181  ts_evo=0.0332  oxy=0.6417  lr=3.23e-05  time=36.1s
  -> saved checkpoint (val=0.3556)
Epoch  64/100  loss=0.3560  ts_raw=0.0181  ts_evo=0.0342  oxy=0.6415  lr=3.08e-05  time=36.1s
Epoch  65/100  loss=0.3555  ts_raw=0.0181  ts_evo=0.0332  oxy=0.6416  lr=2.94e-05  time=36.5s
  -> saved checkpoint (val=0.3555)
Epoch  66/100  loss=0.3561  ts_raw=0.0181  ts_evo=0.0330  oxy=0.6429  lr=2.80e-05  time=36.4s
Epoch  67/100  loss=0.3558  ts_raw=0.0181  ts_evo=0.0331  oxy=0.6421  lr=2.67e-05  time=36.4s
Epoch  68/100  loss=0.3558  ts_raw=0.0181  ts_evo=0.0336  oxy=0.6417  lr=2.53e-05  time=36.4s
Epoch  69/100  loss=0.3566  ts_raw=0.0181  ts_evo=0.0329  oxy=0.6441  lr=2.40e-05  time=36.6s
Epoch  70/100  loss=0.3553  ts_raw=0.0181  ts_evo=0.0329  oxy=0.6415  lr=2.27e-05  time=36.6s
  -> saved checkpoint (val=0.3553)
Epoch  71/100  loss=0.3567  ts_raw=0.0181  ts_evo=0.0330  oxy=0.6442  lr=2.14e-05  time=36.5s
Epoch  72/100  loss=0.3552  ts_raw=0.0181  ts_evo=0.0327  oxy=0.6415  lr=2.02e-05  time=36.4s
  -> saved checkpoint (val=0.3552)
Epoch  73/100  loss=0.3555  ts_raw=0.0181  ts_evo=0.0332  oxy=0.6416  lr=1.89e-05  time=36.5s
Epoch  74/100  loss=0.3565  ts_raw=0.0181  ts_evo=0.0332  oxy=0.6435  lr=1.78e-05  time=36.4s
Epoch  75/100  loss=0.3553  ts_raw=0.0181  ts_evo=0.0327  oxy=0.6416  lr=1.66e-05  time=36.5s
Epoch  76/100  loss=0.3557  ts_raw=0.0181  ts_evo=0.0326  oxy=0.6425  lr=1.55e-05  time=36.6s
Epoch  77/100  loss=0.3552  ts_raw=0.0181  ts_evo=0.0328  oxy=0.6415  lr=1.44e-05  time=36.7s
Epoch  78/100  loss=0.3551  ts_raw=0.0181  ts_evo=0.0326  oxy=0.6415  lr=1.34e-05  time=36.6s
  -> saved checkpoint (val=0.3551)
Epoch  79/100  loss=0.3551  ts_raw=0.0181  ts_evo=0.0325  oxy=0.6414  lr=1.24e-05  time=36.7s
  -> saved checkpoint (val=0.3551)
Epoch  80/100  loss=0.3551  ts_raw=0.0181  ts_evo=0.0327  oxy=0.6414  lr=1.14e-05  time=36.5s
Epoch  81/100  loss=0.3552  ts_raw=0.0181  ts_evo=0.0326  oxy=0.6416  lr=1.05e-05  time=36.7s
Epoch  82/100  loss=0.3552  ts_raw=0.0181  ts_evo=0.0327  oxy=0.6415  lr=9.56e-06  time=36.7s
Epoch  83/100  loss=0.3554  ts_raw=0.0181  ts_evo=0.0325  oxy=0.6421  lr=8.71e-06  time=36.7s
Epoch  84/100  loss=0.3554  ts_raw=0.0181  ts_evo=0.0325  oxy=0.6421  lr=7.89e-06  time=36.5s
Epoch  85/100  loss=0.3550  ts_raw=0.0181  ts_evo=0.0325  oxy=0.6414  lr=7.12e-06  time=36.6s
  -> saved checkpoint (val=0.3550)
Epoch  86/100  loss=0.3550  ts_raw=0.0181  ts_evo=0.0325  oxy=0.6413  lr=6.40e-06  time=36.7s
  -> saved checkpoint (val=0.3550)
Epoch  87/100  loss=0.3560  ts_raw=0.0181  ts_evo=0.0326  oxy=0.6432  lr=5.71e-06  time=36.6s
Epoch  88/100  loss=0.3550  ts_raw=0.0181  ts_evo=0.0326  oxy=0.6413  lr=5.07e-06  time=36.8s
Epoch  89/100  loss=0.3549  ts_raw=0.0181  ts_evo=0.0324  oxy=0.6412  lr=4.48e-06  time=36.6s
  -> saved checkpoint (val=0.3549)
Epoch  90/100  loss=0.3549  ts_raw=0.0181  ts_evo=0.0325  oxy=0.6412  lr=3.93e-06  time=36.5s
  -> saved checkpoint (val=0.3549)
Epoch  91/100  loss=0.3550  ts_raw=0.0181  ts_evo=0.0325  oxy=0.6412  lr=3.42e-06  time=36.5s
Epoch  92/100  loss=0.3551  ts_raw=0.0181  ts_evo=0.0324  oxy=0.6416  lr=2.97e-06  time=36.7s
Epoch  93/100  loss=0.3550  ts_raw=0.0181  ts_evo=0.0325  oxy=0.6413  lr=2.56e-06  time=36.7s
Epoch  94/100  loss=0.3549  ts_raw=0.0181  ts_evo=0.0324  oxy=0.6413  lr=2.19e-06  time=36.8s
Epoch  95/100  loss=0.3551  ts_raw=0.0181  ts_evo=0.0324  oxy=0.6416  lr=1.88e-06  time=36.7s
Epoch  96/100  loss=0.3550  ts_raw=0.0181  ts_evo=0.0324  oxy=0.6414  lr=1.61e-06  time=37.0s
Epoch  97/100  loss=0.3550  ts_raw=0.0181  ts_evo=0.0324  oxy=0.6413  lr=1.39e-06  time=36.9s
Epoch  98/100  loss=0.3550  ts_raw=0.0181  ts_evo=0.0324  oxy=0.6413  lr=1.22e-06  time=36.6s
Epoch  99/100  loss=0.3549  ts_raw=0.0181  ts_evo=0.0324  oxy=0.6413  lr=1.10e-06  time=36.7s
  -> saved checkpoint (val=0.3549)
Epoch 100/100  loss=0.3550  ts_raw=0.0181  ts_evo=0.0324  oxy=0.6414  lr=1.02e-06  time=36.7s

Finetuning complete. Best val loss: 0.3549
Losses saved to: results/finetune_losses.csv
=== Stage: extrapolation ===
Using device: cuda
Loading latent cycles from checkpoints/latent_cycles.pt
Val windows (horizon=100): 18

Evaluating: ode
  horizon=5 (50 days)...
  -> final step MSE: 0.0941
  horizon=10 (100 days)...
  -> final step MSE: 0.1018
  horizon=15 (150 days)...
  -> final step MSE: 0.1287
  horizon=20 (200 days)...
  -> final step MSE: 0.1180
  horizon=30 (300 days)...
  -> final step MSE: 0.2037
  horizon=40 (400 days)...
  -> final step MSE: 0.2489
  horizon=50 (500 days)...
  -> final step MSE: 0.3991
  horizon=100 (1000 days)...
  -> final step MSE: 0.6635

Evaluating: gru
  horizon=5 (50 days)...
  -> final step MSE: 0.0607
  horizon=10 (100 days)...
  -> final step MSE: 0.0595
  horizon=15 (150 days)...
  -> final step MSE: 0.0741
  horizon=20 (200 days)...
  -> final step MSE: 0.0525
  horizon=30 (300 days)...
  -> final step MSE: 0.0922
  horizon=40 (400 days)...
  -> final step MSE: 0.0925
  horizon=50 (500 days)...
  -> final step MSE: 0.1637
  horizon=100 (1000 days)...
  -> final step MSE: 0.1344

Results saved to results/extrapolation_results.csv

=== Extrapolation Summary (final step MSE) ===
model         depth_only       gru       ode
horizon_days                                
50                0.0274  0.060650  0.094091
100               0.0274  0.059458  0.101844
150               0.0274  0.074080  0.128651
200               0.0274  0.052507  0.118005
300               0.0274  0.092218  0.203688
400               0.0274  0.092499  0.248936
500               0.0274  0.163743  0.399066
1000              0.0274  0.134381  0.663527
======================================================
End Time : Mon Apr 13 10:43:12 PM EDT 2026
======================================================
