======================================================
Start Time  : Tue Mar 24 08:01:38 PM EDT 2026
Submit Dir  : /users/sphill86/ocean_dynamics_2
Job ID/Name : 10510593 / ocean_latent_ode
Partition   : GPU
======================================================
=== Stage: split ===
Low drift floats:    140
Depth observations:  1,121,134

Region distribution:
region
tropics               86
northeast_atlantic    24
subpolar              16
subtropical_west       6
subtropical_east       5
northwest_atlantic     3
Name: count, dtype: int64

O2 floats: 140 / 140
  Region 'northwest_atlantic' has only 2 remaining floats — assigning all to train
  Region 'subtropical_east' has only 4 remaining floats — assigning all to train

Float counts by split:
  train :  94 floats  (94 with O2)
  test  :  25 floats  (25 with O2)
  probe :  21 floats  (21 with O2)

Row counts by split:
split
train    830156
probe    146219
test     144759
Name: count, dtype: int64

Float counts by region and split:
split               probe  test  train
region                                
northeast_atlantic      4     4     16
northwest_atlantic      1     0      2
subpolar                3     3     10
subtropical_east        1     0      4
subtropical_west        2     1      3
tropics                10    17     59
Split complete.
=== Stage: encoder ===
Using device: cuda
Low drift floats:    140
Depth observations:  1,121,134

Region distribution:
region
tropics               86
northeast_atlantic    24
subpolar              16
subtropical_west       6
subtropical_east       5
northwest_atlantic     3
Name: count, dtype: int64

O2 floats: 140 / 140
  Region 'northwest_atlantic' has only 2 remaining floats — assigning all to train
  Region 'subtropical_east' has only 4 remaining floats — assigning all to train

Float counts by split:
  train :  94 floats  (94 with O2)
  test  :  25 floats  (25 with O2)
  probe :  21 floats  (21 with O2)

Row counts by split:
split
train    830156
probe    146219
test     144759
Name: count, dtype: int64

Float counts by region and split:
split               probe  test  train
region                                
northeast_atlantic      4     4     16
northwest_atlantic      1     0      2
subpolar                3     3     10
subtropical_east        1     0      4
subtropical_west        2     1      3
tropics                10    17     59
Epoch   1/80  train=1.1499  val=0.1408  time=5.6s
Saved autoencoder to checkpoints/autoencoder_best.pt
  -> saved checkpoint (val=0.1408)
Epoch   2/80  train=0.0791  val=0.1094  time=5.5s
Saved autoencoder to checkpoints/autoencoder_best.pt
  -> saved checkpoint (val=0.1094)
Epoch   3/80  train=0.0617  val=0.1110  time=5.4s
Epoch   4/80  train=0.0580  val=0.1345  time=5.6s
Epoch   5/80  train=0.0523  val=0.1268  time=5.5s
Epoch   6/80  train=0.0478  val=0.1496  time=5.4s
Epoch   7/80  train=0.0481  val=0.1440  time=5.4s
Epoch   8/80  train=0.0445  val=0.1351  time=5.6s
Epoch   9/80  train=0.0443  val=0.1390  time=5.5s
Epoch  10/80  train=0.0425  val=0.1446  time=5.5s
Epoch  11/80  train=0.0385  val=0.1243  time=5.4s
Epoch  12/80  train=0.0357  val=0.1199  time=5.6s
Epoch  13/80  train=0.0363  val=0.1349  time=5.4s
Epoch  14/80  train=0.0330  val=0.1077  time=5.4s
Saved autoencoder to checkpoints/autoencoder_best.pt
  -> saved checkpoint (val=0.1077)
Epoch  15/80  train=0.0330  val=0.1205  time=5.4s
Epoch  16/80  train=0.0321  val=0.1472  time=5.4s
Epoch  17/80  train=0.0347  val=0.1848  time=5.6s
Epoch  18/80  train=0.0319  val=0.1191  time=5.4s
Epoch  19/80  train=0.0304  val=0.1194  time=5.4s
Epoch  20/80  train=0.0289  val=0.0955  time=5.4s
Saved autoencoder to checkpoints/autoencoder_best.pt
  -> saved checkpoint (val=0.0955)
Epoch  21/80  train=0.0268  val=0.1274  time=5.6s
Epoch  22/80  train=0.0312  val=0.3304  time=5.4s
Epoch  23/80  train=0.0280  val=0.1375  time=5.4s
Epoch  24/80  train=0.0271  val=0.1422  time=5.4s
Epoch  25/80  train=0.0237  val=0.1512  time=5.5s
Epoch  26/80  train=0.0239  val=0.1554  time=5.4s
Epoch  27/80  train=0.0237  val=0.1619  time=5.4s
Epoch  28/80  train=0.0240  val=0.1568  time=5.4s
Epoch  29/80  train=0.0233  val=0.1564  time=5.4s
Epoch  30/80  train=0.0214  val=0.1546  time=5.5s
Epoch  31/80  train=0.0233  val=0.1309  time=5.4s
Epoch  32/80  train=0.0216  val=0.1596  time=5.4s
Epoch  33/80  train=0.0192  val=0.1584  time=5.4s
Epoch  34/80  train=0.0198  val=0.1736  time=5.6s
Epoch  35/80  train=0.0207  val=0.1596  time=5.4s
Epoch  36/80  train=0.0195  val=0.1528  time=5.4s
Epoch  37/80  train=0.0197  val=0.1922  time=5.4s
Epoch  38/80  train=0.0315  val=0.1501  time=5.5s
Epoch  39/80  train=0.0227  val=0.1621  time=5.4s
Epoch  40/80  train=0.0189  val=0.1670  time=5.4s
Epoch  41/80  train=0.0190  val=0.1654  time=5.4s
Epoch  42/80  train=0.0173  val=0.1626  time=5.4s
Epoch  43/80  train=0.0192  val=0.2083  time=5.5s
Epoch  44/80  train=0.0200  val=0.1691  time=5.4s
Epoch  45/80  train=0.0166  val=0.1729  time=5.4s
Epoch  46/80  train=0.0172  val=0.1929  time=5.4s
Epoch  47/80  train=0.0165  val=0.1617  time=5.5s
Epoch  48/80  train=0.0175  val=0.2042  time=5.4s
Epoch  49/80  train=0.0162  val=0.1891  time=5.4s
Epoch  50/80  train=0.0179  val=0.2000  time=5.4s
Epoch  51/80  train=0.0175  val=0.1972  time=5.5s
Epoch  52/80  train=0.0151  val=0.1932  time=5.4s
Epoch  53/80  train=0.0155  val=0.1887  time=5.4s
Epoch  54/80  train=0.0153  val=0.2033  time=5.4s
Epoch  55/80  train=0.0155  val=0.2058  time=5.4s
Epoch  56/80  train=0.0143  val=0.1856  time=5.6s
Epoch  57/80  train=0.0173  val=0.1812  time=5.4s
Epoch  58/80  train=0.0150  val=0.1870  time=5.4s
Epoch  59/80  train=0.0143  val=0.1864  time=5.4s
Epoch  60/80  train=0.0152  val=0.2141  time=5.5s
Epoch  61/80  train=0.0137  val=0.1988  time=5.4s
Epoch  62/80  train=0.0140  val=0.1952  time=5.4s
Epoch  63/80  train=0.0149  val=0.1889  time=5.4s
Epoch  64/80  train=0.0131  val=0.1898  time=5.5s
Epoch  65/80  train=0.0131  val=0.1951  time=5.4s
Epoch  66/80  train=0.0135  val=0.2010  time=5.4s
Epoch  67/80  train=0.0131  val=0.1835  time=5.4s
Epoch  68/80  train=0.0171  val=0.1731  time=5.4s
Epoch  69/80  train=0.0129  val=0.1908  time=5.5s
Epoch  70/80  train=0.0129  val=0.1634  time=5.4s
Epoch  71/80  train=0.0158  val=0.1785  time=5.4s
Epoch  72/80  train=0.0122  val=0.1743  time=5.4s
Epoch  73/80  train=0.0121  val=0.1731  time=5.5s
Epoch  74/80  train=0.0119  val=0.1793  time=5.4s
Epoch  75/80  train=0.0128  val=0.1749  time=5.4s
Epoch  76/80  train=0.0134  val=0.2286  time=5.4s
Epoch  77/80  train=0.0150  val=0.1702  time=5.4s
Epoch  78/80  train=0.0119  val=0.1743  time=5.6s
Epoch  79/80  train=0.0116  val=0.1776  time=5.4s
Epoch  80/80  train=0.0119  val=0.1811  time=5.4s

Encoder training complete. Best val loss: 0.0955
Losses saved to: results/encoder_losses.csv
=== Stage: encode ===
Low drift floats:    140
Depth observations:  1,121,134

Region distribution:
region
tropics               86
northeast_atlantic    24
subpolar              16
subtropical_west       6
subtropical_east       5
northwest_atlantic     3
Name: count, dtype: int64

O2 floats: 140 / 140
  Region 'northwest_atlantic' has only 2 remaining floats — assigning all to train
  Region 'subtropical_east' has only 4 remaining floats — assigning all to train

Float counts by split:
  train :  94 floats  (94 with O2)
  test  :  25 floats  (25 with O2)
  probe :  21 floats  (21 with O2)

Row counts by split:
split
train    830156
probe    146219
test     144759
Name: count, dtype: int64

Float counts by region and split:
split               probe  test  train
region                                
northeast_atlantic      4     4     16
northwest_atlantic      1     0      2
subpolar                3     3     10
subtropical_east        1     0      4
subtropical_west        2     1      3
tropics                10    17     59
Latent train: 11372 casts
Latent val:   1983 casts
Latent probe: 2003 casts
Saved latent cycles to checkpoints/latent_cycles.pt
=== Stage: ode_curriculum ===
Using device: cuda
Loading latent cycles from checkpoints/latent_cycles.pt

Curriculum schedule:
  Phase 1: window= 5 ( 50 days)  epochs=30
  Phase 2: window=10 (100 days)  epochs=40
  Phase 3: window=20 (200 days)  epochs=50
  Phase 4: window=25 (250 days)  epochs=80
  Total epochs: 200

============================================================
Phase 1/4 — window=5 (50 days)  epochs=30
============================================================
Building train windows...
Train windows: 5520
Building val windows...
Val windows: 947
  [1/4] Epoch   1/30  (global 1)  train=2.9545  val=0.7537  lr=5.00e-04  time=8.4s
  -> saved checkpoint (val=0.7537)
  [1/4] Epoch   2/30  (global 2)  train=2.3074  val=0.8411  lr=4.99e-04  time=11.4s
  [1/4] Epoch   3/30  (global 3)  train=2.1324  val=0.7537  lr=4.95e-04  time=15.8s
  -> saved checkpoint (val=0.7537)
  [1/4] Epoch   4/30  (global 4)  train=1.9983  val=1.0362  lr=4.88e-04  time=20.4s
  [1/4] Epoch   5/30  (global 5)  train=1.9112  val=0.8979  lr=4.78e-04  time=27.4s
  [1/4] Epoch   6/30  (global 6)  train=1.8634  val=0.8689  lr=4.67e-04  time=37.1s
  [1/4] Epoch   7/30  (global 7)  train=1.7079  val=0.8278  lr=4.52e-04  time=43.5s
  [1/4] Epoch   8/30  (global 8)  train=1.7508  val=0.8865  lr=4.36e-04  time=47.7s
  [1/4] Epoch   9/30  (global 9)  train=1.6856  val=0.8110  lr=4.17e-04  time=49.2s
  [1/4] Epoch  10/30  (global 10)  train=1.7024  val=0.8636  lr=3.97e-04  time=52.8s
  [1/4] Epoch  11/30  (global 11)  train=2.4582  val=1.0729  lr=3.75e-04  time=54.2s
  [1/4] Epoch  12/30  (global 12)  train=1.7912  val=0.8877  lr=3.52e-04  time=56.2s
  [1/4] Epoch  13/30  (global 13)  train=1.6354  val=0.8607  lr=3.28e-04  time=56.9s
  [1/4] Epoch  14/30  (global 14)  train=1.5550  val=0.9982  lr=3.02e-04  time=55.1s
  [1/4] Epoch  15/30  (global 15)  train=1.5633  val=0.8697  lr=2.77e-04  time=55.6s
  [1/4] Epoch  16/30  (global 16)  train=1.5326  val=0.8898  lr=2.51e-04  time=56.7s
  [1/4] Epoch  17/30  (global 17)  train=1.4453  val=0.8743  lr=2.24e-04  time=56.8s
  [1/4] Epoch  18/30  (global 18)  train=1.4508  val=0.8576  lr=1.99e-04  time=56.2s
  [1/4] Epoch  19/30  (global 19)  train=1.4800  val=0.8735  lr=1.73e-04  time=57.0s
  [1/4] Epoch  20/30  (global 20)  train=1.4083  val=0.8594  lr=1.49e-04  time=57.5s
  [1/4] Epoch  21/30  (global 21)  train=1.4317  val=1.3884  lr=1.26e-04  time=56.1s
  [1/4] Epoch  22/30  (global 22)  train=1.4033  val=0.8558  lr=1.04e-04  time=57.5s
  [1/4] Epoch  23/30  (global 23)  train=1.4281  val=0.8588  lr=8.36e-05  time=57.3s
  [1/4] Epoch  24/30  (global 24)  train=1.4055  val=0.8606  lr=6.51e-05  time=57.2s
  [1/4] Epoch  25/30  (global 25)  train=1.3285  val=0.8560  lr=4.87e-05  time=57.1s
  [1/4] Epoch  26/30  (global 26)  train=1.3114  val=0.8880  lr=3.44e-05  time=56.6s
  [1/4] Epoch  27/30  (global 27)  train=1.3113  val=0.8611  lr=2.26e-05  time=57.2s
  [1/4] Epoch  28/30  (global 28)  train=1.2883  val=0.8559  lr=1.32e-05  time=57.1s
  [1/4] Epoch  29/30  (global 29)  train=1.2805  val=0.8585  lr=6.45e-06  time=56.2s
  [1/4] Epoch  30/30  (global 30)  train=1.2736  val=0.8573  lr=2.37e-06  time=56.5s

============================================================
Phase 2/4 — window=10 (100 days)  epochs=40
============================================================
Building train windows...
Train windows: 5285
Building val windows...
Val windows: 886
  [2/4] Epoch   1/40  (global 31)  train=1.9068  val=0.8519  lr=5.00e-04  time=123.3s
  [2/4] Epoch   2/40  (global 32)  train=1.5915  val=1.0172  lr=4.99e-04  time=108.7s
  [2/4] Epoch   3/40  (global 33)  train=1.7747  val=1.2170  lr=4.97e-04  time=121.5s
  [2/4] Epoch   4/40  (global 34)  train=1.8425  val=0.9763  lr=4.93e-04  time=135.9s
  [2/4] Epoch   5/40  (global 35)  train=1.8658  val=0.8248  lr=4.88e-04  time=126.0s
  [2/4] Epoch   6/40  (global 36)  train=1.8026  val=0.8366  lr=4.81e-04  time=120.9s
  [2/4] Epoch   7/40  (global 37)  train=1.6799  val=3.0926  lr=4.73e-04  time=112.2s
  [2/4] Epoch   8/40  (global 38)  train=1.9216  val=0.8170  lr=4.63e-04  time=224.9s
  [2/4] Epoch   9/40  (global 39)  train=1.6085  val=0.8160  lr=4.52e-04  time=207.3s
  [2/4] Epoch  10/40  (global 40)  train=2.1940  val=1.5362  lr=4.40e-04  time=184.3s
  [2/4] Epoch  11/40  (global 41)  train=1.8976  val=0.8385  lr=4.27e-04  time=166.4s
  [2/4] Epoch  12/40  (global 42)  train=1.7274  val=0.8192  lr=4.13e-04  time=166.7s
  [2/4] Epoch  13/40  (global 43)  train=1.5644  val=0.7983  lr=3.97e-04  time=173.1s
  [2/4] Epoch  14/40  (global 44)  train=1.5270  val=0.8595  lr=3.81e-04  time=163.6s
  [2/4] Epoch  15/40  (global 45)  train=1.5232  val=0.7923  lr=3.64e-04  time=158.2s
  [2/4] Epoch  16/40  (global 46)  train=1.5051  val=0.8037  lr=3.46e-04  time=158.3s
  [2/4] Epoch  17/40  (global 47)  train=1.5111  val=0.8097  lr=3.28e-04  time=162.2s
  [2/4] Epoch  18/40  (global 48)  train=1.5010  val=0.8166  lr=3.09e-04  time=156.7s
  [2/4] Epoch  19/40  (global 49)  train=2.0576  val=1.9047  lr=2.90e-04  time=162.2s
  [2/4] Epoch  20/40  (global 50)  train=1.7791  val=0.8174  lr=2.70e-04  time=163.3s
  [2/4] Epoch  21/40  (global 51)  train=1.5432  val=0.8122  lr=2.51e-04  time=158.7s
  [2/4] Epoch  22/40  (global 52)  train=1.5512  val=0.8030  lr=2.31e-04  time=171.1s
  [2/4] Epoch  23/40  (global 53)  train=1.4933  val=0.8217  lr=2.11e-04  time=164.4s
  [2/4] Epoch  24/40  (global 54)  train=1.4909  val=0.8718  lr=1.92e-04  time=159.6s
  [2/4] Epoch  25/40  (global 55)  train=1.4794  val=0.8646  lr=1.73e-04  time=155.8s
  [2/4] Epoch  26/40  (global 56)  train=1.4655  val=0.8500  lr=1.55e-04  time=152.8s
  [2/4] Epoch  27/40  (global 57)  train=1.4617  val=0.8450  lr=1.37e-04  time=150.4s
  [2/4] Epoch  28/40  (global 58)  train=1.4430  val=0.8387  lr=1.20e-04  time=151.7s
  [2/4] Epoch  29/40  (global 59)  train=1.4355  val=0.8804  lr=1.04e-04  time=149.3s
  [2/4] Epoch  30/40  (global 60)  train=1.4416  val=0.8277  lr=8.85e-05  time=148.7s
  [2/4] Epoch  31/40  (global 61)  train=1.4157  val=0.8750  lr=7.41e-05  time=144.8s
  [2/4] Epoch  32/40  (global 62)  train=1.4190  val=0.8862  lr=6.08e-05  time=142.7s
  [2/4] Epoch  33/40  (global 63)  train=1.4176  val=0.8857  lr=4.87e-05  time=143.2s
  [2/4] Epoch  34/40  (global 64)  train=1.3936  val=0.8644  lr=3.78e-05  time=141.6s
  [2/4] Epoch  35/40  (global 65)  train=1.3771  val=0.8760  lr=2.82e-05  time=136.7s
  [2/4] Epoch  36/40  (global 66)  train=1.4652  val=0.8819  lr=2.00e-05  time=129.1s
  [2/4] Epoch  37/40  (global 67)  train=1.3678  val=0.8801  lr=1.32e-05  time=129.7s
  [2/4] Epoch  38/40  (global 68)  train=1.2617  val=0.8811  lr=7.89e-06  time=126.6s
  [2/4] Epoch  39/40  (global 69)  train=1.2562  val=0.8748  lr=4.07e-06  time=127.2s
  [2/4] Epoch  40/40  (global 70)  train=1.2402  val=0.8752  lr=1.77e-06  time=127.3s

============================================================
Phase 3/4 — window=20 (200 days)  epochs=50
============================================================
Building train windows...
Train windows: 4839
Building val windows...
Val windows: 781
  [3/4] Epoch   1/50  (global 71)  train=49.1002  val=3.9846  lr=5.00e-04  time=265.7s
  [3/4] Epoch   2/50  (global 72)  train=3.1491  val=1.3299  lr=5.00e-04  time=377.1s
  [3/4] Epoch   3/50  (global 73)  train=2.2793  val=1.0614  lr=4.98e-04  time=398.2s
  [3/4] Epoch   4/50  (global 74)  train=2.0479  val=0.9510  lr=4.96e-04  time=409.6s
  [3/4] Epoch   5/50  (global 75)  train=1.9227  val=0.8792  lr=4.92e-04  time=416.8s
  [3/4] Epoch   6/50  (global 76)  train=1.8191  val=0.8457  lr=4.88e-04  time=422.8s
  [3/4] Epoch   7/50  (global 77)  train=1.6433  val=0.8168  lr=4.82e-04  time=425.6s
  [3/4] Epoch   8/50  (global 78)  train=1.5569  val=0.7947  lr=4.76e-04  time=427.8s
  [3/4] Epoch   9/50  (global 79)  train=1.5130  val=0.7697  lr=4.69e-04  time=428.1s
  [3/4] Epoch  10/50  (global 80)  train=1.4793  val=0.7720  lr=4.61e-04  time=428.9s
  [3/4] Epoch  11/50  (global 81)  train=1.4464  val=0.7646  lr=4.52e-04  time=429.2s
  [3/4] Epoch  12/50  (global 82)  train=1.4139  val=0.7570  lr=4.43e-04  time=429.5s
  [3/4] Epoch  13/50  (global 83)  train=1.3880  val=0.7386  lr=4.32e-04  time=429.3s
  -> saved checkpoint (val=0.7386)
  [3/4] Epoch  14/50  (global 84)  train=1.3693  val=0.7326  lr=4.21e-04  time=428.1s
  -> saved checkpoint (val=0.7326)
  [3/4] Epoch  15/50  (global 85)  train=1.3408  val=0.7411  lr=4.10e-04  time=428.5s
  [3/4] Epoch  16/50  (global 86)  train=1.3238  val=0.7150  lr=3.97e-04  time=428.3s
  -> saved checkpoint (val=0.7150)
  [3/4] Epoch  17/50  (global 87)  train=1.3132  val=0.7495  lr=3.84e-04  time=429.1s
  [3/4] Epoch  18/50  (global 88)  train=1.2960  val=0.7065  lr=3.71e-04  time=430.6s
  -> saved checkpoint (val=0.7065)
  [3/4] Epoch  19/50  (global 89)  train=1.2885  val=0.7217  lr=3.57e-04  time=428.3s
  [3/4] Epoch  20/50  (global 90)  train=1.2739  val=0.7013  lr=3.42e-04  time=429.0s
  -> saved checkpoint (val=0.7013)
  [3/4] Epoch  21/50  (global 91)  train=1.2653  val=0.6902  lr=3.28e-04  time=427.0s
  -> saved checkpoint (val=0.6902)
  [3/4] Epoch  22/50  (global 92)  train=1.2594  val=0.6913  lr=3.13e-04  time=425.7s
  [3/4] Epoch  23/50  (global 93)  train=1.2448  val=0.6862  lr=2.97e-04  time=427.6s
  -> saved checkpoint (val=0.6862)
  [3/4] Epoch  24/50  (global 94)  train=1.2405  val=0.7111  lr=2.82e-04  time=425.4s
  [3/4] Epoch  25/50  (global 95)  train=1.2312  val=0.6880  lr=2.66e-04  time=428.0s
  [3/4] Epoch  26/50  (global 96)  train=1.2333  val=0.6766  lr=2.51e-04  time=428.6s
  -> saved checkpoint (val=0.6766)
  [3/4] Epoch  27/50  (global 97)  train=1.2271  val=0.7117  lr=2.35e-04  time=426.9s
  [3/4] Epoch  28/50  (global 98)  train=1.2324  val=0.7802  lr=2.19e-04  time=427.9s
  [3/4] Epoch  29/50  (global 99)  train=1.2281  val=0.6192  lr=2.04e-04  time=427.0s
  -> saved checkpoint (val=0.6192)
  [3/4] Epoch  30/50  (global 100)  train=1.2037  val=0.6709  lr=1.88e-04  time=425.5s
  [3/4] Epoch  31/50  (global 101)  train=1.2098  val=0.6424  lr=1.73e-04  time=426.3s
  [3/4] Epoch  32/50  (global 102)  train=1.2013  val=0.6653  lr=1.59e-04  time=424.7s
  [3/4] Epoch  33/50  (global 103)  train=1.2287  val=0.7423  lr=1.44e-04  time=424.4s
  [3/4] Epoch  34/50  (global 104)  train=1.2147  val=0.6479  lr=1.30e-04  time=425.8s
  [3/4] Epoch  35/50  (global 105)  train=1.1858  val=0.6631  lr=1.17e-04  time=424.5s
  [3/4] Epoch  36/50  (global 106)  train=1.1833  val=0.6375  lr=1.04e-04  time=423.8s
  [3/4] Epoch  37/50  (global 107)  train=1.1790  val=0.6359  lr=9.15e-05  time=422.9s
  [3/4] Epoch  38/50  (global 108)  train=1.1804  val=0.7324  lr=7.97e-05  time=424.1s
  [3/4] Epoch  39/50  (global 109)  train=1.1722  val=0.6541  lr=6.86e-05  time=422.3s
  [3/4] Epoch  40/50  (global 110)  train=1.1629  val=0.6430  lr=5.83e-05  time=423.9s
  [3/4] Epoch  41/50  (global 111)  train=1.1613  val=0.6406  lr=4.87e-05  time=422.5s
  [3/4] Epoch  42/50  (global 112)  train=1.1604  val=0.6561  lr=3.98e-05  time=422.5s
  [3/4] Epoch  43/50  (global 113)  train=1.1586  val=0.6554  lr=3.19e-05  time=423.4s
  [3/4] Epoch  44/50  (global 114)  train=1.1551  val=0.6704  lr=2.47e-05  time=423.0s
  [3/4] Epoch  45/50  (global 115)  train=1.1505  val=0.6777  lr=1.85e-05  time=423.8s
  [3/4] Epoch  46/50  (global 116)  train=1.1503  val=0.6438  lr=1.32e-05  time=423.4s
  [3/4] Epoch  47/50  (global 117)  train=1.1491  val=0.6645  lr=8.84e-06  time=422.2s
  [3/4] Epoch  48/50  (global 118)  train=1.1476  val=0.6392  lr=5.42e-06  time=423.5s
  [3/4] Epoch  49/50  (global 119)  train=1.1475  val=0.6706  lr=2.97e-06  time=421.1s
  [3/4] Epoch  50/50  (global 120)  train=1.1468  val=0.6540  lr=1.49e-06  time=422.5s

============================================================
Phase 4/4 — window=25 (250 days)  epochs=80
============================================================
Building train windows...
Train windows: 4633
Building val windows...
Val windows: 733
  [4/4] Epoch   1/80  (global 121)  train=3.6308  val=7.7168  lr=5.00e-04  time=498.4s
  [4/4] Epoch   2/80  (global 122)  train=2.0312  val=0.6555  lr=5.00e-04  time=498.7s
  [4/4] Epoch   3/80  (global 123)  train=1.5718  val=0.5165  lr=4.99e-04  time=529.4s
  -> saved checkpoint (val=0.5165)
  [4/4] Epoch   4/80  (global 124)  train=1.1822  val=0.5147  lr=4.98e-04  time=520.9s
  -> saved checkpoint (val=0.5147)
  [4/4] Epoch   5/80  (global 125)  train=1.1245  val=0.4924  lr=4.97e-04  time=519.7s
  -> saved checkpoint (val=0.4924)
  [4/4] Epoch   6/80  (global 126)  train=1.0720  val=0.4972  lr=4.95e-04  time=506.8s
  [4/4] Epoch   7/80  (global 127)  train=1.0851  val=0.5073  lr=4.93e-04  time=512.6s
  [4/4] Epoch   8/80  (global 128)  train=1.3167  val=0.5068  lr=4.91e-04  time=496.2s
  [4/4] Epoch   9/80  (global 129)  train=1.0620  val=0.6313  lr=4.88e-04  time=507.1s
  [4/4] Epoch  10/80  (global 130)  train=1.0322  val=0.6006  lr=4.85e-04  time=509.9s
  [4/4] Epoch  11/80  (global 131)  train=1.1945  val=0.5304  lr=4.81e-04  time=508.4s
  [4/4] Epoch  12/80  (global 132)  train=1.0838  val=0.5564  lr=4.77e-04  time=497.6s
  [4/4] Epoch  13/80  (global 133)  train=1.2045  val=0.6028  lr=4.73e-04  time=505.3s
  [4/4] Epoch  14/80  (global 134)  train=1.0113  val=0.5960  lr=4.68e-04  time=499.8s
  [4/4] Epoch  15/80  (global 135)  train=1.3995  val=0.5396  lr=4.63e-04  time=523.3s
  [4/4] Epoch  16/80  (global 136)  train=1.9802  val=0.6383  lr=4.58e-04  time=463.6s
  [4/4] Epoch  17/80  (global 137)  train=1.4726  val=0.6558  lr=4.52e-04  time=476.4s
  [4/4] Epoch  18/80  (global 138)  train=1.3968  val=0.5804  lr=4.46e-04  time=460.3s
  [4/4] Epoch  19/80  (global 139)  train=1.3998  val=0.5935  lr=4.40e-04  time=448.2s
  [4/4] Epoch  20/80  (global 140)  train=1.4700  val=0.6063  lr=4.34e-04  time=402.8s
  [4/4] Epoch  21/80  (global 141)  train=1.4514  val=0.6817  lr=4.27e-04  time=386.5s
  [4/4] Epoch  22/80  (global 142)  train=1.5643  val=0.6975  lr=4.20e-04  time=388.8s
  [4/4] Epoch  23/80  (global 143)  train=1.4351  val=0.6970  lr=4.13e-04  time=388.8s
  [4/4] Epoch  24/80  (global 144)  train=1.4378  val=0.5597  lr=4.05e-04  time=388.8s
