======================================================
Start Time  : Tue Mar 24 04:45:10 PM EDT 2026
Submit Dir  : /users/sphill86/ocean_dynamics_2
Job ID/Name : 10506418 / ocean_latent_ode
Partition   : GPU
======================================================
=== Stage: split ===
Low drift floats:    140
Depth observations:  1,121,134

Region distribution:
region
tropics               86
northeast_atlantic    24
subpolar              16
subtropical_west       6
subtropical_east       5
northwest_atlantic     3
Name: count, dtype: int64

O2 floats: 140 / 140
  Region 'northwest_atlantic' has only 2 remaining floats — assigning all to train
  Region 'subtropical_east' has only 4 remaining floats — assigning all to train

Float counts by split:
  train :  94 floats  (94 with O2)
  test  :  25 floats  (25 with O2)
  probe :  21 floats  (21 with O2)

Row counts by split:
split
train    830156
probe    146219
test     144759
Name: count, dtype: int64

Float counts by region and split:
split               probe  test  train
region                                
northeast_atlantic      4     4     16
northwest_atlantic      1     0      2
subpolar                3     3     10
subtropical_east        1     0      4
subtropical_west        2     1      3
tropics                10    17     59
Split complete.
=== Stage: encoder ===
Using device: cuda
Low drift floats:    140
Depth observations:  1,121,134

Region distribution:
region
tropics               86
northeast_atlantic    24
subpolar              16
subtropical_west       6
subtropical_east       5
northwest_atlantic     3
Name: count, dtype: int64

O2 floats: 140 / 140
  Region 'northwest_atlantic' has only 2 remaining floats — assigning all to train
  Region 'subtropical_east' has only 4 remaining floats — assigning all to train

Float counts by split:
  train :  94 floats  (94 with O2)
  test  :  25 floats  (25 with O2)
  probe :  21 floats  (21 with O2)

Row counts by split:
split
train    830156
probe    146219
test     144759
Name: count, dtype: int64

Float counts by region and split:
split               probe  test  train
region                                
northeast_atlantic      4     4     16
northwest_atlantic      1     0      2
subpolar                3     3     10
subtropical_east        1     0      4
subtropical_west        2     1      3
tropics                10    17     59
