======================================================
Start Time  : Sun Mar 22 10:43:04 PM EDT 2026
Submit Dir  : /users/sphill86/ocean_dynamics_2
Job ID/Name : 10436658 / ocean_latent_ode
Partition   : GPU
======================================================
=== Stage: split ===
Low drift floats:    140
Depth observations:  1121134

Region distribution:
region
tropics               86
northeast_atlantic    24
subpolar              16
subtropical_west       6
subtropical_east       5
northwest_atlantic     3
Name: count, dtype: int64

O2 floats: 34 / 140
  Region 'northwest_atlantic' has only 3 remaining floats — assigning all to train
  Region 'subtropical_east' has only 4 remaining floats — assigning all to train

Float counts by split:
  train :  95 floats  (16 with O2)
  test  :  25 floats  (6 with O2)
  probe :  20 floats  (12 with O2)

Row counts by split:
split
train    752849
probe    206371
test     161914
Name: count, dtype: int64

Float counts by region and split:
split               probe  test  train
region                                
northeast_atlantic      4     4     16
northwest_atlantic      0     0      3
subpolar                3     3     10
subtropical_east        1     0      4
subtropical_west        2     1      3
tropics                10    17     59
Split complete.
=== Stage: encoder ===
Using device: cuda
Low drift floats:    140
Depth observations:  1121134

Region distribution:
region
tropics               86
northeast_atlantic    24
subpolar              16
subtropical_west       6
subtropical_east       5
northwest_atlantic     3
Name: count, dtype: int64

O2 floats: 34 / 140
  Region 'northwest_atlantic' has only 3 remaining floats — assigning all to train
  Region 'subtropical_east' has only 4 remaining floats — assigning all to train

Float counts by split:
  train :  95 floats  (16 with O2)
  test  :  25 floats  (6 with O2)
  probe :  20 floats  (12 with O2)

Row counts by split:
split
train    752849
probe    206371
test     161914
Name: count, dtype: int64

Float counts by region and split:
split               probe  test  train
region                                
northeast_atlantic      4     4     16
northwest_atlantic      0     0      3
subpolar                3     3     10
subtropical_east        1     0      4
subtropical_west        2     1      3
tropics                10    17     59
Epoch   1/40  train=1.0665  val=0.0351  time=8.9s
Saved autoencoder to checkpoints/autoencoder_best.pt
  -> saved checkpoint (val=0.0351)
Epoch   2/40  train=0.0307  val=0.0337  time=6.9s
Saved autoencoder to checkpoints/autoencoder_best.pt
  -> saved checkpoint (val=0.0337)
Epoch   3/40  train=0.0279  val=0.0283  time=6.9s
Saved autoencoder to checkpoints/autoencoder_best.pt
  -> saved checkpoint (val=0.0283)
Epoch   4/40  train=0.0236  val=0.0293  time=7.0s
Epoch   5/40  train=0.0215  val=0.0230  time=6.9s
Saved autoencoder to checkpoints/autoencoder_best.pt
  -> saved checkpoint (val=0.0230)
Epoch   6/40  train=0.0211  val=0.0196  time=6.9s
Saved autoencoder to checkpoints/autoencoder_best.pt
  -> saved checkpoint (val=0.0196)
Epoch   7/40  train=0.0185  val=0.0179  time=6.9s
Saved autoencoder to checkpoints/autoencoder_best.pt
  -> saved checkpoint (val=0.0179)
Epoch   8/40  train=0.0186  val=0.0169  time=7.0s
Saved autoencoder to checkpoints/autoencoder_best.pt
  -> saved checkpoint (val=0.0169)
Epoch   9/40  train=0.0197  val=0.0295  time=6.8s
Epoch  10/40  train=0.0178  val=0.0255  time=6.8s
Epoch  11/40  train=0.0201  val=0.0184  time=6.8s
Epoch  12/40  train=0.0160  val=0.0345  time=7.0s
Epoch  13/40  train=0.0176  val=0.0144  time=6.8s
Saved autoencoder to checkpoints/autoencoder_best.pt
  -> saved checkpoint (val=0.0144)
Epoch  14/40  train=0.0189  val=0.0250  time=6.8s
Epoch  15/40  train=0.0154  val=0.0252  time=6.8s
Epoch  16/40  train=0.0185  val=0.0120  time=6.9s
Saved autoencoder to checkpoints/autoencoder_best.pt
  -> saved checkpoint (val=0.0120)
Epoch  17/40  train=0.0132  val=0.0257  time=6.8s
Epoch  18/40  train=0.0176  val=0.0103  time=6.8s
Saved autoencoder to checkpoints/autoencoder_best.pt
  -> saved checkpoint (val=0.0103)
Epoch  19/40  train=0.0157  val=0.0155  time=6.8s
Epoch  20/40  train=0.0142  val=0.0135  time=7.0s
Epoch  21/40  train=0.0131  val=0.0142  time=7.2s
Epoch  22/40  train=0.0133  val=0.0094  time=7.2s
Saved autoencoder to checkpoints/autoencoder_best.pt
  -> saved checkpoint (val=0.0094)
Epoch  23/40  train=0.0132  val=0.0226  time=7.2s
Epoch  24/40  train=0.0132  val=0.0101  time=7.4s
Epoch  25/40  train=0.0114  val=0.0141  time=7.2s
Epoch  26/40  train=0.0150  val=0.0187  time=6.9s
Epoch  27/40  train=0.0103  val=0.0115  time=7.1s
Epoch  28/40  train=0.0102  val=0.0098  time=7.2s
Epoch  29/40  train=0.0107  val=0.0113  time=7.2s
Epoch  30/40  train=0.0111  val=0.0152  time=7.2s
Epoch  31/40  train=0.0105  val=0.0093  time=6.9s
Saved autoencoder to checkpoints/autoencoder_best.pt
  -> saved checkpoint (val=0.0093)
Epoch  32/40  train=0.0095  val=0.0115  time=6.9s
Epoch  33/40  train=0.0097  val=0.0087  time=6.7s
Saved autoencoder to checkpoints/autoencoder_best.pt
  -> saved checkpoint (val=0.0087)
Epoch  34/40  train=0.0087  val=0.0091  time=6.7s
Epoch  35/40  train=0.0090  val=0.0124  time=6.9s
Epoch  36/40  train=0.0089  val=0.0112  time=6.7s
Epoch  37/40  train=0.0081  val=0.0081  time=6.7s
Saved autoencoder to checkpoints/autoencoder_best.pt
  -> saved checkpoint (val=0.0081)
Epoch  38/40  train=0.0090  val=0.0128  time=6.7s
Epoch  39/40  train=0.0085  val=0.0221  time=6.9s
Epoch  40/40  train=0.0089  val=0.0094  time=6.8s

Encoder training complete. Best val loss: 0.0081
Losses saved to: results/encoder_losses.csv
=== Stage: encode ===
Low drift floats:    140
Depth observations:  1121134

Region distribution:
region
tropics               86
northeast_atlantic    24
subpolar              16
subtropical_west       6
subtropical_east       5
northwest_atlantic     3
Name: count, dtype: int64

O2 floats: 34 / 140
  Region 'northwest_atlantic' has only 3 remaining floats — assigning all to train
  Region 'subtropical_east' has only 4 remaining floats — assigning all to train

Float counts by split:
  train :  95 floats  (16 with O2)
  test  :  25 floats  (6 with O2)
  probe :  20 floats  (12 with O2)

Row counts by split:
split
train    752849
probe    206371
test     161914
Name: count, dtype: int64

Float counts by region and split:
split               probe  test  train
region                                
northeast_atlantic      4     4     16
northwest_atlantic      0     0      3
subpolar                3     3     10
subtropical_east        1     0      4
subtropical_west        2     1      3
tropics                10    17     59
Latent train: 10313 casts
Latent val:   2218 casts
Latent probe: 2827 casts
Saved latent cycles to checkpoints/latent_cycles.pt
=== Stage: ode ===
Using device: cuda
Loading latent cycles from checkpoints/latent_cycles.pt
Building train windows...
Train windows: 4991
Building val windows...
Val windows: 1065
Epoch   1/40  train=0.7436  val=0.2116  time=9.9s
  -> saved checkpoint (val=0.2116)
Epoch   2/40  train=0.2078  val=0.1895  time=7.6s
  -> saved checkpoint (val=0.1895)
Epoch   3/40  train=0.1924  val=0.1747  time=7.5s
  -> saved checkpoint (val=0.1747)
Epoch   4/40  train=0.1853  val=0.1772  time=7.4s
Epoch   5/40  train=0.1822  val=0.1728  time=7.4s
  -> saved checkpoint (val=0.1728)
Epoch   6/40  train=0.1814  val=0.1650  time=7.5s
  -> saved checkpoint (val=0.1650)
Epoch   7/40  train=0.1761  val=0.1697  time=7.6s
Epoch   8/40  train=0.1728  val=0.1644  time=7.9s
  -> saved checkpoint (val=0.1644)
Epoch   9/40  train=0.1745  val=0.1730  time=8.0s
Epoch  10/40  train=0.1739  val=0.1577  time=8.1s
  -> saved checkpoint (val=0.1577)
Epoch  11/40  train=0.1682  val=0.1588  time=8.1s
Epoch  12/40  train=0.1666  val=0.1577  time=8.1s
  -> saved checkpoint (val=0.1577)
Epoch  13/40  train=0.1677  val=0.1544  time=8.2s
  -> saved checkpoint (val=0.1544)
Epoch  14/40  train=0.1652  val=0.1622  time=8.2s
Epoch  15/40  train=0.1645  val=0.1694  time=8.5s
Epoch  16/40  train=0.1639  val=0.1566  time=8.6s
Epoch  17/40  train=0.1619  val=0.1607  time=8.7s
Epoch  18/40  train=0.1620  val=0.1642  time=8.7s
Epoch  19/40  train=0.1616  val=0.1569  time=9.0s
Epoch  20/40  train=0.1581  val=0.1704  time=9.2s
Epoch  21/40  train=0.1585  val=0.1556  time=9.3s
Epoch  22/40  train=0.1602  val=0.1485  time=9.4s
  -> saved checkpoint (val=0.1485)
Epoch  23/40  train=0.1577  val=0.1515  time=9.4s
Epoch  24/40  train=0.1561  val=0.1586  time=9.7s
Epoch  25/40  train=0.1565  val=0.1590  time=9.6s
Epoch  26/40  train=0.1550  val=0.1581  time=9.7s
Epoch  27/40  train=0.1538  val=0.1495  time=9.7s
Epoch  28/40  train=0.1554  val=0.1570  time=9.8s
Epoch  29/40  train=0.1544  val=0.1596  time=9.8s
Epoch  30/40  train=0.1549  val=0.1486  time=9.9s
Epoch  31/40  train=0.1522  val=0.1506  time=9.9s
Epoch  32/40  train=0.1524  val=0.1525  time=9.9s
Epoch  33/40  train=0.1516  val=0.1539  time=10.1s
Epoch  34/40  train=0.1520  val=0.1508  time=10.3s
Epoch  35/40  train=0.1519  val=0.1557  time=10.2s
Epoch  36/40  train=0.1535  val=0.1596  time=10.3s
Epoch  37/40  train=0.1501  val=0.1509  time=10.2s
Epoch  38/40  train=0.1491  val=0.1474  time=10.3s
  -> saved checkpoint (val=0.1474)
Epoch  39/40  train=0.1497  val=0.1479  time=10.6s
Epoch  40/40  train=0.1504  val=0.1456  time=10.6s
  -> saved checkpoint (val=0.1456)

NODE training complete. Best val loss: 0.1456
Losses saved to: results/node_losses.csv
=== Stage: probe ===
Low drift floats:    140
Depth observations:  1121134

Region distribution:
region
tropics               86
northeast_atlantic    24
subpolar              16
subtropical_west       6
subtropical_east       5
northwest_atlantic     3
Name: count, dtype: int64

O2 floats: 34 / 140
  Region 'northwest_atlantic' has only 3 remaining floats — assigning all to train
  Region 'subtropical_east' has only 4 remaining floats — assigning all to train

Float counts by split:
  train :  95 floats  (16 with O2)
  test  :  25 floats  (6 with O2)
  probe :  20 floats  (12 with O2)

Row counts by split:
split
train    752849
probe    206371
test     161914
Name: count, dtype: int64

Float counts by region and split:
split               probe  test  train
region                                
northeast_atlantic      4     4     16
northwest_atlantic      0     0      3
subpolar                3     3     10
subtropical_east        1     0      4
subtropical_west        2     1      3
tropics                10    17     59
Probe casts: 2827
Using device: cuda
Building probe windows...
Probe windows: 1377
Epoch   1/100  train=2.5842  val=0.2710  lr=1.00e-04  time=7.5s
  -> saved checkpoint (val=0.2710)
Epoch   2/100  train=0.2519  val=0.1582  lr=1.00e-04  time=6.7s
  -> saved checkpoint (val=0.1582)
Epoch   3/100  train=0.1112  val=0.0482  lr=9.99e-05  time=6.7s
  -> saved checkpoint (val=0.0482)
Epoch   4/100  train=0.0421  val=0.0269  lr=9.98e-05  time=6.7s
  -> saved checkpoint (val=0.0269)
Epoch   5/100  train=0.0324  val=0.0247  lr=9.96e-05  time=6.7s
  -> saved checkpoint (val=0.0247)
Epoch   6/100  train=0.0300  val=0.0214  lr=9.94e-05  time=6.8s
  -> saved checkpoint (val=0.0214)
Epoch   7/100  train=0.0280  val=0.0209  lr=9.91e-05  time=6.7s
  -> saved checkpoint (val=0.0209)
Epoch   8/100  train=0.0264  val=0.0202  lr=9.88e-05  time=6.7s
  -> saved checkpoint (val=0.0202)
Epoch   9/100  train=0.0270  val=0.0202  lr=9.84e-05  time=6.7s
  -> saved checkpoint (val=0.0202)
Epoch  10/100  train=0.0266  val=0.0205  lr=9.80e-05  time=6.7s
Epoch  11/100  train=0.0270  val=0.0196  lr=9.76e-05  time=6.7s
  -> saved checkpoint (val=0.0196)
Epoch  12/100  train=0.0266  val=0.0190  lr=9.71e-05  time=6.7s
  -> saved checkpoint (val=0.0190)
Epoch  13/100  train=0.0260  val=0.0189  lr=9.65e-05  time=6.8s
  -> saved checkpoint (val=0.0189)
Epoch  14/100  train=0.0266  val=0.0186  lr=9.59e-05  time=6.7s
  -> saved checkpoint (val=0.0186)
Epoch  15/100  train=0.0259  val=0.0185  lr=9.53e-05  time=6.7s
  -> saved checkpoint (val=0.0185)
Epoch  16/100  train=0.0255  val=0.0186  lr=9.46e-05  time=6.7s
Epoch  17/100  train=0.0260  val=0.0193  lr=9.39e-05  time=6.7s
Epoch  18/100  train=0.0257  val=0.0186  lr=9.31e-05  time=6.7s
Epoch  19/100  train=0.0253  val=0.0196  lr=9.23e-05  time=6.7s
Epoch  20/100  train=0.0249  val=0.0180  lr=9.14e-05  time=6.7s
  -> saved checkpoint (val=0.0180)
Epoch  21/100  train=0.0249  val=0.0197  lr=9.05e-05  time=6.8s
Epoch  22/100  train=0.0265  val=0.0178  lr=8.96e-05  time=6.7s
  -> saved checkpoint (val=0.0178)
Epoch  23/100  train=0.0256  val=0.0176  lr=8.86e-05  time=6.7s
  -> saved checkpoint (val=0.0176)
Epoch  24/100  train=0.0253  val=0.0181  lr=8.76e-05  time=6.7s
Epoch  25/100  train=0.0252  val=0.0174  lr=8.66e-05  time=6.7s
  -> saved checkpoint (val=0.0174)
Epoch  26/100  train=0.0245  val=0.0175  lr=8.55e-05  time=6.7s
Epoch  27/100  train=0.0247  val=0.0187  lr=8.44e-05  time=6.7s
Epoch  28/100  train=0.0253  val=0.0173  lr=8.32e-05  time=6.8s
  -> saved checkpoint (val=0.0173)
Epoch  29/100  train=0.0241  val=0.0172  lr=8.21e-05  time=6.7s
  -> saved checkpoint (val=0.0172)
Epoch  30/100  train=0.0244  val=0.0174  lr=8.08e-05  time=6.7s
Epoch  31/100  train=0.0247  val=0.0170  lr=7.96e-05  time=6.7s
  -> saved checkpoint (val=0.0170)
Epoch  32/100  train=0.0239  val=0.0169  lr=7.83e-05  time=6.7s
  -> saved checkpoint (val=0.0169)
Epoch  33/100  train=0.0250  val=0.0167  lr=7.70e-05  time=6.7s
  -> saved checkpoint (val=0.0167)
Epoch  34/100  train=0.0243  val=0.0176  lr=7.57e-05  time=6.7s
Epoch  35/100  train=0.0249  val=0.0167  lr=7.43e-05  time=6.8s
  -> saved checkpoint (val=0.0167)
Epoch  36/100  train=0.0254  val=0.0165  lr=7.30e-05  time=6.7s
  -> saved checkpoint (val=0.0165)
Epoch  37/100  train=0.0250  val=0.0165  lr=7.16e-05  time=6.7s
  -> saved checkpoint (val=0.0165)
Epoch  38/100  train=0.0235  val=0.0171  lr=7.02e-05  time=6.7s
Epoch  39/100  train=0.0247  val=0.0166  lr=6.87e-05  time=6.7s
Epoch  40/100  train=0.0239  val=0.0165  lr=6.73e-05  time=6.7s
  -> saved checkpoint (val=0.0165)
Epoch  41/100  train=0.0238  val=0.0167  lr=6.58e-05  time=6.7s
Epoch  42/100  train=0.0245  val=0.0163  lr=6.43e-05  time=6.8s
  -> saved checkpoint (val=0.0163)
Epoch  43/100  train=0.0236  val=0.0163  lr=6.28e-05  time=6.3s
  -> saved checkpoint (val=0.0163)
Epoch  44/100  train=0.0237  val=0.0162  lr=6.13e-05  time=6.0s
  -> saved checkpoint (val=0.0162)
Epoch  45/100  train=0.0233  val=0.0165  lr=5.98e-05  time=6.0s
Epoch  46/100  train=0.0255  val=0.0161  lr=5.82e-05  time=6.0s
  -> saved checkpoint (val=0.0161)
Epoch  47/100  train=0.0236  val=0.0161  lr=5.67e-05  time=6.0s
  -> saved checkpoint (val=0.0161)
Epoch  48/100  train=0.0234  val=0.0162  lr=5.52e-05  time=6.0s
Epoch  49/100  train=0.0238  val=0.0162  lr=5.36e-05  time=6.2s
Epoch  50/100  train=0.0278  val=0.0167  lr=5.21e-05  time=6.1s
Epoch  51/100  train=0.0253  val=0.0161  lr=5.05e-05  time=6.0s
  -> saved checkpoint (val=0.0161)
Epoch  52/100  train=0.0233  val=0.0161  lr=4.89e-05  time=6.0s
Epoch  53/100  train=0.0240  val=0.0159  lr=4.74e-05  time=6.0s
  -> saved checkpoint (val=0.0159)
Epoch  54/100  train=0.0269  val=0.0163  lr=4.58e-05  time=6.0s
Epoch  55/100  train=0.0232  val=0.0165  lr=4.43e-05  time=6.0s
Epoch  56/100  train=0.0254  val=0.0163  lr=4.28e-05  time=6.1s
Epoch  57/100  train=0.0249  val=0.0163  lr=4.12e-05  time=6.0s
Epoch  58/100  train=0.0221  val=0.0159  lr=3.97e-05  time=6.0s
  -> saved checkpoint (val=0.0159)
Epoch  59/100  train=0.0232  val=0.0158  lr=3.82e-05  time=6.0s
  -> saved checkpoint (val=0.0158)
Epoch  60/100  train=0.0247  val=0.0158  lr=3.67e-05  time=6.0s
  -> saved checkpoint (val=0.0158)
Epoch  61/100  train=0.0234  val=0.0161  lr=3.52e-05  time=6.0s
Epoch  62/100  train=0.0237  val=0.0159  lr=3.37e-05  time=6.6s
Epoch  63/100  train=0.0241  val=0.0159  lr=3.23e-05  time=6.8s
Epoch  64/100  train=0.0234  val=0.0158  lr=3.08e-05  time=6.7s
  -> saved checkpoint (val=0.0158)
Epoch  65/100  train=0.0238  val=0.0158  lr=2.94e-05  time=6.7s
  -> saved checkpoint (val=0.0158)
Epoch  66/100  train=0.0236  val=0.0158  lr=2.80e-05  time=6.7s
  -> saved checkpoint (val=0.0158)
Epoch  67/100  train=0.0236  val=0.0158  lr=2.67e-05  time=6.7s
Epoch  68/100  train=0.0244  val=0.0158  lr=2.53e-05  time=6.7s
Epoch  69/100  train=0.0263  val=0.0163  lr=2.40e-05  time=6.7s
Epoch  70/100  train=0.0241  val=0.0159  lr=2.27e-05  time=6.7s
Epoch  71/100  train=0.0228  val=0.0157  lr=2.14e-05  time=6.8s
  -> saved checkpoint (val=0.0157)
Epoch  72/100  train=0.0235  val=0.0158  lr=2.02e-05  time=6.7s
Epoch  73/100  train=0.0229  val=0.0158  lr=1.89e-05  time=6.7s
Epoch  74/100  train=0.0233  val=0.0157  lr=1.78e-05  time=6.7s
  -> saved checkpoint (val=0.0157)
Epoch  75/100  train=0.0240  val=0.0165  lr=1.66e-05  time=6.7s
Epoch  76/100  train=0.0234  val=0.0157  lr=1.55e-05  time=6.9s
Epoch  77/100  train=0.0228  val=0.0159  lr=1.44e-05  time=6.9s
Epoch  78/100  train=0.0235  val=0.0157  lr=1.34e-05  time=6.8s
  -> saved checkpoint (val=0.0157)
Epoch  79/100  train=0.0232  val=0.0158  lr=1.24e-05  time=6.9s
Epoch  80/100  train=0.0236  val=0.0158  lr=1.14e-05  time=6.9s
Epoch  81/100  train=0.0236  val=0.0156  lr=1.05e-05  time=6.9s
  -> saved checkpoint (val=0.0156)
Epoch  82/100  train=0.0233  val=0.0156  lr=9.56e-06  time=7.3s
Epoch  83/100  train=0.0228  val=0.0157  lr=8.71e-06  time=6.9s
Epoch  84/100  train=0.0239  val=0.0161  lr=7.89e-06  time=7.0s
Epoch  85/100  train=0.0235  val=0.0156  lr=7.12e-06  time=6.9s
  -> saved checkpoint (val=0.0156)
Epoch  86/100  train=0.0230  val=0.0157  lr=6.40e-06  time=7.0s
Epoch  87/100  train=0.0231  val=0.0157  lr=5.71e-06  time=6.8s
Epoch  88/100  train=0.0226  val=0.0157  lr=5.07e-06  time=6.8s
Epoch  89/100  train=0.0232  val=0.0157  lr=4.48e-06  time=7.0s
Epoch  90/100  train=0.0234  val=0.0156  lr=3.93e-06  time=6.8s
Epoch  91/100  train=0.0236  val=0.0156  lr=3.42e-06  time=7.4s
Epoch  92/100  train=0.0231  val=0.0156  lr=2.97e-06  time=7.4s
Epoch  93/100  train=0.0228  val=0.0157  lr=2.56e-06  time=7.3s
Epoch  94/100  train=0.0251  val=0.0157  lr=2.19e-06  time=7.3s
Epoch  95/100  train=0.0240  val=0.0158  lr=1.88e-06  time=6.6s
Epoch  96/100  train=0.0238  val=0.0156  lr=1.61e-06  time=7.2s
  -> saved checkpoint (val=0.0156)
Epoch  97/100  train=0.0232  val=0.0157  lr=1.39e-06  time=6.4s
Epoch  98/100  train=0.0227  val=0.0156  lr=1.22e-06  time=6.6s
  -> saved checkpoint (val=0.0156)
Epoch  99/100  train=0.0236  val=0.0157  lr=1.10e-06  time=6.7s
Epoch 100/100  train=0.0240  val=0.0156  lr=1.02e-06  time=7.6s

Probe training complete. Best val loss: 0.0156
Losses saved to: results/probe_losses.csv
=== Stage: probe_baseline ===
Low drift floats:    140
Depth observations:  1121134

Region distribution:
region
tropics               86
northeast_atlantic    24
subpolar              16
subtropical_west       6
subtropical_east       5
northwest_atlantic     3
Name: count, dtype: int64

O2 floats: 34 / 140
  Region 'northwest_atlantic' has only 3 remaining floats — assigning all to train
  Region 'subtropical_east' has only 4 remaining floats — assigning all to train

Float counts by split:
  train :  95 floats  (16 with O2)
  test  :  25 floats  (6 with O2)
  probe :  20 floats  (12 with O2)

Row counts by split:
split
train    752849
probe    206371
test     161914
Name: count, dtype: int64

Float counts by region and split:
split               probe  test  train
region                                
northeast_atlantic      4     4     16
northwest_atlantic      0     0      3
subpolar                3     3     10
subtropical_east        1     0      4
subtropical_west        2     1      3
tropics                10    17     59
Probe casts: 2827
Using device: cuda
Building probe windows...
Probe windows: 1377
Epoch   1/100  train=2044.3112  val=0.0818  time=6.0s
  -> saved checkpoint (val=0.0818)
Epoch   2/100  train=40.3836  val=4.7029  time=6.5s
Epoch   3/100  train=1.0675  val=0.1188  time=6.3s
Epoch   4/100  train=0.0621  val=0.0299  time=6.1s
  -> saved checkpoint (val=0.0299)
Epoch   5/100  train=0.0343  val=0.0275  time=6.1s
  -> saved checkpoint (val=0.0275)
Epoch   6/100  train=0.0343  val=0.0274  time=6.0s
  -> saved checkpoint (val=0.0274)
Epoch   7/100  train=0.0333  val=0.0274  time=6.1s
Epoch   8/100  train=0.0354  val=0.0277  time=6.1s
Epoch   9/100  train=0.0338  val=0.0274  time=6.0s
Epoch  10/100  train=0.0351  val=0.0274  time=6.0s
  -> saved checkpoint (val=0.0274)
Epoch  11/100  train=0.0352  val=0.0277  time=6.0s
Epoch  12/100  train=0.0337  val=0.0274  time=6.0s
  -> saved checkpoint (val=0.0274)
Epoch  13/100  train=0.0333  val=0.0274  time=6.0s
  -> saved checkpoint (val=0.0274)
Epoch  14/100  train=0.0339  val=0.0274  time=5.9s
Epoch  15/100  train=0.0339  val=0.0287  time=6.1s
Epoch  16/100  train=0.0342  val=0.0277  time=6.0s
Epoch  17/100  train=0.0338  val=0.0277  time=6.2s
Epoch  18/100  train=0.0344  val=0.0274  time=6.3s
Epoch  19/100  train=0.0337  val=0.0274  time=5.8s
Epoch  20/100  train=0.0343  val=0.0275  time=6.2s
Epoch  21/100  train=0.0333  val=0.0286  time=6.4s
Epoch  22/100  train=0.0340  val=0.0279  time=6.8s
Epoch  23/100  train=0.0334  val=0.0274  time=6.7s
Epoch  24/100  train=0.0337  val=0.0280  time=6.2s
Epoch  25/100  train=0.0378  val=0.0284  time=6.0s
Epoch  26/100  train=0.0347  val=0.0279  time=6.2s
Epoch  27/100  train=0.0333  val=0.0276  time=6.2s
Epoch  28/100  train=0.0332  val=0.0278  time=6.1s
Epoch  29/100  train=0.0338  val=0.0274  time=6.2s
Epoch  30/100  train=0.0341  val=0.0285  time=6.2s
Epoch  31/100  train=0.0344  val=0.0274  time=6.1s
  -> saved checkpoint (val=0.0274)
Epoch  32/100  train=0.0333  val=0.0273  time=6.0s
  -> saved checkpoint (val=0.0273)
Epoch  33/100  train=0.0339  val=0.0274  time=6.3s
Epoch  34/100  train=0.0348  val=0.0274  time=6.2s
Epoch  35/100  train=0.0338  val=0.0274  time=5.9s
Epoch  36/100  train=0.0325  val=0.0279  time=6.1s
Epoch  37/100  train=0.0337  val=0.0273  time=6.1s
  -> saved checkpoint (val=0.0273)
Epoch  38/100  train=0.0346  val=0.0281  time=6.2s
Epoch  39/100  train=0.0330  val=0.0275  time=6.4s
Epoch  40/100  train=0.0333  val=0.0276  time=6.3s
Epoch  41/100  train=0.0338  val=0.0276  time=6.1s
Epoch  42/100  train=0.0358  val=0.0282  time=6.4s
Epoch  43/100  train=0.0331  val=0.0275  time=5.9s
Epoch  44/100  train=0.0393  val=0.0287  time=6.2s
Epoch  45/100  train=0.0333  val=0.0274  time=6.0s
Epoch  46/100  train=0.0350  val=0.0273  time=6.2s
  -> saved checkpoint (val=0.0273)
Epoch  47/100  train=0.0336  val=0.0278  time=6.1s
Epoch  48/100  train=0.0343  val=0.0277  time=6.0s
Epoch  49/100  train=0.0336  val=0.0286  time=6.2s
Epoch  50/100  train=0.0334  val=0.0276  time=6.1s
Epoch  51/100  train=0.0338  val=0.0273  time=6.2s
  -> saved checkpoint (val=0.0273)
Epoch  52/100  train=0.0337  val=0.0274  time=5.9s
Epoch  53/100  train=0.0339  val=0.0281  time=5.9s
Epoch  54/100  train=0.0349  val=0.0273  time=5.9s
  -> saved checkpoint (val=0.0273)
Epoch  55/100  train=0.0330  val=0.0274  time=6.0s
Epoch  56/100  train=0.0331  val=0.0280  time=6.0s
Epoch  57/100  train=0.0336  val=0.0274  time=6.1s
Epoch  58/100  train=0.0348  val=0.0302  time=6.2s
Epoch  59/100  train=0.0334  val=0.0278  time=6.0s
Epoch  60/100  train=0.0322  val=0.0281  time=6.0s
Epoch  61/100  train=0.0343  val=0.0293  time=5.9s
Epoch  62/100  train=0.0337  val=0.0276  time=5.9s
Epoch  63/100  train=0.0349  val=0.0276  time=6.1s
Epoch  64/100  train=0.0332  val=0.0273  time=6.1s
  -> saved checkpoint (val=0.0273)
Epoch  65/100  train=0.0337  val=0.0293  time=6.0s
Epoch  66/100  train=0.0338  val=0.0276  time=6.0s
Epoch  67/100  train=0.0354  val=0.0273  time=5.9s
Epoch  68/100  train=0.0339  val=0.0277  time=5.9s
Epoch  69/100  train=0.0347  val=0.0289  time=6.0s
Epoch  70/100  train=0.0344  val=0.0275  time=6.0s
Epoch  71/100  train=0.0342  val=0.0285  time=6.0s
Epoch  72/100  train=0.0364  val=0.0298  time=6.0s
Epoch  73/100  train=0.0359  val=0.0293  time=6.0s
Epoch  74/100  train=0.0358  val=0.0309  time=6.1s
Epoch  75/100  train=0.0369  val=0.0276  time=6.0s
Epoch  76/100  train=0.0360  val=0.0309  time=5.9s
Epoch  77/100  train=0.0345  val=0.0275  time=5.8s
Epoch  78/100  train=0.0353  val=0.0273  time=5.9s
  -> saved checkpoint (val=0.0273)
Epoch  79/100  train=0.0338  val=0.0296  time=5.9s
Epoch  80/100  train=0.0348  val=0.0273  time=5.9s
Epoch  81/100  train=0.0337  val=0.0293  time=6.0s
Epoch  82/100  train=0.0350  val=0.0293  time=6.0s
Epoch  83/100  train=0.0342  val=0.0284  time=6.0s
Epoch  84/100  train=0.0363  val=0.0301  time=6.2s
Epoch  85/100  train=0.0344  val=0.0273  time=6.1s
Epoch  86/100  train=0.0355  val=0.0278  time=6.1s
Epoch  87/100  train=0.0360  val=0.0281  time=6.1s
Epoch  88/100  train=0.0347  val=0.0285  time=6.1s
Epoch  89/100  train=0.0367  val=0.0273  time=6.2s
Epoch  90/100  train=0.0365  val=0.0345  time=6.2s
Epoch  91/100  train=0.0333  val=0.0273  time=5.9s
Epoch  92/100  train=0.0342  val=0.0275  time=6.0s
Epoch  93/100  train=0.0340  val=0.0351  time=6.4s
Epoch  94/100  train=0.0352  val=0.0273  time=7.0s
Epoch  95/100  train=0.0342  val=0.0273  time=6.8s
  -> saved checkpoint (val=0.0273)
Epoch  96/100  train=0.0345  val=0.0293  time=6.5s
Epoch  97/100  train=0.0359  val=0.0281  time=6.2s
Epoch  98/100  train=0.0352  val=0.0279  time=6.4s
Epoch  99/100  train=0.0352  val=0.0281  time=6.1s
Epoch 100/100  train=0.0347  val=0.0273  time=5.9s

Baseline training complete. Best val loss: 0.0273
Checkpoint saved to: checkpoints/probe_baseline_best.pt
=== Stage: gru ===
Using device: cuda
Loading latent cycles from checkpoints/latent_cycles.pt
Building train windows...
Train windows: 4991
Building val windows...
Val windows: 1065
Epoch   1/40  train=3.1273  val=0.5605  time=2.0s
  -> saved checkpoint (val=0.5605)
Epoch   2/40  train=0.5618  val=0.3321  time=0.8s
  -> saved checkpoint (val=0.3321)
Epoch   3/40  train=0.3598  val=0.2595  time=0.7s
  -> saved checkpoint (val=0.2595)
Epoch   4/40  train=0.2702  val=0.2106  time=0.7s
  -> saved checkpoint (val=0.2106)
Epoch   5/40  train=0.2228  val=0.1864  time=0.8s
  -> saved checkpoint (val=0.1864)
Epoch   6/40  train=0.1978  val=0.1742  time=0.8s
  -> saved checkpoint (val=0.1742)
Epoch   7/40  train=0.1827  val=0.1599  time=0.8s
  -> saved checkpoint (val=0.1599)
Epoch   8/40  train=0.1730  val=0.1614  time=0.8s
Epoch   9/40  train=0.1661  val=0.1574  time=0.8s
  -> saved checkpoint (val=0.1574)
Epoch  10/40  train=0.1608  val=0.1552  time=0.8s
  -> saved checkpoint (val=0.1552)
Epoch  11/40  train=0.1582  val=0.1524  time=0.8s
  -> saved checkpoint (val=0.1524)
Epoch  12/40  train=0.1539  val=0.1530  time=0.8s
Epoch  13/40  train=0.1516  val=0.1496  time=0.8s
  -> saved checkpoint (val=0.1496)
Epoch  14/40  train=0.1489  val=0.1488  time=0.8s
  -> saved checkpoint (val=0.1488)
Epoch  15/40  train=0.1467  val=0.1488  time=0.8s
Epoch  16/40  train=0.1450  val=0.1499  time=0.7s
Epoch  17/40  train=0.1437  val=0.1501  time=0.8s
Epoch  18/40  train=0.1422  val=0.1496  time=0.8s
Epoch  19/40  train=0.1412  val=0.1439  time=0.8s
  -> saved checkpoint (val=0.1439)
Epoch  20/40  train=0.1398  val=0.1476  time=0.8s
Epoch  21/40  train=0.1389  val=0.1466  time=0.8s
Epoch  22/40  train=0.1382  val=0.1498  time=0.8s
Epoch  23/40  train=0.1377  val=0.1436  time=0.8s
  -> saved checkpoint (val=0.1436)
Epoch  24/40  train=0.1364  val=0.1458  time=0.8s
Epoch  25/40  train=0.1358  val=0.1457  time=0.8s
Epoch  26/40  train=0.1345  val=0.1459  time=0.8s
Epoch  27/40  train=0.1333  val=0.1435  time=0.8s
  -> saved checkpoint (val=0.1435)
Epoch  28/40  train=0.1332  val=0.1440  time=0.7s
Epoch  29/40  train=0.1324  val=0.1474  time=0.8s
Epoch  30/40  train=0.1320  val=0.1440  time=0.8s
Epoch  31/40  train=0.1314  val=0.1428  time=0.8s
  -> saved checkpoint (val=0.1428)
Epoch  32/40  train=0.1309  val=0.1470  time=0.9s
Epoch  33/40  train=0.1303  val=0.1416  time=0.9s
  -> saved checkpoint (val=0.1416)
Epoch  34/40  train=0.1295  val=0.1462  time=0.9s
Epoch  35/40  train=0.1283  val=0.1420  time=0.9s
Epoch  36/40  train=0.1289  val=0.1477  time=0.8s
Epoch  37/40  train=0.1280  val=0.1427  time=0.9s
Epoch  38/40  train=0.1281  val=0.1433  time=0.9s
Epoch  39/40  train=0.1276  val=0.1451  time=0.9s
Epoch  40/40  train=0.1266  val=0.1428  time=0.8s

GRU training complete. Best val loss: 0.1416
Losses saved to: results/gru_losses.csv
=== Stage: gru_probe ===
Low drift floats:    140
Depth observations:  1121134

Region distribution:
region
tropics               86
northeast_atlantic    24
subpolar              16
subtropical_west       6
subtropical_east       5
northwest_atlantic     3
Name: count, dtype: int64

O2 floats: 34 / 140
  Region 'northwest_atlantic' has only 3 remaining floats — assigning all to train
  Region 'subtropical_east' has only 4 remaining floats — assigning all to train

Float counts by split:
  train :  95 floats  (16 with O2)
  test  :  25 floats  (6 with O2)
  probe :  20 floats  (12 with O2)

Row counts by split:
split
train    752849
probe    206371
test     161914
Name: count, dtype: int64

Float counts by region and split:
split               probe  test  train
region                                
northeast_atlantic      4     4     16
northwest_atlantic      0     0      3
subpolar                3     3     10
subtropical_east        1     0      4
subtropical_west        2     1      3
tropics                10    17     59
Probe casts: 2827
Using device: cuda
Building probe windows...
Probe windows: 1377
Epoch   1/100  train=1.3763  val=0.0225  time=6.0s
  -> saved checkpoint (val=0.0225)
Epoch   2/100  train=0.0427  val=0.0190  time=6.3s
  -> saved checkpoint (val=0.0190)
Epoch   3/100  train=0.0263  val=0.0187  time=6.2s
  -> saved checkpoint (val=0.0187)
Epoch   4/100  train=0.0257  val=0.0180  time=5.7s
  -> saved checkpoint (val=0.0180)
Epoch   5/100  train=0.0251  val=0.0178  time=5.7s
  -> saved checkpoint (val=0.0178)
Epoch   6/100  train=0.0241  val=0.0174  time=5.9s
  -> saved checkpoint (val=0.0174)
Epoch   7/100  train=0.0261  val=0.0181  time=6.2s
Epoch   8/100  train=0.0240  val=0.0166  time=6.5s
  -> saved checkpoint (val=0.0166)
Epoch   9/100  train=0.0259  val=0.0165  time=6.5s
  -> saved checkpoint (val=0.0165)
Epoch  10/100  train=0.0240  val=0.0189  time=6.5s
Epoch  11/100  train=0.0243  val=0.0169  time=6.3s
Epoch  12/100  train=0.0243  val=0.0158  time=6.0s
  -> saved checkpoint (val=0.0158)
Epoch  13/100  train=0.0244  val=0.0156  time=6.4s
  -> saved checkpoint (val=0.0156)
Epoch  14/100  train=0.0236  val=0.0172  time=6.0s
Epoch  15/100  train=0.0252  val=0.0164  time=6.3s
Epoch  16/100  train=0.0241  val=0.0159  time=6.1s
Epoch  17/100  train=0.0239  val=0.0154  time=6.0s
  -> saved checkpoint (val=0.0154)
Epoch  18/100  train=0.0228  val=0.0185  time=6.4s
Epoch  19/100  train=0.0242  val=0.0157  time=6.2s
Epoch  20/100  train=0.0240  val=0.0149  time=5.5s
  -> saved checkpoint (val=0.0149)
Epoch  21/100  train=0.0234  val=0.0156  time=5.3s
Epoch  22/100  train=0.0230  val=0.0150  time=5.3s
Epoch  23/100  train=0.0281  val=0.0251  time=5.3s
Epoch  24/100  train=0.0251  val=0.0157  time=5.3s
Epoch  25/100  train=0.0258  val=0.0148  time=5.3s
  -> saved checkpoint (val=0.0148)
Epoch  26/100  train=0.0238  val=0.0146  time=5.3s
  -> saved checkpoint (val=0.0146)
Epoch  27/100  train=0.0258  val=0.0146  time=5.4s
Epoch  28/100  train=0.0259  val=0.0172  time=5.2s
Epoch  29/100  train=0.0243  val=0.0194  time=5.2s
Epoch  30/100  train=0.0240  val=0.0188  time=5.3s
Epoch  31/100  train=0.0233  val=0.0148  time=5.2s
Epoch  32/100  train=0.0237  val=0.0180  time=5.2s
Epoch  33/100  train=0.0302  val=0.0153  time=5.2s
Epoch  34/100  train=0.0289  val=0.0145  time=5.6s
  -> saved checkpoint (val=0.0145)
Epoch  35/100  train=0.0269  val=0.0155  time=5.6s
Epoch  36/100  train=0.0294  val=0.0158  time=5.6s
Epoch  37/100  train=0.0257  val=0.0228  time=5.6s
Epoch  38/100  train=0.0253  val=0.0144  time=5.6s
  -> saved checkpoint (val=0.0144)
Epoch  39/100  train=0.0226  val=0.0168  time=5.6s
Epoch  40/100  train=0.0248  val=0.0146  time=5.6s
Epoch  41/100  train=0.0256  val=0.0147  time=5.8s
Epoch  42/100  train=0.0261  val=0.0150  time=5.6s
Epoch  43/100  train=0.0266  val=0.0147  time=5.6s
Epoch  44/100  train=0.0265  val=0.0218  time=5.6s
Epoch  45/100  train=0.0322  val=0.0140  time=5.6s
  -> saved checkpoint (val=0.0140)
Epoch  46/100  train=0.0273  val=0.0221  time=5.6s
Epoch  47/100  train=0.0277  val=0.0161  time=5.6s
Epoch  48/100  train=0.0275  val=0.0285  time=5.8s
Epoch  49/100  train=0.0304  val=0.0217  time=5.6s
Epoch  50/100  train=0.0242  val=0.0142  time=5.6s
Epoch  51/100  train=0.0387  val=0.0405  time=5.6s
Epoch  52/100  train=0.0285  val=0.0159  time=5.6s
Epoch  53/100  train=0.0264  val=0.0265  time=5.6s
Epoch  54/100  train=0.0245  val=0.0151  time=5.6s
Epoch  55/100  train=0.0245  val=0.0242  time=5.7s
Epoch  56/100  train=0.0258  val=0.0148  time=5.6s
Epoch  57/100  train=0.0239  val=0.0146  time=5.6s
Epoch  58/100  train=0.0257  val=0.0152  time=5.6s
Epoch  59/100  train=0.0277  val=0.0142  time=5.6s
Epoch  60/100  train=0.0526  val=0.0216  time=5.6s
Epoch  61/100  train=0.0257  val=0.0152  time=5.7s
Epoch  62/100  train=0.0238  val=0.0139  time=5.6s
  -> saved checkpoint (val=0.0139)
Epoch  63/100  train=0.0278  val=0.0168  time=5.6s
Epoch  64/100  train=0.0241  val=0.0178  time=5.6s
Epoch  65/100  train=0.0236  val=0.0215  time=5.6s
Epoch  66/100  train=0.0245  val=0.0170  time=5.6s
Epoch  67/100  train=0.0248  val=0.0156  time=5.6s
Epoch  68/100  train=0.0324  val=0.0512  time=5.6s
Epoch  69/100  train=0.0312  val=0.0204  time=5.7s
Epoch  70/100  train=0.0307  val=0.0252  time=5.6s
Epoch  71/100  train=0.0245  val=0.0144  time=5.6s
Epoch  72/100  train=0.0293  val=0.0177  time=5.6s
Epoch  73/100  train=0.0335  val=0.0143  time=5.6s
Epoch  74/100  train=0.0298  val=0.0239  time=5.6s
Epoch  75/100  train=0.0360  val=0.0141  time=5.6s
Epoch  76/100  train=0.0250  val=0.0137  time=5.7s
  -> saved checkpoint (val=0.0137)
Epoch  77/100  train=0.0233  val=0.0140  time=5.6s
Epoch  78/100  train=0.0249  val=0.0347  time=5.6s
Epoch  79/100  train=0.0299  val=0.0155  time=5.6s
Epoch  80/100  train=0.0267  val=0.0218  time=5.6s
Epoch  81/100  train=0.0273  val=0.0158  time=5.6s
Epoch  82/100  train=0.0288  val=0.0320  time=5.7s
Epoch  83/100  train=0.0263  val=0.0211  time=5.6s
Epoch  84/100  train=0.0372  val=0.0209  time=5.6s
Epoch  85/100  train=0.0302  val=0.0137  time=5.6s
  -> saved checkpoint (val=0.0137)
Epoch  86/100  train=0.0247  val=0.0152  time=5.6s
Epoch  87/100  train=0.0291  val=0.0139  time=5.6s
Epoch  88/100  train=0.0357  val=0.2073  time=5.6s
Epoch  89/100  train=0.0500  val=0.0456  time=5.6s
Epoch  90/100  train=0.0273  val=0.0154  time=5.7s
Epoch  91/100  train=0.0251  val=0.0145  time=5.6s
Epoch  92/100  train=0.0330  val=0.0188  time=5.6s
Epoch  93/100  train=0.0250  val=0.0140  time=5.6s
Epoch  94/100  train=0.0260  val=0.0294  time=5.6s
Epoch  95/100  train=0.0333  val=0.0209  time=5.6s
Epoch  96/100  train=0.0269  val=0.0138  time=5.6s
Epoch  97/100  train=0.0232  val=0.0202  time=5.7s
Epoch  98/100  train=0.0252  val=0.0237  time=5.6s
Epoch  99/100  train=0.0259  val=0.0140  time=5.6s
Epoch 100/100  train=0.0274  val=0.0173  time=5.5s

GRU probe training complete. Best val loss: 0.0137
Losses saved to: results/gru_probe_losses.csv
======================================================
End Time : Sun Mar 22 11:27:03 PM EDT 2026
======================================================
